<?xml version="1.0" encoding="UTF-8"?>
<!-- Generated by org.testng.reporters.JUnitXMLReporter -->
<testsuite ignored="0" hostname="DESKTOP-PSRU67J" failures="0" tests="31" name="Default test" time="30.073" errors="0" timestamp="2024-11-13T11:50:11 IST">
  <testcase classname="NewFrameWork.UserPortalRaffleTech" name="MWCRestApiFuntValidations" time="9.379"/>
  <testcase classname="NewFrameWork.UserPortalRaffleTech" name="MWCRestApiFuntValidations" time="0.381"/>
  <testcase classname="NewFrameWork.UserPortalRaffleTech" name="MWCRestApiFuntValidations" time="0.297"/>
  <testcase classname="NewFrameWork.UserPortalRaffleTech" name="MWCRestApiFuntValidations" time="0.279"/>
  <testcase classname="NewFrameWork.UserPortalRaffleTech" name="MWCRestApiFuntValidations" time="0.286"/>
  <testcase classname="NewFrameWork.UserPortalRaffleTech" name="MWCRestApiFuntValidations" time="0.234"/>
  <testcase classname="NewFrameWork.UserPortalRaffleTech" name="MWCRestApiFuntValidations" time="0.301"/>
  <testcase classname="NewFrameWork.UserPortalRaffleTech" name="MWCRestApiFuntValidations" time="0.261"/>
  <testcase classname="NewFrameWork.UserPortalRaffleTech" name="MWCRestApiFuntValidations" time="0.232"/>
  <testcase classname="NewFrameWork.UserPortalRaffleTech" name="MWCRestApiFuntValidations" time="0.268"/>
  <testcase classname="NewFrameWork.UserPortalRaffleTech" name="MWCRestApiFuntValidations" time="0.259"/>
  <testcase classname="NewFrameWork.UserPortalRaffleTech" name="MWCRestApiFuntValidations" time="0.268"/>
  <testcase classname="NewFrameWork.UserPortalRaffleTech" name="MWCRestApiFuntValidations" time="0.275"/>
  <testcase classname="NewFrameWork.UserPortalRaffleTech" name="MWCRestApiFuntValidations" time="0.221"/>
  <testcase classname="NewFrameWork.UserPortalRaffleTech" name="MWCRestApiFuntValidations" time="0.241"/>
  <testcase classname="NewFrameWork.UserPortalRaffleTech" name="MWCRestApiFuntValidations" time="0.44"/>
  <testcase classname="NewFrameWork.UserPortalRaffleTech" name="MWCRestApiFuntValidations" time="0.309"/>
  <testcase classname="NewFrameWork.UserPortalRaffleTech" name="MWCRestApiFuntValidations" time="0.273"/>
  <testcase classname="NewFrameWork.UserPortalRaffleTech" name="MWCRestApiFuntValidations" time="0.262"/>
  <testcase classname="NewFrameWork.UserPortalRaffleTech" name="MWCRestApiFuntValidations" time="0.311"/>
  <testcase classname="NewFrameWork.UserPortalRaffleTech" name="MWCRestApiFuntValidations" time="0.29"/>
  <testcase classname="NewFrameWork.UserPortalRaffleTech" name="MWCRestApiFuntValidations" time="0.279"/>
  <testcase classname="NewFrameWork.UserPortalRaffleTech" name="MWCRestApiFuntValidations" time="1.853"/>
  <testcase classname="NewFrameWork.UserPortalRaffleTech" name="MWCRestApiFuntValidations" time="1.59"/>
  <testcase classname="NewFrameWork.UserPortalRaffleTech" name="MWCRestApiFuntValidations" time="1.053"/>
  <testcase classname="NewFrameWork.UserPortalRaffleTech" name="MWCRestApiFuntValidations" time="0.965"/>
  <testcase classname="NewFrameWork.UserPortalRaffleTech" name="MWCRestApiFuntValidations" time="0.626"/>
  <testcase classname="NewFrameWork.UserPortalRaffleTech" name="MWCRestApiFuntValidations" time="0.256"/>
  <testcase classname="NewFrameWork.UserPortalRaffleTech" name="MWCRestApiFuntValidations" time="1.02"/>
  <testcase classname="NewFrameWork.UserPortalRaffleTech" name="MWCRestApiFuntValidations" time="0.272"/>
  <testcase classname="NewFrameWork.UserPortalRaffleTech" name="MWCRestApiFuntValidations" time="0.291"/>
</testsuite> <!-- Default test -->
