<?xml version="1.0" encoding="UTF-8"?>
<!-- Generated by org.testng.reporters.JUnitXMLReporter -->
<testsuite ignored="0" hostname="DESKTOP-QJLSV9M" failures="0" tests="92" name="Default test" time="62.617" errors="0" timestamp="2023-09-05T13:04:51 IST">
  <testcase classname="com.RedevApiTesting.RafflouxApiTestClass" name="RafflouxRestApiFuntValidations" time="5.283"/>
  <testcase classname="com.RedevApiTesting.RafflouxApiTestClass" name="RafflouxRestApiFuntValidations" time="0.871"/>
  <testcase classname="com.RedevApiTesting.RafflouxApiTestClass" name="RafflouxRestApiFuntValidations" time="0.283"/>
  <testcase classname="com.RedevApiTesting.RafflouxApiTestClass" name="RafflouxRestApiFuntValidations" time="0.287"/>
  <testcase classname="com.RedevApiTesting.RafflouxApiTestClass" name="RafflouxRestApiFuntValidations" time="0.552"/>
  <testcase classname="com.RedevApiTesting.RafflouxApiTestClass" name="RafflouxRestApiFuntValidations" time="0.244"/>
  <testcase classname="com.RedevApiTesting.RafflouxApiTestClass" name="RafflouxRestApiFuntValidations" time="0.268"/>
  <testcase classname="com.RedevApiTesting.RafflouxApiTestClass" name="RafflouxRestApiFuntValidations" time="0.542"/>
  <testcase classname="com.RedevApiTesting.RafflouxApiTestClass" name="RafflouxRestApiFuntValidations" time="0.557"/>
  <testcase classname="com.RedevApiTesting.RafflouxApiTestClass" name="RafflouxRestApiFuntValidations" time="0.557"/>
  <testcase classname="com.RedevApiTesting.RafflouxApiTestClass" name="RafflouxRestApiFuntValidations" time="0.253"/>
  <testcase classname="com.RedevApiTesting.RafflouxApiTestClass" name="RafflouxRestApiFuntValidations" time="0.534"/>
  <testcase classname="com.RedevApiTesting.RafflouxApiTestClass" name="RafflouxRestApiFuntValidations" time="0.489"/>
  <testcase classname="com.RedevApiTesting.RafflouxApiTestClass" name="RafflouxRestApiFuntValidations" time="0.275"/>
  <testcase classname="com.RedevApiTesting.RafflouxApiTestClass" name="RafflouxRestApiFuntValidations" time="0.277"/>
  <testcase classname="com.RedevApiTesting.RafflouxApiTestClass" name="RafflouxRestApiFuntValidations" time="0.597"/>
  <testcase classname="com.RedevApiTesting.RafflouxApiTestClass" name="RafflouxRestApiFuntValidations" time="0.252"/>
  <testcase classname="com.RedevApiTesting.RafflouxApiTestClass" name="RafflouxRestApiFuntValidations" time="0.226"/>
  <testcase classname="com.RedevApiTesting.RafflouxApiTestClass" name="RafflouxRestApiFuntValidations" time="0.284"/>
  <testcase classname="com.RedevApiTesting.RafflouxApiTestClass" name="RafflouxRestApiFuntValidations" time="0.601"/>
  <testcase classname="com.RedevApiTesting.RafflouxApiTestClass" name="RafflouxRestApiFuntValidations" time="0.79"/>
  <testcase classname="com.RedevApiTesting.RafflouxApiTestClass" name="RafflouxRestApiFuntValidations" time="1.3"/>
  <testcase classname="com.RedevApiTesting.RafflouxApiTestClass" name="RafflouxRestApiFuntValidations" time="0.21"/>
  <testcase classname="com.RedevApiTesting.RafflouxApiTestClass" name="RafflouxRestApiFuntValidations" time="0.957"/>
  <testcase classname="com.RedevApiTesting.RafflouxApiTestClass" name="RafflouxRestApiFuntValidations" time="0.25"/>
  <testcase classname="com.RedevApiTesting.RafflouxApiTestClass" name="RafflouxRestApiFuntValidations" time="0.241"/>
  <testcase classname="com.RedevApiTesting.RafflouxApiTestClass" name="RafflouxRestApiFuntValidations" time="0.236"/>
  <testcase classname="com.RedevApiTesting.RafflouxApiTestClass" name="RafflouxRestApiFuntValidations" time="0.232"/>
  <testcase classname="com.RedevApiTesting.RafflouxApiTestClass" name="RafflouxRestApiFuntValidations" time="0.86"/>
  <testcase classname="com.RedevApiTesting.RafflouxApiTestClass" name="RafflouxRestApiFuntValidations" time="0.921"/>
  <testcase classname="com.RedevApiTesting.RafflouxApiTestClass" name="RafflouxRestApiFuntValidations" time="0.246"/>
  <testcase classname="com.RedevApiTesting.RafflouxApiTestClass" name="RafflouxRestApiFuntValidations" time="0.197"/>
  <testcase classname="com.RedevApiTesting.RafflouxApiTestClass" name="RafflouxRestApiFuntValidations" time="0.227"/>
  <testcase classname="com.RedevApiTesting.RafflouxApiTestClass" name="RafflouxRestApiFuntValidations" time="0.203"/>
  <testcase classname="com.RedevApiTesting.RafflouxApiTestClass" name="RafflouxRestApiFuntValidations" time="0.223"/>
  <testcase classname="com.RedevApiTesting.RafflouxApiTestClass" name="RafflouxRestApiFuntValidations" time="0.267"/>
  <testcase classname="com.RedevApiTesting.RafflouxApiTestClass" name="RafflouxRestApiFuntValidations" time="0.254"/>
  <testcase classname="com.RedevApiTesting.RafflouxApiTestClass" name="RafflouxRestApiFuntValidations" time="0.264"/>
  <testcase classname="com.RedevApiTesting.RafflouxApiTestClass" name="RafflouxRestApiFuntValidations" time="0.203"/>
  <testcase classname="com.RedevApiTesting.RafflouxApiTestClass" name="RafflouxRestApiFuntValidations" time="0.224"/>
  <testcase classname="com.RedevApiTesting.RafflouxApiTestClass" name="RafflouxRestApiFuntValidations" time="0.261"/>
  <testcase classname="com.RedevApiTesting.RafflouxApiTestClass" name="RafflouxRestApiFuntValidations" time="0.653"/>
  <testcase classname="com.RedevApiTesting.RafflouxApiTestClass" name="RafflouxRestApiFuntValidations" time="2.388"/>
  <testcase classname="com.RedevApiTesting.RafflouxApiTestClass" name="RafflouxRestApiFuntValidations" time="2.202"/>
  <testcase classname="com.RedevApiTesting.RafflouxApiTestClass" name="RafflouxRestApiFuntValidations" time="0.608"/>
  <testcase classname="com.RedevApiTesting.RafflouxApiTestClass" name="RafflouxRestApiFuntValidations" time="2.358"/>
  <testcase classname="com.RedevApiTesting.RafflouxApiTestClass" name="RafflouxRestApiFuntValidations" time="0.337"/>
  <testcase classname="com.RedevApiTesting.RafflouxApiTestClass" name="RafflouxRestApiFuntValidations" time="2.571"/>
  <testcase classname="com.RedevApiTesting.RafflouxApiTestClass" name="RafflouxRestApiFuntValidations" time="0.219"/>
  <testcase classname="com.RedevApiTesting.RafflouxApiTestClass" name="RafflouxRestApiFuntValidations" time="0.255"/>
  <testcase classname="com.RedevApiTesting.RafflouxApiTestClass" name="RafflouxRestApiFuntValidations" time="0.504"/>
  <testcase classname="com.RedevApiTesting.RafflouxApiTestClass" name="RafflouxRestApiFuntValidations" time="0.515"/>
  <testcase classname="com.RedevApiTesting.RafflouxApiTestClass" name="RafflouxRestApiFuntValidations" time="0.274"/>
  <testcase classname="com.RedevApiTesting.RafflouxApiTestClass" name="RafflouxRestApiFuntValidations" time="0.235"/>
  <testcase classname="com.RedevApiTesting.RafflouxApiTestClass" name="RafflouxRestApiFuntValidations" time="0.584"/>
  <testcase classname="com.RedevApiTesting.RafflouxApiTestClass" name="RafflouxRestApiFuntValidations" time="0.229"/>
  <testcase classname="com.RedevApiTesting.RafflouxApiTestClass" name="RafflouxRestApiFuntValidations" time="2.285"/>
  <testcase classname="com.RedevApiTesting.RafflouxApiTestClass" name="RafflouxRestApiFuntValidations" time="2.212"/>
  <testcase classname="com.RedevApiTesting.RafflouxApiTestClass" name="RafflouxRestApiFuntValidations" time="0.546"/>
  <testcase classname="com.RedevApiTesting.RafflouxApiTestClass" name="RafflouxRestApiFuntValidations" time="0.928"/>
  <testcase classname="com.RedevApiTesting.RafflouxApiTestClass" name="RafflouxRestApiFuntValidations" time="0.498"/>
  <testcase classname="com.RedevApiTesting.RafflouxApiTestClass" name="RafflouxRestApiFuntValidations" time="0.556"/>
  <testcase classname="com.RedevApiTesting.RafflouxApiTestClass" name="RafflouxRestApiFuntValidations" time="0.367"/>
  <testcase classname="com.RedevApiTesting.RafflouxApiTestClass" name="RafflouxRestApiFuntValidations" time="0.317"/>
  <testcase classname="com.RedevApiTesting.RafflouxApiTestClass" name="RafflouxRestApiFuntValidations" time="0.363"/>
  <testcase classname="com.RedevApiTesting.RafflouxApiTestClass" name="RafflouxRestApiFuntValidations" time="0.371"/>
  <testcase classname="com.RedevApiTesting.RafflouxApiTestClass" name="RafflouxRestApiFuntValidations" time="0.652"/>
  <testcase classname="com.RedevApiTesting.RafflouxApiTestClass" name="RafflouxRestApiFuntValidations" time="0.231"/>
  <testcase classname="com.RedevApiTesting.RafflouxApiTestClass" name="RafflouxRestApiFuntValidations" time="0.555"/>
  <testcase classname="com.RedevApiTesting.RafflouxApiTestClass" name="RafflouxRestApiFuntValidations" time="0.578"/>
  <testcase classname="com.RedevApiTesting.RafflouxApiTestClass" name="RafflouxRestApiFuntValidations" time="0.234"/>
  <testcase classname="com.RedevApiTesting.RafflouxApiTestClass" name="RafflouxRestApiFuntValidations" time="0.451"/>
  <testcase classname="com.RedevApiTesting.RafflouxApiTestClass" name="RafflouxRestApiFuntValidations" time="0.22"/>
  <testcase classname="com.RedevApiTesting.RafflouxApiTestClass" name="RafflouxRestApiFuntValidations" time="0.215"/>
  <testcase classname="com.RedevApiTesting.RafflouxApiTestClass" name="RafflouxRestApiFuntValidations" time="0.203"/>
  <testcase classname="com.RedevApiTesting.RafflouxApiTestClass" name="RafflouxRestApiFuntValidations" time="0.236"/>
  <testcase classname="com.RedevApiTesting.RafflouxApiTestClass" name="RafflouxRestApiFuntValidations" time="0.275"/>
  <testcase classname="com.RedevApiTesting.RafflouxApiTestClass" name="RafflouxRestApiFuntValidations" time="0.572"/>
  <testcase classname="com.RedevApiTesting.RafflouxApiTestClass" name="RafflouxRestApiFuntValidations" time="0.238"/>
  <testcase classname="com.RedevApiTesting.RafflouxApiTestClass" name="RafflouxRestApiFuntValidations" time="0.263"/>
  <testcase classname="com.RedevApiTesting.RafflouxApiTestClass" name="RafflouxRestApiFuntValidations" time="0.419"/>
  <testcase classname="com.RedevApiTesting.RafflouxApiTestClass" name="RafflouxRestApiFuntValidations" time="0.259"/>
  <testcase classname="com.RedevApiTesting.RafflouxApiTestClass" name="RafflouxRestApiFuntValidations" time="0.22"/>
  <testcase classname="com.RedevApiTesting.RafflouxApiTestClass" name="RafflouxRestApiFuntValidations" time="0.237"/>
  <testcase classname="com.RedevApiTesting.RafflouxApiTestClass" name="RafflouxRestApiFuntValidations" time="0.53"/>
  <testcase classname="com.RedevApiTesting.RafflouxApiTestClass" name="RafflouxRestApiFuntValidations" time="0.229"/>
  <testcase classname="com.RedevApiTesting.RafflouxApiTestClass" name="RafflouxRestApiFuntValidations" time="0.218"/>
  <testcase classname="com.RedevApiTesting.RafflouxApiTestClass" name="RafflouxRestApiFuntValidations" time="0.194"/>
  <testcase classname="com.RedevApiTesting.RafflouxApiTestClass" name="RafflouxRestApiFuntValidations" time="0.209"/>
  <testcase classname="com.RedevApiTesting.RafflouxApiTestClass" name="RafflouxRestApiFuntValidations" time="0.215"/>
  <testcase classname="com.RedevApiTesting.RafflouxApiTestClass" name="RafflouxRestApiFuntValidations" time="1.001"/>
  <testcase classname="com.RedevApiTesting.RafflouxApiTestClass" name="RafflouxRestApiFuntValidations" time="0.198"/>
</testsuite> <!-- Default test -->
