<?xml version="1.0" encoding="UTF-8"?>
<testng-results ignored="0" total="4" passed="4" failed="0" skipped="0">
  <reporter-output>
  </reporter-output>
  <suite started-at="2024-06-07T16:51:53 IST" name="Default suite" finished-at="2024-06-07T16:52:02 IST" duration-ms="8349">
    <groups>
    </groups>
    <test started-at="2024-06-07T16:51:53 IST" name="Default test" finished-at="2024-06-07T16:52:02 IST" duration-ms="8349">
      <class name="NewFrameWork.TestClassMwc">
        <test-method is-config="true" signature="setUp()[pri:0, instance:NewFrameWork.TestClassMwc@4b8ee4de]" started-at="2024-06-07T16:51:53 IST" name="setUp" finished-at="2024-06-07T16:51:53 IST" duration-ms="579" status="PASS">
          <reporter-output>
          </reporter-output>
        </test-method> <!-- setUp -->
        <test-method signature="MWCRestApiFuntValidations(java.lang.String,java.lang.String,java.lang.String,java.lang.String,java.lang.String,double,java.lang.String)[pri:2, instance:NewFrameWork.TestClassMwc@4b8ee4de]" started-at="2024-06-07T16:51:55 IST" name="MWCRestApiFuntValidations" data-provider="Data" finished-at="2024-06-07T16:52:00 IST" duration-ms="5129" status="PASS">
          <params>
            <param index="0">
              <value>
                <![CDATA[row 2]]>
              </value>
            </param>
            <param index="1">
              <value>
                <![CDATA[Validate the api's by giving invalid method]]>
              </value>
            </param>
            <param index="2">
              <value>
                <![CDATA[/charity/read]]>
              </value>
            </param>
            <param index="3">
              <value>
                <![CDATA[PUT]]>
              </value>
            </param>
            <param index="4">
              <value>
                <![CDATA[{}]]>
              </value>
            </param>
            <param index="5">
              <value>
                <![CDATA[404.0]]>
              </value>
            </param>
            <param index="6">
              <value>
                <![CDATA[{}]]>
              </value>
            </param>
          </params>
          <reporter-output>
          </reporter-output>
        </test-method> <!-- MWCRestApiFuntValidations -->
        <test-method is-config="true" signature="afterMethod()[pri:0, instance:NewFrameWork.TestClassMwc@4b8ee4de]" started-at="2024-06-07T16:52:00 IST" name="afterMethod" finished-at="2024-06-07T16:52:01 IST" duration-ms="448" status="PASS">
          <reporter-output>
          </reporter-output>
        </test-method> <!-- afterMethod -->
        <test-method signature="MWCRestApiFuntValidations(java.lang.String,java.lang.String,java.lang.String,java.lang.String,java.lang.String,double,java.lang.String)[pri:2, instance:NewFrameWork.TestClassMwc@4b8ee4de]" started-at="2024-06-07T16:52:01 IST" name="MWCRestApiFuntValidations" data-provider="Data" finished-at="2024-06-07T16:52:01 IST" duration-ms="166" status="PASS">
          <params>
            <param index="0">
              <value>
                <![CDATA[row 3]]>
              </value>
            </param>
            <param index="1">
              <value>
                <![CDATA[Validate the api's by giving invalid method]]>
              </value>
            </param>
            <param index="2">
              <value>
                <![CDATA[/charity/read/withLogin]]>
              </value>
            </param>
            <param index="3">
              <value>
                <![CDATA[PUT]]>
              </value>
            </param>
            <param index="4">
              <value>
                <![CDATA[{}]]>
              </value>
            </param>
            <param index="5">
              <value>
                <![CDATA[404.0]]>
              </value>
            </param>
            <param index="6">
              <value>
                <![CDATA[{}]]>
              </value>
            </param>
          </params>
          <reporter-output>
          </reporter-output>
        </test-method> <!-- MWCRestApiFuntValidations -->
        <test-method is-config="true" signature="afterMethod()[pri:0, instance:NewFrameWork.TestClassMwc@4b8ee4de]" started-at="2024-06-07T16:52:01 IST" name="afterMethod" finished-at="2024-06-07T16:52:01 IST" duration-ms="34" status="PASS">
          <reporter-output>
          </reporter-output>
        </test-method> <!-- afterMethod -->
        <test-method signature="MWCRestApiFuntValidations(java.lang.String,java.lang.String,java.lang.String,java.lang.String,java.lang.String,double,java.lang.String)[pri:2, instance:NewFrameWork.TestClassMwc@4b8ee4de]" started-at="2024-06-07T16:52:01 IST" name="MWCRestApiFuntValidations" data-provider="Data" finished-at="2024-06-07T16:52:01 IST" duration-ms="149" status="PASS">
          <params>
            <param index="0">
              <value>
                <![CDATA[row 4]]>
              </value>
            </param>
            <param index="1">
              <value>
                <![CDATA[Validate the api's by giving invalid method]]>
              </value>
            </param>
            <param index="2">
              <value>
                <![CDATA[/raffle/read]]>
              </value>
            </param>
            <param index="3">
              <value>
                <![CDATA[PUT]]>
              </value>
            </param>
            <param index="4">
              <value>
                <![CDATA[{}]]>
              </value>
            </param>
            <param index="5">
              <value>
                <![CDATA[404.0]]>
              </value>
            </param>
            <param index="6">
              <value>
                <![CDATA[{}]]>
              </value>
            </param>
          </params>
          <reporter-output>
          </reporter-output>
        </test-method> <!-- MWCRestApiFuntValidations -->
        <test-method is-config="true" signature="afterMethod()[pri:0, instance:NewFrameWork.TestClassMwc@4b8ee4de]" started-at="2024-06-07T16:52:01 IST" name="afterMethod" finished-at="2024-06-07T16:52:01 IST" duration-ms="39" status="PASS">
          <reporter-output>
          </reporter-output>
        </test-method> <!-- afterMethod -->
        <test-method signature="MWCRestApiFuntValidations(java.lang.String,java.lang.String,java.lang.String,java.lang.String,java.lang.String,double,java.lang.String)[pri:2, instance:NewFrameWork.TestClassMwc@4b8ee4de]" started-at="2024-06-07T16:52:01 IST" name="MWCRestApiFuntValidations" data-provider="Data" finished-at="2024-06-07T16:52:01 IST" duration-ms="439" status="PASS">
          <params>
            <param index="0">
              <value>
                <![CDATA[row 5]]>
              </value>
            </param>
            <param index="1">
              <value>
                <![CDATA[Validate the api's by giving invalid method]]>
              </value>
            </param>
            <param index="2">
              <value>
                <![CDATA[/raffle/read/withLogin]]>
              </value>
            </param>
            <param index="3">
              <value>
                <![CDATA[PUT]]>
              </value>
            </param>
            <param index="4">
              <value>
                <![CDATA[{}]]>
              </value>
            </param>
            <param index="5">
              <value>
                <![CDATA[404.0]]>
              </value>
            </param>
            <param index="6">
              <value>
                <![CDATA[{}]]>
              </value>
            </param>
          </params>
          <reporter-output>
          </reporter-output>
        </test-method> <!-- MWCRestApiFuntValidations -->
        <test-method is-config="true" signature="afterMethod()[pri:0, instance:NewFrameWork.TestClassMwc@4b8ee4de]" started-at="2024-06-07T16:52:01 IST" name="afterMethod" finished-at="2024-06-07T16:52:02 IST" duration-ms="48" status="PASS">
          <reporter-output>
          </reporter-output>
        </test-method> <!-- afterMethod -->
        <test-method is-config="true" signature="tearDown()[pri:0, instance:NewFrameWork.TestClassMwc@4b8ee4de]" started-at="2024-06-07T16:52:02 IST" name="tearDown" finished-at="2024-06-07T16:52:02 IST" duration-ms="31" status="PASS">
          <reporter-output>
          </reporter-output>
        </test-method> <!-- tearDown -->
      </class> <!-- NewFrameWork.TestClassMwc -->
    </test> <!-- Default test -->
  </suite> <!-- Default suite -->
</testng-results>
