<?xml version="1.0" encoding="UTF-8"?>
<testng-results ignored="0" total="344" passed="344" failed="0" skipped="0">
  <reporter-output>
  </reporter-output>
  <suite started-at="2024-05-14T17:08:22 IST" name="Default suite" finished-at="2024-05-14T17:09:54 IST" duration-ms="92108">
    <groups>
    </groups>
    <test started-at="2024-05-14T17:08:22 IST" name="Default test" finished-at="2024-05-14T17:09:54 IST" duration-ms="92108">
      <class name="MonacoAdminPortalPKG.MWCApiTestclass">
        <test-method is-config="true" signature="setUp()[pri:0, instance:MonacoAdminPortalPKG.MWCApiTestclass@55634720]" started-at="2024-05-14T17:08:21 IST" name="setUp" finished-at="2024-05-14T17:08:22 IST" duration-ms="567" status="PASS">
          <reporter-output>
          </reporter-output>
        </test-method> <!-- setUp -->
        <test-method is-config="true" signature="beforeMethod()[pri:0, instance:MonacoAdminPortalPKG.MWCApiTestclass@55634720]" started-at="2024-05-14T17:08:27 IST" name="beforeMethod" finished-at="2024-05-14T17:08:27 IST" duration-ms="24" status="PASS">
          <reporter-output>
          </reporter-output>
        </test-method> <!-- beforeMethod -->
        <test-method signature="MWCAdminRestApiTest(java.lang.String,java.lang.String,java.lang.String,java.lang.String,java.lang.String,double,java.lang.String)[pri:2, instance:MonacoAdminPortalPKG.MWCApiTestclass@55634720]" started-at="2024-05-14T17:08:27 IST" name="MWCAdminRestApiTest" data-provider="MWC" finished-at="2024-05-14T17:08:33 IST" duration-ms="6791" status="PASS">
          <params>
            <param index="0">
              <value>
                <![CDATA[Row 2]]>
              </value>
            </param>
            <param index="1">
              <value>
                <![CDATA[Validate the api's by giving invalid method.]]>
              </value>
            </param>
            <param index="2">
              <value>
                <![CDATA[PUT]]>
              </value>
            </param>
            <param index="3">
              <value>
                <![CDATA[/admin/auth/signIn]]>
              </value>
            </param>
            <param index="4">
              <value>
                <![CDATA[{
    "email": "devgggii@rhibhus.com",
    "password": "123456"
}]]>
              </value>
            </param>
            <param index="5">
              <value>
                <![CDATA[404.0]]>
              </value>
            </param>
            <param index="6">
              <value>
                <![CDATA[{}]]>
              </value>
            </param>
          </params>
          <reporter-output>
          </reporter-output>
        </test-method> <!-- MWCAdminRestApiTest -->
        <test-method is-config="true" signature="afterMethod()[pri:0, instance:MonacoAdminPortalPKG.MWCApiTestclass@55634720]" started-at="2024-05-14T17:08:33 IST" name="afterMethod" finished-at="2024-05-14T17:08:35 IST" duration-ms="1169" status="PASS">
          <reporter-output>
          </reporter-output>
        </test-method> <!-- afterMethod -->
        <test-method is-config="true" signature="beforeMethod()[pri:0, instance:MonacoAdminPortalPKG.MWCApiTestclass@55634720]" started-at="2024-05-14T17:08:35 IST" name="beforeMethod" finished-at="2024-05-14T17:08:35 IST" duration-ms="1" status="PASS">
          <reporter-output>
          </reporter-output>
        </test-method> <!-- beforeMethod -->
        <test-method signature="MWCAdminRestApiTest(java.lang.String,java.lang.String,java.lang.String,java.lang.String,java.lang.String,double,java.lang.String)[pri:2, instance:MonacoAdminPortalPKG.MWCApiTestclass@55634720]" started-at="2024-05-14T17:08:35 IST" name="MWCAdminRestApiTest" data-provider="MWC" finished-at="2024-05-14T17:08:35 IST" duration-ms="326" status="PASS">
          <params>
            <param index="0">
              <value>
                <![CDATA[Row 3]]>
              </value>
            </param>
            <param index="1">
              <value>
                <![CDATA[Validate the api's by giving invalid method.]]>
              </value>
            </param>
            <param index="2">
              <value>
                <![CDATA[PUT]]>
              </value>
            </param>
            <param index="3">
              <value>
                <![CDATA[/admin/auth/changePassword]]>
              </value>
            </param>
            <param index="4">
              <value>
                <![CDATA[{
    "sort_id":"User#cb261cce-888b-42ce-9638-1bdd1d8ca792",
    "email": "shankar@gmail.com",
    "oldPassword": "shankar123",
    "newPassword":"shankar012"
}]]>
              </value>
            </param>
            <param index="5">
              <value>
                <![CDATA[404.0]]>
              </value>
            </param>
            <param index="6">
              <value>
                <![CDATA[{}]]>
              </value>
            </param>
          </params>
          <reporter-output>
          </reporter-output>
        </test-method> <!-- MWCAdminRestApiTest -->
        <test-method is-config="true" signature="afterMethod()[pri:0, instance:MonacoAdminPortalPKG.MWCApiTestclass@55634720]" started-at="2024-05-14T17:08:35 IST" name="afterMethod" finished-at="2024-05-14T17:08:35 IST" duration-ms="35" status="PASS">
          <reporter-output>
          </reporter-output>
        </test-method> <!-- afterMethod -->
        <test-method is-config="true" signature="beforeMethod()[pri:0, instance:MonacoAdminPortalPKG.MWCApiTestclass@55634720]" started-at="2024-05-14T17:08:35 IST" name="beforeMethod" finished-at="2024-05-14T17:08:35 IST" duration-ms="1" status="PASS">
          <reporter-output>
          </reporter-output>
        </test-method> <!-- beforeMethod -->
        <test-method signature="MWCAdminRestApiTest(java.lang.String,java.lang.String,java.lang.String,java.lang.String,java.lang.String,double,java.lang.String)[pri:2, instance:MonacoAdminPortalPKG.MWCApiTestclass@55634720]" started-at="2024-05-14T17:08:35 IST" name="MWCAdminRestApiTest" data-provider="MWC" finished-at="2024-05-14T17:08:35 IST" duration-ms="294" status="PASS">
          <params>
            <param index="0">
              <value>
                <![CDATA[Row 4]]>
              </value>
            </param>
            <param index="1">
              <value>
                <![CDATA[Validate the api's by giving invalid method.]]>
              </value>
            </param>
            <param index="2">
              <value>
                <![CDATA[POST]]>
              </value>
            </param>
            <param index="3">
              <value>
                <![CDATA[/admin/clientBlacklist/read]]>
              </value>
            </param>
            <param index="4">
              <value>
                <![CDATA[No payload.]]>
              </value>
            </param>
            <param index="5">
              <value>
                <![CDATA[404.0]]>
              </value>
            </param>
            <param index="6">
              <value>
                <![CDATA[{}]]>
              </value>
            </param>
          </params>
          <reporter-output>
          </reporter-output>
        </test-method> <!-- MWCAdminRestApiTest -->
        <test-method is-config="true" signature="afterMethod()[pri:0, instance:MonacoAdminPortalPKG.MWCApiTestclass@55634720]" started-at="2024-05-14T17:08:35 IST" name="afterMethod" finished-at="2024-05-14T17:08:35 IST" duration-ms="24" status="PASS">
          <reporter-output>
          </reporter-output>
        </test-method> <!-- afterMethod -->
        <test-method is-config="true" signature="beforeMethod()[pri:0, instance:MonacoAdminPortalPKG.MWCApiTestclass@55634720]" started-at="2024-05-14T17:08:35 IST" name="beforeMethod" finished-at="2024-05-14T17:08:35 IST" duration-ms="1" status="PASS">
          <reporter-output>
          </reporter-output>
        </test-method> <!-- beforeMethod -->
        <test-method signature="MWCAdminRestApiTest(java.lang.String,java.lang.String,java.lang.String,java.lang.String,java.lang.String,double,java.lang.String)[pri:2, instance:MonacoAdminPortalPKG.MWCApiTestclass@55634720]" started-at="2024-05-14T17:08:35 IST" name="MWCAdminRestApiTest" data-provider="MWC" finished-at="2024-05-14T17:08:36 IST" duration-ms="308" status="PASS">
          <params>
            <param index="0">
              <value>
                <![CDATA[Row 5]]>
              </value>
            </param>
            <param index="1">
              <value>
                <![CDATA[Validate the api's by giving invalid method.]]>
              </value>
            </param>
            <param index="2">
              <value>
                <![CDATA[PUT]]>
              </value>
            </param>
            <param index="3">
              <value>
                <![CDATA[/admin/clientBlacklist/add]]>
              </value>
            </param>
            <param index="4">
              <value>
                <![CDATA[{
    "email": "rohan@mail.com",
    "first_name": "rohan",
    "last_name": "kumar",
    "origin": "usa",
    "reason": "dvchjjvf",
    // "unique_id": "gugduq",
    "user_id": "dcfghdc"
}]]>
              </value>
            </param>
            <param index="5">
              <value>
                <![CDATA[404.0]]>
              </value>
            </param>
            <param index="6">
              <value>
                <![CDATA[{}]]>
              </value>
            </param>
          </params>
          <reporter-output>
          </reporter-output>
        </test-method> <!-- MWCAdminRestApiTest -->
        <test-method is-config="true" signature="afterMethod()[pri:0, instance:MonacoAdminPortalPKG.MWCApiTestclass@55634720]" started-at="2024-05-14T17:08:36 IST" name="afterMethod" finished-at="2024-05-14T17:08:36 IST" duration-ms="34" status="PASS">
          <reporter-output>
          </reporter-output>
        </test-method> <!-- afterMethod -->
        <test-method is-config="true" signature="beforeMethod()[pri:0, instance:MonacoAdminPortalPKG.MWCApiTestclass@55634720]" started-at="2024-05-14T17:08:36 IST" name="beforeMethod" finished-at="2024-05-14T17:08:36 IST" duration-ms="0" status="PASS">
          <reporter-output>
          </reporter-output>
        </test-method> <!-- beforeMethod -->
        <test-method signature="MWCAdminRestApiTest(java.lang.String,java.lang.String,java.lang.String,java.lang.String,java.lang.String,double,java.lang.String)[pri:2, instance:MonacoAdminPortalPKG.MWCApiTestclass@55634720]" started-at="2024-05-14T17:08:36 IST" name="MWCAdminRestApiTest" data-provider="MWC" finished-at="2024-05-14T17:08:36 IST" duration-ms="257" status="PASS">
          <params>
            <param index="0">
              <value>
                <![CDATA[Row 6]]>
              </value>
            </param>
            <param index="1">
              <value>
                <![CDATA[Validate the api's by giving invalid method.]]>
              </value>
            </param>
            <param index="2">
              <value>
                <![CDATA[PUT]]>
              </value>
            </param>
            <param index="3">
              <value>
                <![CDATA[/admin/clientBlacklist/fetch]]>
              </value>
            </param>
            <param index="4">
              <value>
                <![CDATA[No payload.]]>
              </value>
            </param>
            <param index="5">
              <value>
                <![CDATA[404.0]]>
              </value>
            </param>
            <param index="6">
              <value>
                <![CDATA[{}]]>
              </value>
            </param>
          </params>
          <reporter-output>
          </reporter-output>
        </test-method> <!-- MWCAdminRestApiTest -->
        <test-method is-config="true" signature="afterMethod()[pri:0, instance:MonacoAdminPortalPKG.MWCApiTestclass@55634720]" started-at="2024-05-14T17:08:36 IST" name="afterMethod" finished-at="2024-05-14T17:08:36 IST" duration-ms="23" status="PASS">
          <reporter-output>
          </reporter-output>
        </test-method> <!-- afterMethod -->
        <test-method is-config="true" signature="beforeMethod()[pri:0, instance:MonacoAdminPortalPKG.MWCApiTestclass@55634720]" started-at="2024-05-14T17:08:36 IST" name="beforeMethod" finished-at="2024-05-14T17:08:36 IST" duration-ms="0" status="PASS">
          <reporter-output>
          </reporter-output>
        </test-method> <!-- beforeMethod -->
        <test-method signature="MWCAdminRestApiTest(java.lang.String,java.lang.String,java.lang.String,java.lang.String,java.lang.String,double,java.lang.String)[pri:2, instance:MonacoAdminPortalPKG.MWCApiTestclass@55634720]" started-at="2024-05-14T17:08:36 IST" name="MWCAdminRestApiTest" data-provider="MWC" finished-at="2024-05-14T17:08:36 IST" duration-ms="245" status="PASS">
          <params>
            <param index="0">
              <value>
                <![CDATA[Row 7]]>
              </value>
            </param>
            <param index="1">
              <value>
                <![CDATA[Validate the api's by giving invalid method.]]>
              </value>
            </param>
            <param index="2">
              <value>
                <![CDATA[POST]]>
              </value>
            </param>
            <param index="3">
              <value>
                <![CDATA[/admin/clientBlacklist/update]]>
              </value>
            </param>
            <param index="4">
              <value>
                <![CDATA[{
    "origin": "bfchjvd",
    "user_id": "dcfghdc",
    "last_name": "lenka",
    "first_name": "amiya",
    "createdAt": "2024-03-28T07:42:42.728Z",
    // "unique_id": "amita1234",
    "email": "arl@mail.com",
    "reason": "dvchjjvf",
    "sort_id": "ClientBlackList#cb69f4fa-5f5b-4717-b15c-5e27ea64d7cc"
}]]>
              </value>
            </param>
            <param index="5">
              <value>
                <![CDATA[404.0]]>
              </value>
            </param>
            <param index="6">
              <value>
                <![CDATA[{}]]>
              </value>
            </param>
          </params>
          <reporter-output>
          </reporter-output>
        </test-method> <!-- MWCAdminRestApiTest -->
        <test-method is-config="true" signature="afterMethod()[pri:0, instance:MonacoAdminPortalPKG.MWCApiTestclass@55634720]" started-at="2024-05-14T17:08:36 IST" name="afterMethod" finished-at="2024-05-14T17:08:36 IST" duration-ms="60" status="PASS">
          <reporter-output>
          </reporter-output>
        </test-method> <!-- afterMethod -->
        <test-method is-config="true" signature="beforeMethod()[pri:0, instance:MonacoAdminPortalPKG.MWCApiTestclass@55634720]" started-at="2024-05-14T17:08:36 IST" name="beforeMethod" finished-at="2024-05-14T17:08:36 IST" duration-ms="1" status="PASS">
          <reporter-output>
          </reporter-output>
        </test-method> <!-- beforeMethod -->
        <test-method signature="MWCAdminRestApiTest(java.lang.String,java.lang.String,java.lang.String,java.lang.String,java.lang.String,double,java.lang.String)[pri:2, instance:MonacoAdminPortalPKG.MWCApiTestclass@55634720]" started-at="2024-05-14T17:08:36 IST" name="MWCAdminRestApiTest" data-provider="MWC" finished-at="2024-05-14T17:08:36 IST" duration-ms="256" status="PASS">
          <params>
            <param index="0">
              <value>
                <![CDATA[Row 8]]>
              </value>
            </param>
            <param index="1">
              <value>
                <![CDATA[Validate the api's by giving invalid method.]]>
              </value>
            </param>
            <param index="2">
              <value>
                <![CDATA[POST]]>
              </value>
            </param>
            <param index="3">
              <value>
                <![CDATA[/admin/charity/delete]]>
              </value>
            </param>
            <param index="4">
              <value>
                <![CDATA[{
    "ids": [
        {
            "sort_id": "Charity#3f084249-943d-4462-977a-f66231361e92"
        },
        {
            "sort_id": "Charity#aa6fdb68-103b-4c0a-bc31-b8df3a7a6dbe"
        }
    ]
}]]>
              </value>
            </param>
            <param index="5">
              <value>
                <![CDATA[404.0]]>
              </value>
            </param>
            <param index="6">
              <value>
                <![CDATA[{}]]>
              </value>
            </param>
          </params>
          <reporter-output>
          </reporter-output>
        </test-method> <!-- MWCAdminRestApiTest -->
        <test-method is-config="true" signature="afterMethod()[pri:0, instance:MonacoAdminPortalPKG.MWCApiTestclass@55634720]" started-at="2024-05-14T17:08:36 IST" name="afterMethod" finished-at="2024-05-14T17:08:36 IST" duration-ms="32" status="PASS">
          <reporter-output>
          </reporter-output>
        </test-method> <!-- afterMethod -->
        <test-method is-config="true" signature="beforeMethod()[pri:0, instance:MonacoAdminPortalPKG.MWCApiTestclass@55634720]" started-at="2024-05-14T17:08:36 IST" name="beforeMethod" finished-at="2024-05-14T17:08:36 IST" duration-ms="0" status="PASS">
          <reporter-output>
          </reporter-output>
        </test-method> <!-- beforeMethod -->
        <test-method signature="MWCAdminRestApiTest(java.lang.String,java.lang.String,java.lang.String,java.lang.String,java.lang.String,double,java.lang.String)[pri:2, instance:MonacoAdminPortalPKG.MWCApiTestclass@55634720]" started-at="2024-05-14T17:08:36 IST" name="MWCAdminRestApiTest" data-provider="MWC" finished-at="2024-05-14T17:08:37 IST" duration-ms="205" status="PASS">
          <params>
            <param index="0">
              <value>
                <![CDATA[Row 9]]>
              </value>
            </param>
            <param index="1">
              <value>
                <![CDATA[Validate the api's by giving invalid method.]]>
              </value>
            </param>
            <param index="2">
              <value>
                <![CDATA[POST]]>
              </value>
            </param>
            <param index="3">
              <value>
                <![CDATA[/admin/winner/read]]>
              </value>
            </param>
            <param index="4">
              <value>
                <![CDATA[No payload.]]>
              </value>
            </param>
            <param index="5">
              <value>
                <![CDATA[404.0]]>
              </value>
            </param>
            <param index="6">
              <value>
                <![CDATA[{}]]>
              </value>
            </param>
          </params>
          <reporter-output>
          </reporter-output>
        </test-method> <!-- MWCAdminRestApiTest -->
        <test-method is-config="true" signature="afterMethod()[pri:0, instance:MonacoAdminPortalPKG.MWCApiTestclass@55634720]" started-at="2024-05-14T17:08:37 IST" name="afterMethod" finished-at="2024-05-14T17:08:37 IST" duration-ms="31" status="PASS">
          <reporter-output>
          </reporter-output>
        </test-method> <!-- afterMethod -->
        <test-method is-config="true" signature="beforeMethod()[pri:0, instance:MonacoAdminPortalPKG.MWCApiTestclass@55634720]" started-at="2024-05-14T17:08:37 IST" name="beforeMethod" finished-at="2024-05-14T17:08:37 IST" duration-ms="1" status="PASS">
          <reporter-output>
          </reporter-output>
        </test-method> <!-- beforeMethod -->
        <test-method signature="MWCAdminRestApiTest(java.lang.String,java.lang.String,java.lang.String,java.lang.String,java.lang.String,double,java.lang.String)[pri:2, instance:MonacoAdminPortalPKG.MWCApiTestclass@55634720]" started-at="2024-05-14T17:08:37 IST" name="MWCAdminRestApiTest" data-provider="MWC" finished-at="2024-05-14T17:08:37 IST" duration-ms="202" status="PASS">
          <params>
            <param index="0">
              <value>
                <![CDATA[Row 10]]>
              </value>
            </param>
            <param index="1">
              <value>
                <![CDATA[Validate the api's by giving invalid method.]]>
              </value>
            </param>
            <param index="2">
              <value>
                <![CDATA[POST]]>
              </value>
            </param>
            <param index="3">
              <value>
                <![CDATA[/admin/winner/fetch]]>
              </value>
            </param>
            <param index="4">
              <value>
                <![CDATA[No payload.]]>
              </value>
            </param>
            <param index="5">
              <value>
                <![CDATA[404.0]]>
              </value>
            </param>
            <param index="6">
              <value>
                <![CDATA[{}]]>
              </value>
            </param>
          </params>
          <reporter-output>
          </reporter-output>
        </test-method> <!-- MWCAdminRestApiTest -->
        <test-method is-config="true" signature="afterMethod()[pri:0, instance:MonacoAdminPortalPKG.MWCApiTestclass@55634720]" started-at="2024-05-14T17:08:37 IST" name="afterMethod" finished-at="2024-05-14T17:08:37 IST" duration-ms="30" status="PASS">
          <reporter-output>
          </reporter-output>
        </test-method> <!-- afterMethod -->
        <test-method signature="MWCAdminRestApiTest(java.lang.String,java.lang.String,java.lang.String,java.lang.String,java.lang.String,double,java.lang.String)[pri:2, instance:MonacoAdminPortalPKG.MWCApiTestclass@55634720]" started-at="2024-05-14T17:08:37 IST" name="MWCAdminRestApiTest" data-provider="MWC" finished-at="2024-05-14T17:08:37 IST" duration-ms="3" status="PASS">
          <params>
            <param index="0">
              <value>
                <![CDATA[Row 11]]>
              </value>
            </param>
            <param index="1">
              <value>
                <![CDATA[Validate the api's by giving invalid method.]]>
              </value>
            </param>
            <param index="2">
              <value>
                <![CDATA[GET ]]>
              </value>
            </param>
            <param index="3">
              <value>
                <![CDATA[/admin/winner/add]]>
              </value>
            </param>
            <param index="4">
              <value>
                <![CDATA[{
    "draw_id": "Draw#db4cd6de-f523-4627-b362-fc6a6a05126f",
    "featured": true,
    "img_url": "https://static.raffolux.com/static/website/media/winners/AdamRussellrolexwin.jpg%22",
    "location": "mumbai",
    "name": "surya",
    "position": 4,
    "prizeName": "Rolex Blue",
    "raffle_id": "Raffle#0d606d97-280b-4ca1-a620-b136fc46cba5",
    "user_id": "User#0833176d-a44e-4ef5-8740-b82ab341be0f"
}]]>
              </value>
            </param>
            <param index="5">
              <value>
                <![CDATA[404.0]]>
              </value>
            </param>
            <param index="6">
              <value>
                <![CDATA[{}]]>
              </value>
            </param>
          </params>
          <reporter-output>
          </reporter-output>
        </test-method> <!-- MWCAdminRestApiTest -->
        <test-method is-config="true" signature="beforeMethod()[pri:0, instance:MonacoAdminPortalPKG.MWCApiTestclass@55634720]" started-at="2024-05-14T17:08:37 IST" name="beforeMethod" finished-at="2024-05-14T17:08:37 IST" duration-ms="0" status="PASS">
          <reporter-output>
          </reporter-output>
        </test-method> <!-- beforeMethod -->
        <test-method is-config="true" signature="afterMethod()[pri:0, instance:MonacoAdminPortalPKG.MWCApiTestclass@55634720]" started-at="2024-05-14T17:08:37 IST" name="afterMethod" finished-at="2024-05-14T17:08:37 IST" duration-ms="14" status="PASS">
          <reporter-output>
          </reporter-output>
        </test-method> <!-- afterMethod -->
        <test-method is-config="true" signature="beforeMethod()[pri:0, instance:MonacoAdminPortalPKG.MWCApiTestclass@55634720]" started-at="2024-05-14T17:08:37 IST" name="beforeMethod" finished-at="2024-05-14T17:08:37 IST" duration-ms="0" status="PASS">
          <reporter-output>
          </reporter-output>
        </test-method> <!-- beforeMethod -->
        <test-method signature="MWCAdminRestApiTest(java.lang.String,java.lang.String,java.lang.String,java.lang.String,java.lang.String,double,java.lang.String)[pri:2, instance:MonacoAdminPortalPKG.MWCApiTestclass@55634720]" started-at="2024-05-14T17:08:37 IST" name="MWCAdminRestApiTest" data-provider="MWC" finished-at="2024-05-14T17:08:37 IST" duration-ms="279" status="PASS">
          <params>
            <param index="0">
              <value>
                <![CDATA[Row 12]]>
              </value>
            </param>
            <param index="1">
              <value>
                <![CDATA[Validate the api's by giving invalid method.]]>
              </value>
            </param>
            <param index="2">
              <value>
                <![CDATA[POST]]>
              </value>
            </param>
            <param index="3">
              <value>
                <![CDATA[/admin/winner/update]]>
              </value>
            </param>
            <param index="4">
              <value>
                <![CDATA[{
    "location": "ussr",    
    "prizeName": "Rolex Blue Star",
    "name": "surya Rhibhus",
    "sort_id": "Winner#51d6aea9-2bdd-4d00-99bf-1cb5e81e58bd",
    "raffle_id": "Raffle#0d606d97-280b-4ca1-a620-b136fc46cba5",
    "draw_id": "Draw#db4cd6de-f523-4627-b362-fc6a6a05126f",
    "user_id": "User#0833176d-a44e-4ef5-8740-b82ab341be0f",
    "updated": "2024-04-03T15:40:50.945Z",
    "img_url": "amiya.jpg",    
    "position": 4,
    "featured": true,
    "img_updated":true   
}]]>
              </value>
            </param>
            <param index="5">
              <value>
                <![CDATA[404.0]]>
              </value>
            </param>
            <param index="6">
              <value>
                <![CDATA[{}]]>
              </value>
            </param>
          </params>
          <reporter-output>
          </reporter-output>
        </test-method> <!-- MWCAdminRestApiTest -->
        <test-method is-config="true" signature="afterMethod()[pri:0, instance:MonacoAdminPortalPKG.MWCApiTestclass@55634720]" started-at="2024-05-14T17:08:37 IST" name="afterMethod" finished-at="2024-05-14T17:08:37 IST" duration-ms="58" status="PASS">
          <reporter-output>
          </reporter-output>
        </test-method> <!-- afterMethod -->
        <test-method is-config="true" signature="beforeMethod()[pri:0, instance:MonacoAdminPortalPKG.MWCApiTestclass@55634720]" started-at="2024-05-14T17:08:37 IST" name="beforeMethod" finished-at="2024-05-14T17:08:37 IST" duration-ms="1" status="PASS">
          <reporter-output>
          </reporter-output>
        </test-method> <!-- beforeMethod -->
        <test-method signature="MWCAdminRestApiTest(java.lang.String,java.lang.String,java.lang.String,java.lang.String,java.lang.String,double,java.lang.String)[pri:2, instance:MonacoAdminPortalPKG.MWCApiTestclass@55634720]" started-at="2024-05-14T17:08:37 IST" name="MWCAdminRestApiTest" data-provider="MWC" finished-at="2024-05-14T17:08:37 IST" duration-ms="220" status="PASS">
          <params>
            <param index="0">
              <value>
                <![CDATA[Row 13]]>
              </value>
            </param>
            <param index="1">
              <value>
                <![CDATA[Validate the api's by giving invalid method.]]>
              </value>
            </param>
            <param index="2">
              <value>
                <![CDATA[POST]]>
              </value>
            </param>
            <param index="3">
              <value>
                <![CDATA[/admin/winner/delete]]>
              </value>
            </param>
            <param index="4">
              <value>
                <![CDATA[{
    "ids": [
        {
            "sort_id": "Winner#87f228f3-9d99-43f3-9189-69ee35a62453"
        },
        {
            "sort_id": "Winner#83ce0a23-ce99-41f3-be1d-e34bdb88186"
        }
    ]
}]]>
              </value>
            </param>
            <param index="5">
              <value>
                <![CDATA[404.0]]>
              </value>
            </param>
            <param index="6">
              <value>
                <![CDATA[{}]]>
              </value>
            </param>
          </params>
          <reporter-output>
          </reporter-output>
        </test-method> <!-- MWCAdminRestApiTest -->
        <test-method is-config="true" signature="afterMethod()[pri:0, instance:MonacoAdminPortalPKG.MWCApiTestclass@55634720]" started-at="2024-05-14T17:08:38 IST" name="afterMethod" finished-at="2024-05-14T17:08:38 IST" duration-ms="14" status="PASS">
          <reporter-output>
          </reporter-output>
        </test-method> <!-- afterMethod -->
        <test-method signature="MWCAdminRestApiTest(java.lang.String,java.lang.String,java.lang.String,java.lang.String,java.lang.String,double,java.lang.String)[pri:2, instance:MonacoAdminPortalPKG.MWCApiTestclass@55634720]" started-at="2024-05-14T17:08:38 IST" name="MWCAdminRestApiTest" data-provider="MWC" finished-at="2024-05-14T17:08:38 IST" duration-ms="196" status="PASS">
          <params>
            <param index="0">
              <value>
                <![CDATA[Row 14]]>
              </value>
            </param>
            <param index="1">
              <value>
                <![CDATA[Validate the api's by giving invalid method.]]>
              </value>
            </param>
            <param index="2">
              <value>
                <![CDATA[POST]]>
              </value>
            </param>
            <param index="3">
              <value>
                <![CDATA[/admin/question/read]]>
              </value>
            </param>
            <param index="4">
              <value>
                <![CDATA[No payload.]]>
              </value>
            </param>
            <param index="5">
              <value>
                <![CDATA[404.0]]>
              </value>
            </param>
            <param index="6">
              <value>
                <![CDATA[{}]]>
              </value>
            </param>
          </params>
          <reporter-output>
          </reporter-output>
        </test-method> <!-- MWCAdminRestApiTest -->
        <test-method is-config="true" signature="beforeMethod()[pri:0, instance:MonacoAdminPortalPKG.MWCApiTestclass@55634720]" started-at="2024-05-14T17:08:38 IST" name="beforeMethod" finished-at="2024-05-14T17:08:38 IST" duration-ms="0" status="PASS">
          <reporter-output>
          </reporter-output>
        </test-method> <!-- beforeMethod -->
        <test-method is-config="true" signature="afterMethod()[pri:0, instance:MonacoAdminPortalPKG.MWCApiTestclass@55634720]" started-at="2024-05-14T17:08:38 IST" name="afterMethod" finished-at="2024-05-14T17:08:38 IST" duration-ms="31" status="PASS">
          <reporter-output>
          </reporter-output>
        </test-method> <!-- afterMethod -->
        <test-method is-config="true" signature="beforeMethod()[pri:0, instance:MonacoAdminPortalPKG.MWCApiTestclass@55634720]" started-at="2024-05-14T17:08:38 IST" name="beforeMethod" finished-at="2024-05-14T17:08:38 IST" duration-ms="0" status="PASS">
          <reporter-output>
          </reporter-output>
        </test-method> <!-- beforeMethod -->
        <test-method signature="MWCAdminRestApiTest(java.lang.String,java.lang.String,java.lang.String,java.lang.String,java.lang.String,double,java.lang.String)[pri:2, instance:MonacoAdminPortalPKG.MWCApiTestclass@55634720]" started-at="2024-05-14T17:08:38 IST" name="MWCAdminRestApiTest" data-provider="MWC" finished-at="2024-05-14T17:08:38 IST" duration-ms="193" status="PASS">
          <params>
            <param index="0">
              <value>
                <![CDATA[Row 15]]>
              </value>
            </param>
            <param index="1">
              <value>
                <![CDATA[Validate the api's by giving invalid method.]]>
              </value>
            </param>
            <param index="2">
              <value>
                <![CDATA[POST]]>
              </value>
            </param>
            <param index="3">
              <value>
                <![CDATA[/admin/question/fetch]]>
              </value>
            </param>
            <param index="4">
              <value>
                <![CDATA[No payload.]]>
              </value>
            </param>
            <param index="5">
              <value>
                <![CDATA[404.0]]>
              </value>
            </param>
            <param index="6">
              <value>
                <![CDATA[{}]]>
              </value>
            </param>
          </params>
          <reporter-output>
          </reporter-output>
        </test-method> <!-- MWCAdminRestApiTest -->
        <test-method is-config="true" signature="afterMethod()[pri:0, instance:MonacoAdminPortalPKG.MWCApiTestclass@55634720]" started-at="2024-05-14T17:08:38 IST" name="afterMethod" finished-at="2024-05-14T17:08:38 IST" duration-ms="18" status="PASS">
          <reporter-output>
          </reporter-output>
        </test-method> <!-- afterMethod -->
        <test-method signature="MWCAdminRestApiTest(java.lang.String,java.lang.String,java.lang.String,java.lang.String,java.lang.String,double,java.lang.String)[pri:2, instance:MonacoAdminPortalPKG.MWCApiTestclass@55634720]" started-at="2024-05-14T17:08:38 IST" name="MWCAdminRestApiTest" data-provider="MWC" finished-at="2024-05-14T17:08:38 IST" duration-ms="1" status="PASS">
          <params>
            <param index="0">
              <value>
                <![CDATA[Row 16]]>
              </value>
            </param>
            <param index="1">
              <value>
                <![CDATA[Validate the api's by giving invalid method.]]>
              </value>
            </param>
            <param index="2">
              <value>
                <![CDATA[GET ]]>
              </value>
            </param>
            <param index="3">
              <value>
                <![CDATA[/admin/question/add]]>
              </value>
            </param>
            <param index="4">
              <value>
                <![CDATA[{
    "question": "saass",
    "is_active": "active",
    "question_img": "amiya",
    "answers": [
     {
      "answer": "John",
      "isAnswer": true
     },
     {
      "answer": "raj",
      "isAnswer": false
     },
     {
      "answer": "gosh",
      "isAnswer": false
     },
     {
      "answer": "dev",
      "isAnswer": false
     }
    ]

}]]>
              </value>
            </param>
            <param index="5">
              <value>
                <![CDATA[404.0]]>
              </value>
            </param>
            <param index="6">
              <value>
                <![CDATA[{}]]>
              </value>
            </param>
          </params>
          <reporter-output>
          </reporter-output>
        </test-method> <!-- MWCAdminRestApiTest -->
        <test-method is-config="true" signature="beforeMethod()[pri:0, instance:MonacoAdminPortalPKG.MWCApiTestclass@55634720]" started-at="2024-05-14T17:08:38 IST" name="beforeMethod" finished-at="2024-05-14T17:08:38 IST" duration-ms="0" status="PASS">
          <reporter-output>
          </reporter-output>
        </test-method> <!-- beforeMethod -->
        <test-method is-config="true" signature="afterMethod()[pri:0, instance:MonacoAdminPortalPKG.MWCApiTestclass@55634720]" started-at="2024-05-14T17:08:38 IST" name="afterMethod" finished-at="2024-05-14T17:08:38 IST" duration-ms="15" status="PASS">
          <reporter-output>
          </reporter-output>
        </test-method> <!-- afterMethod -->
        <test-method is-config="true" signature="beforeMethod()[pri:0, instance:MonacoAdminPortalPKG.MWCApiTestclass@55634720]" started-at="2024-05-14T17:08:38 IST" name="beforeMethod" finished-at="2024-05-14T17:08:38 IST" duration-ms="2" status="PASS">
          <reporter-output>
          </reporter-output>
        </test-method> <!-- beforeMethod -->
        <test-method signature="MWCAdminRestApiTest(java.lang.String,java.lang.String,java.lang.String,java.lang.String,java.lang.String,double,java.lang.String)[pri:2, instance:MonacoAdminPortalPKG.MWCApiTestclass@55634720]" started-at="2024-05-14T17:08:38 IST" name="MWCAdminRestApiTest" data-provider="MWC" finished-at="2024-05-14T17:08:38 IST" duration-ms="254" status="PASS">
          <params>
            <param index="0">
              <value>
                <![CDATA[Row 17]]>
              </value>
            </param>
            <param index="1">
              <value>
                <![CDATA[Validate the api's by giving invalid method.]]>
              </value>
            </param>
            <param index="2">
              <value>
                <![CDATA[POST]]>
              </value>
            </param>
            <param index="3">
              <value>
                <![CDATA[/admin/question/update]]>
              </value>
            </param>
            <param index="4">
              <value>
                <![CDATA[{
    "question": "saass",
    "updatedAt": "2024-03-27T07:43:45.742Z",
    "createdAt": "2024-04-08T07:43:45.742Z",
    "is_active": "active",
    "answers": [
        {
            "answer": "John",
            "isAnswer": true
        },
        {
            "answer": "raj",
            "isAnswer": false
        },
        {
            "answer": "gosh",
            "isAnswer": false
        },
        {
            "answer": "dev",
            "isAnswer": false
        }
    ],
    "question_img": "amiya123.webp",
    "sort_id": "Question#c5946353-1d23-458a-adb7-706959ce622c",
    "img_updated":true
}]]>
              </value>
            </param>
            <param index="5">
              <value>
                <![CDATA[404.0]]>
              </value>
            </param>
            <param index="6">
              <value>
                <![CDATA[{}]]>
              </value>
            </param>
          </params>
          <reporter-output>
          </reporter-output>
        </test-method> <!-- MWCAdminRestApiTest -->
        <test-method is-config="true" signature="afterMethod()[pri:0, instance:MonacoAdminPortalPKG.MWCApiTestclass@55634720]" started-at="2024-05-14T17:08:38 IST" name="afterMethod" finished-at="2024-05-14T17:08:38 IST" duration-ms="153" status="PASS">
          <reporter-output>
          </reporter-output>
        </test-method> <!-- afterMethod -->
        <test-method is-config="true" signature="beforeMethod()[pri:0, instance:MonacoAdminPortalPKG.MWCApiTestclass@55634720]" started-at="2024-05-14T17:08:38 IST" name="beforeMethod" finished-at="2024-05-14T17:08:38 IST" duration-ms="1" status="PASS">
          <reporter-output>
          </reporter-output>
        </test-method> <!-- beforeMethod -->
        <test-method signature="MWCAdminRestApiTest(java.lang.String,java.lang.String,java.lang.String,java.lang.String,java.lang.String,double,java.lang.String)[pri:2, instance:MonacoAdminPortalPKG.MWCApiTestclass@55634720]" started-at="2024-05-14T17:08:38 IST" name="MWCAdminRestApiTest" data-provider="MWC" finished-at="2024-05-14T17:08:39 IST" duration-ms="272" status="PASS">
          <params>
            <param index="0">
              <value>
                <![CDATA[Row 18]]>
              </value>
            </param>
            <param index="1">
              <value>
                <![CDATA[Validate the api's by giving invalid method.]]>
              </value>
            </param>
            <param index="2">
              <value>
                <![CDATA[POST]]>
              </value>
            </param>
            <param index="3">
              <value>
                <![CDATA[/admin/question/delete]]>
              </value>
            </param>
            <param index="4">
              <value>
                <![CDATA[{
    "ids": [
        {
            "sort_id": "User#0"
        },
        {
            "sort_id": "User#1"
        }
    ]
}]]>
              </value>
            </param>
            <param index="5">
              <value>
                <![CDATA[404.0]]>
              </value>
            </param>
            <param index="6">
              <value>
                <![CDATA[{}]]>
              </value>
            </param>
          </params>
          <reporter-output>
          </reporter-output>
        </test-method> <!-- MWCAdminRestApiTest -->
        <test-method is-config="true" signature="afterMethod()[pri:0, instance:MonacoAdminPortalPKG.MWCApiTestclass@55634720]" started-at="2024-05-14T17:08:39 IST" name="afterMethod" finished-at="2024-05-14T17:08:39 IST" duration-ms="25" status="PASS">
          <reporter-output>
          </reporter-output>
        </test-method> <!-- afterMethod -->
        <test-method is-config="true" signature="beforeMethod()[pri:0, instance:MonacoAdminPortalPKG.MWCApiTestclass@55634720]" started-at="2024-05-14T17:08:39 IST" name="beforeMethod" finished-at="2024-05-14T17:08:39 IST" duration-ms="0" status="PASS">
          <reporter-output>
          </reporter-output>
        </test-method> <!-- beforeMethod -->
        <test-method signature="MWCAdminRestApiTest(java.lang.String,java.lang.String,java.lang.String,java.lang.String,java.lang.String,double,java.lang.String)[pri:2, instance:MonacoAdminPortalPKG.MWCApiTestclass@55634720]" started-at="2024-05-14T17:08:39 IST" name="MWCAdminRestApiTest" data-provider="MWC" finished-at="2024-05-14T17:08:39 IST" duration-ms="207" status="PASS">
          <params>
            <param index="0">
              <value>
                <![CDATA[Row 19]]>
              </value>
            </param>
            <param index="1">
              <value>
                <![CDATA[Validate the api's by giving invalid method.]]>
              </value>
            </param>
            <param index="2">
              <value>
                <![CDATA[POST]]>
              </value>
            </param>
            <param index="3">
              <value>
                <![CDATA[/raffle/read]]>
              </value>
            </param>
            <param index="4">
              <value>
                <![CDATA[No payload.]]>
              </value>
            </param>
            <param index="5">
              <value>
                <![CDATA[404.0]]>
              </value>
            </param>
            <param index="6">
              <value>
                <![CDATA[{}]]>
              </value>
            </param>
          </params>
          <reporter-output>
          </reporter-output>
        </test-method> <!-- MWCAdminRestApiTest -->
        <test-method is-config="true" signature="afterMethod()[pri:0, instance:MonacoAdminPortalPKG.MWCApiTestclass@55634720]" started-at="2024-05-14T17:08:39 IST" name="afterMethod" finished-at="2024-05-14T17:08:39 IST" duration-ms="39" status="PASS">
          <reporter-output>
          </reporter-output>
        </test-method> <!-- afterMethod -->
        <test-method signature="MWCAdminRestApiTest(java.lang.String,java.lang.String,java.lang.String,java.lang.String,java.lang.String,double,java.lang.String)[pri:2, instance:MonacoAdminPortalPKG.MWCApiTestclass@55634720]" started-at="2024-05-14T17:08:39 IST" name="MWCAdminRestApiTest" data-provider="MWC" finished-at="2024-05-14T17:08:39 IST" duration-ms="190" status="PASS">
          <params>
            <param index="0">
              <value>
                <![CDATA[Row 20]]>
              </value>
            </param>
            <param index="1">
              <value>
                <![CDATA[Validate the api's by giving invalid method.]]>
              </value>
            </param>
            <param index="2">
              <value>
                <![CDATA[POST]]>
              </value>
            </param>
            <param index="3">
              <value>
                <![CDATA[/admin/user/fetch]]>
              </value>
            </param>
            <param index="4">
              <value>
                <![CDATA[No payload.]]>
              </value>
            </param>
            <param index="5">
              <value>
                <![CDATA[404.0]]>
              </value>
            </param>
            <param index="6">
              <value>
                <![CDATA[{}]]>
              </value>
            </param>
          </params>
          <reporter-output>
          </reporter-output>
        </test-method> <!-- MWCAdminRestApiTest -->
        <test-method is-config="true" signature="beforeMethod()[pri:0, instance:MonacoAdminPortalPKG.MWCApiTestclass@55634720]" started-at="2024-05-14T17:08:39 IST" name="beforeMethod" finished-at="2024-05-14T17:08:39 IST" duration-ms="0" status="PASS">
          <reporter-output>
          </reporter-output>
        </test-method> <!-- beforeMethod -->
        <test-method is-config="true" signature="afterMethod()[pri:0, instance:MonacoAdminPortalPKG.MWCApiTestclass@55634720]" started-at="2024-05-14T17:08:39 IST" name="afterMethod" finished-at="2024-05-14T17:08:39 IST" duration-ms="47" status="PASS">
          <reporter-output>
          </reporter-output>
        </test-method> <!-- afterMethod -->
        <test-method signature="MWCAdminRestApiTest(java.lang.String,java.lang.String,java.lang.String,java.lang.String,java.lang.String,double,java.lang.String)[pri:2, instance:MonacoAdminPortalPKG.MWCApiTestclass@55634720]" started-at="2024-05-14T17:08:39 IST" name="MWCAdminRestApiTest" data-provider="MWC" finished-at="2024-05-14T17:08:39 IST" duration-ms="192" status="PASS">
          <params>
            <param index="0">
              <value>
                <![CDATA[Row 21]]>
              </value>
            </param>
            <param index="1">
              <value>
                <![CDATA[Validate the api's by giving invalid method.]]>
              </value>
            </param>
            <param index="2">
              <value>
                <![CDATA[PUT]]>
              </value>
            </param>
            <param index="3">
              <value>
                <![CDATA[/admin/user/add]]>
              </value>
            </param>
            <param index="4">
              <value>
                <![CDATA[{
    "expiry_activation": "Fri Mar 15 2024 14:43:48 GMT+0530 (India Standard Time)",
    "accounts": {
        "paypal": [
            {
                "id": 1092,
                "mail_id": "kavya@gmail.com",
                "user_id": 198179,
                "created": "\"2024-03-15T09:24:05.606Z\""
            }
        ],
        "bank": [],
        "address": []
    },
    "new_user": false,
    "last_login": "null",
    "contact_number": "23232323",
    "email": "user111@gmail.com",
    "sms_code": null,
    "utm": {
        "utm_term": "[ADROLL:DEVICE_TYPE]",
        "utm_campaign": "[ADROLL:CAMPAIGN_NAME]",
        "utm_medium": "paid-social",
        "utm_source": "adroll",
        "utm_content": "[ADROLL:AD_EID]"
    },
    "password": "amiya@123",
    "active": true,
    "id": "Raffolux#User",
    "user_name": "amiiiiya@mail.com",
    "marketing": {
        "email_opt": true,
        "sms_opt": false
    },
    "referral": 0,
    "profile_photo": "ankit.jpg",
    "verified": false,
    "is_social_user": false,
    "bonus": 0,
    "last_name": "juhjhjh",
    "first_name": "hjhhjh",
    "social_auth_data": {},
    "type": [
        "user"
    ]
}]]>
              </value>
            </param>
            <param index="5">
              <value>
                <![CDATA[404.0]]>
              </value>
            </param>
            <param index="6">
              <value>
                <![CDATA[{}]]>
              </value>
            </param>
          </params>
          <reporter-output>
          </reporter-output>
        </test-method> <!-- MWCAdminRestApiTest -->
        <test-method is-config="true" signature="beforeMethod()[pri:0, instance:MonacoAdminPortalPKG.MWCApiTestclass@55634720]" started-at="2024-05-14T17:08:39 IST" name="beforeMethod" finished-at="2024-05-14T17:08:39 IST" duration-ms="0" status="PASS">
          <reporter-output>
          </reporter-output>
        </test-method> <!-- beforeMethod -->
        <test-method is-config="true" signature="afterMethod()[pri:0, instance:MonacoAdminPortalPKG.MWCApiTestclass@55634720]" started-at="2024-05-14T17:08:39 IST" name="afterMethod" finished-at="2024-05-14T17:08:39 IST" duration-ms="24" status="PASS">
          <reporter-output>
          </reporter-output>
        </test-method> <!-- afterMethod -->
        <test-method signature="MWCAdminRestApiTest(java.lang.String,java.lang.String,java.lang.String,java.lang.String,java.lang.String,double,java.lang.String)[pri:2, instance:MonacoAdminPortalPKG.MWCApiTestclass@55634720]" started-at="2024-05-14T17:08:39 IST" name="MWCAdminRestApiTest" data-provider="MWC" finished-at="2024-05-14T17:08:40 IST" duration-ms="192" status="PASS">
          <params>
            <param index="0">
              <value>
                <![CDATA[Row 22]]>
              </value>
            </param>
            <param index="1">
              <value>
                <![CDATA[Validate the api's by giving invalid method.]]>
              </value>
            </param>
            <param index="2">
              <value>
                <![CDATA[POST]]>
              </value>
            </param>
            <param index="3">
              <value>
                <![CDATA[/admin/user/update]]>
              </value>
            </param>
            <param index="4">
              <value>
                <![CDATA[{
    "expiry_activation": "Fri Mar 15 2024 14:43:48 GMT+0530 (India Standard Time)",
    "accounts": {
        "paypal": [
            {
                "id": 1092,
                "mail_id": "kavya@gmail.com",
                "user_id": 198179,
                "created": "\"2024-03-15T09:24:05.606Z\""
            }
        ],
        "bank": [],
        "address": []
    },
    "is_newuser": false,
    "last_login": "null",
    "contact_number": "2323232316",
    "email": "sas@gma.vl",
    "sms_code": 485182,
    "verified": false,
    "utm": {
        "utm_term": "[ADROLL:DEVICE_TYPE]",
        "utm_campaign": "[ADROLL:CAMPAIGN_NAME]",
        "utm_medium": "paid-social",
        "utm_source": "adroll",
        "utm_content": "[ADROLL:AD_EID]"
    },
    "sort_id": "User#6163522a-c06a-4d94-b7d5-40f47577b12b",
    "password": "pbkdf2_sha256$26000$2a18028c-7a2f-5f3f-8713-6d5776db117c$YqEm8Uo3Pun1oc5deKzEH4d8Cf308csyWqdgTtImbJo=",
    "active": true,
    "id": "Raffolux#User",
    "user_name": "jkjjkjX@gjhgh.com",
    "marketing": {
        "email_opt": true,
        "sms_opt": false
    },
    "created": "Fri Mar 15 2024 14:43:46 GMT+0530 (India Standard Time)",
    "referral": 0,
    "profile_photo": "suresh.jpg",
    "access_token": "amiya123",
    "is_social_user": false,
    "bonus": 0,
    "last_name": "juhjhjh",
    "first_name": "hjhhjh",
    "social_auth_data": {},
    "type": [
        "user"
    ],
    "img_updated": true
}]]>
              </value>
            </param>
            <param index="5">
              <value>
                <![CDATA[404.0]]>
              </value>
            </param>
            <param index="6">
              <value>
                <![CDATA[{}]]>
              </value>
            </param>
          </params>
          <reporter-output>
          </reporter-output>
        </test-method> <!-- MWCAdminRestApiTest -->
        <test-method is-config="true" signature="beforeMethod()[pri:0, instance:MonacoAdminPortalPKG.MWCApiTestclass@55634720]" started-at="2024-05-14T17:08:39 IST" name="beforeMethod" finished-at="2024-05-14T17:08:39 IST" duration-ms="0" status="PASS">
          <reporter-output>
          </reporter-output>
        </test-method> <!-- beforeMethod -->
        <test-method is-config="true" signature="afterMethod()[pri:0, instance:MonacoAdminPortalPKG.MWCApiTestclass@55634720]" started-at="2024-05-14T17:08:40 IST" name="afterMethod" finished-at="2024-05-14T17:08:40 IST" duration-ms="38" status="PASS">
          <reporter-output>
          </reporter-output>
        </test-method> <!-- afterMethod -->
        <test-method is-config="true" signature="beforeMethod()[pri:0, instance:MonacoAdminPortalPKG.MWCApiTestclass@55634720]" started-at="2024-05-14T17:08:40 IST" name="beforeMethod" finished-at="2024-05-14T17:08:40 IST" duration-ms="4" status="PASS">
          <reporter-output>
          </reporter-output>
        </test-method> <!-- beforeMethod -->
        <test-method signature="MWCAdminRestApiTest(java.lang.String,java.lang.String,java.lang.String,java.lang.String,java.lang.String,double,java.lang.String)[pri:2, instance:MonacoAdminPortalPKG.MWCApiTestclass@55634720]" started-at="2024-05-14T17:08:40 IST" name="MWCAdminRestApiTest" data-provider="MWC" finished-at="2024-05-14T17:08:40 IST" duration-ms="268" status="PASS">
          <params>
            <param index="0">
              <value>
                <![CDATA[Row 23]]>
              </value>
            </param>
            <param index="1">
              <value>
                <![CDATA[Validate the api's by giving invalid method.]]>
              </value>
            </param>
            <param index="2">
              <value>
                <![CDATA[POST]]>
              </value>
            </param>
            <param index="3">
              <value>
                <![CDATA[/admin/user/delete]]>
              </value>
            </param>
            <param index="4">
              <value>
                <![CDATA[{
    "ids": [
        {
            "sort_id": "User#0"
        },
        {
            "sort_id": "User#1"
        }
    ]
}]]>
              </value>
            </param>
            <param index="5">
              <value>
                <![CDATA[404.0]]>
              </value>
            </param>
            <param index="6">
              <value>
                <![CDATA[{}]]>
              </value>
            </param>
          </params>
          <reporter-output>
          </reporter-output>
        </test-method> <!-- MWCAdminRestApiTest -->
        <test-method is-config="true" signature="afterMethod()[pri:0, instance:MonacoAdminPortalPKG.MWCApiTestclass@55634720]" started-at="2024-05-14T17:08:40 IST" name="afterMethod" finished-at="2024-05-14T17:08:40 IST" duration-ms="36" status="PASS">
          <reporter-output>
          </reporter-output>
        </test-method> <!-- afterMethod -->
        <test-method is-config="true" signature="beforeMethod()[pri:0, instance:MonacoAdminPortalPKG.MWCApiTestclass@55634720]" started-at="2024-05-14T17:08:40 IST" name="beforeMethod" finished-at="2024-05-14T17:08:40 IST" duration-ms="1" status="PASS">
          <reporter-output>
          </reporter-output>
        </test-method> <!-- beforeMethod -->
        <test-method signature="MWCAdminRestApiTest(java.lang.String,java.lang.String,java.lang.String,java.lang.String,java.lang.String,double,java.lang.String)[pri:2, instance:MonacoAdminPortalPKG.MWCApiTestclass@55634720]" started-at="2024-05-14T17:08:40 IST" name="MWCAdminRestApiTest" data-provider="MWC" finished-at="2024-05-14T17:08:40 IST" duration-ms="204" status="PASS">
          <params>
            <param index="0">
              <value>
                <![CDATA[Row 24]]>
              </value>
            </param>
            <param index="1">
              <value>
                <![CDATA[Validate the api's by giving invalid method.]]>
              </value>
            </param>
            <param index="2">
              <value>
                <![CDATA[POST]]>
              </value>
            </param>
            <param index="3">
              <value>
                <![CDATA[/admin/raffle/read]]>
              </value>
            </param>
            <param index="4">
              <value>
                <![CDATA[No payload.]]>
              </value>
            </param>
            <param index="5">
              <value>
                <![CDATA[404.0]]>
              </value>
            </param>
            <param index="6">
              <value>
                <![CDATA[{}]]>
              </value>
            </param>
          </params>
          <reporter-output>
          </reporter-output>
        </test-method> <!-- MWCAdminRestApiTest -->
        <test-method is-config="true" signature="afterMethod()[pri:0, instance:MonacoAdminPortalPKG.MWCApiTestclass@55634720]" started-at="2024-05-14T17:08:40 IST" name="afterMethod" finished-at="2024-05-14T17:08:40 IST" duration-ms="25" status="PASS">
          <reporter-output>
          </reporter-output>
        </test-method> <!-- afterMethod -->
        <test-method is-config="true" signature="beforeMethod()[pri:0, instance:MonacoAdminPortalPKG.MWCApiTestclass@55634720]" started-at="2024-05-14T17:08:40 IST" name="beforeMethod" finished-at="2024-05-14T17:08:40 IST" duration-ms="0" status="PASS">
          <reporter-output>
          </reporter-output>
        </test-method> <!-- beforeMethod -->
        <test-method signature="MWCAdminRestApiTest(java.lang.String,java.lang.String,java.lang.String,java.lang.String,java.lang.String,double,java.lang.String)[pri:2, instance:MonacoAdminPortalPKG.MWCApiTestclass@55634720]" started-at="2024-05-14T17:08:40 IST" name="MWCAdminRestApiTest" data-provider="MWC" finished-at="2024-05-14T17:08:40 IST" duration-ms="237" status="PASS">
          <params>
            <param index="0">
              <value>
                <![CDATA[Row 25]]>
              </value>
            </param>
            <param index="1">
              <value>
                <![CDATA[Validate the api's by giving invalid method.]]>
              </value>
            </param>
            <param index="2">
              <value>
                <![CDATA[POST]]>
              </value>
            </param>
            <param index="3">
              <value>
                <![CDATA[/admin/raffle/fetch]]>
              </value>
            </param>
            <param index="4">
              <value>
                <![CDATA[No payload.]]>
              </value>
            </param>
            <param index="5">
              <value>
                <![CDATA[404.0]]>
              </value>
            </param>
            <param index="6">
              <value>
                <![CDATA[{}]]>
              </value>
            </param>
          </params>
          <reporter-output>
          </reporter-output>
        </test-method> <!-- MWCAdminRestApiTest -->
        <test-method is-config="true" signature="afterMethod()[pri:0, instance:MonacoAdminPortalPKG.MWCApiTestclass@55634720]" started-at="2024-05-14T17:08:40 IST" name="afterMethod" finished-at="2024-05-14T17:08:40 IST" duration-ms="44" status="PASS">
          <reporter-output>
          </reporter-output>
        </test-method> <!-- afterMethod -->
        <test-method is-config="true" signature="beforeMethod()[pri:0, instance:MonacoAdminPortalPKG.MWCApiTestclass@55634720]" started-at="2024-05-14T17:08:40 IST" name="beforeMethod" finished-at="2024-05-14T17:08:40 IST" duration-ms="1" status="PASS">
          <reporter-output>
          </reporter-output>
        </test-method> <!-- beforeMethod -->
        <test-method signature="MWCAdminRestApiTest(java.lang.String,java.lang.String,java.lang.String,java.lang.String,java.lang.String,double,java.lang.String)[pri:2, instance:MonacoAdminPortalPKG.MWCApiTestclass@55634720]" started-at="2024-05-14T17:08:40 IST" name="MWCAdminRestApiTest" data-provider="MWC" finished-at="2024-05-14T17:08:40 IST" duration-ms="1" status="PASS">
          <params>
            <param index="0">
              <value>
                <![CDATA[Row 26]]>
              </value>
            </param>
            <param index="1">
              <value>
                <![CDATA[Validate the api's by giving invalid method.]]>
              </value>
            </param>
            <param index="2">
              <value>
                <![CDATA[GET ]]>
              </value>
            </param>
            <param index="3">
              <value>
                <![CDATA[/admin/raffle/add]]>
              </value>
            </param>
            <param index="4">
              <value>
                <![CDATA[{
    "all_raffle_sort": 234,
    "autoraffle": false,
    "auto_cloned": false,
    "box_papers": false,
    "cash_alternative": 500,
    "charity_amount": 3333,
    "charity_approximate_donation": 42242,
    "charity_color_override": "",
    "charity_target_raised_amount": 4334,
    "claim_category": 11,
    "cloned_from_id": "43",
    "credits_perTicket": 21,
    "description": "dd",
    "disable_ticket_selector": false,
    "discounted_entry_cost_gbp": 23,
    "discounted_entry_percentage": 31,
    "discounts": [
        {
            "discount": "10",
            "entries": "15"
        },
        {
            "discount": "15",
            "entries": "20"
        },
        {
            "discount": "20",
            "entries": "25"
        },
        {
            "discount": "25",
            "entries": "45"
        }
    ],
    "displayed_winner_description": "sddd",
    // "displayed_winner_img_url": "dev/images/raffles/3772395b-0b58-4210-9dc6-bae6fa003d11/undefined",
    "drawing_in": "2024-05-01T10:47:00.000Z",
    "entry_cost_gbp": 21,
    "extended": false,
    "extended_days": 24,
    "facebook_description": "fff",
    "facebook_title": "ff",
    "featured": true,
    "feature_raffle_sort": 21,
    "hide_tickets_checkout": false,
    "is_auto_clone": false,
    "is_charity": false,
    "is_flash": false,
    "is_free_raffle": false,
    "is_guaranteed_draw": false,
    "is_live": true,
    "is_live_draw": false,
    "is_new": false,
    "is_sequential_tickets": false,
    "is_super_raffle": false,
    "is_unlimited_entries": false,
    "is_unlimited_raffle": false,
    "is_unlimited_tickets": false,
    "jira_key_id": "11",
    "main_image_alt": "ss",
    "main_image_url": {
        "item": "main image10.jpeg",
        "upload": true
    },
    "market_value": 4454,
    "max_entries": 100,
    "meta_description": "nmmmm",
    "meta_title": "aaa",
    "mini_image_alt": "ss",
    "mini_image_url": {
        "item": "mini image10.png",
        "upload": true
    },
    "no_of_tickets": 6000,
    "no_of_top_prizes": 245,
    "no_winners": 45,
    "postal_tickets": "21",
    "product_source": "",
    "promo_image_alt": "ss",
    "promo_image_url": {
        "item": "promo image10.jpg",
        "upload": true
    },
    "publish": false,
    "quantity_of_items": 300,
    "raffle_added": "500",
    "raffle_code": 125,
    "raffle_expire": "2024-04-30T10:47:00.000Z",
    "raffle_length": 21,
    "raffle_type": "212",
    "ref_no": "212",
    "reserve_price": 21,
    "retail_price": 122,
    "slug": "ss",
    "specification": "fff",
    "state": 212,
    "summary": "ss",
    // "super_raffle_img_url": "dev/images/raffles/3772395b-0b58-4210-9dc6-bae6fa003d11/undefined",
    "target_price": 21,
    "thumbnails": [
        {
            "item": "thumbnail5.png",
            "upload": true
        },
        {
            "item": "thumbnail4.png",
            "upload": true
        },
        {
            "item": "thumbnail3.png",
            "upload": true
        },
        {
            "item": "thumbnail1.jpg",
            "upload": true
        },
        {
            "item": "thumbnail 2.jpg",
            "upload": true
        }
    ],
    "tickets_left": 444,
    "tickets_per_entry": 5500,
    "tickets_sold": 455,
    "ticket_entries": "5000",
    "ticket_start_int": 221,
    "title": "Rolex Raffle4",
    "total_entries": 6000,
    "total_entries_per_player": 150,
    "video_length_mp4": 23,
    "video_live_drawurl": "",
    "video_no_sound": false,
    "video_url_mp4": "dev/images/raffles/3772395b-0b58-4210-9dc6-bae6fa003d11/aaa",
    "video_url_webm": "dev/images/raffles/3772395b-0b58-4210-9dc6-bae6fa003d11/ddd",
    "winners": "23",
    "xl_image_alt": "ddd",
    // "xl_image_url": "dev/images/raffles/3772395b-0b58-4210-9dc6-bae6fa003d11/undefined",
    "year": 1987,
    "youtube_link": "",
    "status":4,
    "category_id": "category",
    "consolation_prize_id":"Prize#1290-3094908908134882904",
    "consolation_prize_value":200
}]]>
              </value>
            </param>
            <param index="5">
              <value>
                <![CDATA[404.0]]>
              </value>
            </param>
            <param index="6">
              <value>
                <![CDATA[{}]]>
              </value>
            </param>
          </params>
          <reporter-output>
          </reporter-output>
        </test-method> <!-- MWCAdminRestApiTest -->
        <test-method is-config="true" signature="afterMethod()[pri:0, instance:MonacoAdminPortalPKG.MWCApiTestclass@55634720]" started-at="2024-05-14T17:08:40 IST" name="afterMethod" finished-at="2024-05-14T17:08:40 IST" duration-ms="19" status="PASS">
          <reporter-output>
          </reporter-output>
        </test-method> <!-- afterMethod -->
        <test-method is-config="true" signature="beforeMethod()[pri:0, instance:MonacoAdminPortalPKG.MWCApiTestclass@55634720]" started-at="2024-05-14T17:08:40 IST" name="beforeMethod" finished-at="2024-05-14T17:08:40 IST" duration-ms="1" status="PASS">
          <reporter-output>
          </reporter-output>
        </test-method> <!-- beforeMethod -->
        <test-method signature="MWCAdminRestApiTest(java.lang.String,java.lang.String,java.lang.String,java.lang.String,java.lang.String,double,java.lang.String)[pri:2, instance:MonacoAdminPortalPKG.MWCApiTestclass@55634720]" started-at="2024-05-14T17:08:40 IST" name="MWCAdminRestApiTest" data-provider="MWC" finished-at="2024-05-14T17:08:41 IST" duration-ms="223" status="PASS">
          <params>
            <param index="0">
              <value>
                <![CDATA[Row 27]]>
              </value>
            </param>
            <param index="1">
              <value>
                <![CDATA[Validate the api's by giving invalid method.]]>
              </value>
            </param>
            <param index="2">
              <value>
                <![CDATA[POST]]>
              </value>
            </param>
            <param index="3">
              <value>
                <![CDATA[/admin/raffle/update]]>
              </value>
            </param>
            <param index="4">
              <value>
                <![CDATA[{
    "sort_id": "Raffle#118ad93b-26a3-46f2-94c4-c02179629666",
    "created_at": "2024-04-11 05:43:29.252+00",
    "all_raffle_sort": 21,
    "autoraffle": false,
    "auto_cloned": false,
    "box_papers": false,
    "cash_alternative": 500,
    "charity_amount": 3333,
    "charity_approximate_donation": 42242,
    "charity_color_override": "gg",
    "charity_target_raised_amount": 4334,
    "claim_category": 11,
    "cloned_from_id": "43",
    "credits_perTicket": 21,
    "description": "dd",
    "disable_ticket_selector": false,
    "discounted_entry_cost_gbp": 23,
    "discounted_entry_percentage": 31,
    "discounts": [
        {
            "discount": "10",
            "entries": "15"
        },
        {
            "discount": "15",
            "entries": "20"
        },
        {
            "discount": "20",
            "entries": "25"
        },
        {
            "discount": "25",
            "entries": "45"
        }
    ],
    "displayed_winner_description": "sddd",
    // "displayed_winner_img_url": "dev/images/raffles/3772395b-0b58-4210-9dc6-bae6fa003d11/undefined",
    "drawing_in": "2024-04-21T10:47:00.000Z",
    "entry_cost_gbp": 21,
    "extended": false,
    "extended_days": 24,
    "facebook_description": "fff",
    "facebook_title": "ff",
    "featured": true,
    "feature_raffle_sort": 21,
    "hide_tickets_checkout": false,
    "is_auto_clone": false,
    "is_charity": false,
    "is_flash": false,
    "is_free_raffle": false,
    "is_guaranteed_draw": false,
    "is_live": true,
    "is_live_draw": false,
    "is_new": false,
    "is_sequential_tickets": false,
    "is_super_raffle": false,
    "is_unlimited_entries": false,
    "is_unlimited_raffle": false,
    "is_unlimited_tickets": false,
    "jira_key_id": "11",
    "main_image_alt": "ss",
    "main_image_url": {
        "item": "main image2.jpeg",
        "upload": true
    },
    "market_value": 4454,
    "max_entries": 100,
    "meta_description": "nmmmm",
    "status": 4,
    "meta_title": "aaa",
    "mini_image_alt": "ss",
    "mini_image_url": {
        "item": "main image2.jpeg",
        "upload": true
    },
    "no_of_tickets": 6000,
    "no_of_top_prizes": 245,
    "no_winners": 45,
    "postal_tickets": "21",
    "product_source": "rrr",
    "promo_image_alt": "ss",
    "promo_image_url": {
        "item": "main image2.jpeg",
        "upload": true
    },
    "publish": false,
    "quantity_of_items": 300,
    "raffle_added": "500",
    "raffle_code": 12542,
    "raffle_expire": "2024-04-19T10:47:00.000Z",
    "raffle_length": 21,
    "raffle_type": "212",
    "ref_no": "212",
    "reserve_price": 21,
    "retail_price": 122,
    "slug": "ss",
    "specification": "fff",
    "state": 212,
    "summary": "ss",
    // "super_raffle_img_url": "dev/images/raffles/3772395b-0b58-4210-9dc6-bae6fa003d11/undefined",
    "target_price": 21,
    "thumbnails": [
        {
            "item": "thumbnail50.jpeg",
            "upload": true
        },
        {
            "item": "thumbnail40.jpeg",
            "upload": true
        },
        {
            "item": "thumbnail30.jpeg",
            "upload": true
        },
        {
            "item": "thumbnail10.jpeg",
            "upload": true
        },
        {
            "item": "thumbnail20.jpeg",
            "upload": true
        }
    ],
    "tickets_left": 444,
    "tickets_per_entry": 5500,
    "tickets_sold": 455,
    "ticket_entries": "5000",
    "ticket_start_int": 221,
    "title": "Rolex Raffle3",
    "total_entries": 6000,
    "total_entries_per_player": 150,
    "video_length_mp4": 23,
    "video_live_drawurl": "fff",
    "video_no_sound": false,
    "video_url_mp4": "dev/images/raffles/3772395b-0b58-4210-9dc6-bae6fa003d11/aaa",
    "video_url_webm": "dev/images/raffles/3772395b-0b58-4210-9dc6-bae6fa003d11/ddd",
    "winners": "23",
    "xl_image_alt": "ddd",
    // "xl_image_url": "dev/images/raffles/3772395b-0b58-4210-9dc6-bae6fa003d11/undefined",
    "year": 2024,
    "youtube_link": "fff"
}]]>
              </value>
            </param>
            <param index="5">
              <value>
                <![CDATA[404.0]]>
              </value>
            </param>
            <param index="6">
              <value>
                <![CDATA[{}]]>
              </value>
            </param>
          </params>
          <reporter-output>
          </reporter-output>
        </test-method> <!-- MWCAdminRestApiTest -->
        <test-method is-config="true" signature="afterMethod()[pri:0, instance:MonacoAdminPortalPKG.MWCApiTestclass@55634720]" started-at="2024-05-14T17:08:41 IST" name="afterMethod" finished-at="2024-05-14T17:08:41 IST" duration-ms="24" status="PASS">
          <reporter-output>
          </reporter-output>
        </test-method> <!-- afterMethod -->
        <test-method is-config="true" signature="beforeMethod()[pri:0, instance:MonacoAdminPortalPKG.MWCApiTestclass@55634720]" started-at="2024-05-14T17:08:41 IST" name="beforeMethod" finished-at="2024-05-14T17:08:41 IST" duration-ms="1" status="PASS">
          <reporter-output>
          </reporter-output>
        </test-method> <!-- beforeMethod -->
        <test-method signature="MWCAdminRestApiTest(java.lang.String,java.lang.String,java.lang.String,java.lang.String,java.lang.String,double,java.lang.String)[pri:2, instance:MonacoAdminPortalPKG.MWCApiTestclass@55634720]" started-at="2024-05-14T17:08:41 IST" name="MWCAdminRestApiTest" data-provider="MWC" finished-at="2024-05-14T17:08:41 IST" duration-ms="233" status="PASS">
          <params>
            <param index="0">
              <value>
                <![CDATA[Row 28]]>
              </value>
            </param>
            <param index="1">
              <value>
                <![CDATA[Validate the api's by giving invalid method.]]>
              </value>
            </param>
            <param index="2">
              <value>
                <![CDATA[POST]]>
              </value>
            </param>
            <param index="3">
              <value>
                <![CDATA[/admin/raffle/delete]]>
              </value>
            </param>
            <param index="4">
              <value>
                <![CDATA[{
    "ids": [
        {
            "sort_id": "Raffle#0a19a4b0-28e3-4151-8df8-d49849e28003"
        },
        {
            "sort_id": "Raffle#8b27408c-277c-4fd3-8e1c-2e8f1434b41a"
        }
    ]
}
]]>
              </value>
            </param>
            <param index="5">
              <value>
                <![CDATA[404.0]]>
              </value>
            </param>
            <param index="6">
              <value>
                <![CDATA[{}]]>
              </value>
            </param>
          </params>
          <reporter-output>
          </reporter-output>
        </test-method> <!-- MWCAdminRestApiTest -->
        <test-method is-config="true" signature="afterMethod()[pri:0, instance:MonacoAdminPortalPKG.MWCApiTestclass@55634720]" started-at="2024-05-14T17:08:41 IST" name="afterMethod" finished-at="2024-05-14T17:08:41 IST" duration-ms="25" status="PASS">
          <reporter-output>
          </reporter-output>
        </test-method> <!-- afterMethod -->
        <test-method is-config="true" signature="beforeMethod()[pri:0, instance:MonacoAdminPortalPKG.MWCApiTestclass@55634720]" started-at="2024-05-14T17:08:41 IST" name="beforeMethod" finished-at="2024-05-14T17:08:41 IST" duration-ms="0" status="PASS">
          <reporter-output>
          </reporter-output>
        </test-method> <!-- beforeMethod -->
        <test-method signature="MWCAdminRestApiTest(java.lang.String,java.lang.String,java.lang.String,java.lang.String,java.lang.String,double,java.lang.String)[pri:2, instance:MonacoAdminPortalPKG.MWCApiTestclass@55634720]" started-at="2024-05-14T17:08:41 IST" name="MWCAdminRestApiTest" data-provider="MWC" finished-at="2024-05-14T17:08:41 IST" duration-ms="181" status="PASS">
          <params>
            <param index="0">
              <value>
                <![CDATA[Row 29]]>
              </value>
            </param>
            <param index="1">
              <value>
                <![CDATA[Validate the api's by giving invalid method.]]>
              </value>
            </param>
            <param index="2">
              <value>
                <![CDATA[POST]]>
              </value>
            </param>
            <param index="3">
              <value>
                <![CDATA[/admin/raffle/clone]]>
              </value>
            </param>
            <param index="4">
              <value>
                <![CDATA[{
    "sort_id": "Raffle#46bace5a-8177-4394-a19d-9a3ec1b4ae9e"
}
// {
//     "ids": [
//         {
//             "sort_id": "Raffle#1ead24c6-6104-489a-a87c-7c238ef54fd6"
//         },
//         {
//             "sort_id": "Raffle#687a3b91-a38b-404c-a49d-662104e98be4"
//         }
//     ]
// }]]>
              </value>
            </param>
            <param index="5">
              <value>
                <![CDATA[404.0]]>
              </value>
            </param>
            <param index="6">
              <value>
                <![CDATA[{}]]>
              </value>
            </param>
          </params>
          <reporter-output>
          </reporter-output>
        </test-method> <!-- MWCAdminRestApiTest -->
        <test-method is-config="true" signature="afterMethod()[pri:0, instance:MonacoAdminPortalPKG.MWCApiTestclass@55634720]" started-at="2024-05-14T17:08:41 IST" name="afterMethod" finished-at="2024-05-14T17:08:41 IST" duration-ms="47" status="PASS">
          <reporter-output>
          </reporter-output>
        </test-method> <!-- afterMethod -->
        <test-method is-config="true" signature="beforeMethod()[pri:0, instance:MonacoAdminPortalPKG.MWCApiTestclass@55634720]" started-at="2024-05-14T17:08:41 IST" name="beforeMethod" finished-at="2024-05-14T17:08:41 IST" duration-ms="1" status="PASS">
          <reporter-output>
          </reporter-output>
        </test-method> <!-- beforeMethod -->
        <test-method signature="MWCAdminRestApiTest(java.lang.String,java.lang.String,java.lang.String,java.lang.String,java.lang.String,double,java.lang.String)[pri:2, instance:MonacoAdminPortalPKG.MWCApiTestclass@55634720]" started-at="2024-05-14T17:08:41 IST" name="MWCAdminRestApiTest" data-provider="MWC" finished-at="2024-05-14T17:08:41 IST" duration-ms="214" status="PASS">
          <params>
            <param index="0">
              <value>
                <![CDATA[Row 30]]>
              </value>
            </param>
            <param index="1">
              <value>
                <![CDATA[Validate the api's by giving invalid method.]]>
              </value>
            </param>
            <param index="2">
              <value>
                <![CDATA[POST]]>
              </value>
            </param>
            <param index="3">
              <value>
                <![CDATA[/admin/raffle/publishUnpublish]]>
              </value>
            </param>
            <param index="4">
              <value>
                <![CDATA[{
    "id": "Raffolux#Raffle",
    "sort_id": "Raffle#7d2b5881-b30e-4cc5-ae53-1b3b86ae1754",
    "publish": true
}]]>
              </value>
            </param>
            <param index="5">
              <value>
                <![CDATA[404.0]]>
              </value>
            </param>
            <param index="6">
              <value>
                <![CDATA[{}]]>
              </value>
            </param>
          </params>
          <reporter-output>
          </reporter-output>
        </test-method> <!-- MWCAdminRestApiTest -->
        <test-method is-config="true" signature="afterMethod()[pri:0, instance:MonacoAdminPortalPKG.MWCApiTestclass@55634720]" started-at="2024-05-14T17:08:41 IST" name="afterMethod" finished-at="2024-05-14T17:08:41 IST" duration-ms="31" status="PASS">
          <reporter-output>
          </reporter-output>
        </test-method> <!-- afterMethod -->
        <test-method is-config="true" signature="beforeMethod()[pri:0, instance:MonacoAdminPortalPKG.MWCApiTestclass@55634720]" started-at="2024-05-14T17:08:41 IST" name="beforeMethod" finished-at="2024-05-14T17:08:41 IST" duration-ms="1" status="PASS">
          <reporter-output>
          </reporter-output>
        </test-method> <!-- beforeMethod -->
        <test-method signature="MWCAdminRestApiTest(java.lang.String,java.lang.String,java.lang.String,java.lang.String,java.lang.String,double,java.lang.String)[pri:2, instance:MonacoAdminPortalPKG.MWCApiTestclass@55634720]" started-at="2024-05-14T17:08:41 IST" name="MWCAdminRestApiTest" data-provider="MWC" finished-at="2024-05-14T17:08:42 IST" duration-ms="185" status="PASS">
          <params>
            <param index="0">
              <value>
                <![CDATA[Row 31]]>
              </value>
[...]
          <reporter-output>
          </reporter-output>
        </test-method> <!-- beforeMethod -->
        <test-method signature="MWCAdminRestApiTest(java.lang.String,java.lang.String,java.lang.String,java.lang.String,java.lang.String,double,java.lang.String)[pri:2, instance:MonacoAdminPortalPKG.MWCApiTestclass@55634720]" started-at="2024-05-14T17:09:51 IST" name="MWCAdminRestApiTest" data-provider="MWC" finished-at="2024-05-14T17:09:51 IST" duration-ms="167" status="PASS">
          <params>
            <param index="0">
              <value>
                <![CDATA[row 338]]>
              </value>
            </param>
            <param index="1">
              <value>
                <![CDATA[To Validate the Draw Id for acceptance of invalid inputs.]]>
              </value>
            </param>
            <param index="2">
              <value>
                <![CDATA[POST]]>
              </value>
            </param>
            <param index="3">
              <value>
                <![CDATA[/admin/winner/add]]>
              </value>
            </param>
            <param index="4">
              <value>
                <![CDATA[{
    "draw_id": "Draw#12345678910,
    "featured": true,
    "img_url": "https://static.raffolux.com/static/website/media/winners/AdamRussellrolexwin.jpg%22",
    "location": "mumbai",
    "name": "surya",
    "position": 4,
    "prizeName": "Rolex Blue",
    "raffle_id": "Raffle#0d606d97-280b-4ca1-a620-b136fc46cba5",
    "user_id": "User#0833176d-a44e-4ef5-8740-b82ab341be0f"
}]]>
              </value>
            </param>
            <param index="5">
              <value>
                <![CDATA[400.0]]>
              </value>
            </param>
            <param index="6">
              <value>
                <![CDATA[{}]]>
              </value>
            </param>
          </params>
          <reporter-output>
          </reporter-output>
        </test-method> <!-- MWCAdminRestApiTest -->
        <test-method is-config="true" signature="afterMethod()[pri:0, instance:MonacoAdminPortalPKG.MWCApiTestclass@55634720]" started-at="2024-05-14T17:09:51 IST" name="afterMethod" finished-at="2024-05-14T17:09:52 IST" duration-ms="76" status="PASS">
          <reporter-output>
          </reporter-output>
        </test-method> <!-- afterMethod -->
        <test-method signature="MWCAdminRestApiTest(java.lang.String,java.lang.String,java.lang.String,java.lang.String,java.lang.String,double,java.lang.String)[pri:2, instance:MonacoAdminPortalPKG.MWCApiTestclass@55634720]" started-at="2024-05-14T17:09:52 IST" name="MWCAdminRestApiTest" data-provider="MWC" finished-at="2024-05-14T17:09:52 IST" duration-ms="189" status="PASS">
          <params>
            <param index="0">
              <value>
                <![CDATA[row 339]]>
              </value>
            </param>
            <param index="1">
              <value>
                <![CDATA[To Validate the Featured for acceptance of invalid inputs.]]>
              </value>
            </param>
            <param index="2">
              <value>
                <![CDATA[POST]]>
              </value>
            </param>
            <param index="3">
              <value>
                <![CDATA[/admin/winner/add]]>
              </value>
            </param>
            <param index="4">
              <value>
                <![CDATA[{
    "draw_id": "Draw#db4cd6de-f523-4627-b362-fc6a6a05126f",
    "featured": ))))))))))),
    "img_url": "https://static.raffolux.com/static/website/media/winners/AdamRussellrolexwin.jpg%22",
    "location": "mumbai",
    "name": "surya",
    "position": 4,
    "prizeName": "Rolex Blue",
    "raffle_id": "Raffle#0d606d97-280b-4ca1-a620-b136fc46cba5",
    "user_id": "User#0833176d-a44e-4ef5-8740-b82ab341be0f"
}]]>
              </value>
            </param>
            <param index="5">
              <value>
                <![CDATA[400.0]]>
              </value>
            </param>
            <param index="6">
              <value>
                <![CDATA[{}]]>
              </value>
            </param>
          </params>
          <reporter-output>
          </reporter-output>
        </test-method> <!-- MWCAdminRestApiTest -->
        <test-method is-config="true" signature="beforeMethod()[pri:0, instance:MonacoAdminPortalPKG.MWCApiTestclass@55634720]" started-at="2024-05-14T17:09:52 IST" name="beforeMethod" finished-at="2024-05-14T17:09:52 IST" duration-ms="0" status="PASS">
          <reporter-output>
          </reporter-output>
        </test-method> <!-- beforeMethod -->
        <test-method is-config="true" signature="afterMethod()[pri:0, instance:MonacoAdminPortalPKG.MWCApiTestclass@55634720]" started-at="2024-05-14T17:09:52 IST" name="afterMethod" finished-at="2024-05-14T17:09:52 IST" duration-ms="83" status="PASS">
          <reporter-output>
          </reporter-output>
        </test-method> <!-- afterMethod -->
        <test-method is-config="true" signature="beforeMethod()[pri:0, instance:MonacoAdminPortalPKG.MWCApiTestclass@55634720]" started-at="2024-05-14T17:09:52 IST" name="beforeMethod" finished-at="2024-05-14T17:09:52 IST" duration-ms="1" status="PASS">
          <reporter-output>
          </reporter-output>
        </test-method> <!-- beforeMethod -->
        <test-method signature="MWCAdminRestApiTest(java.lang.String,java.lang.String,java.lang.String,java.lang.String,java.lang.String,double,java.lang.String)[pri:2, instance:MonacoAdminPortalPKG.MWCApiTestclass@55634720]" started-at="2024-05-14T17:09:52 IST" name="MWCAdminRestApiTest" data-provider="MWC" finished-at="2024-05-14T17:09:52 IST" duration-ms="250" status="PASS">
          <params>
            <param index="0">
              <value>
                <![CDATA[row 340]]>
              </value>
            </param>
            <param index="1">
              <value>
                <![CDATA[To Validate the User email for acceptance of invalid inputs.]]>
              </value>
            </param>
            <param index="2">
              <value>
                <![CDATA[POST]]>
              </value>
            </param>
            <param index="3">
              <value>
                <![CDATA[/admin/winner/add]]>
              </value>
            </param>
            <param index="4">
              <value>
                <![CDATA[{
    "draw_id": "Draw#db4cd6de-f523-4627-b362-fc6a6a05126f",
    "featured": true,
    "img_url": "https://static.raffolux.com/static/website/media/winners/AdamRussellrolexwin.jpg%22",
    "location": "mumbai",
    "name": "surya",
    "position": 4,
    "prizeName": "Rolex Blue",
    "raffle_id": "Raffle#0d606d97-280b-4ca1-a620-b136fc46cba5",
    "user_id": "User#00000000000000000000000000"
}]]>
              </value>
            </param>
            <param index="5">
              <value>
                <![CDATA[400.0]]>
              </value>
            </param>
            <param index="6">
              <value>
                <![CDATA[{}]]>
              </value>
            </param>
          </params>
          <reporter-output>
          </reporter-output>
        </test-method> <!-- MWCAdminRestApiTest -->
        <test-method is-config="true" signature="afterMethod()[pri:0, instance:MonacoAdminPortalPKG.MWCApiTestclass@55634720]" started-at="2024-05-14T17:09:52 IST" name="afterMethod" finished-at="2024-05-14T17:09:52 IST" duration-ms="65" status="PASS">
          <reporter-output>
          </reporter-output>
        </test-method> <!-- afterMethod -->
        <test-method is-config="true" signature="beforeMethod()[pri:0, instance:MonacoAdminPortalPKG.MWCApiTestclass@55634720]" started-at="2024-05-14T17:09:52 IST" name="beforeMethod" finished-at="2024-05-14T17:09:52 IST" duration-ms="0" status="PASS">
          <reporter-output>
          </reporter-output>
        </test-method> <!-- beforeMethod -->
        <test-method signature="MWCAdminRestApiTest(java.lang.String,java.lang.String,java.lang.String,java.lang.String,java.lang.String,double,java.lang.String)[pri:2, instance:MonacoAdminPortalPKG.MWCApiTestclass@55634720]" started-at="2024-05-14T17:09:52 IST" name="MWCAdminRestApiTest" data-provider="MWC" finished-at="2024-05-14T17:09:52 IST" duration-ms="236" status="PASS">
          <params>
            <param index="0">
              <value>
                <![CDATA[row 341]]>
              </value>
            </param>
            <param index="1">
              <value>
                <![CDATA[To Validate the Image url for acceptance of invalid inputs.]]>
              </value>
            </param>
            <param index="2">
              <value>
                <![CDATA[POST]]>
              </value>
            </param>
            <param index="3">
              <value>
                <![CDATA[/admin/winner/add]]>
              </value>
            </param>
            <param index="4">
              <value>
                <![CDATA[{
    "draw_id": "Draw#db4cd6de-f523-4627-b362-fc6a6a05126f",
    "featured": true,
    "img_url": "https:image0011233
    "location": "mumbai",
    "name": "surya",
    "position": 4,
    "prizeName": "Rolex Blue",
    "raffle_id": "Raffle#0d606d97-280b-4ca1-a620-b136fc46cba5",
    "user_id": "User#0833176d-a44e-4ef5-8740-b82ab341be0f"
}]]>
              </value>
            </param>
            <param index="5">
              <value>
                <![CDATA[400.0]]>
              </value>
            </param>
            <param index="6">
              <value>
                <![CDATA[{}]]>
              </value>
            </param>
          </params>
          <reporter-output>
          </reporter-output>
        </test-method> <!-- MWCAdminRestApiTest -->
        <test-method is-config="true" signature="afterMethod()[pri:0, instance:MonacoAdminPortalPKG.MWCApiTestclass@55634720]" started-at="2024-05-14T17:09:52 IST" name="afterMethod" finished-at="2024-05-14T17:09:52 IST" duration-ms="60" status="PASS">
          <reporter-output>
          </reporter-output>
        </test-method> <!-- afterMethod -->
        <test-method signature="MWCAdminRestApiTest(java.lang.String,java.lang.String,java.lang.String,java.lang.String,java.lang.String,double,java.lang.String)[pri:2, instance:MonacoAdminPortalPKG.MWCApiTestclass@55634720]" started-at="2024-05-14T17:09:52 IST" name="MWCAdminRestApiTest" data-provider="MWC" finished-at="2024-05-14T17:09:53 IST" duration-ms="235" status="PASS">
          <params>
            <param index="0">
              <value>
                <![CDATA[row 342]]>
              </value>
            </param>
            <param index="1">
              <value>
                <![CDATA[To Validate the name  for acceptance of invalid inputs.]]>
              </value>
            </param>
            <param index="2">
              <value>
                <![CDATA[POST]]>
              </value>
            </param>
            <param index="3">
              <value>
                <![CDATA[/admin/prize/add]]>
              </value>
            </param>
            <param index="4">
              <value>
                <![CDATA[{
    "name": "#$%^7",
    "value": 100,
    "summary": "Rolex Green",
    "physical_prize": true
}]]>
              </value>
            </param>
            <param index="5">
              <value>
                <![CDATA[400.0]]>
              </value>
            </param>
            <param index="6">
              <value>
                <![CDATA[{}]]>
              </value>
            </param>
          </params>
          <reporter-output>
          </reporter-output>
        </test-method> <!-- MWCAdminRestApiTest -->
        <test-method is-config="true" signature="beforeMethod()[pri:0, instance:MonacoAdminPortalPKG.MWCApiTestclass@55634720]" started-at="2024-05-14T17:09:52 IST" name="beforeMethod" finished-at="2024-05-14T17:09:52 IST" duration-ms="0" status="PASS">
          <reporter-output>
          </reporter-output>
        </test-method> <!-- beforeMethod -->
        <test-method is-config="true" signature="afterMethod()[pri:0, instance:MonacoAdminPortalPKG.MWCApiTestclass@55634720]" started-at="2024-05-14T17:09:53 IST" name="afterMethod" finished-at="2024-05-14T17:09:53 IST" duration-ms="79" status="PASS">
          <reporter-output>
          </reporter-output>
        </test-method> <!-- afterMethod -->
        <test-method is-config="true" signature="beforeMethod()[pri:0, instance:MonacoAdminPortalPKG.MWCApiTestclass@55634720]" started-at="2024-05-14T17:09:53 IST" name="beforeMethod" finished-at="2024-05-14T17:09:53 IST" duration-ms="0" status="PASS">
          <reporter-output>
          </reporter-output>
        </test-method> <!-- beforeMethod -->
        <test-method signature="MWCAdminRestApiTest(java.lang.String,java.lang.String,java.lang.String,java.lang.String,java.lang.String,double,java.lang.String)[pri:2, instance:MonacoAdminPortalPKG.MWCApiTestclass@55634720]" started-at="2024-05-14T17:09:53 IST" name="MWCAdminRestApiTest" data-provider="MWC" finished-at="2024-05-14T17:09:53 IST" duration-ms="184" status="PASS">
          <params>
            <param index="0">
              <value>
                <![CDATA[row 343]]>
              </value>
            </param>
            <param index="1">
              <value>
                <![CDATA[To Validate the value  for acceptance of invalid inputs.]]>
              </value>
            </param>
            <param index="2">
              <value>
                <![CDATA[POST]]>
              </value>
            </param>
            <param index="3">
              <value>
                <![CDATA[/admin/prize/add]]>
              </value>
            </param>
            <param index="4">
              <value>
                <![CDATA[{
    "name": "watch",
    "value": #$%^&*,
    "summary": "Rolex Green",
    "physical_prize": true
}]]>
              </value>
            </param>
            <param index="5">
              <value>
                <![CDATA[400.0]]>
              </value>
            </param>
            <param index="6">
              <value>
                <![CDATA[{}]]>
              </value>
            </param>
          </params>
          <reporter-output>
          </reporter-output>
        </test-method> <!-- MWCAdminRestApiTest -->
        <test-method is-config="true" signature="afterMethod()[pri:0, instance:MonacoAdminPortalPKG.MWCApiTestclass@55634720]" started-at="2024-05-14T17:09:53 IST" name="afterMethod" finished-at="2024-05-14T17:09:53 IST" duration-ms="69" status="PASS">
          <reporter-output>
          </reporter-output>
        </test-method> <!-- afterMethod -->
        <test-method signature="MWCAdminRestApiTest(java.lang.String,java.lang.String,java.lang.String,java.lang.String,java.lang.String,double,java.lang.String)[pri:2, instance:MonacoAdminPortalPKG.MWCApiTestclass@55634720]" started-at="2024-05-14T17:09:53 IST" name="MWCAdminRestApiTest" data-provider="MWC" finished-at="2024-05-14T17:09:53 IST" duration-ms="264" status="PASS">
          <params>
            <param index="0">
              <value>
                <![CDATA[row 344]]>
              </value>
            </param>
            <param index="1">
              <value>
                <![CDATA[To Validate the summary  for acceptance of invalid inputs.]]>
              </value>
            </param>
            <param index="2">
              <value>
                <![CDATA[POST]]>
              </value>
            </param>
            <param index="3">
              <value>
                <![CDATA[/admin/prize/add]]>
              </value>
            </param>
            <param index="4">
              <value>
                <![CDATA[{
    "name": "watch",
    "value": 100,
    "summary": "00000000000000000000000000000000000000",
    "physical_prize": true
}]]>
              </value>
            </param>
            <param index="5">
              <value>
                <![CDATA[400.0]]>
              </value>
            </param>
            <param index="6">
              <value>
                <![CDATA[{}]]>
              </value>
            </param>
          </params>
          <reporter-output>
          </reporter-output>
        </test-method> <!-- MWCAdminRestApiTest -->
        <test-method is-config="true" signature="beforeMethod()[pri:0, instance:MonacoAdminPortalPKG.MWCApiTestclass@55634720]" started-at="2024-05-14T17:09:53 IST" name="beforeMethod" finished-at="2024-05-14T17:09:53 IST" duration-ms="0" status="PASS">
          <reporter-output>
          </reporter-output>
        </test-method> <!-- beforeMethod -->
        <test-method is-config="true" signature="afterMethod()[pri:0, instance:MonacoAdminPortalPKG.MWCApiTestclass@55634720]" started-at="2024-05-14T17:09:53 IST" name="afterMethod" finished-at="2024-05-14T17:09:53 IST" duration-ms="81" status="PASS">
          <reporter-output>
          </reporter-output>
        </test-method> <!-- afterMethod -->
        <test-method signature="MWCAdminRestApiTest(java.lang.String,java.lang.String,java.lang.String,java.lang.String,java.lang.String,double,java.lang.String)[pri:2, instance:MonacoAdminPortalPKG.MWCApiTestclass@55634720]" started-at="2024-05-14T17:09:53 IST" name="MWCAdminRestApiTest" data-provider="MWC" finished-at="2024-05-14T17:09:54 IST" duration-ms="200" status="PASS">
          <params>
            <param index="0">
              <value>
                <![CDATA[row 345]]>
              </value>
            </param>
            <param index="1">
              <value>
                <![CDATA[To Validate the physical prize for acceptance of invalid inputs.]]>
              </value>
            </param>
            <param index="2">
              <value>
                <![CDATA[POST]]>
              </value>
            </param>
            <param index="3">
              <value>
                <![CDATA[/admin/prize/add]]>
              </value>
            </param>
            <param index="4">
              <value>
                <![CDATA[{
    "name": "watch",
    "value": 100,
    "summary": "Rolex Green",
    "physical_prize": %^%$^
}]]>
              </value>
            </param>
            <param index="5">
              <value>
                <![CDATA[400.0]]>
              </value>
            </param>
            <param index="6">
              <value>
                <![CDATA[{}]]>
              </value>
            </param>
          </params>
          <reporter-output>
          </reporter-output>
        </test-method> <!-- MWCAdminRestApiTest -->
        <test-method is-config="true" signature="beforeMethod()[pri:0, instance:MonacoAdminPortalPKG.MWCApiTestclass@55634720]" started-at="2024-05-14T17:09:53 IST" name="beforeMethod" finished-at="2024-05-14T17:09:53 IST" duration-ms="0" status="PASS">
          <reporter-output>
          </reporter-output>
        </test-method> <!-- beforeMethod -->
        <test-method is-config="true" signature="afterMethod()[pri:0, instance:MonacoAdminPortalPKG.MWCApiTestclass@55634720]" started-at="2024-05-14T17:09:54 IST" name="afterMethod" finished-at="2024-05-14T17:09:54 IST" duration-ms="55" status="PASS">
          <reporter-output>
          </reporter-output>
        </test-method> <!-- afterMethod -->
        <test-method is-config="true" signature="tearDown()[pri:0, instance:MonacoAdminPortalPKG.MWCApiTestclass@55634720]" started-at="2024-05-14T17:09:54 IST" name="tearDown" finished-at="2024-05-14T17:09:54 IST" duration-ms="100" status="PASS">
          <reporter-output>
          </reporter-output>
        </test-method> <!-- tearDown -->
      </class> <!-- MonacoAdminPortalPKG.MWCApiTestclass -->
    </test> <!-- Default test -->
  </suite> <!-- Default suite -->
</testng-results>
