<?xml version="1.0" encoding="UTF-8"?>
<testng-results ignored="0" total="230" passed="229" failed="1" skipped="0">
  <reporter-output>
  </reporter-output>
  <suite started-at="2024-11-11T13:01:37 IST" name="Default suite" finished-at="2024-11-11T13:03:44 IST" duration-ms="127584">
    <groups>
    </groups>
    <test started-at="2024-11-11T13:01:37 IST" name="Default test" finished-at="2024-11-11T13:03:44 IST" duration-ms="127584">
      <class name="NewFrameWork.RedevRaffolux">
        <test-method is-config="true" signature="setUp()[pri:0, instance:NewFrameWork.RedevRaffolux@6594402a]" started-at="2024-11-11T13:01:36 IST" name="setUp" finished-at="2024-11-11T13:01:37 IST" duration-ms="1035" status="PASS">
          <reporter-output>
          </reporter-output>
        </test-method> <!-- setUp -->
        <test-method signature="RestApiFuntValidations(java.lang.String,java.lang.String,java.lang.String,java.lang.String,java.lang.String,double,java.lang.String)[pri:2, instance:NewFrameWork.RedevRaffolux@6594402a]" started-at="2024-11-11T13:01:37 IST" name="RestApiFuntValidations" data-provider="Data" finished-at="2024-11-11T13:03:44 IST" duration-ms="127514" status="FAIL">
          <exception class="org.testng.internal.reflect.MethodMatcherException">
            <message>
              <![CDATA[
[public void NewFrameWork.RedevRaffolux.RestApiFuntValidations(java.lang.String,java.lang.String,java.lang.String,java.lang.String,java.lang.String,double,java.lang.String)] has no parameters defined but was found to be using a data provider (either explicitly specified or inherited from class level annotation).
Data provider mismatch
Method: RestApiFuntValidations([Parameter{index=0, type=java.lang.String, declaredAnnotations=[]}, Parameter{index=1, type=java.lang.String, declaredAnnotations=[]}, Parameter{index=2, type=java.lang.String, declaredAnnotations=[]}, Parameter{index=3, type=java.lang.String, declaredAnnotations=[]}, Parameter{index=4, type=java.lang.String, declaredAnnotations=[]}, Parameter{index=5, type=double, declaredAnnotations=[]}, Parameter{index=6, type=java.lang.String, declaredAnnotations=[]}])
Arguments: [null,null,null,null,null,null,null]]]>
            </message>
            <full-stacktrace>
              <![CDATA[org.testng.internal.reflect.MethodMatcherException: 
[public void NewFrameWork.RedevRaffolux.RestApiFuntValidations(java.lang.String,java.lang.String,java.lang.String,java.lang.String,java.lang.String,double,java.lang.String)] has no parameters defined but was found to be using a data provider (either explicitly specified or inherited from class level annotation).
Data provider mismatch
Method: RestApiFuntValidations([Parameter{index=0, type=java.lang.String, declaredAnnotations=[]}, Parameter{index=1, type=java.lang.String, declaredAnnotations=[]}, Parameter{index=2, type=java.lang.String, declaredAnnotations=[]}, Parameter{index=3, type=java.lang.String, declaredAnnotations=[]}, Parameter{index=4, type=java.lang.String, declaredAnnotations=[]}, Parameter{index=5, type=double, declaredAnnotations=[]}, Parameter{index=6, type=java.lang.String, declaredAnnotations=[]}])
Arguments: [null,null,null,null,null,null,null]
at org.testng.internal.reflect.DataProviderMethodMatcher.getConformingArguments(DataProviderMethodMatcher.java:43)
at org.testng.internal.Parameters.injectParameters(Parameters.java:914)
at org.testng.internal.MethodRunner.runInSequence(MethodRunner.java:34)
at org.testng.internal.TestInvoker$MethodInvocationAgent.invoke(TestInvoker.java:824)
at org.testng.internal.TestInvoker.invokeTestMethods(TestInvoker.java:146)
at org.testng.internal.TestMethodWorker.invokeTestMethods(TestMethodWorker.java:146)
at org.testng.internal.TestMethodWorker.run(TestMethodWorker.java:128)
at java.base/java.util.ArrayList.forEach(ArrayList.java:1597)
at org.testng.TestRunner.privateRun(TestRunner.java:794)
at org.testng.TestRunner.run(TestRunner.java:596)
at org.testng.SuiteRunner.runTest(SuiteRunner.java:377)
at org.testng.SuiteRunner.runSequentially(SuiteRunner.java:371)
at org.testng.SuiteRunner.privateRun(SuiteRunner.java:332)
at org.testng.SuiteRunner.run(SuiteRunner.java:276)
at org.testng.SuiteRunnerWorker.runSuite(SuiteRunnerWorker.java:53)
at org.testng.SuiteRunnerWorker.run(SuiteRunnerWorker.java:96)
at org.testng.TestNG.runSuitesSequentially(TestNG.java:1212)
at org.testng.TestNG.runSuitesLocally(TestNG.java:1134)
at org.testng.TestNG.runSuites(TestNG.java:1063)
at org.testng.TestNG.run(TestNG.java:1031)
at org.testng.remote.AbstractRemoteTestNG.run(AbstractRemoteTestNG.java:115)
at org.testng.remote.RemoteTestNG.initAndRun(RemoteTestNG.java:293)
at org.testng.remote.RemoteTestNG.main(RemoteTestNG.java:91)
]]>
            </full-stacktrace>
          </exception> <!-- org.testng.internal.reflect.MethodMatcherException -->
          <reporter-output>
          </reporter-output>
        </test-method> <!-- RestApiFuntValidations -->
        <test-method signature="RestApiFuntValidations(java.lang.String,java.lang.String,java.lang.String,java.lang.String,java.lang.String,double,java.lang.String)[pri:2, instance:NewFrameWork.RedevRaffolux@6594402a]" started-at="2024-11-11T13:01:41 IST" name="RestApiFuntValidations" data-provider="Data" finished-at="2024-11-11T13:01:45 IST" duration-ms="4785" status="PASS">
          <params>
            <param index="0">
              <value>
                <![CDATA[Row 2]]>
              </value>
            </param>
            <param index="1">
              <value>
                <![CDATA[By giving wrong endpoints >/v1/redevgetRafflePageData]]>
              </value>
            </param>
            <param index="2">
              <value>
                <![CDATA[/v1/redevgetRafflePageData]]>
              </value>
            </param>
            <param index="3">
              <value>
                <![CDATA[POST]]>
              </value>
            </param>
            <param index="4">
              <value>
                <![CDATA[{
    "raffleCode": "4449"
}]]>
              </value>
            </param>
            <param index="5">
              <value>
                <![CDATA[403.0]]>
              </value>
            </param>
            <param index="6">
              <value>
                <![CDATA[{
    "message": "Authorization header requires 'Credential' parameter. Authorization header requires 'Signature' parameter. Authorization header requires 'SignedHeaders' parameter. Authorization header requires existence of either a 'X-Amz-Date' or a 'Date' header. Authorization=eyJhbGciOiJIUzI1NiIsInR5cCI6IkpXVCJ9.eyJ1c2VyX2lkIjoxODM0ODIsInVzZXJfZW1haWwiOiJna3Jpc2huYW11cnRoeTQ0M0BnbWFpbC5jb20iLCJ1c2VyX2ZpcnN0X25hbWUiOiJrYXZ5YXByZSIsInVzZXJfbGFzdF9uYW1lIjoicHJlIiwiaXNTb2NpYWxNZWRpYSI6ZmFsc2UsImlhdCI6MTcwNDQ1NTY3OX0.UDWQaxCdPmdVJL7Flw-eQS4mAqa2ARZ8Jfbp6wPH7Nk"
}]]>
              </value>
            </param>
          </params>
          <reporter-output>
          </reporter-output>
        </test-method> <!-- RestApiFuntValidations -->
        <test-method is-config="true" signature="afterMethod()[pri:0, instance:NewFrameWork.RedevRaffolux@6594402a]" started-at="2024-11-11T13:01:45 IST" name="afterMethod" finished-at="2024-11-11T13:01:46 IST" duration-ms="882" status="PASS">
          <reporter-output>
          </reporter-output>
        </test-method> <!-- afterMethod -->
        <test-method signature="RestApiFuntValidations(java.lang.String,java.lang.String,java.lang.String,java.lang.String,java.lang.String,double,java.lang.String)[pri:2, instance:NewFrameWork.RedevRaffolux@6594402a]" started-at="2024-11-11T13:01:46 IST" name="RestApiFuntValidations" data-provider="Data" finished-at="2024-11-11T13:01:47 IST" duration-ms="541" status="PASS">
          <params>
            <param index="0">
              <value>
                <![CDATA[Row 3]]>
              </value>
            </param>
            <param index="1">
              <value>
                <![CDATA[By giving wrong endpoints >/v1/redevgetRafflePageDataWithLogin]]>
              </value>
            </param>
            <param index="2">
              <value>
                <![CDATA[/v1/redevgetRafflePageDataWithLogin]]>
              </value>
            </param>
            <param index="3">
              <value>
                <![CDATA[POST]]>
              </value>
            </param>
            <param index="4">
              <value>
                <![CDATA[{
    "raffleCode": "4449"
}]]>
              </value>
            </param>
            <param index="5">
              <value>
                <![CDATA[403.0]]>
              </value>
            </param>
            <param index="6">
              <value>
                <![CDATA[{
    "message": "Authorization header requires 'Credential' parameter. Authorization header requires 'Signature' parameter. Authorization header requires 'SignedHeaders' parameter. Authorization header requires existence of either a 'X-Amz-Date' or a 'Date' header. Authorization=eyJhbGciOiJIUzI1NiIsInR5cCI6IkpXVCJ9.eyJ1c2VyX2lkIjoxODM0ODIsInVzZXJfZW1haWwiOiJna3Jpc2huYW11cnRoeTQ0M0BnbWFpbC5jb20iLCJ1c2VyX2ZpcnN0X25hbWUiOiJrYXZ5YXByZSIsInVzZXJfbGFzdF9uYW1lIjoicHJlIiwiaXNTb2NpYWxNZWRpYSI6ZmFsc2UsImlhdCI6MTcwNDQ1NTY3OX0.UDWQaxCdPmdVJL7Flw-eQS4mAqa2ARZ8Jfbp6wPH8Nk"
}]]>
              </value>
            </param>
          </params>
          <reporter-output>
          </reporter-output>
        </test-method> <!-- RestApiFuntValidations -->
        <test-method is-config="true" signature="afterMethod()[pri:0, instance:NewFrameWork.RedevRaffolux@6594402a]" started-at="2024-11-11T13:01:47 IST" name="afterMethod" finished-at="2024-11-11T13:01:47 IST" duration-ms="65" status="PASS">
          <reporter-output>
          </reporter-output>
        </test-method> <!-- afterMethod -->
        <test-method signature="RestApiFuntValidations(java.lang.String,java.lang.String,java.lang.String,java.lang.String,java.lang.String,double,java.lang.String)[pri:2, instance:NewFrameWork.RedevRaffolux@6594402a]" started-at="2024-11-11T13:01:47 IST" name="RestApiFuntValidations" data-provider="Data" finished-at="2024-11-11T13:01:47 IST" duration-ms="482" status="PASS">
          <params>
            <param index="0">
              <value>
                <![CDATA[Row 4]]>
              </value>
            </param>
            <param index="1">
              <value>
                <![CDATA[By giving wrong endpoints >/v1/redevfetchTopPrizes]]>
              </value>
            </param>
            <param index="2">
              <value>
                <![CDATA[/v1/redevfetchTopPrizes]]>
              </value>
            </param>
            <param index="3">
              <value>
                <![CDATA[POST]]>
              </value>
            </param>
            <param index="4">
              <value>
                <![CDATA[{
    "raffle_id": 4449,
    "topPrCnt": "50"
}]]>
              </value>
            </param>
            <param index="5">
              <value>
                <![CDATA[403.0]]>
              </value>
            </param>
            <param index="6">
              <value>
                <![CDATA[{
    "message": "Authorization header requires 'Credential' parameter. Authorization header requires 'Signature' parameter. Authorization header requires 'SignedHeaders' parameter. Authorization header requires existence of either a 'X-Amz-Date' or a 'Date' header. Authorization=eyJhbGciOiJIUzI1NiIsInR5cCI6IkpXVCJ9.eyJ1c2VyX2lkIjoxODM0ODIsInVzZXJfZW1haWwiOiJna3Jpc2huYW11cnRoeTQ0M0BnbWFpbC5jb20iLCJ1c2VyX2ZpcnN0X25hbWUiOiJrYXZ5YXByZSIsInVzZXJfbGFzdF9uYW1lIjoicHJlIiwiaXNTb2NpYWxNZWRpYSI6ZmFsc2UsImlhdCI6MTcwNDQ1NTY3OX0.UDWQaxCdPmdVJL7Flw-eQS4mAqa2ARZ8Jfbp6wPH9Nk"
}]]>
              </value>
            </param>
          </params>
          <reporter-output>
          </reporter-output>
        </test-method> <!-- RestApiFuntValidations -->
        <test-method is-config="true" signature="afterMethod()[pri:0, instance:NewFrameWork.RedevRaffolux@6594402a]" started-at="2024-11-11T13:01:47 IST" name="afterMethod" finished-at="2024-11-11T13:01:47 IST" duration-ms="73" status="PASS">
          <reporter-output>
          </reporter-output>
        </test-method> <!-- afterMethod -->
        <test-method signature="RestApiFuntValidations(java.lang.String,java.lang.String,java.lang.String,java.lang.String,java.lang.String,double,java.lang.String)[pri:2, instance:NewFrameWork.RedevRaffolux@6594402a]" started-at="2024-11-11T13:01:47 IST" name="RestApiFuntValidations" data-provider="Data" finished-at="2024-11-11T13:01:48 IST" duration-ms="465" status="PASS">
          <params>
            <param index="0">
              <value>
                <![CDATA[Row 5]]>
              </value>
            </param>
            <param index="1">
              <value>
                <![CDATA[By giving wrong endpoints >/v1/redevfetchTopPrizesWithLogin]]>
              </value>
            </param>
            <param index="2">
              <value>
                <![CDATA[/v1/redevfetchTopPrizesWithLogin]]>
              </value>
            </param>
            <param index="3">
              <value>
                <![CDATA[POST]]>
              </value>
            </param>
            <param index="4">
              <value>
                <![CDATA[{
    "raffle_id": 4449,
    "topPrCnt": "50"
}]]>
              </value>
            </param>
            <param index="5">
              <value>
                <![CDATA[403.0]]>
              </value>
            </param>
            <param index="6">
              <value>
                <![CDATA[{
    "message": "Authorization header requires 'Credential' parameter. Authorization header requires 'Signature' parameter. Authorization header requires 'SignedHeaders' parameter. Authorization header requires existence of either a 'X-Amz-Date' or a 'Date' header. Authorization=eyJhbGciOiJIUzI1NiIsInR5cCI6IkpXVCJ9.eyJ1c2VyX2lkIjoxODM0ODIsInVzZXJfZW1haWwiOiJna3Jpc2huYW11cnRoeTQ0M0BnbWFpbC5jb20iLCJ1c2VyX2ZpcnN0X25hbWUiOiJrYXZ5YXByZSIsInVzZXJfbGFzdF9uYW1lIjoicHJlIiwiaXNTb2NpYWxNZWRpYSI6ZmFsc2UsImlhdCI6MTcwNDQ1NTY3OX0.UDWQaxCdPmdVJL7Flw-eQS4mAqa2ARZ8Jfbp6wPH10Nk"
}]]>
              </value>
            </param>
          </params>
          <reporter-output>
          </reporter-output>
        </test-method> <!-- RestApiFuntValidations -->
        <test-method is-config="true" signature="afterMethod()[pri:0, instance:NewFrameWork.RedevRaffolux@6594402a]" started-at="2024-11-11T13:01:48 IST" name="afterMethod" finished-at="2024-11-11T13:01:48 IST" duration-ms="30" status="PASS">
          <reporter-output>
          </reporter-output>
        </test-method> <!-- afterMethod -->
        <test-method signature="RestApiFuntValidations(java.lang.String,java.lang.String,java.lang.String,java.lang.String,java.lang.String,double,java.lang.String)[pri:2, instance:NewFrameWork.RedevRaffolux@6594402a]" started-at="2024-11-11T13:01:48 IST" name="RestApiFuntValidations" data-provider="Data" finished-at="2024-11-11T13:01:48 IST" duration-ms="190" status="PASS">
          <params>
            <param index="0">
              <value>
                <![CDATA[Row 6]]>
              </value>
            </param>
            <param index="1">
              <value>
                <![CDATA[By giving wrong endpoints >/v1/redevfetchAllPrizes]]>
              </value>
            </param>
            <param index="2">
              <value>
                <![CDATA[/v1/redevfetchAllPrizes]]>
              </value>
            </param>
            <param index="3">
              <value>
                <![CDATA[POST]]>
              </value>
            </param>
            <param index="4">
              <value>
                <![CDATA[{
    "page":1,
    "raffle_id": 4449,
    "topPrizes": 50
}]]>
              </value>
            </param>
            <param index="5">
              <value>
                <![CDATA[403.0]]>
              </value>
            </param>
            <param index="6">
              <value>
                <![CDATA[{
    "message": "Authorization header requires 'Credential' parameter. Authorization header requires 'Signature' parameter. Authorization header requires 'SignedHeaders' parameter. Authorization header requires existence of either a 'X-Amz-Date' or a 'Date' header. Authorization=eyJhbGciOiJIUzI1NiIsInR5cCI6IkpXVCJ9.eyJ1c2VyX2lkIjoxODM0ODIsInVzZXJfZW1haWwiOiJna3Jpc2huYW11cnRoeTQ0M0BnbWFpbC5jb20iLCJ1c2VyX2ZpcnN0X25hbWUiOiJrYXZ5YXByZSIsInVzZXJfbGFzdF9uYW1lIjoicHJlIiwiaXNTb2NpYWxNZWRpYSI6ZmFsc2UsImlhdCI6MTcwNDQ1NTY3OX0.UDWQaxCdPmdVJL7Flw-eQS4mAqa2ARZ8Jfbp6wPH11Nk"
}]]>
              </value>
            </param>
          </params>
          <reporter-output>
          </reporter-output>
        </test-method> <!-- RestApiFuntValidations -->
        <test-method is-config="true" signature="afterMethod()[pri:0, instance:NewFrameWork.RedevRaffolux@6594402a]" started-at="2024-11-11T13:01:48 IST" name="afterMethod" finished-at="2024-11-11T13:01:48 IST" duration-ms="35" status="PASS">
          <reporter-output>
          </reporter-output>
        </test-method> <!-- afterMethod -->
        <test-method signature="RestApiFuntValidations(java.lang.String,java.lang.String,java.lang.String,java.lang.String,java.lang.String,double,java.lang.String)[pri:2, instance:NewFrameWork.RedevRaffolux@6594402a]" started-at="2024-11-11T13:01:48 IST" name="RestApiFuntValidations" data-provider="Data" finished-at="2024-11-11T13:01:49 IST" duration-ms="463" status="PASS">
          <params>
            <param index="0">
              <value>
                <![CDATA[Row 7]]>
              </value>
            </param>
            <param index="1">
              <value>
                <![CDATA[By giving wrong endpoints >/v1/redevfetchAllPrizesWithLogin]]>
              </value>
            </param>
            <param index="2">
              <value>
                <![CDATA[/v1/redevfetchAllPrizesWithLogin]]>
              </value>
            </param>
            <param index="3">
              <value>
                <![CDATA[POST]]>
              </value>
            </param>
            <param index="4">
              <value>
                <![CDATA[{
    "page":1,
    "raffle_id": 4449,
    "topPrizes": 50
}]]>
              </value>
            </param>
            <param index="5">
              <value>
                <![CDATA[403.0]]>
              </value>
            </param>
            <param index="6">
              <value>
                <![CDATA[{
    "message": "Authorization header requires 'Credential' parameter. Authorization header requires 'Signature' parameter. Authorization header requires 'SignedHeaders' parameter. Authorization header requires existence of either a 'X-Amz-Date' or a 'Date' header. Authorization=eyJhbGciOiJIUzI1NiIsInR5cCI6IkpXVCJ9.eyJ1c2VyX2lkIjoxODM0ODIsInVzZXJfZW1haWwiOiJna3Jpc2huYW11cnRoeTQ0M0BnbWFpbC5jb20iLCJ1c2VyX2ZpcnN0X25hbWUiOiJrYXZ5YXByZSIsInVzZXJfbGFzdF9uYW1lIjoicHJlIiwiaXNTb2NpYWxNZWRpYSI6ZmFsc2UsImlhdCI6MTcwNDQ1NTY3OX0.UDWQaxCdPmdVJL7Flw-eQS4mAqa2ARZ8Jfbp6wPH12Nk"
}]]>
              </value>
            </param>
          </params>
          <reporter-output>
          </reporter-output>
        </test-method> <!-- RestApiFuntValidations -->
        <test-method is-config="true" signature="afterMethod()[pri:0, instance:NewFrameWork.RedevRaffolux@6594402a]" started-at="2024-11-11T13:01:49 IST" name="afterMethod" finished-at="2024-11-11T13:01:49 IST" duration-ms="88" status="PASS">
          <reporter-output>
          </reporter-output>
        </test-method> <!-- afterMethod -->
        <test-method signature="RestApiFuntValidations(java.lang.String,java.lang.String,java.lang.String,java.lang.String,java.lang.String,double,java.lang.String)[pri:2, instance:NewFrameWork.RedevRaffolux@6594402a]" started-at="2024-11-11T13:01:49 IST" name="RestApiFuntValidations" data-provider="Data" finished-at="2024-11-11T13:01:49 IST" duration-ms="198" status="PASS">
          <params>
            <param index="0">
              <value>
                <![CDATA[Row 8]]>
              </value>
            </param>
            <param index="1">
              <value>
                <![CDATA[By giving wrong endpoints >/v1/redevfetchAllPrizesFilter]]>
              </value>
            </param>
            <param index="2">
              <value>
                <![CDATA[/v1/redevfetchAllPrizesFilter]]>
              </value>
            </param>
            <param index="3">
              <value>
                <![CDATA[POST]]>
              </value>
            </param>
            <param index="4">
              <value>
                <![CDATA[{
    "page": 1,
    "raffle_id": 4449,
    "topPrizes": 50,
    "searchValue":"si",
    "type":"descending"
}]]>
              </value>
            </param>
            <param index="5">
              <value>
                <![CDATA[403.0]]>
              </value>
            </param>
            <param index="6">
              <value>
                <![CDATA[{
    "message": "Authorization header requires 'Credential' parameter. Authorization header requires 'Signature' parameter. Authorization header requires 'SignedHeaders' parameter. Authorization header requires existence of either a 'X-Amz-Date' or a 'Date' header. Authorization=eyJhbGciOiJIUzI1NiIsInR5cCI6IkpXVCJ9.eyJ1c2VyX2lkIjoxODM0ODIsInVzZXJfZW1haWwiOiJna3Jpc2huYW11cnRoeTQ0M0BnbWFpbC5jb20iLCJ1c2VyX2ZpcnN0X25hbWUiOiJrYXZ5YXByZSIsInVzZXJfbGFzdF9uYW1lIjoicHJlIiwiaXNTb2NpYWxNZWRpYSI6ZmFsc2UsImlhdCI6MTcwNDQ1NTY3OX0.UDWQaxCdPmdVJL7Flw-eQS4mAqa2ARZ8Jfbp6wPH13Nk"
}]]>
              </value>
            </param>
          </params>
          <reporter-output>
          </reporter-output>
        </test-method> <!-- RestApiFuntValidations -->
        <test-method is-config="true" signature="afterMethod()[pri:0, instance:NewFrameWork.RedevRaffolux@6594402a]" started-at="2024-11-11T13:01:49 IST" name="afterMethod" finished-at="2024-11-11T13:01:49 IST" duration-ms="94" status="PASS">
          <reporter-output>
          </reporter-output>
        </test-method> <!-- afterMethod -->
        <test-method signature="RestApiFuntValidations(java.lang.String,java.lang.String,java.lang.String,java.lang.String,java.lang.String,double,java.lang.String)[pri:2, instance:NewFrameWork.RedevRaffolux@6594402a]" started-at="2024-11-11T13:01:49 IST" name="RestApiFuntValidations" data-provider="Data" finished-at="2024-11-11T13:01:50 IST" duration-ms="468" status="PASS">
          <params>
            <param index="0">
              <value>
                <![CDATA[Row 9]]>
              </value>
            </param>
            <param index="1">
              <value>
                <![CDATA[By giving wrong endpoints >/v1/redevfetchAllCharities]]>
              </value>
            </param>
            <param index="2">
              <value>
                <![CDATA[/v1/redevfetchAllCharities]]>
              </value>
            </param>
            <param index="3">
              <value>
                <![CDATA[POST]]>
              </value>
            </param>
            <param index="4">
              <value>
                <![CDATA[{}]]>
              </value>
            </param>
            <param index="5">
              <value>
                <![CDATA[403.0]]>
              </value>
            </param>
            <param index="6">
              <value>
                <![CDATA[{
    "message": "Authorization header requires 'Credential' parameter. Authorization header requires 'Signature' parameter. Authorization header requires 'SignedHeaders' parameter. Authorization header requires existence of either a 'X-Amz-Date' or a 'Date' header. Authorization=eyJhbGciOiJIUzI1NiIsInR5cCI6IkpXVCJ9.eyJ1c2VyX2lkIjoxODM0ODIsInVzZXJfZW1haWwiOiJna3Jpc2huYW11cnRoeTQ0M0BnbWFpbC5jb20iLCJ1c2VyX2ZpcnN0X25hbWUiOiJrYXZ5YXByZSIsInVzZXJfbGFzdF9uYW1lIjoicHJlIiwiaXNTb2NpYWxNZWRpYSI6ZmFsc2UsImlhdCI6MTcwNDQ1NTY3OX0.UDWQaxCdPmdVJL7Flw-eQS4mAqa2ARZ8Jfbp6wPH14Nk"
}]]>
              </value>
            </param>
          </params>
          <reporter-output>
          </reporter-output>
        </test-method> <!-- RestApiFuntValidations -->
        <test-method is-config="true" signature="afterMethod()[pri:0, instance:NewFrameWork.RedevRaffolux@6594402a]" started-at="2024-11-11T13:01:50 IST" name="afterMethod" finished-at="2024-11-11T13:01:50 IST" duration-ms="123" status="PASS">
          <reporter-output>
          </reporter-output>
        </test-method> <!-- afterMethod -->
        <test-method signature="RestApiFuntValidations(java.lang.String,java.lang.String,java.lang.String,java.lang.String,java.lang.String,double,java.lang.String)[pri:2, instance:NewFrameWork.RedevRaffolux@6594402a]" started-at="2024-11-11T13:01:50 IST" name="RestApiFuntValidations" data-provider="Data" finished-at="2024-11-11T13:01:50 IST" duration-ms="192" status="PASS">
          <params>
            <param index="0">
              <value>
                <![CDATA[Row 10]]>
              </value>
            </param>
            <param index="1">
              <value>
                <![CDATA[By giving wrong endpoints >/v1/redevfetchTotalRaisedCharitiesCount]]>
              </value>
            </param>
            <param index="2">
              <value>
                <![CDATA[/v1/redevfetchTotalRaisedCharitiesCount]]>
              </value>
            </param>
            <param index="3">
              <value>
                <![CDATA[POST]]>
              </value>
            </param>
            <param index="4">
              <value>
                <![CDATA[{}]]>
              </value>
            </param>
            <param index="5">
              <value>
                <![CDATA[403.0]]>
              </value>
            </param>
            <param index="6">
              <value>
                <![CDATA[{
    "message": "Authorization header requires 'Credential' parameter. Authorization header requires 'Signature' parameter. Authorization header requires 'SignedHeaders' parameter. Authorization header requires existence of either a 'X-Amz-Date' or a 'Date' header. Authorization=eyJhbGciOiJIUzI1NiIsInR5cCI6IkpXVCJ9.eyJ1c2VyX2lkIjoxODM0ODIsInVzZXJfZW1haWwiOiJna3Jpc2huYW11cnRoeTQ0M0BnbWFpbC5jb20iLCJ1c2VyX2ZpcnN0X25hbWUiOiJrYXZ5YXByZSIsInVzZXJfbGFzdF9uYW1lIjoicHJlIiwiaXNTb2NpYWxNZWRpYSI6ZmFsc2UsImlhdCI6MTcwNDQ1NTY3OX0.UDWQaxCdPmdVJL7Flw-eQS4mAqa2ARZ8Jfbp6wPH15Nk"
}]]>
              </value>
            </param>
          </params>
          <reporter-output>
          </reporter-output>
        </test-method> <!-- RestApiFuntValidations -->
        <test-method is-config="true" signature="afterMethod()[pri:0, instance:NewFrameWork.RedevRaffolux@6594402a]" started-at="2024-11-11T13:01:50 IST" name="afterMethod" finished-at="2024-11-11T13:01:50 IST" duration-ms="31" status="PASS">
          <reporter-output>
          </reporter-output>
        </test-method> <!-- afterMethod -->
        <test-method signature="RestApiFuntValidations(java.lang.String,java.lang.String,java.lang.String,java.lang.String,java.lang.String,double,java.lang.String)[pri:2, instance:NewFrameWork.RedevRaffolux@6594402a]" started-at="2024-11-11T13:01:50 IST" name="RestApiFuntValidations" data-provider="Data" finished-at="2024-11-11T13:01:50 IST" duration-ms="189" status="PASS">
          <params>
            <param index="0">
              <value>
                <![CDATA[Row 11]]>
              </value>
            </param>
            <param index="1">
              <value>
                <![CDATA[By giving wrong endpoints >/v1/redevfetchIndividualCharity]]>
              </value>
            </param>
            <param index="2">
              <value>
                <![CDATA[/v1/redevfetchIndividualCharity]]>
              </value>
            </param>
            <param index="3">
              <value>
                <![CDATA[POST]]>
              </value>
            </param>
            <param index="4">
              <value>
                <![CDATA[{
    "id":"300"
}]]>
              </value>
            </param>
            <param index="5">
              <value>
                <![CDATA[403.0]]>
              </value>
            </param>
            <param index="6">
              <value>
                <![CDATA[{
    "message": "Authorization header requires 'Credential' parameter. Authorization header requires 'Signature' parameter. Authorization header requires 'SignedHeaders' parameter. Authorization header requires existence of either a 'X-Amz-Date' or a 'Date' header. Authorization=eyJhbGciOiJIUzI1NiIsInR5cCI6IkpXVCJ9.eyJ1c2VyX2lkIjoxODM0ODIsInVzZXJfZW1haWwiOiJna3Jpc2huYW11cnRoeTQ0M0BnbWFpbC5jb20iLCJ1c2VyX2ZpcnN0X25hbWUiOiJrYXZ5YXByZSIsInVzZXJfbGFzdF9uYW1lIjoicHJlIiwiaXNTb2NpYWxNZWRpYSI6ZmFsc2UsImlhdCI6MTcwNDQ1NTY3OX0.UDWQaxCdPmdVJL7Flw-eQS4mAqa2ARZ8Jfbp6wPH16Nk"
}]]>
              </value>
            </param>
          </params>
          <reporter-output>
          </reporter-output>
        </test-method> <!-- RestApiFuntValidations -->
        <test-method is-config="true" signature="afterMethod()[pri:0, instance:NewFrameWork.RedevRaffolux@6594402a]" started-at="2024-11-11T13:01:50 IST" name="afterMethod" finished-at="2024-11-11T13:01:50 IST" duration-ms="38" status="PASS">
          <reporter-output>
          </reporter-output>
        </test-method> <!-- afterMethod -->
        <test-method signature="RestApiFuntValidations(java.lang.String,java.lang.String,java.lang.String,java.lang.String,java.lang.String,double,java.lang.String)[pri:2, instance:NewFrameWork.RedevRaffolux@6594402a]" started-at="2024-11-11T13:01:50 IST" name="RestApiFuntValidations" data-provider="Data" finished-at="2024-11-11T13:01:51 IST" duration-ms="468" status="PASS">
          <params>
            <param index="0">
              <value>
                <![CDATA[Row 12]]>
              </value>
            </param>
            <param index="1">
              <value>
                <![CDATA[By giving wrong endpoints >/v1/redevupdateCharityWithLogin]]>
              </value>
            </param>
            <param index="2">
              <value>
                <![CDATA[/v1/redevupdateCharityWithLogin]]>
              </value>
            </param>
            <param index="3">
              <value>
                <![CDATA[POST]]>
              </value>
            </param>
            <param index="4">
              <value>
                <![CDATA[{
    "charity_id": 300
}]]>
              </value>
            </param>
            <param index="5">
              <value>
                <![CDATA[403.0]]>
              </value>
            </param>
            <param index="6">
              <value>
                <![CDATA[{
    "message": "Authorization header requires 'Credential' parameter. Authorization header requires 'Signature' parameter. Authorization header requires 'SignedHeaders' parameter. Authorization header requires existence of either a 'X-Amz-Date' or a 'Date' header. Authorization=eyJhbGciOiJIUzI1NiIsInR5cCI6IkpXVCJ9.eyJ1c2VyX2lkIjoxODM0ODIsInVzZXJfZW1haWwiOiJna3Jpc2huYW11cnRoeTQ0M0BnbWFpbC5jb20iLCJ1c2VyX2ZpcnN0X25hbWUiOiJrYXZ5YXByZSIsInVzZXJfbGFzdF9uYW1lIjoicHJlIiwiaXNTb2NpYWxNZWRpYSI6ZmFsc2UsImlhdCI6MTcwNDQ1NTY3OX0.UDWQaxCdPmdVJL7Flw-eQS4mAqa2ARZ8Jfbp6wPH17Nk"
}]]>
              </value>
            </param>
          </params>
          <reporter-output>
          </reporter-output>
        </test-method> <!-- RestApiFuntValidations -->
        <test-method is-config="true" signature="afterMethod()[pri:0, instance:NewFrameWork.RedevRaffolux@6594402a]" started-at="2024-11-11T13:01:51 IST" name="afterMethod" finished-at="2024-11-11T13:01:51 IST" duration-ms="35" status="PASS">
          <reporter-output>
          </reporter-output>
        </test-method> <!-- afterMethod -->
        <test-method signature="RestApiFuntValidations(java.lang.String,java.lang.String,java.lang.String,java.lang.String,java.lang.String,double,java.lang.String)[pri:2, instance:NewFrameWork.RedevRaffolux@6594402a]" started-at="2024-11-11T13:01:51 IST" name="RestApiFuntValidations" data-provider="Data" finished-at="2024-11-11T13:01:51 IST" duration-ms="487" status="PASS">
          <params>
            <param index="0">
              <value>
                <![CDATA[Row 13]]>
              </value>
            </param>
            <param index="1">
              <value>
                <![CDATA[By giving wrong endpoints >/v1/redevcharitySupportWithLogin]]>
              </value>
            </param>
            <param index="2">
              <value>
                <![CDATA[/v1/redevcharitySupportWithLogin]]>
              </value>
            </param>
            <param index="3">
              <value>
                <![CDATA[POST]]>
              </value>
            </param>
            <param index="4">
              <value>
                <![CDATA[{}]]>
              </value>
            </param>
            <param index="5">
              <value>
                <![CDATA[403.0]]>
              </value>
            </param>
            <param index="6">
              <value>
                <![CDATA[{
    "message": "Authorization header requires 'Credential' parameter. Authorization header requires 'Signature' parameter. Authorization header requires 'SignedHeaders' parameter. Authorization header requires existence of either a 'X-Amz-Date' or a 'Date' header. Authorization=eyJhbGciOiJIUzI1NiIsInR5cCI6IkpXVCJ9.eyJ1c2VyX2lkIjoxODM0ODIsInVzZXJfZW1haWwiOiJna3Jpc2huYW11cnRoeTQ0M0BnbWFpbC5jb20iLCJ1c2VyX2ZpcnN0X25hbWUiOiJrYXZ5YXByZSIsInVzZXJfbGFzdF9uYW1lIjoicHJlIiwiaXNTb2NpYWxNZWRpYSI6ZmFsc2UsImlhdCI6MTcwNDQ1NTY3OX0.UDWQaxCdPmdVJL7Flw-eQS4mAqa2ARZ8Jfbp6wPH18Nk"
}]]>
              </value>
            </param>
          </params>
          <reporter-output>
          </reporter-output>
        </test-method> <!-- RestApiFuntValidations -->
        <test-method is-config="true" signature="afterMethod()[pri:0, instance:NewFrameWork.RedevRaffolux@6594402a]" started-at="2024-11-11T13:01:51 IST" name="afterMethod" finished-at="2024-11-11T13:01:51 IST" duration-ms="70" status="PASS">
          <reporter-output>
          </reporter-output>
        </test-method> <!-- afterMethod -->
        <test-method signature="RestApiFuntValidations(java.lang.String,java.lang.String,java.lang.String,java.lang.String,java.lang.String,double,java.lang.String)[pri:2, instance:NewFrameWork.RedevRaffolux@6594402a]" started-at="2024-11-11T13:01:51 IST" name="RestApiFuntValidations" data-provider="Data" finished-at="2024-11-11T13:01:52 IST" duration-ms="480" status="PASS">
          <params>
            <param index="0">
              <value>
                <![CDATA[Row 14]]>
              </value>
            </param>
            <param index="1">
              <value>
                <![CDATA[By giving wrong endpoints >/v1/redevfetchStatistics]]>
              </value>
            </param>
            <param index="2">
              <value>
                <![CDATA[/v1/redevfetchStatistics]]>
              </value>
            </param>
            <param index="3">
              <value>
                <![CDATA[POST]]>
              </value>
            </param>
            <param index="4">
              <value>
                <![CDATA[{}]]>
              </value>
            </param>
            <param index="5">
              <value>
                <![CDATA[403.0]]>
              </value>
            </param>
            <param index="6">
              <value>
                <![CDATA[{
    "message": "Authorization header requires 'Credential' parameter. Authorization header requires 'Signature' parameter. Authorization header requires 'SignedHeaders' parameter. Authorization header requires existence of either a 'X-Amz-Date' or a 'Date' header. Authorization=eyJhbGciOiJIUzI1NiIsInR5cCI6IkpXVCJ9.eyJ1c2VyX2lkIjoxODM0ODIsInVzZXJfZW1haWwiOiJna3Jpc2huYW11cnRoeTQ0M0BnbWFpbC5jb20iLCJ1c2VyX2ZpcnN0X25hbWUiOiJrYXZ5YXByZSIsInVzZXJfbGFzdF9uYW1lIjoicHJlIiwiaXNTb2NpYWxNZWRpYSI6ZmFsc2UsImlhdCI6MTcwNDQ1NTY3OX0.UDWQaxCdPmdVJL7Flw-eQS4mAqa2ARZ8Jfbp6wPH19Nk"
}]]>
              </value>
            </param>
          </params>
          <reporter-output>
          </reporter-output>
        </test-method> <!-- RestApiFuntValidations -->
        <test-method is-config="true" signature="afterMethod()[pri:0, instance:NewFrameWork.RedevRaffolux@6594402a]" started-at="2024-11-11T13:01:52 IST" name="afterMethod" finished-at="2024-11-11T13:01:52 IST" duration-ms="59" status="PASS">
          <reporter-output>
          </reporter-output>
        </test-method> <!-- afterMethod -->
        <test-method signature="RestApiFuntValidations(java.lang.String,java.lang.String,java.lang.String,java.lang.String,java.lang.String,double,java.lang.String)[pri:2, instance:NewFrameWork.RedevRaffolux@6594402a]" started-at="2024-11-11T13:01:52 IST" name="RestApiFuntValidations" data-provider="Data" finished-at="2024-11-11T13:01:52 IST" duration-ms="214" status="PASS">
          <params>
            <param index="0">
              <value>
                <![CDATA[Row 15]]>
              </value>
            </param>
            <param index="1">
              <value>
                <![CDATA[By giving wrong endpoints >/v1/redevfetchSoldOutRaffles]]>
              </value>
            </param>
            <param index="2">
              <value>
                <![CDATA[/v1/redevfetchSoldOutRaffles]]>
              </value>
            </param>
            <param index="3">
              <value>
                <![CDATA[POST]]>
              </value>
            </param>
            <param index="4">
              <value>
                <![CDATA[{}]]>
              </value>
            </param>
            <param index="5">
              <value>
                <![CDATA[403.0]]>
              </value>
            </param>
            <param index="6">
              <value>
                <![CDATA[{
    "message": "Authorization header requires 'Credential' parameter. Authorization header requires 'Signature' parameter. Authorization header requires 'SignedHeaders' parameter. Authorization header requires existence of either a 'X-Amz-Date' or a 'Date' header. Authorization=eyJhbGciOiJIUzI1NiIsInR5cCI6IkpXVCJ9.eyJ1c2VyX2lkIjoxODM0ODIsInVzZXJfZW1haWwiOiJna3Jpc2huYW11cnRoeTQ0M0BnbWFpbC5jb20iLCJ1c2VyX2ZpcnN0X25hbWUiOiJrYXZ5YXByZSIsInVzZXJfbGFzdF9uYW1lIjoicHJlIiwiaXNTb2NpYWxNZWRpYSI6ZmFsc2UsImlhdCI6MTcwNDQ1NTY3OX0.UDWQaxCdPmdVJL7Flw-eQS4mAqa2ARZ8Jfbp6wPH20Nk"
}]]>
              </value>
            </param>
          </params>
          <reporter-output>
          </reporter-output>
        </test-method> <!-- RestApiFuntValidations -->
        <test-method is-config="true" signature="afterMethod()[pri:0, instance:NewFrameWork.RedevRaffolux@6594402a]" started-at="2024-11-11T13:01:52 IST" name="afterMethod" finished-at="2024-11-11T13:01:52 IST" duration-ms="31" status="PASS">
          <reporter-output>
          </reporter-output>
        </test-method> <!-- afterMethod -->
        <test-method signature="RestApiFuntValidations(java.lang.String,java.lang.String,java.lang.String,java.lang.String,java.lang.String,double,java.lang.String)[pri:2, instance:NewFrameWork.RedevRaffolux@6594402a]" started-at="2024-11-11T13:01:52 IST" name="RestApiFuntValidations" data-provider="Data" finished-at="2024-11-11T13:01:52 IST" duration-ms="484" status="PASS">
          <params>
            <param index="0">
              <value>
                <![CDATA[Row 16]]>
              </value>
            </param>
            <param index="1">
              <value>
                <![CDATA[By giving wrong endpoints >/v1/redevfetchSoldOutRafflesWithLogin]]>
              </value>
            </param>
            <param index="2">
              <value>
                <![CDATA[/v1/redevfetchSoldOutRafflesWithLogin]]>
              </value>
            </param>
            <param index="3">
              <value>
                <![CDATA[POST]]>
              </value>
            </param>
            <param index="4">
              <value>
                <![CDATA[{}]]>
              </value>
            </param>
            <param index="5">
              <value>
                <![CDATA[403.0]]>
              </value>
            </param>
            <param index="6">
              <value>
                <![CDATA[{
    "message": "Authorization header requires 'Credential' parameter. Authorization header requires 'Signature' parameter. Authorization header requires 'SignedHeaders' parameter. Authorization header requires existence of either a 'X-Amz-Date' or a 'Date' header. Authorization=eyJhbGciOiJIUzI1NiIsInR5cCI6IkpXVCJ9.eyJ1c2VyX2lkIjoxODM0ODIsInVzZXJfZW1haWwiOiJna3Jpc2huYW11cnRoeTQ0M0BnbWFpbC5jb20iLCJ1c2VyX2ZpcnN0X25hbWUiOiJrYXZ5YXByZSIsInVzZXJfbGFzdF9uYW1lIjoicHJlIiwiaXNTb2NpYWxNZWRpYSI6ZmFsc2UsImlhdCI6MTcwNDQ1NTY3OX0.UDWQaxCdPmdVJL7Flw-eQS4mAqa2ARZ8Jfbp6wPH21Nk"
}]]>
              </value>
            </param>
          </params>
          <reporter-output>
          </reporter-output>
        </test-method> <!-- RestApiFuntValidations -->
        <test-method is-config="true" signature="afterMethod()[pri:0, instance:NewFrameWork.RedevRaffolux@6594402a]" started-at="2024-11-11T13:01:52 IST" name="afterMethod" finished-at="2024-11-11T13:01:52 IST" duration-ms="23" status="PASS">
          <reporter-output>
          </reporter-output>
        </test-method> <!-- afterMethod -->
        <test-method signature="RestApiFuntValidations(java.lang.String,java.lang.String,java.lang.String,java.lang.String,java.lang.String,double,java.lang.String)[pri:2, instance:NewFrameWork.RedevRaffolux@6594402a]" started-at="2024-11-11T13:01:52 IST" name="RestApiFuntValidations" data-provider="Data" finished-at="2024-11-11T13:01:53 IST" duration-ms="191" status="PASS">
          <params>
            <param index="0">
              <value>
                <![CDATA[Row 17]]>
              </value>
            </param>
            <param index="1">
              <value>
                <![CDATA[By giving wrong endpoints >/v1/redevfetchNewsAndBlogs]]>
              </value>
            </param>
            <param index="2">
              <value>
                <![CDATA[/v1/redevfetchNewsAndBlogs]]>
              </value>
            </param>
            <param index="3">
              <value>
                <![CDATA[POST]]>
              </value>
            </param>
            <param index="4">
              <value>
                <![CDATA[{}]]>
              </value>
            </param>
            <param index="5">
              <value>
                <![CDATA[403.0]]>
              </value>
            </param>
            <param index="6">
              <value>
                <![CDATA[{
    "message": "Authorization header requires 'Credential' parameter. Authorization header requires 'Signature' parameter. Authorization header requires 'SignedHeaders' parameter. Authorization header requires existence of either a 'X-Amz-Date' or a 'Date' header. Authorization=eyJhbGciOiJIUzI1NiIsInR5cCI6IkpXVCJ9.eyJ1c2VyX2lkIjoxODM0ODIsInVzZXJfZW1haWwiOiJna3Jpc2huYW11cnRoeTQ0M0BnbWFpbC5jb20iLCJ1c2VyX2ZpcnN0X25hbWUiOiJrYXZ5YXByZSIsInVzZXJfbGFzdF9uYW1lIjoicHJlIiwiaXNTb2NpYWxNZWRpYSI6ZmFsc2UsImlhdCI6MTcwNDQ1NTY3OX0.UDWQaxCdPmdVJL7Flw-eQS4mAqa2ARZ8Jfbp6wPH22Nk"
}]]>
              </value>
            </param>
          </params>
          <reporter-output>
          </reporter-output>
        </test-method> <!-- RestApiFuntValidations -->
        <test-method is-config="true" signature="afterMethod()[pri:0, instance:NewFrameWork.RedevRaffolux@6594402a]" started-at="2024-11-11T13:01:53 IST" name="afterMethod" finished-at="2024-11-11T13:01:53 IST" duration-ms="28" status="PASS">
          <reporter-output>
          </reporter-output>
        </test-method> <!-- afterMethod -->
        <test-method signature="RestApiFuntValidations(java.lang.String,java.lang.String,java.lang.String,java.lang.String,java.lang.String,double,java.lang.String)[pri:2, instance:NewFrameWork.RedevRaffolux@6594402a]" started-at="2024-11-11T13:01:53 IST" name="RestApiFuntValidations" data-provider="Data" finished-at="2024-11-11T13:01:53 IST" duration-ms="201" status="PASS">
          <params>
            <param index="0">
              <value>
                <![CDATA[Row 18]]>
              </value>
            </param>
            <param index="1">
              <value>
                <![CDATA[By giving wrong endpoints >/v1/redevfetchNews]]>
              </value>
            </param>
            <param index="2">
              <value>
                <![CDATA[/v1/redevfetchNews]]>
              </value>
            </param>
            <param index="3">
              <value>
                <![CDATA[POST]]>
              </value>
            </param>
            <param index="4">
              <value>
                <![CDATA[{
    "slug":"using-raffle-raise-money-charity"
}]]>
              </value>
            </param>
            <param index="5">
              <value>
                <![CDATA[403.0]]>
              </value>
            </param>
            <param index="6">
              <value>
                <![CDATA[{
    "message": "Authorization header requires 'Credential' parameter. Authorization header requires 'Signature' parameter. Authorization header requires 'SignedHeaders' parameter. Authorization header requires existence of either a 'X-Amz-Date' or a 'Date' header. Authorization=eyJhbGciOiJIUzI1NiIsInR5cCI6IkpXVCJ9.eyJ1c2VyX2lkIjoxODM0ODIsInVzZXJfZW1haWwiOiJna3Jpc2huYW11cnRoeTQ0M0BnbWFpbC5jb20iLCJ1c2VyX2ZpcnN0X25hbWUiOiJrYXZ5YXByZSIsInVzZXJfbGFzdF9uYW1lIjoicHJlIiwiaXNTb2NpYWxNZWRpYSI6ZmFsc2UsImlhdCI6MTcwNDQ1NTY3OX0.UDWQaxCdPmdVJL7Flw-eQS4mAqa2ARZ8Jfbp6wPH23Nk"
}]]>
              </value>
            </param>
          </params>
          <reporter-output>
          </reporter-output>
        </test-method> <!-- RestApiFuntValidations -->
        <test-method is-config="true" signature="afterMethod()[pri:0, instance:NewFrameWork.RedevRaffolux@6594402a]" started-at="2024-11-11T13:01:53 IST" name="afterMethod" finished-at="2024-11-11T13:01:53 IST" duration-ms="20" status="PASS">
          <reporter-output>
          </reporter-output>
        </test-method> <!-- afterMethod -->
        <test-method signature="RestApiFuntValidations(java.lang.String,java.lang.String,java.lang.String,java.lang.String,java.lang.String,double,java.lang.String)[pri:2, instance:NewFrameWork.RedevRaffolux@6594402a]" started-at="2024-11-11T13:01:53 IST" name="RestApiFuntValidations" data-provider="Data" finished-at="2024-11-11T13:01:53 IST" duration-ms="465" status="PASS">
          <params>
            <param index="0">
              <value>
                <![CDATA[Row 19]]>
              </value>
            </param>
            <param index="1">
              <value>
                <![CDATA[By giving wrong endpoints >/v1/redevfetchEntriesSold]]>
              </value>
            </param>
            <param index="2">
              <value>
                <![CDATA[/v1/redevfetchEntriesSold]]>
              </value>
            </param>
            <param index="3">
              <value>
                <![CDATA[POST]]>
              </value>
            </param>
            <param index="4">
              <value>
                <![CDATA[{
    "raffle_id": 4449
}]]>
              </value>
            </param>
            <param index="5">
              <value>
                <![CDATA[403.0]]>
              </value>
            </param>
            <param index="6">
              <value>
                <![CDATA[{
    "message": "Authorization header requires 'Credential' parameter. Authorization header requires 'Signature' parameter. Authorization header requires 'SignedHeaders' parameter. Authorization header requires existence of either a 'X-Amz-Date' or a 'Date' header. Authorization=eyJhbGciOiJIUzI1NiIsInR5cCI6IkpXVCJ9.eyJ1c2VyX2lkIjoxODM0ODIsInVzZXJfZW1haWwiOiJna3Jpc2huYW11cnRoeTQ0M0BnbWFpbC5jb20iLCJ1c2VyX2ZpcnN0X25hbWUiOiJrYXZ5YXByZSIsInVzZXJfbGFzdF9uYW1lIjoicHJlIiwiaXNTb2NpYWxNZWRpYSI6ZmFsc2UsImlhdCI6MTcwNDQ1NTY3OX0.UDWQaxCdPmdVJL7Flw-eQS4mAqa2ARZ8Jfbp6wPH24Nk"
}]]>
              </value>
            </param>
          </params>
          <reporter-output>
          </reporter-output>
        </test-method> <!-- RestApiFuntValidations -->
        <test-method is-config="true" signature="afterMethod()[pri:0, instance:NewFrameWork.RedevRaffolux@6594402a]" started-at="2024-11-11T13:01:53 IST" name="afterMethod" finished-at="2024-11-11T13:01:53 IST" duration-ms="102" status="PASS">
          <reporter-output>
          </reporter-output>
        </test-method> <!-- afterMethod -->
        <test-method signature="RestApiFuntValidations(java.lang.String,java.lang.String,java.lang.String,java.lang.String,java.lang.String,double,java.lang.String)[pri:2, instance:NewFrameWork.RedevRaffolux@6594402a]" started-at="2024-11-11T13:01:53 IST" name="RestApiFuntValidations" data-provider="Data" finished-at="2024-11-11T13:01:54 IST" duration-ms="470" status="PASS">
          <params>
            <param index="0">
              <value>
                <![CDATA[Row 20]]>
              </value>
            </param>
            <param index="1">
              <value>
                <![CDATA[By giving wrong endpoints >/v1/redevfetchMyRafflesWithLogin]]>
              </value>
            </param>
            <param index="2">
              <value>
                <![CDATA[/v1/redevfetchMyRafflesWithLogin]]>
              </value>
            </param>
            <param index="3">
              <value>
                <![CDATA[POST]]>
              </value>
            </param>
            <param index="4">
              <value>
                <![CDATA[{
    "page": 1
}]]>
              </value>
            </param>
            <param index="5">
              <value>
                <![CDATA[403.0]]>
              </value>
            </param>
            <param index="6">
              <value>
                <![CDATA[{
    "message": "Authorization header requires 'Credential' parameter. Authorization header requires 'Signature' parameter. Authorization header requires 'SignedHeaders' parameter. Authorization header requires existence of either a 'X-Amz-Date' or a 'Date' header. Authorization=eyJhbGciOiJIUzI1NiIsInR5cCI6IkpXVCJ9.eyJ1c2VyX2lkIjoxODM0ODIsInVzZXJfZW1haWwiOiJna3Jpc2huYW11cnRoeTQ0M0BnbWFpbC5jb20iLCJ1c2VyX2ZpcnN0X25hbWUiOiJrYXZ5YXByZSIsInVzZXJfbGFzdF9uYW1lIjoicHJlIiwiaXNTb2NpYWxNZWRpYSI6ZmFsc2UsImlhdCI6MTcwNDQ1NTY3OX0.UDWQaxCdPmdVJL7Flw-eQS4mAqa2ARZ8Jfbp6wPH25Nk"
}]]>
              </value>
            </param>
          </params>
          <reporter-output>
          </reporter-output>
        </test-method> <!-- RestApiFuntValidations -->
        <test-method is-config="true" signature="afterMethod()[pri:0, instance:NewFrameWork.RedevRaffolux@6594402a]" started-at="2024-11-11T13:01:54 IST" name="afterMethod" finished-at="2024-11-11T13:01:54 IST" duration-ms="85" status="PASS">
          <reporter-output>
          </reporter-output>
        </test-method> <!-- afterMethod -->
        <test-method signature="RestApiFuntValidations(java.lang.String,java.lang.String,java.lang.String,java.lang.String,java.lang.String,double,java.lang.String)[pri:2, instance:NewFrameWork.RedevRaffolux@6594402a]" started-at="2024-11-11T13:01:54 IST" name="RestApiFuntValidations" data-provider="Data" finished-at="2024-11-11T13:01:55 IST" duration-ms="473" status="PASS">
          <params>
            <param index="0">
              <value>
                <![CDATA[Row 21]]>
              </value>
            </param>
            <param index="1">
              <value>
                <![CDATA[By giving wrong endpoints >/v1/redevfetchWinnersGalleryWithLogin]]>
              </value>
            </param>
            <param index="2">
              <value>
                <![CDATA[/v1/redevfetchWinnersGalleryWithLogin]]>
              </value>
            </param>
            <param index="3">
              <value>
                <![CDATA[POST]]>
              </value>
            </param>
            <param index="4">
              <value>
                <![CDATA[{
    "page":1
}]]>
              </value>
            </param>
            <param index="5">
              <value>
                <![CDATA[403.0]]>
              </value>
            </param>
            <param index="6">
              <value>
                <![CDATA[{
    "message": "Authorization header requires 'Credential' parameter. Authorization header requires 'Signature' parameter. Authorization header requires 'SignedHeaders' parameter. Authorization header requires existence of either a 'X-Amz-Date' or a 'Date' header. Authorization=eyJhbGciOiJIUzI1NiIsInR5cCI6IkpXVCJ9.eyJ1c2VyX2lkIjoxODM0ODIsInVzZXJfZW1haWwiOiJna3Jpc2huYW11cnRoeTQ0M0BnbWFpbC5jb20iLCJ1c2VyX2ZpcnN0X25hbWUiOiJrYXZ5YXByZSIsInVzZXJfbGFzdF9uYW1lIjoicHJlIiwiaXNTb2NpYWxNZWRpYSI6ZmFsc2UsImlhdCI6MTcwNDQ1NTY3OX0.UDWQaxCdPmdVJL7Flw-eQS4mAqa2ARZ8Jfbp6wPH26Nk"
}]]>
              </value>
            </param>
          </params>
          <reporter-output>
          </reporter-output>
        </test-method> <!-- RestApiFuntValidations -->
        <test-method is-config="true" signature="afterMethod()[pri:0, instance:NewFrameWork.RedevRaffolux@6594402a]" started-at="2024-11-11T13:01:55 IST" name="afterMethod" finished-at="2024-11-11T13:01:55 IST" duration-ms="27" status="PASS">
          <reporter-output>
          </reporter-output>
        </test-method> <!-- afterMethod -->
        <test-method signature="RestApiFuntValidations(java.lang.String,java.lang.String,java.lang.String,java.lang.String,java.lang.String,double,java.lang.String)[pri:2, instance:NewFrameWork.RedevRaffolux@6594402a]" started-at="2024-11-11T13:01:55 IST" name="RestApiFuntValidations" data-provider="Data" finished-at="2024-11-11T13:01:55 IST" duration-ms="184" status="PASS">
          <params>
            <param index="0">
              <value>
                <![CDATA[Row 22]]>
              </value>
            </param>
            <param index="1">
              <value>
                <![CDATA[By giving wrong endpoints >/v1/redevfetchWinnersGallery]]>
              </value>
            </param>
            <param index="2">
              <value>
                <![CDATA[/v1/redevfetchWinnersGallery]]>
              </value>
            </param>
            <param index="3">
              <value>
                <![CDATA[POST]]>
              </value>
            </param>
            <param index="4">
              <value>
                <![CDATA[{
    "page":1
}]]>
              </value>
            </param>
            <param index="5">
              <value>
                <![CDATA[403.0]]>
              </value>
            </param>
            <param index="6">
              <value>
                <![CDATA[{
    "message": "Authorization header requires 'Credential' parameter. Authorization header requires 'Signature' parameter. Authorization header requires 'SignedHeaders' parameter. Authorization header requires existence of either a 'X-Amz-Date' or a 'Date' header. Authorization=eyJhbGciOiJIUzI1NiIsInR5cCI6IkpXVCJ9.eyJ1c2VyX2lkIjoxODM0ODIsInVzZXJfZW1haWwiOiJna3Jpc2huYW11cnRoeTQ0M0BnbWFpbC5jb20iLCJ1c2VyX2ZpcnN0X25hbWUiOiJrYXZ5YXByZSIsInVzZXJfbGFzdF9uYW1lIjoicHJlIiwiaXNTb2NpYWxNZWRpYSI6ZmFsc2UsImlhdCI6MTcwNDQ1NTY3OX0.UDWQaxCdPmdVJL7Flw-eQS4mAqa2ARZ8Jfbp6wPH27Nk"
}]]>
              </value>
            </param>
          </params>
          <reporter-output>
          </reporter-output>
        </test-method> <!-- RestApiFuntValidations -->
        <test-method is-config="true" signature="afterMethod()[pri:0, instance:NewFrameWork.RedevRaffolux@6594402a]" started-at="2024-11-11T13:01:55 IST" name="afterMethod" finished-at="2024-11-11T13:01:55 IST" duration-ms="19" status="PASS">
          <reporter-output>
          </reporter-output>
        </test-method> <!-- afterMethod -->
        <test-method signature="RestApiFuntValidations(java.lang.String,java.lang.String,java.lang.String,java.lang.String,java.lang.String,double,java.lang.String)[pri:2, instance:NewFrameWork.RedevRaffolux@6594402a]" started-at="2024-11-11T13:01:55 IST" name="RestApiFuntValidations" data-provider="Data" finished-at="2024-11-11T13:01:55 IST" duration-ms="456" status="PASS">
          <params>
            <param index="0">
              <value>
                <![CDATA[Row 23]]>
              </value>
            </param>
            <param index="1">
              <value>
                <![CDATA[By giving wrong endpoints >/v1/redevfetchWinnersMonthWithLogin]]>
              </value>
            </param>
            <param index="2">
              <value>
                <![CDATA[/v1/redevfetchWinnersMonthWithLogin]]>
              </value>
            </param>
            <param index="3">
              <value>
                <![CDATA[POST]]>
              </value>
            </param>
            <param index="4">
              <value>
                <![CDATA[{}]]>
              </value>
            </param>
            <param index="5">
              <value>
                <![CDATA[403.0]]>
              </value>
            </param>
            <param index="6">
              <value>
                <![CDATA[{
    "message": "Authorization header requires 'Credential' parameter. Authorization header requires 'Signature' parameter. Authorization header requires 'SignedHeaders' parameter. Authorization header requires existence of either a 'X-Amz-Date' or a 'Date' header. Authorization=eyJhbGciOiJIUzI1NiIsInR5cCI6IkpXVCJ9.eyJ1c2VyX2lkIjoxODM0ODIsInVzZXJfZW1haWwiOiJna3Jpc2huYW11cnRoeTQ0M0BnbWFpbC5jb20iLCJ1c2VyX2ZpcnN0X25hbWUiOiJrYXZ5YXByZSIsInVzZXJfbGFzdF9uYW1lIjoicHJlIiwiaXNTb2NpYWxNZWRpYSI6ZmFsc2UsImlhdCI6MTcwNDQ1NTY3OX0.UDWQaxCdPmdVJL7Flw-eQS4mAqa2ARZ8Jfbp6wPH28Nk"
}]]>
              </value>
            </param>
          </params>
          <reporter-output>
          </reporter-output>
        </test-method> <!-- RestApiFuntValidations -->
        <test-method is-config="true" signature="afterMethod()[pri:0, instance:NewFrameWork.RedevRaffolux@6594402a]" started-at="2024-11-11T13:01:55 IST" name="afterMethod" finished-at="2024-11-11T13:01:55 IST" duration-ms="20" status="PASS">
          <reporter-output>
          </reporter-output>
        </test-method> <!-- afterMethod -->
        <test-method signature="RestApiFuntValidations(java.lang.String,java.lang.String,java.lang.String,java.lang.String,java.lang.String,double,java.lang.String)[pri:2, instance:NewFrameWork.RedevRaffolux@6594402a]" started-at="2024-11-11T13:01:55 IST" name="RestApiFuntValidations" data-provider="Data" finished-at="2024-11-11T13:01:55 IST" duration-ms="196" status="PASS">
          <params>
            <param index="0">
              <value>
                <![CDATA[Row 24]]>
              </value>
            </param>
            <param index="1">
              <value>
                <![CDATA[By giving wrong endpoints >/v1/redevfetchWinnersMonthwiseDataWithLogin]]>
              </value>
            </param>
            <param index="2">
              <value>
                <![CDATA[/v1/redevfetchWinnersMonthwiseDataWithLogin]]>
              </value>
            </param>
            <param index="3">
              <value>
                <![CDATA[POST]]>
              </value>
            </param>
            <param index="4">
              <value>
                <![CDATA[{
    "monthCode":5,
    "year":2023
}]]>
              </value>
            </param>
            <param index="5">
              <value>
                <![CDATA[403.0]]>
              </value>
            </param>
            <param index="6">
              <value>
                <![CDATA[{
    "message": "Authorization header requires 'Credential' parameter. Authorization header requires 'Signature' parameter. Authorization header requires 'SignedHeaders' parameter. Authorization header requires existence of either a 'X-Amz-Date' or a 'Date' header. Authorization=eyJhbGciOiJIUzI1NiIsInR5cCI6IkpXVCJ9.eyJ1c2VyX2lkIjoxODM0ODIsInVzZXJfZW1haWwiOiJna3Jpc2huYW11cnRoeTQ0M0BnbWFpbC5jb20iLCJ1c2VyX2ZpcnN0X25hbWUiOiJrYXZ5YXByZSIsInVzZXJfbGFzdF9uYW1lIjoicHJlIiwiaXNTb2NpYWxNZWRpYSI6ZmFsc2UsImlhdCI6MTcwNDQ1NTY3OX0.UDWQaxCdPmdVJL7Flw-eQS4mAqa2ARZ8Jfbp6wPH29Nk"
}]]>
              </value>
            </param>
          </params>
          <reporter-output>
          </reporter-output>
        </test-method> <!-- RestApiFuntValidations -->
        <test-method is-config="true" signature="afterMethod()[pri:0, instance:NewFrameWork.RedevRaffolux@6594402a]" started-at="2024-11-11T13:01:55 IST" name="afterMethod" finished-at="2024-11-11T13:01:55 IST" duration-ms="20" status="PASS">
          <reporter-output>
          </reporter-output>
        </test-method> <!-- afterMethod -->
        <test-method signature="RestApiFuntValidations(java.lang.String,java.lang.String,java.lang.String,java.lang.String,java.lang.String,double,java.lang.String)[pri:2, instance:NewFrameWork.RedevRaffolux@6594402a]" started-at="2024-11-11T13:01:55 IST" name="RestApiFuntValidations" data-provider="Data" finished-at="2024-11-11T13:01:56 IST" duration-ms="458" status="PASS">
          <params>
            <param index="0">
              <value>
                <![CDATA[Row 25]]>
              </value>
            </param>
            <param index="1">
              <value>
                <![CDATA[By giving wrong endpoints >/v1/redevfetchWinnersDatewiseDataWithLogin]]>
              </value>
            </param>
            <param index="2">
              <value>
                <![CDATA[/v1/redevfetchWinnersDatewiseDataWithLogin]]>
              </value>
            </param>
            <param index="3">
              <value>
                <![CDATA[POST]]>
              </value>
            </param>
            <param index="4">
              <value>
                <![CDATA[{
    "monthCode":5,
    "year":2023
}]]>
              </value>
            </param>
            <param index="5">
              <value>
                <![CDATA[403.0]]>
              </value>
            </param>
            <param index="6">
              <value>
                <![CDATA[{
    "message": "Authorization header requires 'Credential' parameter. Authorization header requires 'Signature' parameter. Authorization header requires 'SignedHeaders' parameter. Authorization header requires existence of either a 'X-Amz-Date' or a 'Date' header. Authorization=eyJhbGciOiJIUzI1NiIsInR5cCI6IkpXVCJ9.eyJ1c2VyX2lkIjoxODM0ODIsInVzZXJfZW1haWwiOiJna3Jpc2huYW11cnRoeTQ0M0BnbWFpbC5jb20iLCJ1c2VyX2ZpcnN0X25hbWUiOiJrYXZ5YXByZSIsInVzZXJfbGFzdF9uYW1lIjoicHJlIiwiaXNTb2NpYWxNZWRpYSI6ZmFsc2UsImlhdCI6MTcwNDQ1NTY3OX0.UDWQaxCdPmdVJL7Flw-eQS4mAqa2ARZ8Jfbp6wPH30Nk"
}]]>
              </value>
            </param>
          </params>
          <reporter-output>
          </reporter-output>
        </test-method> <!-- RestApiFuntValidations -->
        <test-method is-config="true" signature="afterMethod()[pri:0, instance:NewFrameWork.RedevRaffolux@6594402a]" started-at="2024-11-11T13:01:56 IST" name="afterMethod" finished-at="2024-11-11T13:01:56 IST" duration-ms="48" status="PASS">
          <reporter-output>
          </reporter-output>
        </test-method> <!-- afterMethod -->
        <test-method signature="RestApiFuntValidations(java.lang.String,java.lang.String,java.lang.String,java.lang.String,java.lang.String,double,java.lang.String)[pri:2, instance:NewFrameWork.RedevRaffolux@6594402a]" started-at="2024-11-11T13:01:56 IST" name="RestApiFuntValidations" data-provider="Data" finished-at="2024-11-11T13:01:56 IST" duration-ms="466" status="PASS">
          <params>
            <param index="0">
              <value>
                <![CDATA[Row 26]]>
              </value>
            </param>
            <param index="1">
              <value>
                <![CDATA[By giving wrong endpoints >/v1/redevfetchWinnersDatewiseDataFilterWithLogin]]>
              </value>
            </param>
            <param index="2">
              <value>
                <![CDATA[/v1/redevfetchWinnersDatewiseDataFilterWithLogin]]>
              </value>
            </param>
            <param index="3">
              <value>
                <![CDATA[POST]]>
              </value>
            </param>
            <param index="4">
              <value>
                <![CDATA[{
    "monthCode":5,
    "year":2023,
    "searchValue":"brief"
}]]>
              </value>
            </param>
            <param index="5">
              <value>
                <![CDATA[403.0]]>
              </value>
            </param>
            <param index="6">
              <value>
                <![CDATA[{
    "message": "Authorization header requires 'Credential' parameter. Authorization header requires 'Signature' parameter. Authorization header requires 'SignedHeaders' parameter. Authorization header requires existence of either a 'X-Amz-Date' or a 'Date' header. Authorization=eyJhbGciOiJIUzI1NiIsInR5cCI6IkpXVCJ9.eyJ1c2VyX2lkIjoxODM0ODIsInVzZXJfZW1haWwiOiJna3Jpc2huYW11cnRoeTQ0M0BnbWFpbC5jb20iLCJ1c2VyX2ZpcnN0X25hbWUiOiJrYXZ5YXByZSIsInVzZXJfbGFzdF9uYW1lIjoicHJlIiwiaXNTb2NpYWxNZWRpYSI6ZmFsc2UsImlhdCI6MTcwNDQ1NTY3OX0.UDWQaxCdPmdVJL7Flw-eQS4mAqa2ARZ8Jfbp6wPH31Nk"
}]]>
              </value>
            </param>
          </params>
          <reporter-output>
          </reporter-output>
        </test-method> <!-- RestApiFuntValidations -->
        <test-method is-config="true" signature="afterMethod()[pri:0, instance:NewFrameWork.RedevRaffolux@6594402a]" started-at="2024-11-11T13:01:56 IST" name="afterMethod" finished-at="2024-11-11T13:01:56 IST" duration-ms="35" status="PASS">
          <reporter-output>
          </reporter-output>
        </test-method> <!-- afterMethod -->
        <test-method signature="RestApiFuntValidations(java.lang.String,java.lang.String,java.lang.String,java.lang.String,java.lang.String,double,java.lang.String)[pri:2, instance:NewFrameWork.RedevRaffolux@6594402a]" started-at="2024-11-11T13:01:56 IST" name="RestApiFuntValidations" data-provider="Data" finished-at="2024-11-11T13:01:57 IST" duration-ms="201" status="PASS">
          <params>
            <param index="0">
              <value>
                <![CDATA[Row 27]]>
              </value>
            </param>
            <param index="1">
              <value>
                <![CDATA[By giving wrong endpoints >/v1/redevfetchDrawDetails]]>
              </value>
            </param>
            <param index="2">
              <value>
                <![CDATA[/v1/redevfetchDrawDetails]]>
              </value>
            </param>
            <param index="3">
              <value>
                <![CDATA[POST]]>
              </value>
            </param>
            <param index="4">
              <value>
                <![CDATA[{}]]>
              </value>
            </param>
            <param index="5">
              <value>
                <![CDATA[403.0]]>
              </value>
            </param>
            <param index="6">
              <value>
                <![CDATA[{
    "message": "Authorization header requires 'Credential' parameter. Authorization header requires 'Signature' parameter. Authorization header requires 'SignedHeaders' parameter. Authorization header requires existence of either a 'X-Amz-Date' or a 'Date' header. Authorization=eyJhbGciOiJIUzI1NiIsInR5cCI6IkpXVCJ9.eyJ1c2VyX2lkIjoxODM0ODIsInVzZXJfZW1haWwiOiJna3Jpc2huYW11cnRoeTQ0M0BnbWFpbC5jb20iLCJ1c2VyX2ZpcnN0X25hbWUiOiJrYXZ5YXByZSIsInVzZXJfbGFzdF9uYW1lIjoicHJlIiwiaXNTb2NpYWxNZWRpYSI6ZmFsc2UsImlhdCI6MTcwNDQ1NTY3OX0.UDWQaxCdPmdVJL7Flw-eQS4mAqa2ARZ8Jfbp6wPH32Nk"
}]]>
              </value>
            </param>
          </params>
          <reporter-output>
          </reporter-output>
        </test-method> <!-- RestApiFuntValidations -->
        <test-method is-config="true" signature="afterMethod()[pri:0, instance:NewFrameWork.RedevRaffolux@6594402a]" started-at="2024-11-11T13:01:57 IST" name="afterMethod" finished-at="2024-11-11T13:01:57 IST" duration-ms="17" status="PASS">
          <reporter-output>
          </reporter-output>
        </test-method> <!-- afterMethod -->
        <test-method signature="RestApiFuntValidations(java.lang.String,java.lang.String,java.lang.String,java.lang.String,java.lang.String,double,java.lang.String)[pri:2, instance:NewFrameWork.RedevRaffolux@6594402a]" started-at="2024-11-11T13:01:57 IST" name="RestApiFuntValidations" data-provider="Data" finished-at="2024-11-11T13:01:57 IST" duration-ms="177" status="PASS">
          <params>
            <param index="0">
              <value>
                <![CDATA[Row 28]]>
              </value>
            </param>
            <param index="1">
              <value>
                <![CDATA[By giving wrong endpoints >/v1/redevsortDrawticketsPurchase]]>
              </value>
            </param>
            <param index="2">
              <value>
                <![CDATA[/v1/redevsortDrawticketsPurchase]]>
              </value>
            </param>
            <param index="3">
              <value>
                <![CDATA[POST]]>
              </value>
            </param>
            <param index="4">
              <value>
                <![CDATA[{}]]>
              </value>
            </param>
            <param index="5">
              <value>
                <![CDATA[403.0]]>
              </value>
            </param>
            <param index="6">
              <value>
                <![CDATA[{
    "message": "Authorization header requires 'Credential' parameter. Authorization header requires 'Signature' parameter. Authorization header requires 'SignedHeaders' parameter. Authorization header requires existence of either a 'X-Amz-Date' or a 'Date' header. Authorization=eyJhbGciOiJIUzI1NiIsInR5cCI6IkpXVCJ9.eyJ1c2VyX2lkIjoxODM0ODIsInVzZXJfZW1haWwiOiJna3Jpc2huYW11cnRoeTQ0M0BnbWFpbC5jb20iLCJ1c2VyX2ZpcnN0X25hbWUiOiJrYXZ5YXByZSIsInVzZXJfbGFzdF9uYW1lIjoicHJlIiwiaXNTb2NpYWxNZWRpYSI6ZmFsc2UsImlhdCI6MTcwNDQ1NTY3OX0.UDWQaxCdPmdVJL7Flw-eQS4mAqa2ARZ8Jfbp6wPH33Nk"
}]]>
              </value>
            </param>
          </params>
          <reporter-output>
          </reporter-output>
        </test-method> <!-- RestApiFuntValidations -->
        <test-method is-config="true" signature="afterMethod()[pri:0, instance:NewFrameWork.RedevRaffolux@6594402a]" started-at="2024-11-11T13:01:57 IST" name="afterMethod" finished-at="2024-11-11T13:01:57 IST" duration-ms="36" status="PASS">
          <reporter-output>
          </reporter-output>
        </test-method> <!-- afterMethod -->
        <test-method signature="RestApiFuntValidations(java.lang.String,java.lang.String,java.lang.String,java.lang.String,java.lang.String,double,java.lang.String)[pri:2, instance:NewFrameWork.RedevRaffolux@6594402a]" started-at="2024-11-11T13:01:57 IST" name="RestApiFuntValidations" data-provider="Data" finished-at="2024-11-11T13:01:57 IST" duration-ms="444" status="PASS">
          <params>
            <param index="0">
              <value>
                <![CDATA[Row 29]]>
              </value>
            </param>
            <param index="1">
              <value>
                <![CDATA[By giving wrong endpoints >/v1/redevfetchMyCreditWithLogin]]>
              </value>
            </param>
            <param index="2">
              <value>
                <![CDATA[/v1/redevfetchMyCreditWithLogin]]>
              </value>
            </param>
            <param index="3">
              <value>
                <![CDATA[POST]]>
              </value>
            </param>
            <param index="4">
              <value>
                <![CDATA[{}]]>
              </value>
            </param>
            <param index="5">
              <value>
                <![CDATA[403.0]]>
              </value>
            </param>
            <param index="6">
              <value>
                <![CDATA[{
    "message": "Authorization header requires 'Credential' parameter. Authorization header requires 'Signature' parameter. Authorization header requires 'SignedHeaders' parameter. Authorization header requires existence of either a 'X-Amz-Date' or a 'Date' header. Authorization=eyJhbGciOiJIUzI1NiIsInR5cCI6IkpXVCJ9.eyJ1c2VyX2lkIjoxODM0ODIsInVzZXJfZW1haWwiOiJna3Jpc2huYW11cnRoeTQ0M0BnbWFpbC5jb20iLCJ1c2VyX2ZpcnN0X25hbWUiOiJrYXZ5YXByZSIsInVzZXJfbGFzdF9uYW1lIjoicHJlIiwiaXNTb2NpYWxNZWRpYSI6ZmFsc2UsImlhdCI6MTcwNDQ1NTY3OX0.UDWQaxCdPmdVJL7Flw-eQS4mAqa2ARZ8Jfbp6wPH34Nk"
}]]>
              </value>
            </param>
          </params>
          <reporter-output>
          </reporter-output>
        </test-method> <!-- RestApiFuntValidations -->
        <test-method is-config="true" signature="afterMethod()[pri:0, instance:NewFrameWork.RedevRaffolux@6594402a]" started-at="2024-11-11T13:01:57 IST" name="afterMethod" finished-at="2024-11-11T13:01:57 IST" duration-ms="53" status="PASS">
          <reporter-output>
          </reporter-output>
        </test-method> <!-- afterMethod -->
        <test-method signature="RestApiFuntValidations(java.lang.String,java.lang.String,java.lang.String,java.lang.String,java.lang.String,double,java.lang.String)[pri:2, instance:NewFrameWork.RedevRaffolux@6594402a]" started-at="2024-11-11T13:01:57 IST" name="RestApiFuntValidations" data-provider="Data" finished-at="2024-11-11T13:01:58 IST" duration-ms="189" status="PASS">
          <params>
            <param index="0">
              <value>
                <![CDATA[Row 30]]>
              </value>
            </param>
            <param index="1">
              <value>
                <![CDATA[By giving wrong endpoints >/v1/redevfetchCategory]]>
              </value>
            </param>
            <param index="2">
              <value>
                <![CDATA[/v1/redevfetchCategory]]>
              </value>
            </param>
            <param index="3">
              <value>
                <![CDATA[POST]]>
              </value>
            </param>
            <param index="4">
              <value>
                <![CDATA[{
    "categoryName":"cash"
}]]>
              </value>
            </param>
            <param index="5">
              <value>
                <![CDATA[403.0]]>
              </value>
            </param>
            <param index="6">
              <value>
                <![CDATA[{
    "message": "Authorization header requires 'Credential' parameter. Authorization header requires 'Signature' parameter. Authorization header requires 'SignedHeaders' parameter. Authorization header requires existence of either a 'X-Amz-Date' or a 'Date' header. Authorization=eyJhbGciOiJIUzI1NiIsInR5cCI6IkpXVCJ9.eyJ1c2VyX2lkIjoxODM0ODIsInVzZXJfZW1haWwiOiJna3Jpc2huYW11cnRoeTQ0M0BnbWFpbC5jb20iLCJ1c2VyX2ZpcnN0X25hbWUiOiJrYXZ5YXByZSIsInVzZXJfbGFzdF9uYW1lIjoicHJlIiwiaXNTb2NpYWxNZWRpYSI6ZmFsc2UsImlhdCI6MTcwNDQ1NTY3OX0.UDWQaxCdPmdVJL7Flw-eQS4mAqa2ARZ8Jfbp6wPH35Nk"
}]]>
              </value>
            </param>
          </params>
          <reporter-output>
          </reporter-output>
        </test-method> <!-- RestApiFuntValidations -->
        <test-method is-config="true" signature="afterMethod()[pri:0, instance:NewFrameWork.RedevRaffolux@6594402a]" started-at="2024-11-11T13:01:58 IST" name="afterMethod" finished-at="2024-11-11T13:01:58 IST" duration-ms="38" status="PASS">
          <reporter-output>
          </reporter-output>
        </test-method> <!-- afterMethod -->
        <test-method signature="RestApiFuntValidations(java.lang.String,java.lang.String,java.lang.String,java.lang.String,java.lang.String,double,java.lang.String)[pri:2, instance:NewFrameWork.RedevRaffolux@6594402a]" started-at="2024-11-11T13:01:58 IST" name="RestApiFuntValidations" data-provider="Data" finished-at="2024-11-11T13:01:58 IST" duration-ms="179" status="PASS">
          <params>
            <param index="0">
              <value>
                <![CDATA[Row 31]]>
              </value>
            </param>
            <param index="1">
              <value>
                <![CDATA[By giving wrong endpoints >/v1/redevfetchCategoryWithLogin]]>
              </value>
            </param>
            <param index="2">
              <value>
                <![CDATA[/v1/redevfetchCategoryWithLogin]]>
              </value>
            </param>
            <param index="3">
              <value>
                <![CDATA[POST]]>
              </value>
            </param>
            <param index="4">
              <value>
                <![CDATA[{
    "categoryName":"cash"
}]]>
              </value>
            </param>
            <param index="5">
              <value>
                <![CDATA[403.0]]>
              </value>
            </param>
            <param index="6">
              <value>
                <![CDATA[{
    "message": "Authorization header requires 'Credential' parameter. Authorization header requires 'Signature' parameter. Authorization header requires 'SignedHeaders' parameter. Authorization header requires existence of either a 'X-Amz-Date' or a 'Date' header. Authorization=eyJhbGciOiJIUzI1NiIsInR5cCI6IkpXVCJ9.eyJ1c2VyX2lkIjoxODM0ODIsInVzZXJfZW1haWwiOiJna3Jpc2huYW11cnRoeTQ0M0BnbWFpbC5jb20iLCJ1c2VyX2ZpcnN0X25hbWUiOiJrYXZ5YXByZSIsInVzZXJfbGFzdF9uYW1lIjoicHJlIiwiaXNTb2NpYWxNZWRpYSI6ZmFsc2UsImlhdCI6MTcwNDQ1NTY3OX0.UDWQaxCdPmdVJL7Flw-eQS4mAqa2ARZ8Jfbp6wPH36Nk"
}]]>
              </value>
            </param>
          </params>
          <reporter-output>
          </reporter-output>
        </test-method> <!-- RestApiFuntValidations -->
        <test-method is-config="true" signature="afterMethod()[pri:0, instance:NewFrameWork.RedevRaffolux@6594402a]" started-at="2024-11-11T13:01:58 IST" name="afterMethod" finished-at="2024-11-11T13:01:58 IST" duration-ms="20" status="PASS">
          <reporter-output>
          </reporter-output>
        </test-method> <!-- afterMethod -->
[...]
          <params>
            <param index="0">
              <value>
                <![CDATA[Row 221]]>
              </value>
            </param>
            <param index="1">
              <value>
                <![CDATA[Validate the api by giving invalid payload]]>
              </value>
            </param>
            <param index="2">
              <value>
                <![CDATA[/v1/guestCheckout]]>
              </value>
            </param>
            <param index="3">
              <value>
                <![CDATA[POST]]>
              </value>
            </param>
            <param index="4">
              <value>
                <![CDATA[{}]]>
              </value>
            </param>
            <param index="5">
              <value>
                <![CDATA[404.0]]>
              </value>
            </param>
            <param index="6">
              <value>
                <![CDATA[{}]]>
              </value>
            </param>
          </params>
          <reporter-output>
          </reporter-output>
        </test-method> <!-- RestApiFuntValidations -->
        <test-method is-config="true" signature="afterMethod()[pri:0, instance:NewFrameWork.RedevRaffolux@6594402a]" started-at="2024-11-11T13:03:39 IST" name="afterMethod" finished-at="2024-11-11T13:03:39 IST" duration-ms="25" status="PASS">
          <reporter-output>
          </reporter-output>
        </test-method> <!-- afterMethod -->
        <test-method signature="RestApiFuntValidations(java.lang.String,java.lang.String,java.lang.String,java.lang.String,java.lang.String,double,java.lang.String)[pri:2, instance:NewFrameWork.RedevRaffolux@6594402a]" started-at="2024-11-11T13:03:39 IST" name="RestApiFuntValidations" data-provider="Data" finished-at="2024-11-11T13:03:39 IST" duration-ms="455" status="PASS">
          <params>
            <param index="0">
              <value>
                <![CDATA[Row 222]]>
              </value>
            </param>
            <param index="1">
              <value>
                <![CDATA[Validate the api by giving invalid payload]]>
              </value>
            </param>
            <param index="2">
              <value>
                <![CDATA[/v1/validateToken]]>
              </value>
            </param>
            <param index="3">
              <value>
                <![CDATA[POST]]>
              </value>
            </param>
            <param index="4">
              <value>
                <![CDATA[{}]]>
              </value>
            </param>
            <param index="5">
              <value>
                <![CDATA[404.0]]>
              </value>
            </param>
            <param index="6">
              <value>
                <![CDATA[{}]]>
              </value>
            </param>
          </params>
          <reporter-output>
          </reporter-output>
        </test-method> <!-- RestApiFuntValidations -->
        <test-method is-config="true" signature="afterMethod()[pri:0, instance:NewFrameWork.RedevRaffolux@6594402a]" started-at="2024-11-11T13:03:39 IST" name="afterMethod" finished-at="2024-11-11T13:03:39 IST" duration-ms="65" status="PASS">
          <reporter-output>
          </reporter-output>
        </test-method> <!-- afterMethod -->
        <test-method signature="RestApiFuntValidations(java.lang.String,java.lang.String,java.lang.String,java.lang.String,java.lang.String,double,java.lang.String)[pri:2, instance:NewFrameWork.RedevRaffolux@6594402a]" started-at="2024-11-11T13:03:39 IST" name="RestApiFuntValidations" data-provider="Data" finished-at="2024-11-11T13:03:39 IST" duration-ms="167" status="PASS">
          <params>
            <param index="0">
              <value>
                <![CDATA[Row 223]]>
              </value>
            </param>
            <param index="1">
              <value>
                <![CDATA[Validate the api by giving invalid endpoints]]>
              </value>
            </param>
            <param index="2">
              <value>
                <![CDATA[/v1/getBonusStatusdd]]>
              </value>
            </param>
            <param index="3">
              <value>
                <![CDATA[GET]]>
              </value>
            </param>
            <param index="4">
              <value>
                <![CDATA[{}]]>
              </value>
            </param>
            <param index="5">
              <value>
                <![CDATA[404.0]]>
              </value>
            </param>
            <param index="6">
              <value>
                <![CDATA[{}]]>
              </value>
            </param>
          </params>
          <reporter-output>
          </reporter-output>
        </test-method> <!-- RestApiFuntValidations -->
        <test-method is-config="true" signature="afterMethod()[pri:0, instance:NewFrameWork.RedevRaffolux@6594402a]" started-at="2024-11-11T13:03:39 IST" name="afterMethod" finished-at="2024-11-11T13:03:39 IST" duration-ms="24" status="PASS">
          <reporter-output>
          </reporter-output>
        </test-method> <!-- afterMethod -->
        <test-method signature="RestApiFuntValidations(java.lang.String,java.lang.String,java.lang.String,java.lang.String,java.lang.String,double,java.lang.String)[pri:2, instance:NewFrameWork.RedevRaffolux@6594402a]" started-at="2024-11-11T13:03:39 IST" name="RestApiFuntValidations" data-provider="Data" finished-at="2024-11-11T13:03:40 IST" duration-ms="447" status="PASS">
          <params>
            <param index="0">
              <value>
                <![CDATA[Row 224]]>
              </value>
            </param>
            <param index="1">
              <value>
                <![CDATA[Validate the api by giving invalid endpoints]]>
              </value>
            </param>
            <param index="2">
              <value>
                <![CDATA[/v1/guestCheckoutdd]]>
              </value>
            </param>
            <param index="3">
              <value>
                <![CDATA[POST]]>
              </value>
            </param>
            <param index="4">
              <value>
                <![CDATA[{"firstName":"kk","lastName":"ed","email":"{{randomEmail}}","password":"123456","tickets":[{"raffleId":11214,"numberOftickets":9}],"raffle_updates_opt":true}]]>
              </value>
            </param>
            <param index="5">
              <value>
                <![CDATA[404.0]]>
              </value>
            </param>
            <param index="6">
              <value>
                <![CDATA[{}]]>
              </value>
            </param>
          </params>
          <reporter-output>
          </reporter-output>
        </test-method> <!-- RestApiFuntValidations -->
        <test-method is-config="true" signature="afterMethod()[pri:0, instance:NewFrameWork.RedevRaffolux@6594402a]" started-at="2024-11-11T13:03:40 IST" name="afterMethod" finished-at="2024-11-11T13:03:40 IST" duration-ms="46" status="PASS">
          <reporter-output>
          </reporter-output>
        </test-method> <!-- afterMethod -->
        <test-method signature="RestApiFuntValidations(java.lang.String,java.lang.String,java.lang.String,java.lang.String,java.lang.String,double,java.lang.String)[pri:2, instance:NewFrameWork.RedevRaffolux@6594402a]" started-at="2024-11-11T13:03:40 IST" name="RestApiFuntValidations" data-provider="Data" finished-at="2024-11-11T13:03:40 IST" duration-ms="434" status="PASS">
          <params>
            <param index="0">
              <value>
                <![CDATA[Row 225]]>
              </value>
            </param>
            <param index="1">
              <value>
                <![CDATA[Validate the api by giving invalid endpoints]]>
              </value>
            </param>
            <param index="2">
              <value>
                <![CDATA[/v1/validateTokdden]]>
              </value>
            </param>
            <param index="3">
              <value>
                <![CDATA[POST]]>
              </value>
            </param>
            <param index="4">
              <value>
                <![CDATA[{"firstName":"kk","lastName":"ed","email":"lhalesworth2213@techcrunch.com","password":"123456","tickets":[{"raffleId":11214,"numberOftickets":9}],"raffle_updates_opt":true}]]>
              </value>
            </param>
            <param index="5">
              <value>
                <![CDATA[403.0]]>
              </value>
            </param>
            <param index="6">
              <value>
                <![CDATA[{}]]>
              </value>
            </param>
          </params>
          <reporter-output>
          </reporter-output>
        </test-method> <!-- RestApiFuntValidations -->
        <test-method is-config="true" signature="afterMethod()[pri:0, instance:NewFrameWork.RedevRaffolux@6594402a]" started-at="2024-11-11T13:03:40 IST" name="afterMethod" finished-at="2024-11-11T13:03:40 IST" duration-ms="36" status="PASS">
          <reporter-output>
          </reporter-output>
        </test-method> <!-- afterMethod -->
        <test-method signature="RestApiFuntValidations(java.lang.String,java.lang.String,java.lang.String,java.lang.String,java.lang.String,double,java.lang.String)[pri:2, instance:NewFrameWork.RedevRaffolux@6594402a]" started-at="2024-11-11T13:03:40 IST" name="RestApiFuntValidations" data-provider="Data" finished-at="2024-11-11T13:03:41 IST" duration-ms="472" status="PASS">
          <params>
            <param index="0">
              <value>
                <![CDATA[Row 226]]>
              </value>
            </param>
            <param index="1">
              <value>
                <![CDATA[Validate the api by giving invalid email id]]>
              </value>
            </param>
            <param index="2">
              <value>
                <![CDATA[/v1/guestCheckout]]>
              </value>
            </param>
            <param index="3">
              <value>
                <![CDATA[POST]]>
              </value>
            </param>
            <param index="4">
              <value>
                <![CDATA[{"firstName":"kk","lastName":"ed","email":"fghdghghdgh","password":"123456","tickets":[{"raffleId":11214,"numberOftickets":9}],"raffle_updates_opt":true}]]>
              </value>
            </param>
            <param index="5">
              <value>
                <![CDATA[400.0]]>
              </value>
            </param>
            <param index="6">
              <value>
                <![CDATA[{}]]>
              </value>
            </param>
          </params>
          <reporter-output>
          </reporter-output>
        </test-method> <!-- RestApiFuntValidations -->
        <test-method is-config="true" signature="afterMethod()[pri:0, instance:NewFrameWork.RedevRaffolux@6594402a]" started-at="2024-11-11T13:03:41 IST" name="afterMethod" finished-at="2024-11-11T13:03:41 IST" duration-ms="70" status="PASS">
          <reporter-output>
          </reporter-output>
        </test-method> <!-- afterMethod -->
        <test-method signature="RestApiFuntValidations(java.lang.String,java.lang.String,java.lang.String,java.lang.String,java.lang.String,double,java.lang.String)[pri:2, instance:NewFrameWork.RedevRaffolux@6594402a]" started-at="2024-11-11T13:03:41 IST" name="RestApiFuntValidations" data-provider="Data" finished-at="2024-11-11T13:03:43 IST" duration-ms="1871" status="PASS">
          <params>
            <param index="0">
              <value>
                <![CDATA[Row 227]]>
              </value>
            </param>
            <param index="1">
              <value>
                <![CDATA[Validate the api by giving invalid password]]>
              </value>
            </param>
            <param index="2">
              <value>
                <![CDATA[/v1/guestCheckout]]>
              </value>
            </param>
            <param index="3">
              <value>
                <![CDATA[POST]]>
              </value>
            </param>
            <param index="4">
              <value>
                <![CDATA[{"firstName":"kk","lastName":"ed","email":"sample23@gmail.com","password":"123","tickets":[{"raffleId":11214,"numberOftickets":9}],"raffle_updates_opt":true}]]>
              </value>
            </param>
            <param index="5">
              <value>
                <![CDATA[400.0]]>
              </value>
            </param>
            <param index="6">
              <value>
                <![CDATA[{}]]>
              </value>
            </param>
          </params>
          <reporter-output>
          </reporter-output>
        </test-method> <!-- RestApiFuntValidations -->
        <test-method is-config="true" signature="afterMethod()[pri:0, instance:NewFrameWork.RedevRaffolux@6594402a]" started-at="2024-11-11T13:03:43 IST" name="afterMethod" finished-at="2024-11-11T13:03:43 IST" duration-ms="62" status="PASS">
          <reporter-output>
          </reporter-output>
        </test-method> <!-- afterMethod -->
        <test-method signature="RestApiFuntValidations(java.lang.String,java.lang.String,java.lang.String,java.lang.String,java.lang.String,double,java.lang.String)[pri:2, instance:NewFrameWork.RedevRaffolux@6594402a]" started-at="2024-11-11T13:03:43 IST" name="RestApiFuntValidations" data-provider="Data" finished-at="2024-11-11T13:03:43 IST" duration-ms="451" status="PASS">
          <params>
            <param index="0">
              <value>
                <![CDATA[Row 228]]>
              </value>
            </param>
            <param index="1">
              <value>
                <![CDATA[Validate the api by giving invalid firstname]]>
              </value>
            </param>
            <param index="2">
              <value>
                <![CDATA[/v1/guestCheckout]]>
              </value>
            </param>
            <param index="3">
              <value>
                <![CDATA[POST]]>
              </value>
            </param>
            <param index="4">
              <value>
                <![CDATA[{"firstName":"","lastName":"","email":"sample23@gmail.com","password":"123","tickets":[{"raffleId":11214,"numberOftickets":9}],"raffle_updates_opt":true}]]>
              </value>
            </param>
            <param index="5">
              <value>
                <![CDATA[400.0]]>
              </value>
            </param>
            <param index="6">
              <value>
                <![CDATA[{}]]>
              </value>
            </param>
          </params>
          <reporter-output>
          </reporter-output>
        </test-method> <!-- RestApiFuntValidations -->
        <test-method is-config="true" signature="afterMethod()[pri:0, instance:NewFrameWork.RedevRaffolux@6594402a]" started-at="2024-11-11T13:03:43 IST" name="afterMethod" finished-at="2024-11-11T13:03:43 IST" duration-ms="31" status="PASS">
          <reporter-output>
          </reporter-output>
        </test-method> <!-- afterMethod -->
        <test-method signature="RestApiFuntValidations(java.lang.String,java.lang.String,java.lang.String,java.lang.String,java.lang.String,double,java.lang.String)[pri:2, instance:NewFrameWork.RedevRaffolux@6594402a]" started-at="2024-11-11T13:03:43 IST" name="RestApiFuntValidations" data-provider="Data" finished-at="2024-11-11T13:03:44 IST" duration-ms="179" status="PASS">
          <params>
            <param index="0">
              <value>
                <![CDATA[Row 229]]>
              </value>
            </param>
            <param index="1">
              <value>
                <![CDATA[Validate the api by giving invalid raffle id]]>
              </value>
            </param>
            <param index="2">
              <value>
                <![CDATA[/v1/guestCheckout]]>
              </value>
            </param>
            <param index="3">
              <value>
                <![CDATA[POST]]>
              </value>
            </param>
            <param index="4">
              <value>
                <![CDATA[{"firstName":"kk","lastName":"ed","email":"sample23@gmail.com","password":"123","tickets":[{"raffleId":112yre6734yer734yre14,"numberOftickets":9}],"raffle_updates_opt":true}]]>
              </value>
            </param>
            <param index="5">
              <value>
                <![CDATA[400.0]]>
              </value>
            </param>
            <param index="6">
              <value>
                <![CDATA[{}]]>
              </value>
            </param>
          </params>
          <reporter-output>
          </reporter-output>
        </test-method> <!-- RestApiFuntValidations -->
        <test-method is-config="true" signature="afterMethod()[pri:0, instance:NewFrameWork.RedevRaffolux@6594402a]" started-at="2024-11-11T13:03:44 IST" name="afterMethod" finished-at="2024-11-11T13:03:44 IST" duration-ms="30" status="PASS">
          <reporter-output>
          </reporter-output>
        </test-method> <!-- afterMethod -->
        <test-method signature="RestApiFuntValidations(java.lang.String,java.lang.String,java.lang.String,java.lang.String,java.lang.String,double,java.lang.String)[pri:2, instance:NewFrameWork.RedevRaffolux@6594402a]" started-at="2024-11-11T13:03:44 IST" name="RestApiFuntValidations" data-provider="Data" finished-at="2024-11-11T13:03:44 IST" duration-ms="460" status="PASS">
          <params>
            <param index="0">
              <value>
                <![CDATA[Row 230]]>
              </value>
            </param>
            <param index="1">
              <value>
                <![CDATA[Validate the api by giving invalid null]]>
              </value>
            </param>
            <param index="2">
              <value>
                <![CDATA[/v1/guestCheckout]]>
              </value>
            </param>
            <param index="3">
              <value>
                <![CDATA[POST]]>
              </value>
            </param>
            <param index="4">
              <value>
                <![CDATA[{"firstName":"","lastName":"","email":"","password":"","tickets":[{"raffleId":,"numberOftickets":}],"raffle_updates_opt":true}]]>
              </value>
            </param>
            <param index="5">
              <value>
                <![CDATA[400.0]]>
              </value>
            </param>
            <param index="6">
              <value>
                <![CDATA[{}]]>
              </value>
            </param>
          </params>
          <reporter-output>
          </reporter-output>
        </test-method> <!-- RestApiFuntValidations -->
        <test-method is-config="true" signature="afterMethod()[pri:0, instance:NewFrameWork.RedevRaffolux@6594402a]" started-at="2024-11-11T13:03:44 IST" name="afterMethod" finished-at="2024-11-11T13:03:44 IST" duration-ms="36" status="PASS">
          <reporter-output>
          </reporter-output>
        </test-method> <!-- afterMethod -->
        <test-method is-config="true" signature="tearDown()[pri:0, instance:NewFrameWork.RedevRaffolux@6594402a]" started-at="2024-11-11T13:03:44 IST" name="tearDown" finished-at="2024-11-11T13:03:44 IST" duration-ms="129" status="PASS">
          <reporter-output>
          </reporter-output>
        </test-method> <!-- tearDown -->
      </class> <!-- NewFrameWork.RedevRaffolux -->
    </test> <!-- Default test -->
  </suite> <!-- Default suite -->
</testng-results>
