<?xml version="1.0" encoding="UTF-8"?>
<testng-results ignored="0" total="6" passed="6" failed="0" skipped="0">
  <reporter-output>
  </reporter-output>
  <suite started-at="2023-09-14T17:29:16 IST" name="Default suite" finished-at="2023-09-14T17:29:28 IST" duration-ms="12159">
    <groups>
    </groups>
    <test started-at="2023-09-14T17:29:16 IST" name="Default test" finished-at="2023-09-14T17:29:28 IST" duration-ms="12159">
      <class name="com.SpryntzApiTesting.RestaurantOnboarding">
        <test-method is-config="true" signature="setUp()[pri:0, instance:com.SpryntzApiTesting.RestaurantOnboarding@47e2e487]" started-at="2023-09-14T17:29:16 IST" name="setUp" finished-at="2023-09-14T17:29:16 IST" duration-ms="402" status="PASS">
          <reporter-output>
          </reporter-output>
        </test-method> <!-- setUp -->
        <test-method is-config="true" signature="beforeMethod()[pri:0, instance:com.SpryntzApiTesting.RestaurantOnboarding@47e2e487]" started-at="2023-09-14T17:29:19 IST" name="beforeMethod" finished-at="2023-09-14T17:29:19 IST" duration-ms="4" status="PASS">
          <reporter-output>
          </reporter-output>
        </test-method> <!-- beforeMethod -->
        <test-method signature="SpryntzRestApiAfterLoginRestaurantOnboardinginvalidjwt(java.lang.String,java.lang.String,java.lang.String,java.lang.String,java.lang.String,double,java.lang.String)[pri:3, instance:com.SpryntzApiTesting.RestaurantOnboarding@47e2e487]" started-at="2023-09-14T17:29:19 IST" name="SpryntzRestApiAfterLoginRestaurantOnboardinginvalidjwt" data-provider="RestaurantOnboarding" finished-at="2023-09-14T17:29:23 IST" duration-ms="3996" status="PASS">
          <params>
            <param index="0">
              <value>
                <![CDATA[Row2]]>
              </value>
            </param>
            <param index="1">
              <value>
                <![CDATA[Forgot password]]>
              </value>
            </param>
            <param index="2">
              <value>
                <![CDATA[POST]]>
              </value>
            </param>
            <param index="3">
              <value>
                <![CDATA[https://spryntzqa.com/api/v1/auth/forgotPassword]]>
              </value>
            </param>
            <param index="4">
              <value>
                <![CDATA[{
    "email": "sanjeev121@yopmail.com"
}]]>
              </value>
            </param>
            <param index="5">
              <value>
                <![CDATA[200.0]]>
              </value>
            </param>
            <param index="6">
              <value>
                <![CDATA[Send new auto generated password to registered email]]>
              </value>
            </param>
          </params>
          <reporter-output>
          </reporter-output>
        </test-method> <!-- SpryntzRestApiAfterLoginRestaurantOnboardinginvalidjwt -->
        <test-method is-config="true" signature="afterMethod()[pri:0, instance:com.SpryntzApiTesting.RestaurantOnboarding@47e2e487]" started-at="2023-09-14T17:29:23 IST" name="afterMethod" finished-at="2023-09-14T17:29:24 IST" duration-ms="635" status="PASS">
          <reporter-output>
          </reporter-output>
        </test-method> <!-- afterMethod -->
        <test-method is-config="true" signature="beforeMethod()[pri:0, instance:com.SpryntzApiTesting.RestaurantOnboarding@47e2e487]" started-at="2023-09-14T17:29:24 IST" name="beforeMethod" finished-at="2023-09-14T17:29:24 IST" duration-ms="1" status="PASS">
          <reporter-output>
          </reporter-output>
        </test-method> <!-- beforeMethod -->
        <test-method signature="SpryntzRestApiAfterLoginRestaurantOnboardinginvalidjwt(java.lang.String,java.lang.String,java.lang.String,java.lang.String,java.lang.String,double,java.lang.String)[pri:3, instance:com.SpryntzApiTesting.RestaurantOnboarding@47e2e487]" started-at="2023-09-14T17:29:24 IST" name="SpryntzRestApiAfterLoginRestaurantOnboardinginvalidjwt" data-provider="RestaurantOnboarding" finished-at="2023-09-14T17:29:25 IST" duration-ms="927" status="PASS">
          <params>
            <param index="0">
              <value>
                <![CDATA[Row3]]>
              </value>
            </param>
            <param index="1">
              <value>
                <![CDATA[Change Password]]>
              </value>
            </param>
            <param index="2">
              <value>
                <![CDATA[POST]]>
              </value>
            </param>
            <param index="3">
              <value>
                <![CDATA[https://spryntzqa.com/api/v1/changePassword]]>
              </value>
            </param>
            <param index="4">
              <value>
                <![CDATA[{
    "current_password" : "admin@123",
    "new_password" : "admin@1234",
    "confirm_password" : "admin@1234"
}
]]>
              </value>
            </param>
            <param index="5">
              <value>
                <![CDATA[200.0]]>
              </value>
            </param>
            <param index="6">
              <value>
                <![CDATA[Change password]]>
              </value>
            </param>
          </params>
          <reporter-output>
          </reporter-output>
        </test-method> <!-- SpryntzRestApiAfterLoginRestaurantOnboardinginvalidjwt -->
        <test-method is-config="true" signature="afterMethod()[pri:0, instance:com.SpryntzApiTesting.RestaurantOnboarding@47e2e487]" started-at="2023-09-14T17:29:25 IST" name="afterMethod" finished-at="2023-09-14T17:29:25 IST" duration-ms="22" status="PASS">
          <reporter-output>
          </reporter-output>
        </test-method> <!-- afterMethod -->
        <test-method is-config="true" signature="beforeMethod()[pri:0, instance:com.SpryntzApiTesting.RestaurantOnboarding@47e2e487]" started-at="2023-09-14T17:29:25 IST" name="beforeMethod" finished-at="2023-09-14T17:29:25 IST" duration-ms="0" status="PASS">
          <reporter-output>
          </reporter-output>
        </test-method> <!-- beforeMethod -->
        <test-method signature="SpryntzRestApiAfterLoginRestaurantOnboardinginvalidjwt(java.lang.String,java.lang.String,java.lang.String,java.lang.String,java.lang.String,double,java.lang.String)[pri:3, instance:com.SpryntzApiTesting.RestaurantOnboarding@47e2e487]" started-at="2023-09-14T17:29:25 IST" name="SpryntzRestApiAfterLoginRestaurantOnboardinginvalidjwt" data-provider="RestaurantOnboarding" finished-at="2023-09-14T17:29:25 IST" duration-ms="925" status="PASS">
          <params>
            <param index="0">
              <value>
                <![CDATA[Row4]]>
              </value>
            </param>
            <param index="1">
              <value>
                <![CDATA[Send/Trigger OTP email]]>
              </value>
            </param>
            <param index="2">
              <value>
                <![CDATA[POST]]>
              </value>
            </param>
            <param index="3">
              <value>
                <![CDATA[https://spryntzqa.com/api/v1/auth/sendToken]]>
              </value>
            </param>
            <param index="4">
              <value>
                <![CDATA[{
    "email":"anish.reddy@rhibhus.com",
    "type":"email"
}]]>
              </value>
            </param>
            <param index="5">
              <value>
                <![CDATA[200.0]]>
              </value>
            </param>
            <param index="6">
              <value>
                <![CDATA[Please check your email for the OTP]]>
              </value>
            </param>
          </params>
          <reporter-output>
          </reporter-output>
        </test-method> <!-- SpryntzRestApiAfterLoginRestaurantOnboardinginvalidjwt -->
        <test-method is-config="true" signature="afterMethod()[pri:0, instance:com.SpryntzApiTesting.RestaurantOnboarding@47e2e487]" started-at="2023-09-14T17:29:25 IST" name="afterMethod" finished-at="2023-09-14T17:29:26 IST" duration-ms="21" status="PASS">
          <reporter-output>
          </reporter-output>
        </test-method> <!-- afterMethod -->
        <test-method is-config="true" signature="beforeMethod()[pri:0, instance:com.SpryntzApiTesting.RestaurantOnboarding@47e2e487]" started-at="2023-09-14T17:29:26 IST" name="beforeMethod" finished-at="2023-09-14T17:29:26 IST" duration-ms="1" status="PASS">
          <reporter-output>
          </reporter-output>
        </test-method> <!-- beforeMethod -->
        <test-method signature="SpryntzRestApiAfterLoginRestaurantOnboardinginvalidjwt(java.lang.String,java.lang.String,java.lang.String,java.lang.String,java.lang.String,double,java.lang.String)[pri:3, instance:com.SpryntzApiTesting.RestaurantOnboarding@47e2e487]" started-at="2023-09-14T17:29:26 IST" name="SpryntzRestApiAfterLoginRestaurantOnboardinginvalidjwt" data-provider="RestaurantOnboarding" finished-at="2023-09-14T17:29:26 IST" duration-ms="817" status="PASS">
          <params>
            <param index="0">
              <value>
                <![CDATA[Row5]]>
              </value>
            </param>
            <param index="1">
              <value>
                <![CDATA[Send/Trigger OTP phone]]>
              </value>
            </param>
            <param index="2">
              <value>
                <![CDATA[POST]]>
              </value>
            </param>
            <param index="3">
              <value>
                <![CDATA[https://spryntzqa.com/api/v1/auth/sendToken]]>
              </value>
            </param>
            <param index="4">
              <value>
                <![CDATA[{
    "phone_number":"9502596499",
    "type":"phone",
    "dail_code" : "91"
}]]>
              </value>
            </param>
            <param index="5">
              <value>
                <![CDATA[200.0]]>
              </value>
            </param>
            <param index="6">
              <value>
                <![CDATA[Please check your phone for the OTP]]>
              </value>
            </param>
          </params>
          <reporter-output>
          </reporter-output>
        </test-method> <!-- SpryntzRestApiAfterLoginRestaurantOnboardinginvalidjwt -->
        <test-method is-config="true" signature="afterMethod()[pri:0, instance:com.SpryntzApiTesting.RestaurantOnboarding@47e2e487]" started-at="2023-09-14T17:29:26 IST" name="afterMethod" finished-at="2023-09-14T17:29:26 IST" duration-ms="19" status="PASS">
          <reporter-output>
          </reporter-output>
        </test-method> <!-- afterMethod -->
        <test-method is-config="true" signature="beforeMethod()[pri:0, instance:com.SpryntzApiTesting.RestaurantOnboarding@47e2e487]" started-at="2023-09-14T17:29:26 IST" name="beforeMethod" finished-at="2023-09-14T17:29:26 IST" duration-ms="0" status="PASS">
          <reporter-output>
          </reporter-output>
        </test-method> <!-- beforeMethod -->
        <test-method signature="SpryntzRestApiAfterLoginRestaurantOnboardinginvalidjwt(java.lang.String,java.lang.String,java.lang.String,java.lang.String,java.lang.String,double,java.lang.String)[pri:3, instance:com.SpryntzApiTesting.RestaurantOnboarding@47e2e487]" started-at="2023-09-14T17:29:26 IST" name="SpryntzRestApiAfterLoginRestaurantOnboardinginvalidjwt" data-provider="RestaurantOnboarding" finished-at="2023-09-14T17:29:27 IST" duration-ms="1025" status="PASS">
          <params>
            <param index="0">
              <value>
                <![CDATA[Row6]]>
              </value>
            </param>
            <param index="1">
              <value>
                <![CDATA[Verify phone OTP]]>
              </value>
            </param>
            <param index="2">
              <value>
                <![CDATA[POST]]>
              </value>
            </param>
            <param index="3">
              <value>
                <![CDATA[https://spryntzqa.com/api/v1/auth/verifyAccount]]>
              </value>
            </param>
            <param index="4">
              <value>
                <![CDATA[{
    "type": "phone",
    "otp": "668218"
}]]>
              </value>
            </param>
            <param index="5">
              <value>
                <![CDATA[200.0]]>
              </value>
            </param>
            <param index="6">
              <value>
                <![CDATA[Phone number should get verify]]>
              </value>
            </param>
          </params>
          <reporter-output>
          </reporter-output>
        </test-method> <!-- SpryntzRestApiAfterLoginRestaurantOnboardinginvalidjwt -->
        <test-method is-config="true" signature="afterMethod()[pri:0, instance:com.SpryntzApiTesting.RestaurantOnboarding@47e2e487]" started-at="2023-09-14T17:29:27 IST" name="afterMethod" finished-at="2023-09-14T17:29:27 IST" duration-ms="23" status="PASS">
          <reporter-output>
          </reporter-output>
        </test-method> <!-- afterMethod -->
        <test-method is-config="true" signature="beforeMethod()[pri:0, instance:com.SpryntzApiTesting.RestaurantOnboarding@47e2e487]" started-at="2023-09-14T17:29:27 IST" name="beforeMethod" finished-at="2023-09-14T17:29:27 IST" duration-ms="1" status="PASS">
          <reporter-output>
          </reporter-output>
        </test-method> <!-- beforeMethod -->
        <test-method signature="SpryntzRestApiAfterLoginRestaurantOnboardinginvalidjwt(java.lang.String,java.lang.String,java.lang.String,java.lang.String,java.lang.String,double,java.lang.String)[pri:3, instance:com.SpryntzApiTesting.RestaurantOnboarding@47e2e487]" started-at="2023-09-14T17:29:27 IST" name="SpryntzRestApiAfterLoginRestaurantOnboardinginvalidjwt" data-provider="RestaurantOnboarding" finished-at="2023-09-14T17:29:28 IST" duration-ms="924" status="PASS">
          <params>
            <param index="0">
              <value>
                <![CDATA[Row7]]>
              </value>
            </param>
            <param index="1">
              <value>
                <![CDATA[Verify phone Email]]>
              </value>
            </param>
            <param index="2">
              <value>
                <![CDATA[POST]]>
              </value>
            </param>
            <param index="3">
              <value>
                <![CDATA[https://spryntzqa.com/api/v1/auth/verifyAccount]]>
              </value>
            </param>
            <param index="4">
              <value>
                <![CDATA[{
    "type": "email",
    "otp": "668218"
}]]>
              </value>
            </param>
            <param index="5">
              <value>
                <![CDATA[200.0]]>
              </value>
            </param>
            <param index="6">
              <value>
                <![CDATA[Email should get verify]]>
              </value>
            </param>
          </params>
          <reporter-output>
          </reporter-output>
        </test-method> <!-- SpryntzRestApiAfterLoginRestaurantOnboardinginvalidjwt -->
        <test-method is-config="true" signature="afterMethod()[pri:0, instance:com.SpryntzApiTesting.RestaurantOnboarding@47e2e487]" started-at="2023-09-14T17:29:28 IST" name="afterMethod" finished-at="2023-09-14T17:29:28 IST" duration-ms="23" status="PASS">
          <reporter-output>
          </reporter-output>
        </test-method> <!-- afterMethod -->
        <test-method is-config="true" signature="tearDown()[pri:0, instance:com.SpryntzApiTesting.RestaurantOnboarding@47e2e487]" started-at="2023-09-14T17:29:28 IST" name="tearDown" finished-at="2023-09-14T17:29:28 IST" duration-ms="19" status="PASS">
          <reporter-output>
          </reporter-output>
        </test-method> <!-- tearDown -->
      </class> <!-- com.SpryntzApiTesting.RestaurantOnboarding -->
    </test> <!-- Default test -->
  </suite> <!-- Default suite -->
</testng-results>
