<?xml version="1.0" encoding="UTF-8"?>
<testng-results ignored="0" total="92" passed="92" failed="0" skipped="0">
  <reporter-output>
  </reporter-output>
  <suite started-at="2023-09-05T13:03:48 IST" name="Default suite" finished-at="2023-09-05T13:04:51 IST" duration-ms="62617">
    <groups>
    </groups>
    <test started-at="2023-09-05T13:03:48 IST" name="Default test" finished-at="2023-09-05T13:04:51 IST" duration-ms="62617">
      <class name="com.RedevApiTesting.RafflouxApiTestClass">
        <test-method is-config="true" signature="setUp()[pri:0, instance:com.RedevApiTesting.RafflouxApiTestClass@14dd9eb7]" started-at="2023-09-05T13:03:48 IST" name="setUp" finished-at="2023-09-05T13:03:48 IST" duration-ms="447" status="PASS">
          <reporter-output>
          </reporter-output>
        </test-method> <!-- setUp -->
        <test-method is-config="true" signature="beforeMethod()[pri:0, instance:com.RedevApiTesting.RafflouxApiTestClass@14dd9eb7]" started-at="2023-09-05T13:03:51 IST" name="beforeMethod" finished-at="2023-09-05T13:03:51 IST" duration-ms="3" status="PASS">
          <reporter-output>
          </reporter-output>
        </test-method> <!-- beforeMethod -->
        <test-method signature="RafflouxRestApiFuntValidations(java.lang.String,java.lang.String,java.lang.String,java.lang.String,java.lang.String,double,java.lang.String)[pri:2, instance:com.RedevApiTesting.RafflouxApiTestClass@14dd9eb7]" started-at="2023-09-05T13:03:51 IST" name="RafflouxRestApiFuntValidations" data-provider="FunctSheet" finished-at="2023-09-05T13:03:56 IST" duration-ms="5283" status="PASS">
          <params>
            <param index="0">
              <value>
                <![CDATA[Row 2]]>
              </value>
            </param>
            <param index="1">
              <value>
                <![CDATA[Raffle Page Data]]>
              </value>
            </param>
            <param index="2">
              <value>
                <![CDATA[POST]]>
              </value>
            </param>
            <param index="3">
              <value>
                <![CDATA[/v1/getRafflePageData]]>
              </value>
            </param>
            <param index="4">
              <value>
                <![CDATA[{
    "raffleCode": "4449"
}]]>
              </value>
            </param>
            <param index="5">
              <value>
                <![CDATA[200.0]]>
              </value>
            </param>
            <param index="6">
              <value>
                <![CDATA[{
    "id": 8875,
    "RaffleCode": 3874,
    "QuantityOfItems": 1,
    "MainImageUrl": "media23/raf250B_main.webp",
    "Summary": ".",
    "Description": "Win £250 Tax-Free Cash \r\n<br><br/>\r\nAttention all! It's time to put your luck to the test and win big with our latest raffle. Enter for your chance to win £250 in cold, hard cash!\r\n<br><br/>\r\nWhether you're looking to treat yourself to a shopping spree or save up for that special something, this prize could be the perfect boost to your wallet. Plus, with only a limited number of tickets available, your odds of winning are better than ever.\r\n<br><br/>\r\nSo what are you waiting for? Purchase your raffle ticket now and cross your fingers for the big win. The lucky winner will be drawn at random and notified via email, so be sure to keep an eye on your inbox.\r\n<br><br/>\r\nDon't wait – enter now and you could be the lucky winner of £250 in cash!",
    "ReservePrice": "0.00",
    "NoOfTickets": null,
    "RaffleLength": null,
    "RaffleExpire": "2023-04-22T21:00:00.000Z",
    "RaffleAdded": "2023-04-21T19:37:57.439Z",
    "Featured": false,
    "TicketsSold": 0,
    "TicketsLeft": null,
    "TicketStartInt": 1,
    "CategoryID_id": 35,
    "Condition_id": 1,
    "DeliveryInformation_id": 2,
    "Status_id": 5,
    "Charity_id": null,
    "CharityAmount": "0",
    "Title": "£250 Cash",
    "ProductSource": "",
    "RetailPrice": "250.00",
    "Specification": "£250 Cash\r\nTax Free Cash\r\nDirect Bank Transfer",
    "TargetPrice": "500.00",
    "Seller_id": 1,
    "CreatedDateTime": "2023-04-21T19:37:57.447Z",
    "MiniImageUrl": "media23/raf250B_mini.webp",
    "FacebookDescription": "£250 sent straight to your bank to use as you wish",
    "FacebookTitle": "Win £250 Tax Free Cash",
    "CreditsPerTicket": 1,
    "Extended": false,
    "ExtendedDays": 0,
    "isLive": false,
    "TicketsPerEntry": 1,
    "MaxEntries": 20,
    "isCharity": false,
    "CharityColorOverride": "",
    "isFlash": true,
    "slug": "250",
    "VideoUrl_mp4": "",
    "FeatureRaffleSort": 0,
    "VideoLength_mp4": 0,
    "VideoUrl_webm": "",
    "NoWinners": 1,
    "JiraKeyId": "NA",
    "Sponsor_id": null,
    "MainImageAlt": "250cash",
    "MiniImageAlt": "250cash",
    "PromoImageAlt": "",
    "PromoImageUrl": "",
    "drawing_in": "2023-04-22T21:00:00.000Z",
    "postal_tickets": "",
    "ticket_entries": "",
    "isSuperRaffle": false,
    "isUnlimitedTickets": false,
    "Winners": null,
    "isLiveDraw": false,
    "isSequentialTickets": false,
    "isAutoClone": false,
    "autoCloned": false,
    "clonedFrom_id": 8869,
    "Video_NoSound": false,
    "VideoLiveDrawUrl": null,
    "MetaDescription": "",
    "MetaTitle": "",
    "XLImageAlt": "",
    "XLImageUrl": "",
    "isFreeRaffle": false,
    "isNew": false,
    "CharityTargetRaisedAmount": 0,
    "CharityApproximateDonation": 1000,
    "isUnlimitedEntries": true,
    "isGuaranteedDraw": false,
    "autoraffle": false,
    "custom_raffle_id": null,
    "displayed_winner_description": "",
    "displayed_winner_img_url": null,
    "AllRaffleSort": 0,
    "entry_cost_gbp": "0.99",
    "is_unlimited_entries": false,
    "is_unlimited_raffle": false,
    "total_entries": 399,
    "total_entries_per_player": 40,
    "discounted_entry_cost_gbp": "1.00",
    "discounted_entry_percentage": "0",
    "disable_ticket_selector": false,
    "Youtube_Link": "",
    "hide_tickets_checkout": false,
    "instant_win_image": null,
    "noOfTopPrizes": 6,
    "cash_alternative": 0,
    "is_cash_alternative_available": false,
    "TicketNo": [
        {
            "TicketNo": 79
        }
    ],
    "ticketsLeft": 0,
    "is_launch_price": false,
    "is_available": false,
    "is_soldout": false,
    "is_expired": true,
    "RaffleType": "NonInstant",
    "get_winners": [
        {
            "id": 8875,
            "Name": "Ash Garnett",
            "TicketNo": 129,
            "Location": "",
            "ImgUrl": "",
            "YouTubeVideoUrl": "",
            "Draw_id": 7730,
            "UserName_id": 2596,
            "Position": 1,
            "isFeatured": false,
            "created_at": "2022-11-28T22:01:51.325Z"
        }
    ],
    "get_sponsor": [],
    "get_charity": [],
    "user_entries": "none",
    "entries_sold": 0,
    "percentage_sold": 100,
    "raffle_entry_range": "0",
    "isActive": false
}]]>
              </value>
            </param>
          </params>
          <reporter-output>
          </reporter-output>
        </test-method> <!-- RafflouxRestApiFuntValidations -->
        <test-method is-config="true" signature="afterMethod()[pri:0, instance:com.RedevApiTesting.RafflouxApiTestClass@14dd9eb7]" started-at="2023-09-05T13:03:56 IST" name="afterMethod" finished-at="2023-09-05T13:03:57 IST" duration-ms="1126" status="PASS">
          <reporter-output>
          </reporter-output>
        </test-method> <!-- afterMethod -->
        <test-method signature="RafflouxRestApiFuntValidations(java.lang.String,java.lang.String,java.lang.String,java.lang.String,java.lang.String,double,java.lang.String)[pri:2, instance:com.RedevApiTesting.RafflouxApiTestClass@14dd9eb7]" started-at="2023-09-05T13:03:57 IST" name="RafflouxRestApiFuntValidations" data-provider="FunctSheet" finished-at="2023-09-05T13:03:58 IST" duration-ms="871" status="PASS">
          <params>
            <param index="0">
              <value>
                <![CDATA[Row 3]]>
              </value>
            </param>
            <param index="1">
              <value>
                <![CDATA[Raffle Page Data With Login]]>
              </value>
            </param>
            <param index="2">
              <value>
                <![CDATA[POST]]>
              </value>
            </param>
            <param index="3">
              <value>
                <![CDATA[/v1/getRafflePageDataWithLogin]]>
              </value>
            </param>
            <param index="4">
              <value>
                <![CDATA[{
    "raffleCode": "4449"
}]]>
              </value>
            </param>
            <param index="5">
              <value>
                <![CDATA[200.0]]>
              </value>
            </param>
            <param index="6">
              <value>
                <![CDATA[{
    "id": 8875,
    "RaffleCode": 3874,
    "QuantityOfItems": 1,
    "MainImageUrl": "media23/raf250B_main.webp",
    "Summary": ".",
    "Description": "Win £250 Tax-Free Cash \r\n<br><br/>\r\nAttention all! It's time to put your luck to the test and win big with our latest raffle. Enter for your chance to win £250 in cold, hard cash!\r\n<br><br/>\r\nWhether you're looking to treat yourself to a shopping spree or save up for that special something, this prize could be the perfect boost to your wallet. Plus, with only a limited number of tickets available, your odds of winning are better than ever.\r\n<br><br/>\r\nSo what are you waiting for? Purchase your raffle ticket now and cross your fingers for the big win. The lucky winner will be drawn at random and notified via email, so be sure to keep an eye on your inbox.\r\n<br><br/>\r\nDon't wait – enter now and you could be the lucky winner of £250 in cash!",
    "ReservePrice": "0.00",
    "NoOfTickets": null,
    "RaffleLength": null,
    "RaffleExpire": "2023-04-22T21:00:00.000Z",
    "RaffleAdded": "2023-04-21T19:37:57.439Z",
    "Featured": false,
    "TicketsSold": 0,
    "TicketsLeft": null,
    "TicketStartInt": 1,
    "CategoryID_id": 35,
    "Condition_id": 1,
    "DeliveryInformation_id": 2,
    "Status_id": 5,
    "Charity_id": null,
    "CharityAmount": "0",
    "Title": "£250 Cash",
    "ProductSource": "",
    "RetailPrice": "250.00",
    "Specification": "£250 Cash\r\nTax Free Cash\r\nDirect Bank Transfer",
    "TargetPrice": "500.00",
    "Seller_id": 1,
    "CreatedDateTime": "2023-04-21T19:37:57.447Z",
    "MiniImageUrl": "media23/raf250B_mini.webp",
    "FacebookDescription": "£250 sent straight to your bank to use as you wish",
    "FacebookTitle": "Win £250 Tax Free Cash",
    "CreditsPerTicket": 1,
    "Extended": false,
    "ExtendedDays": 0,
    "isLive": false,
    "TicketsPerEntry": 1,
    "MaxEntries": 20,
    "isCharity": false,
    "CharityColorOverride": "",
    "isFlash": true,
    "slug": "250",
    "VideoUrl_mp4": "",
    "FeatureRaffleSort": 0,
    "VideoLength_mp4": 0,
    "VideoUrl_webm": "",
    "NoWinners": 1,
    "JiraKeyId": "NA",
    "Sponsor_id": null,
    "MainImageAlt": "250cash",
    "MiniImageAlt": "250cash",
    "PromoImageAlt": "",
    "PromoImageUrl": "",
    "drawing_in": "2023-04-22T21:00:00.000Z",
    "postal_tickets": "",
    "ticket_entries": "",
    "isSuperRaffle": false,
    "isUnlimitedTickets": false,
    "Winners": null,
    "isLiveDraw": false,
    "isSequentialTickets": false,
    "isAutoClone": false,
    "autoCloned": false,
    "clonedFrom_id": 8869,
    "Video_NoSound": false,
    "VideoLiveDrawUrl": null,
    "MetaDescription": "",
    "MetaTitle": "",
    "XLImageAlt": "",
    "XLImageUrl": "",
    "isFreeRaffle": false,
    "isNew": false,
    "CharityTargetRaisedAmount": 0,
    "CharityApproximateDonation": 1000,
    "isUnlimitedEntries": true,
    "isGuaranteedDraw": false,
    "autoraffle": false,
    "custom_raffle_id": null,
    "displayed_winner_description": "",
    "displayed_winner_img_url": null,
    "AllRaffleSort": 0,
    "entry_cost_gbp": "0.99",
    "is_unlimited_entries": false,
    "is_unlimited_raffle": false,
    "total_entries": 399,
    "total_entries_per_player": 40,
    "discounted_entry_cost_gbp": "1.00",
    "discounted_entry_percentage": "0",
    "disable_ticket_selector": false,
    "Youtube_Link": "",
    "hide_tickets_checkout": false,
    "instant_win_image": null,
    "noOfTopPrizes": 6,
    "cash_alternative": 0,
    "is_cash_alternative_available": false,
    "TicketNo": [
        {
            "TicketNo": 79
        }
    ],
    "ticketsLeft": 0,
    "is_launch_price": false,
    "is_available": false,
    "is_soldout": false,
    "is_expired": true,
    "RaffleType": "NonInstant",
    "get_winners": [
        {
            "id": 8875,
            "Name": "Ash Garnett",
            "TicketNo": 129,
            "Location": "",
            "ImgUrl": "",
            "YouTubeVideoUrl": "",
            "Draw_id": 7730,
            "UserName_id": 2596,
            "Position": 1,
            "isFeatured": false,
            "created_at": "2022-11-28T22:01:51.325Z"
        }
    ],
    "get_sponsor": [],
    "get_charity": [],
    "user_entries": "none",
    "entries_sold": 0,
    "percentage_sold": 100,
    "raffle_entry_range": "0",
    "isActive": false
}]]>
              </value>
            </param>
          </params>
          <reporter-output>
          </reporter-output>
        </test-method> <!-- RafflouxRestApiFuntValidations -->
        <test-method is-config="true" signature="beforeMethod()[pri:0, instance:com.RedevApiTesting.RafflouxApiTestClass@14dd9eb7]" started-at="2023-09-05T13:03:57 IST" name="beforeMethod" finished-at="2023-09-05T13:03:57 IST" duration-ms="0" status="PASS">
          <reporter-output>
          </reporter-output>
        </test-method> <!-- beforeMethod -->
        <test-method is-config="true" signature="afterMethod()[pri:0, instance:com.RedevApiTesting.RafflouxApiTestClass@14dd9eb7]" started-at="2023-09-05T13:03:58 IST" name="afterMethod" finished-at="2023-09-05T13:03:58 IST" duration-ms="38" status="PASS">
          <reporter-output>
          </reporter-output>
        </test-method> <!-- afterMethod -->
        <test-method is-config="true" signature="beforeMethod()[pri:0, instance:com.RedevApiTesting.RafflouxApiTestClass@14dd9eb7]" started-at="2023-09-05T13:03:58 IST" name="beforeMethod" finished-at="2023-09-05T13:03:58 IST" duration-ms="1" status="PASS">
          <reporter-output>
          </reporter-output>
        </test-method> <!-- beforeMethod -->
        <test-method signature="RafflouxRestApiFuntValidations(java.lang.String,java.lang.String,java.lang.String,java.lang.String,java.lang.String,double,java.lang.String)[pri:2, instance:com.RedevApiTesting.RafflouxApiTestClass@14dd9eb7]" started-at="2023-09-05T13:03:58 IST" name="RafflouxRestApiFuntValidations" data-provider="FunctSheet" finished-at="2023-09-05T13:03:58 IST" duration-ms="283" status="PASS">
          <params>
            <param index="0">
              <value>
                <![CDATA[Row 4]]>
              </value>
            </param>
            <param index="1">
              <value>
                <![CDATA[Top Prizes]]>
              </value>
            </param>
            <param index="2">
              <value>
                <![CDATA[POST]]>
              </value>
            </param>
            <param index="3">
              <value>
                <![CDATA[/v1/fetchTopPrizes]]>
              </value>
            </param>
            <param index="4">
              <value>
                <![CDATA[{
    "raffle_id": 4449,
    "topPrCnt": "50"
}]]>
              </value>
            </param>
            <param index="5">
              <value>
                <![CDATA[200.0]]>
              </value>
            </param>
            <param index="6">
              <value>
                <![CDATA[{
        "id": 655,
        "created": "2023-03-15T21:27:56.665Z",
        "status": 3,
        "ticket_no_alias": 23514,
        "raffle_id": 8716,
        "user_id": 163509,
        "updated": "2023-03-15T21:27:56.665Z",
        "price": "5000.00",
        "legacy_tkt_nos": null,
        "instant_win_prize_id": 655,
        "name": "£5,000 Cash",
        "description": "",
        "img_url": "media23/rafMWTH5000.webp",
        "CategoryID_id": 35,
        "cash_alternative": 0
    ]]>
              </value>
            </param>
          </params>
          <reporter-output>
          </reporter-output>
        </test-method> <!-- RafflouxRestApiFuntValidations -->
        <test-method is-config="true" signature="afterMethod()[pri:0, instance:com.RedevApiTesting.RafflouxApiTestClass@14dd9eb7]" started-at="2023-09-05T13:03:58 IST" name="afterMethod" finished-at="2023-09-05T13:03:59 IST" duration-ms="60" status="PASS">
          <reporter-output>
          </reporter-output>
        </test-method> <!-- afterMethod -->
        <test-method is-config="true" signature="beforeMethod()[pri:0, instance:com.RedevApiTesting.RafflouxApiTestClass@14dd9eb7]" started-at="2023-09-05T13:03:59 IST" name="beforeMethod" finished-at="2023-09-05T13:03:59 IST" duration-ms="0" status="PASS">
          <reporter-output>
          </reporter-output>
        </test-method> <!-- beforeMethod -->
        <test-method signature="RafflouxRestApiFuntValidations(java.lang.String,java.lang.String,java.lang.String,java.lang.String,java.lang.String,double,java.lang.String)[pri:2, instance:com.RedevApiTesting.RafflouxApiTestClass@14dd9eb7]" started-at="2023-09-05T13:03:59 IST" name="RafflouxRestApiFuntValidations" data-provider="FunctSheet" finished-at="2023-09-05T13:03:59 IST" duration-ms="287" status="PASS">
          <params>
            <param index="0">
              <value>
                <![CDATA[Row 5]]>
              </value>
            </param>
            <param index="1">
              <value>
                <![CDATA[Top Prizes With Login]]>
              </value>
            </param>
            <param index="2">
              <value>
                <![CDATA[POST]]>
              </value>
            </param>
            <param index="3">
              <value>
                <![CDATA[/v1/fetchTopPrizesWithLogin]]>
              </value>
            </param>
            <param index="4">
              <value>
                <![CDATA[{
    "raffle_id": 4449,
    "topPrCnt": "50"
}]]>
              </value>
            </param>
            <param index="5">
              <value>
                <![CDATA[200.0]]>
              </value>
            </param>
            <param index="6">
              <value>
                <![CDATA[{
        "id": 655,
        "created": "2023-03-15T21:27:56.665Z",
        "status": 3,
        "ticket_no_alias": 23514,
        "raffle_id": 8716,
        "user_id": 163509,
        "updated": "2023-03-15T21:27:56.665Z",
        "price": "5000.00",
        "legacy_tkt_nos": null,
        "instant_win_prize_id": 655,
        "name": "£5,000 Cash",
        "description": "",
        "img_url": "media23/rafMWTH5000.webp",
        "CategoryID_id": 35,
        "cash_alternative": 0
    ]]>
              </value>
            </param>
          </params>
          <reporter-output>
          </reporter-output>
        </test-method> <!-- RafflouxRestApiFuntValidations -->
        <test-method is-config="true" signature="afterMethod()[pri:0, instance:com.RedevApiTesting.RafflouxApiTestClass@14dd9eb7]" started-at="2023-09-05T13:03:59 IST" name="afterMethod" finished-at="2023-09-05T13:03:59 IST" duration-ms="46" status="PASS">
          <reporter-output>
          </reporter-output>
        </test-method> <!-- afterMethod -->
        <test-method signature="RafflouxRestApiFuntValidations(java.lang.String,java.lang.String,java.lang.String,java.lang.String,java.lang.String,double,java.lang.String)[pri:2, instance:com.RedevApiTesting.RafflouxApiTestClass@14dd9eb7]" started-at="2023-09-05T13:03:59 IST" name="RafflouxRestApiFuntValidations" data-provider="FunctSheet" finished-at="2023-09-05T13:03:59 IST" duration-ms="552" status="PASS">
          <params>
            <param index="0">
              <value>
                <![CDATA[Row 6]]>
              </value>
            </param>
            <param index="1">
              <value>
                <![CDATA[All Prizes]]>
              </value>
            </param>
            <param index="2">
              <value>
                <![CDATA[POST]]>
              </value>
            </param>
            <param index="3">
              <value>
                <![CDATA[/v1/fetchAllPrizes]]>
              </value>
            </param>
            <param index="4">
              <value>
                <![CDATA[{
    "page":1,
    "raffle_id": 4449,
    "topPrizes": 50
}]]>
              </value>
            </param>
            <param index="5">
              <value>
                <![CDATA[200.0]]>
              </value>
            </param>
            <param index="6">
              <value>
                <![CDATA[ {
        "ticket_no_alias": 80,
        "status": 3,
        "instant_win_prize__name": "£25 Site Credit",
        "instant_win_prize__value": "25.00"
    }]]>
              </value>
            </param>
          </params>
          <reporter-output>
          </reporter-output>
        </test-method> <!-- RafflouxRestApiFuntValidations -->
        <test-method is-config="true" signature="beforeMethod()[pri:0, instance:com.RedevApiTesting.RafflouxApiTestClass@14dd9eb7]" started-at="2023-09-05T13:03:59 IST" name="beforeMethod" finished-at="2023-09-05T13:03:59 IST" duration-ms="0" status="PASS">
          <reporter-output>
          </reporter-output>
        </test-method> <!-- beforeMethod -->
        <test-method is-config="true" signature="afterMethod()[pri:0, instance:com.RedevApiTesting.RafflouxApiTestClass@14dd9eb7]" started-at="2023-09-05T13:03:59 IST" name="afterMethod" finished-at="2023-09-05T13:03:59 IST" duration-ms="42" status="PASS">
          <reporter-output>
          </reporter-output>
        </test-method> <!-- afterMethod -->
        <test-method signature="RafflouxRestApiFuntValidations(java.lang.String,java.lang.String,java.lang.String,java.lang.String,java.lang.String,double,java.lang.String)[pri:2, instance:com.RedevApiTesting.RafflouxApiTestClass@14dd9eb7]" started-at="2023-09-05T13:03:59 IST" name="RafflouxRestApiFuntValidations" data-provider="FunctSheet" finished-at="2023-09-05T13:04:00 IST" duration-ms="244" status="PASS">
          <params>
            <param index="0">
              <value>
                <![CDATA[Row 7]]>
              </value>
            </param>
            <param index="1">
              <value>
                <![CDATA[All Prizes with Login]]>
              </value>
            </param>
            <param index="2">
              <value>
                <![CDATA[POST]]>
              </value>
            </param>
            <param index="3">
              <value>
                <![CDATA[/v1/fetchAllPrizesWithLogin]]>
              </value>
            </param>
            <param index="4">
              <value>
                <![CDATA[{
    "page":1,
    "raffle_id": 4449,
    "topPrizes": 50
}]]>
              </value>
            </param>
            <param index="5">
              <value>
                <![CDATA[200.0]]>
              </value>
            </param>
            <param index="6">
              <value>
                <![CDATA[ {
        "ticket_no_alias": 80,
        "status": 3,
        "instant_win_prize__name": "£25 Site Credit",
        "instant_win_prize__value": "25.00"
    }]]>
              </value>
            </param>
          </params>
          <reporter-output>
          </reporter-output>
        </test-method> <!-- RafflouxRestApiFuntValidations -->
        <test-method is-config="true" signature="beforeMethod()[pri:0, instance:com.RedevApiTesting.RafflouxApiTestClass@14dd9eb7]" started-at="2023-09-05T13:03:59 IST" name="beforeMethod" finished-at="2023-09-05T13:03:59 IST" duration-ms="0" status="PASS">
          <reporter-output>
          </reporter-output>
        </test-method> <!-- beforeMethod -->
        <test-method is-config="true" signature="afterMethod()[pri:0, instance:com.RedevApiTesting.RafflouxApiTestClass@14dd9eb7]" started-at="2023-09-05T13:04:00 IST" name="afterMethod" finished-at="2023-09-05T13:04:00 IST" duration-ms="74" status="PASS">
          <reporter-output>
          </reporter-output>
        </test-method> <!-- afterMethod -->
        <test-method is-config="true" signature="beforeMethod()[pri:0, instance:com.RedevApiTesting.RafflouxApiTestClass@14dd9eb7]" started-at="2023-09-05T13:04:00 IST" name="beforeMethod" finished-at="2023-09-05T13:04:00 IST" duration-ms="1" status="PASS">
          <reporter-output>
          </reporter-output>
        </test-method> <!-- beforeMethod -->
        <test-method signature="RafflouxRestApiFuntValidations(java.lang.String,java.lang.String,java.lang.String,java.lang.String,java.lang.String,double,java.lang.String)[pri:2, instance:com.RedevApiTesting.RafflouxApiTestClass@14dd9eb7]" started-at="2023-09-05T13:04:00 IST" name="RafflouxRestApiFuntValidations" data-provider="FunctSheet" finished-at="2023-09-05T13:04:00 IST" duration-ms="268" status="PASS">
          <params>
            <param index="0">
              <value>
                <![CDATA[Row 8]]>
              </value>
            </param>
            <param index="1">
              <value>
                <![CDATA[All Prizes Filter]]>
              </value>
            </param>
            <param index="2">
              <value>
                <![CDATA[POST]]>
              </value>
            </param>
            <param index="3">
              <value>
                <![CDATA[/v1/fetchAllPrizesFilter]]>
              </value>
            </param>
            <param index="4">
              <value>
                <![CDATA[{
    "page": 1,
    "raffle_id": 4449,
    "topPrizes": 50,
    "searchValue":"si",
    "type":"descending"
}]]>
              </value>
            </param>
            <param index="5">
              <value>
                <![CDATA[200.0]]>
              </value>
            </param>
            <param index="6">
              <value>
                <![CDATA[ {
        "ticket_no_alias": 49933,
        "status": 3,
        "instant_win_prize__name": "£10 Site Credit",
        "instant_win_prize__value": "10.00"
    }]]>
              </value>
            </param>
          </params>
          <reporter-output>
          </reporter-output>
        </test-method> <!-- RafflouxRestApiFuntValidations -->
        <test-method is-config="true" signature="afterMethod()[pri:0, instance:com.RedevApiTesting.RafflouxApiTestClass@14dd9eb7]" started-at="2023-09-05T13:04:00 IST" name="afterMethod" finished-at="2023-09-05T13:04:00 IST" duration-ms="63" status="PASS">
          <reporter-output>
          </reporter-output>
        </test-method> <!-- afterMethod -->
        <test-method is-config="true" signature="beforeMethod()[pri:0, instance:com.RedevApiTesting.RafflouxApiTestClass@14dd9eb7]" started-at="2023-09-05T13:04:00 IST" name="beforeMethod" finished-at="2023-09-05T13:04:00 IST" duration-ms="2" status="PASS">
          <reporter-output>
          </reporter-output>
        </test-method> <!-- beforeMethod -->
        <test-method signature="RafflouxRestApiFuntValidations(java.lang.String,java.lang.String,java.lang.String,java.lang.String,java.lang.String,double,java.lang.String)[pri:2, instance:com.RedevApiTesting.RafflouxApiTestClass@14dd9eb7]" started-at="2023-09-05T13:04:00 IST" name="RafflouxRestApiFuntValidations" data-provider="FunctSheet" finished-at="2023-09-05T13:04:01 IST" duration-ms="542" status="PASS">
          <params>
            <param index="0">
              <value>
                <![CDATA[Row 9]]>
              </value>
            </param>
            <param index="1">
              <value>
                <![CDATA[All Charities]]>
              </value>
            </param>
            <param index="2">
              <value>
                <![CDATA[POST]]>
              </value>
            </param>
            <param index="3">
              <value>
                <![CDATA[/v1/fetchAllCharities]]>
              </value>
            </param>
            <param index="4">
              <value>
                <![CDATA[{}]]>
              </value>
            </param>
            <param index="5">
              <value>
                <![CDATA[200.0]]>
              </value>
            </param>
            <param index="6">
              <value>
                <![CDATA[{
        "id": 300,
        "CharityName": "ActionAid UK",
        "CharityDescription": "ActionAid is an international charity that works with women and girls living in poverty. ActionAid is ending violence and fighting poverty so that all women, everywhere, can create the future they want.",
        "CharityImgUrl": "media/ActionAidUKLogo.png",
        "CharityActive": true,
        "CharityUrl": "https://www.actionaid.org.uk/",
        "CharitySortOrder": 1,
        "CharityDisplay": true,
        "CharitySelectable": true,
        "CharityShowLogo": true,
        "CharityImgAlt": "ActionAid Logo",
        "CharityWhowonDescription": "",
        "CharityWhowonImgUrl": "",
        "DonationAmountAdjust": 2837,
        "CharityLogoImgUrl": "media/AAUKlogo2.png",
        "DonationAmountDisplayed": 2837,
        "CharityUrlNewsletter": "",
        "CharityAwareness": false,
        "created_at": "2021-03-01T00:00:01.000Z",
        "CharityColor": "#000"
    }]]>
              </value>
            </param>
          </params>
          <reporter-output>
          </reporter-output>
        </test-method> <!-- RafflouxRestApiFuntValidations -->
        <test-method is-config="true" signature="afterMethod()[pri:0, instance:com.RedevApiTesting.RafflouxApiTestClass@14dd9eb7]" started-at="2023-09-05T13:04:01 IST" name="afterMethod" finished-at="2023-09-05T13:04:01 IST" duration-ms="214" status="PASS">
          <reporter-output>
          </reporter-output>
        </test-method> <!-- afterMethod -->
        <test-method is-config="true" signature="beforeMethod()[pri:0, instance:com.RedevApiTesting.RafflouxApiTestClass@14dd9eb7]" started-at="2023-09-05T13:04:01 IST" name="beforeMethod" finished-at="2023-09-05T13:04:01 IST" duration-ms="0" status="PASS">
          <reporter-output>
          </reporter-output>
        </test-method> <!-- beforeMethod -->
        <test-method signature="RafflouxRestApiFuntValidations(java.lang.String,java.lang.String,java.lang.String,java.lang.String,java.lang.String,double,java.lang.String)[pri:2, instance:com.RedevApiTesting.RafflouxApiTestClass@14dd9eb7]" started-at="2023-09-05T13:04:01 IST" name="RafflouxRestApiFuntValidations" data-provider="FunctSheet" finished-at="2023-09-05T13:04:01 IST" duration-ms="557" status="PASS">
          <params>
            <param index="0">
              <value>
                <![CDATA[Row 10]]>
              </value>
            </param>
            <param index="1">
              <value>
                <![CDATA[Total Raised Charity Count]]>
              </value>
            </param>
            <param index="2">
              <value>
                <![CDATA[POST]]>
              </value>
            </param>
            <param index="3">
              <value>
                <![CDATA[/v1/fetchTotalRaisedCharitiesCount]]>
              </value>
            </param>
            <param index="4">
              <value>
                <![CDATA[{}]]>
              </value>
            </param>
            <param index="5">
              <value>
                <![CDATA[200.0]]>
              </value>
            </param>
            <param index="6">
              <value>
                <![CDATA[[
    {
        "sum": "594828"
    }
]]]>
              </value>
            </param>
          </params>
          <reporter-output>
          </reporter-output>
        </test-method> <!-- RafflouxRestApiFuntValidations -->
        <test-method is-config="true" signature="afterMethod()[pri:0, instance:com.RedevApiTesting.RafflouxApiTestClass@14dd9eb7]" started-at="2023-09-05T13:04:01 IST" name="afterMethod" finished-at="2023-09-05T13:04:01 IST" duration-ms="32" status="PASS">
          <reporter-output>
          </reporter-output>
        </test-method> <!-- afterMethod -->
        <test-method signature="RafflouxRestApiFuntValidations(java.lang.String,java.lang.String,java.lang.String,java.lang.String,java.lang.String,double,java.lang.String)[pri:2, instance:com.RedevApiTesting.RafflouxApiTestClass@14dd9eb7]" started-at="2023-09-05T13:04:01 IST" name="RafflouxRestApiFuntValidations" data-provider="FunctSheet" finished-at="2023-09-05T13:04:02 IST" duration-ms="557" status="PASS">
          <params>
            <param index="0">
              <value>
                <![CDATA[Row 11]]>
              </value>
            </param>
            <param index="1">
              <value>
                <![CDATA[Individual Charity]]>
              </value>
            </param>
            <param index="2">
              <value>
                <![CDATA[POST]]>
              </value>
            </param>
            <param index="3">
              <value>
                <![CDATA[/v1/fetchIndividualCharity]]>
              </value>
            </param>
            <param index="4">
              <value>
                <![CDATA[{
    "id":"300"
}]]>
              </value>
            </param>
            <param index="5">
              <value>
                <![CDATA[200.0]]>
              </value>
            </param>
            <param index="6">
              <value>
                <![CDATA[[
    {
        "id": 300,
        "CharityName": "ActionAid UK",
        "CharityDescription": "ActionAid is an international charity that works with women and girls living in poverty. ActionAid is ending violence and fighting poverty so that all women, everywhere, can create the future they want.",
        "CharityImgUrl": "media/ActionAidUKLogo.png",
        "CharityActive": true,
        "CharityUrl": "https://www.actionaid.org.uk/",
        "CharitySortOrder": 1,
        "CharityDisplay": true,
        "CharitySelectable": true,
        "CharityShowLogo": true,
        "CharityImgAlt": "ActionAid Logo",
        "CharityWhowonDescription": "",
        "CharityWhowonImgUrl": "",
        "DonationAmountAdjust": 2837,
        "CharityLogoImgUrl": "media/AAUKlogo2.png",
        "DonationAmountDisplayed": 2837,
        "CharityUrlNewsletter": "",
        "CharityAwareness": false,
        "created_at": "2021-03-01T00:00:01.000Z",
        "CharityColor": "#000"
    }
]]]>
              </value>
            </param>
          </params>
          <reporter-output>
          </reporter-output>
        </test-method> <!-- RafflouxRestApiFuntValidations -->
        <test-method is-config="true" signature="beforeMethod()[pri:0, instance:com.RedevApiTesting.RafflouxApiTestClass@14dd9eb7]" started-at="2023-09-05T13:04:01 IST" name="beforeMethod" finished-at="2023-09-05T13:04:01 IST" duration-ms="0" status="PASS">
          <reporter-output>
          </reporter-output>
        </test-method> <!-- beforeMethod -->
        <test-method is-config="true" signature="afterMethod()[pri:0, instance:com.RedevApiTesting.RafflouxApiTestClass@14dd9eb7]" started-at="2023-09-05T13:04:02 IST" name="afterMethod" finished-at="2023-09-05T13:04:02 IST" duration-ms="52" status="PASS">
          <reporter-output>
          </reporter-output>
        </test-method> <!-- afterMethod -->
        <test-method is-config="true" signature="beforeMethod()[pri:0, instance:com.RedevApiTesting.RafflouxApiTestClass@14dd9eb7]" started-at="2023-09-05T13:04:02 IST" name="beforeMethod" finished-at="2023-09-05T13:04:02 IST" duration-ms="1" status="PASS">
          <reporter-output>
          </reporter-output>
        </test-method> <!-- beforeMethod -->
        <test-method signature="RafflouxRestApiFuntValidations(java.lang.String,java.lang.String,java.lang.String,java.lang.String,java.lang.String,double,java.lang.String)[pri:2, instance:com.RedevApiTesting.RafflouxApiTestClass@14dd9eb7]" started-at="2023-09-05T13:04:02 IST" name="RafflouxRestApiFuntValidations" data-provider="FunctSheet" finished-at="2023-09-05T13:04:02 IST" duration-ms="253" status="PASS">
          <params>
            <param index="0">
              <value>
                <![CDATA[Row 12]]>
              </value>
            </param>
            <param index="1">
              <value>
                <![CDATA[Update Charity With Login]]>
              </value>
            </param>
            <param index="2">
              <value>
                <![CDATA[POST]]>
              </value>
            </param>
            <param index="3">
              <value>
                <![CDATA[/v1/updateCharityWithLogin]]>
              </value>
            </param>
            <param index="4">
              <value>
                <![CDATA[{
    "charity_id": 300
}]]>
              </value>
            </param>
            <param index="5">
              <value>
                <![CDATA[200.0]]>
              </value>
            </param>
            <param index="6">
              <value>
                <![CDATA[200]]>
              </value>
            </param>
          </params>
          <reporter-output>
          </reporter-output>
        </test-method> <!-- RafflouxRestApiFuntValidations -->
        <test-method is-config="true" signature="afterMethod()[pri:0, instance:com.RedevApiTesting.RafflouxApiTestClass@14dd9eb7]" started-at="2023-09-05T13:04:02 IST" name="afterMethod" finished-at="2023-09-05T13:04:02 IST" duration-ms="70" status="PASS">
          <reporter-output>
          </reporter-output>
        </test-method> <!-- afterMethod -->
        <test-method is-config="true" signature="beforeMethod()[pri:0, instance:com.RedevApiTesting.RafflouxApiTestClass@14dd9eb7]" started-at="2023-09-05T13:04:02 IST" name="beforeMethod" finished-at="2023-09-05T13:04:02 IST" duration-ms="1" status="PASS">
          <reporter-output>
          </reporter-output>
        </test-method> <!-- beforeMethod -->
        <test-method signature="RafflouxRestApiFuntValidations(java.lang.String,java.lang.String,java.lang.String,java.lang.String,java.lang.String,double,java.lang.String)[pri:2, instance:com.RedevApiTesting.RafflouxApiTestClass@14dd9eb7]" started-at="2023-09-05T13:04:02 IST" name="RafflouxRestApiFuntValidations" data-provider="FunctSheet" finished-at="2023-09-05T13:04:03 IST" duration-ms="534" status="PASS">
          <params>
            <param index="0">
              <value>
                <![CDATA[Row 13]]>
              </value>
            </param>
            <param index="1">
              <value>
                <![CDATA[Charity Support With Login]]>
              </value>
            </param>
            <param index="2">
              <value>
                <![CDATA[POST]]>
              </value>
            </param>
            <param index="3">
              <value>
                <![CDATA[/v1/charitySupportWithLogin]]>
              </value>
            </param>
            <param index="4">
              <value>
                <![CDATA[{}]]>
              </value>
            </param>
            <param index="5">
              <value>
                <![CDATA[200.0]]>
              </value>
            </param>
            <param index="6">
              <value>
                <![CDATA[[
    {
        "id": 300,
        "CharityName": "ActionAid UK",
        "CharityDescription": "ActionAid is an international charity that works with women and girls living in poverty. ActionAid is ending violence and fighting poverty so that all women, everywhere, can create the future they want.",
        "CharityImgUrl": "media/ActionAidUKLogo.png",
        "CharityActive": true,
        "CharityUrl": "https://www.actionaid.org.uk/",
        "CharitySortOrder": 1,
        "CharityDisplay": true,
        "CharitySelectable": true,
        "CharityShowLogo": true,
        "CharityImgAlt": "ActionAid Logo",
        "CharityWhowonDescription": "",
        "CharityWhowonImgUrl": "",
        "DonationAmountAdjust": 2837,
        "CharityLogoImgUrl": "media/AAUKlogo2.png",
        "DonationAmountDisplayed": 2837,
        "CharityUrlNewsletter": "",
        "CharityAwareness": false,
        "created_at": "2021-03-01T00:00:01.000Z",
        "CharityColor": "#000"
    }
]]]>
              </value>
            </param>
          </params>
          <reporter-output>
          </reporter-output>
        </test-method> <!-- RafflouxRestApiFuntValidations -->
        <test-method is-config="true" signature="afterMethod()[pri:0, instance:com.RedevApiTesting.RafflouxApiTestClass@14dd9eb7]" started-at="2023-09-05T13:04:03 IST" name="afterMethod" finished-at="2023-09-05T13:04:03 IST" duration-ms="60" status="PASS">
          <reporter-output>
          </reporter-output>
        </test-method> <!-- afterMethod -->
        <test-method is-config="true" signature="beforeMethod()[pri:0, instance:com.RedevApiTesting.RafflouxApiTestClass@14dd9eb7]" started-at="2023-09-05T13:04:03 IST" name="beforeMethod" finished-at="2023-09-05T13:04:03 IST" duration-ms="0" status="PASS">
          <reporter-output>
          </reporter-output>
        </test-method> <!-- beforeMethod -->
        <test-method signature="RafflouxRestApiFuntValidations(java.lang.String,java.lang.String,java.lang.String,java.lang.String,java.lang.String,double,java.lang.String)[pri:2, instance:com.RedevApiTesting.RafflouxApiTestClass@14dd9eb7]" started-at="2023-09-05T13:04:03 IST" name="RafflouxRestApiFuntValidations" data-provider="FunctSheet" finished-at="2023-09-05T13:04:03 IST" duration-ms="489" status="PASS">
          <params>
            <param index="0">
              <value>
                <![CDATA[Row 14]]>
              </value>
            </param>
            <param index="1">
              <value>
                <![CDATA[Statistics]]>
              </value>
            </param>
            <param index="2">
              <value>
                <![CDATA[POST]]>
              </value>
            </param>
            <param index="3">
              <value>
                <![CDATA[/v1/fetchStatistics]]>
              </value>
            </param>
            <param index="4">
              <value>
                <![CDATA[{}]]>
              </value>
            </param>
            <param index="5">
              <value>
                <![CDATA[200.0]]>
              </value>
            </param>
            <param index="6">
              <value>
                <![CDATA[{
    "PrizesWon": "9416686.64",
    "RaisedCharity": "594828",
    "RaffleWinners": "32039"
}]]>
              </value>
            </param>
          </params>
          <reporter-output>
          </reporter-output>
        </test-method> <!-- RafflouxRestApiFuntValidations -->
        <test-method is-config="true" signature="afterMethod()[pri:0, instance:com.RedevApiTesting.RafflouxApiTestClass@14dd9eb7]" started-at="2023-09-05T13:04:03 IST" name="afterMethod" finished-at="2023-09-05T13:04:04 IST" duration-ms="83" status="PASS">
          <reporter-output>
          </reporter-output>
        </test-method> <!-- afterMethod -->
        <test-method is-config="true" signature="beforeMethod()[pri:0, instance:com.RedevApiTesting.RafflouxApiTestClass@14dd9eb7]" started-at="2023-09-05T13:04:04 IST" name="beforeMethod" finished-at="2023-09-05T13:04:04 IST" duration-ms="4" status="PASS">
          <reporter-output>
          </reporter-output>
        </test-method> <!-- beforeMethod -->
        <test-method signature="RafflouxRestApiFuntValidations(java.lang.String,java.lang.String,java.lang.String,java.lang.String,java.lang.String,double,java.lang.String)[pri:2, instance:com.RedevApiTesting.RafflouxApiTestClass@14dd9eb7]" started-at="2023-09-05T13:04:04 IST" name="RafflouxRestApiFuntValidations" data-provider="FunctSheet" finished-at="2023-09-05T13:04:04 IST" duration-ms="275" status="PASS">
          <params>
            <param index="0">
              <value>
                <![CDATA[Row 15]]>
              </value>
            </param>
            <param index="1">
              <value>
                <![CDATA[Sold Out Raffles]]>
              </value>
            </param>
            <param index="2">
              <value>
                <![CDATA[POST]]>
              </value>
            </param>
            <param index="3">
              <value>
                <![CDATA[/v1/fetchSoldOutRaffles]]>
              </value>
            </param>
            <param index="4">
              <value>
                <![CDATA[{}]]>
              </value>
            </param>
            <param index="5">
              <value>
                <![CDATA[200.0]]>
              </value>
            </param>
            <param index="6">
              <value>
                <![CDATA[{}]]>
              </value>
            </param>
          </params>
          <reporter-output>
          </reporter-output>
        </test-method> <!-- RafflouxRestApiFuntValidations -->
        <test-method is-config="true" signature="afterMethod()[pri:0, instance:com.RedevApiTesting.RafflouxApiTestClass@14dd9eb7]" started-at="2023-09-05T13:04:04 IST" name="afterMethod" finished-at="2023-09-05T13:04:04 IST" duration-ms="67" status="PASS">
          <reporter-output>
          </reporter-output>
        </test-method> <!-- afterMethod -->
        <test-method is-config="true" signature="beforeMethod()[pri:0, instance:com.RedevApiTesting.RafflouxApiTestClass@14dd9eb7]" started-at="2023-09-05T13:04:04 IST" name="beforeMethod" finished-at="2023-09-05T13:04:04 IST" duration-ms="0" status="PASS">
          <reporter-output>
          </reporter-output>
        </test-method> <!-- beforeMethod -->
        <test-method signature="RafflouxRestApiFuntValidations(java.lang.String,java.lang.String,java.lang.String,java.lang.String,java.lang.String,double,java.lang.String)[pri:2, instance:com.RedevApiTesting.RafflouxApiTestClass@14dd9eb7]" started-at="2023-09-05T13:04:04 IST" name="RafflouxRestApiFuntValidations" data-provider="FunctSheet" finished-at="2023-09-05T13:04:04 IST" duration-ms="277" status="PASS">
          <params>
            <param index="0">
              <value>
                <![CDATA[Row 16]]>
              </value>
            </param>
            <param index="1">
              <value>
                <![CDATA[Sold Out Raffles with Login]]>
              </value>
            </param>
            <param index="2">
              <value>
                <![CDATA[POST]]>
              </value>
            </param>
            <param index="3">
              <value>
                <![CDATA[/v1/fetchSoldOutRafflesWithLogin]]>
              </value>
            </param>
            <param index="4">
              <value>
                <![CDATA[{}]]>
              </value>
            </param>
            <param index="5">
              <value>
                <![CDATA[200.0]]>
              </value>
            </param>
            <param index="6">
              <value>
                <![CDATA[{}]]>
              </value>
            </param>
          </params>
          <reporter-output>
          </reporter-output>
        </test-method> <!-- RafflouxRestApiFuntValidations -->
        <test-method is-config="true" signature="afterMethod()[pri:0, instance:com.RedevApiTesting.RafflouxApiTestClass@14dd9eb7]" started-at="2023-09-05T13:04:04 IST" name="afterMethod" finished-at="2023-09-05T13:04:04 IST" duration-ms="61" status="PASS">
          <reporter-output>
          </reporter-output>
        </test-method> <!-- afterMethod -->
        <test-method is-config="true" signature="beforeMethod()[pri:0, instance:com.RedevApiTesting.RafflouxApiTestClass@14dd9eb7]" started-at="2023-09-05T13:04:04 IST" name="beforeMethod" finished-at="2023-09-05T13:04:04 IST" duration-ms="2" status="PASS">
          <reporter-output>
          </reporter-output>
        </test-method> <!-- beforeMethod -->
        <test-method signature="RafflouxRestApiFuntValidations(java.lang.String,java.lang.String,java.lang.String,java.lang.String,java.lang.String,double,java.lang.String)[pri:2, instance:com.RedevApiTesting.RafflouxApiTestClass@14dd9eb7]" started-at="2023-09-05T13:04:04 IST" name="RafflouxRestApiFuntValidations" data-provider="FunctSheet" finished-at="2023-09-05T13:04:05 IST" duration-ms="597" status="PASS">
          <params>
            <param index="0">
              <value>
                <![CDATA[Row 17]]>
              </value>
            </param>
            <param index="1">
              <value>
                <![CDATA[News and Blogs]]>
              </value>
            </param>
            <param index="2">
              <value>
                <![CDATA[POST]]>
              </value>
            </param>
            <param index="3">
              <value>
                <![CDATA[/v1/fetchNewsAndBlogs]]>
              </value>
            </param>
            <param index="4">
              <value>
                <![CDATA[{}]]>
              </value>
            </param>
            <param index="5">
              <value>
                <![CDATA[200.0]]>
              </value>
            </param>
            <param index="6">
              <value>
                <![CDATA[{
        "id": 369,
        "title": "Raffolux player Karen makes headlines",
        "slug": "raffolux-player-karen-makes-headlines",
        "updated_on": "2023-04-26T12:29:51.829Z",
        "content": "Karen Hewit, a devoted mother from the UK, has been making headlines recently for her first holiday in 30 years. Karen has dedicated her entire life to caring for her son Jack, who has cerebral palsy and severe epilepsy. Her story of love and sacrifice has touched the hearts of people around the world, and it's been revealed that she's a long-term player of Raffolux.com, the online raffle site where she won her holiday.\r\n  <br><br/>\r\n<img src=\"https://raffolux-static.s3-eu-west-2.amazonaws.com/static/website/media23/as-seen-in.webp\"style=\"width: 560px; height: 115px;\">\r\n  <br><br/>\r\nKaren's son, Jack, was diagnosed with cerebral palsy at birth, which affects movement and coordination, causing significant physical and developmental disabilities. In addition, Jack also has severe epilepsy, requiring around-the-clock care and attention. Karen has been his primary caregiver for the past 30 years, providing constant support and assistance.\r\n  <br><br/>\r\nRaffolux.com, the online raffle site, offers luxury prizes to raise money for charities, and Karen is a long-term player. Her participation in the site led her to win a week-long stay in a caravan park in Cornwall, a well-deserved break for her after three decades of caregiving.\r\n  <br><br/>\r\nThe trip was a life-changing experience for Karen, who could finally take a break from her caregiving duties and enjoy some time for herself. She could unwind and create beautiful memories, something that she has not had the chance to do for a long time.\r\n  <br><br/>\r\nKaren's story is a beautiful reminder of the importance of taking care of our loved ones, and the incredible sacrifices parents make for their children. Her dedication and selflessness serve as an inspiration to us all, and her well-deserved holiday is a testimony to the power of kindness and generosity.\r\n  <br><br/>\r\nWe are so happy that our lovely Karen enjoyed her trip away! Karen has appeared in many local papers such as <a href=\"https://www.walesonline.co.uk/news/real-life/mum-going-first-holiday-30-26461165\">Wales Online</a>, <a href=\"https://www.belfastlive.co.uk/news/real-life/mum-going-first-holiday-30-26461165\">Belfast Live</a>and over 16 other incredible titles. Don’t miss out… join the fun!\r\n  <br><br/>\r\n<img src=\"https://raffolux-static.s3-eu-west-2.amazonaws.com/static/website/images/blogs/article-25.webp\" style=\"width: 560px; height: 315px;\">\r\n  <br><br/>\r\n<a href=\"https://raffolux.com/signup/\"> <img class=\"w-100\" src=\"https://raffolux-static.s3-eu-west-2.amazonaws.com/static/website/images/blogs/yellow-btn.png\" /> </a>",
        "created_on": "2023-04-26T11:27:32.702Z",
        "status": 1,
        "author": "Raffolux",
        "img_alt": "Mum going on her first holiday in 30 years after dedicating life to looking after son",
        "img_url": "media/winners/KARENHDEVON.webp",
        "keywords": "x",
        "news_category": "ALL",
        "card_description": "Mum going on her first holiday in 30 years after dedicating",
        "meta_description": "Mum going on her first holiday in 30 years after dedicating life to looking after son",
        "meta_title": "Raffolux player Karen makes headlines"
    }]]>
              </value>
            </param>
          </params>
          <reporter-output>
          </reporter-output>
        </test-method> <!-- RafflouxRestApiFuntValidations -->
        <test-method is-config="true" signature="afterMethod()[pri:0, instance:com.RedevApiTesting.RafflouxApiTestClass@14dd9eb7]" started-at="2023-09-05T13:04:05 IST" name="afterMethod" finished-at="2023-09-05T13:04:05 IST" duration-ms="40" status="PASS">
          <reporter-output>
          </reporter-output>
        </test-method> <!-- afterMethod -->
        <test-method is-config="true" signature="beforeMethod()[pri:0, instance:com.RedevApiTesting.RafflouxApiTestClass@14dd9eb7]" started-at="2023-09-05T13:04:05 IST" name="beforeMethod" finished-at="2023-09-05T13:04:05 IST" duration-ms="1" status="PASS">
          <reporter-output>
          </reporter-output>
        </test-method> <!-- beforeMethod -->
        <test-method signature="RafflouxRestApiFuntValidations(java.lang.String,java.lang.String,java.lang.String,java.lang.String,java.lang.String,double,java.lang.String)[pri:2, instance:com.RedevApiTesting.RafflouxApiTestClass@14dd9eb7]" started-at="2023-09-05T13:04:05 IST" name="RafflouxRestApiFuntValidations" data-provider="FunctSheet" finished-at="2023-09-05T13:04:05 IST" duration-ms="252" status="PASS">
          <params>
            <param index="0">
              <value>
                <![CDATA[Row 18]]>
              </value>
            </param>
            <param index="1">
              <value>
                <![CDATA[News]]>
              </value>
            </param>
            <param index="2">
              <value>
                <![CDATA[POST]]>
              </value>
            </param>
            <param index="3">
              <value>
                <![CDATA[/v1/fetchNews]]>
              </value>
            </param>
            <param index="4">
              <value>
                <![CDATA[{
    "slug":"using-raffle-raise-money-charity"
}]]>
              </value>
            </param>
            <param index="5">
              <value>
                <![CDATA[200.0]]>
              </value>
            </param>
            <param index="6">
              <value>
                <![CDATA[ {
        "id": 368,
        "title": "Using Raffles to Raise Money for Charity",
        "slug": "using-raffle-raise-money-charity",
        "updated_on": "2023-04-04T15:48:29.228Z",
        "content": "Raffles are a popular way to raise funds for charitable causes, and for good reason. They offer a fun and engaging way for people to contribute to a good cause while also having the chance to win a prize. Here are some of the benefits of using raffles to support charitable causes:\r\n<br><br/>\r\n<b>Raffles can raise significant funds</b> : Raffles can be a highly effective way to raise funds for charities. By selling raffle tickets, charities can generate significant revenue that can be used to support their programs and initiatives.\r\n<br><br/>\r\n<b> Raffles help raise awareness</b> : Raffles can be a great way to raise awareness about a particular cause or charity. By promoting the raffle through social media, email newsletters, and other channels, charities can reach a wider audience and educate them about the work they do.\r\n<br><br/>\r\n<b> Raffles engage supporters</b> : Raffles can be a fun and engaging way to involve supporters in fundraising efforts. By offering attractive prizes and promoting the raffle through various channels, charities can encourage people to get involved and contribute to the cause.\r\n<br><br/>\r\n<b> Raffles build community</b> : Raffles can help build a sense of community around a particular cause or charity. By bringing people together and encouraging them to support the same cause, charities can create a sense of shared purpose and inspire people to work together to achieve a common goal.\r\n<br><br/>\r\n<b> Raffles are flexible</b> : Raffles can be tailored to suit the needs and goals of a particular charity. Charities can choose the type of prizes they want to offer, set the price of raffle tickets, and decide how many tickets to sell. This flexibility allows charities to create raffles that are tailored to their specific needs and goals.\r\n<br><br/>\r\nIn conclusion, raffles can be a highly effective way for charities to raise funds, raise awareness, engage supporters, and build community. By using raffles to support their cause, charities can create a fun and engaging way for people to contribute to a good cause while also having the chance to win a prize. So, the next time you are looking for a way to support a charitable cause, consider buying a raffle ticket and giving back in a meaningful way.",
        "created_on": "2023-04-04T15:35:16.572Z",
        "status": 1,
        "author": "Raffolux",
        "img_alt": "Raising money for charities",
        "img_url": "media23/charityblog.webp",
        "keywords": "x",
        "news_category": "ALL",
        "card_description": "Find out about the benefits of using a raffle to raise money",
        "meta_description": "x",
        "meta_title": "x"
    }]]>
              </value>
            </param>
          </params>
          <reporter-output>
          </reporter-output>
        </test-method> <!-- RafflouxRestApiFuntValidations -->
        <test-method is-config="true" signature="afterMethod()[pri:0, instance:com.RedevApiTesting.RafflouxApiTestClass@14dd9eb7]" started-at="2023-09-05T13:04:05 IST" name="afterMethod" finished-at="2023-09-05T13:04:05 IST" duration-ms="94" status="PASS">
          <reporter-output>
          </reporter-output>
        </test-method> <!-- afterMethod -->
        <test-method is-config="true" signature="beforeMethod()[pri:0, instance:com.RedevApiTesting.RafflouxApiTestClass@14dd9eb7]" started-at="2023-09-05T13:04:05 IST" name="beforeMethod" finished-at="2023-09-05T13:04:05 IST" duration-ms="1" status="PASS">
          <reporter-output>
          </reporter-output>
        </test-method> <!-- beforeMethod -->
        <test-method signature="RafflouxRestApiFuntValidations(java.lang.String,java.lang.String,java.lang.String,java.lang.String,java.lang.String,double,java.lang.String)[pri:2, instance:com.RedevApiTesting.RafflouxApiTestClass@14dd9eb7]" started-at="2023-09-05T13:04:05 IST" name="RafflouxRestApiFuntValidations" data-provider="FunctSheet" finished-at="2023-09-05T13:04:05 IST" duration-ms="226" status="PASS">
          <params>
            <param index="0">
              <value>
                <![CDATA[Row 19]]>
              </value>
            </param>
            <param index="1">
              <value>
                <![CDATA[Entries Sold]]>
              </value>
            </param>
            <param index="2">
              <value>
                <![CDATA[POST]]>
              </value>
            </param>
            <param index="3">
              <value>
                <![CDATA[/v1/fetchEntriesSold]]>
              </value>
            </param>
            <param index="4">
              <value>
                <![CDATA[{
    "raffle_id": 4449
}]]>
              </value>
            </param>
            <param index="5">
              <value>
                <![CDATA[200.0]]>
              </value>
            </param>
            <param index="6">
              <value>
                <![CDATA[{
    "soldPercentage": 0,
    "remainingEntriesCount": 399,
    "totalEntriesCount": 399,
    "soldEntriesCount": 0
}]]>
              </value>
            </param>
          </params>
          <reporter-output>
          </reporter-output>
        </test-method> <!-- RafflouxRestApiFuntValidations -->
        <test-method is-config="true" signature="afterMethod()[pri:0, instance:com.RedevApiTesting.RafflouxApiTestClass@14dd9eb7]" started-at="2023-09-05T13:04:05 IST" name="afterMethod" finished-at="2023-09-05T13:04:06 IST" duration-ms="56" status="PASS">
          <reporter-output>
          </reporter-output>
        </test-method> <!-- afterMethod -->
        <test-method is-config="true" signature="beforeMethod()[pri:0, instance:com.RedevApiTesting.RafflouxApiTestClass@14dd9eb7]" started-at="2023-09-05T13:04:06 IST" name="beforeMethod" finished-at="2023-09-05T13:04:06 IST" duration-ms="1" status="PASS">
          <reporter-output>
          </reporter-output>
        </test-method> <!-- beforeMethod -->
        <test-method signature="RafflouxRestApiFuntValidations(java.lang.String,java.lang.String,java.lang.String,java.lang.String,java.lang.String,double,java.lang.String)[pri:2, instance:com.RedevApiTesting.RafflouxApiTestClass@14dd9eb7]" started-at="2023-09-05T13:04:06 IST" name="RafflouxRestApiFuntValidations" data-provider="FunctSheet" finished-at="2023-09-05T13:04:06 IST" duration-ms="284" status="PASS">
          <params>
            <param index="0">
              <value>
                <![CDATA[Row 20]]>
              </value>
            </param>
            <param index="1">
              <value>
                <![CDATA[My Raffles With Login]]>
              </value>
            </param>
            <param index="2">
              <value>
                <![CDATA[POST]]>
              </value>
            </param>
            <param index="3">
              <value>
                <![CDATA[/v1/fetchMyRafflesWithLogin]]>
              </value>
            </param>
            <param index="4">
              <value>
                <![CDATA[{
    "page": 1
}]]>
              </value>
            </param>
            <param index="5">
              <value>
                <![CDATA[200.0]]>
              </value>
            </param>
            <param index="6">
              <value>
                <![CDATA[{
    "user": [
        {
            "id": 151063,
            "password": "pbkdf2_sha256$260000$dXy3C5YBycNQqTZNjferg2$6nVTcOIxISZSEiyVMW5yn5pVyvznSDO912B/iVFGgcE=",
            "last_login": "2023-05-25T05:50:47.153Z",
            "is_superuser": true,
            "username": "veera.raghavan@rhibhus.com",
            "first_name": "veera",
            "last_name": "raghavan",
            "email": "veera.raghavan@rhibhus.com",
            "is_staff": true,
            "is_active": true,
            "date_joined": "2022-11-02T05:41:44.810Z",
            "is_guest": false,
            "experience_version": 1,
            "select_post_preference": false,
            "marketing_opt_in": false
        }
    ],
    "raffles_entered_active": [
        {
            "id": 8998,
            "RaffleCode": 3996,
            "QuantityOfItems": 1,
            "MainImageUrl": "media23/rafAC_main.webp",
            "Summary": ".",
            "Description": "This cash Instant Win raffle is out of this world! \r\n<br><br/>\r\nNot only is there £2,000 up for grabs but there is also £28,000 of instant wins that could be found throughout the raffle!\r\n<br><br/>\r\nWill you be fast enough to grab these instant wins and bag yourself some cash on the way to the chance of winning a whopping £2,000?\r\n<br><br/>\r\nYou will win an instant-win prize if you purchase a ticket number associated with a prize, if an instant-win prize ticket is unsold, it will not be won. \r\n<br><br/>\r\nEnter now for £4.99 - Good Luck!",
            "ReservePrice": "0.00",
            "NoOfTickets": null,
            "RaffleLength": null,
            "RaffleExpire": "2023-05-26T21:00:00.000Z",
            "RaffleAdded": "2023-05-19T12:40:19.727Z",
            "Featured": false,
            "TicketsSold": 0,
            "TicketsLeft": null,
            "TicketStartInt": 1,
            "CategoryID_id": 35,
            "Condition_id": 1,
            "DeliveryInformation_id": 2,
            "Status_id": 2,
            "Charity_id": null,
            "CharityAmount": "0",
            "Title": "£30,000 Cash Instant Win",
            "ProductSource": "",
            "RetailPrice": "2000.00",
            "Specification": ".",
            "TargetPrice": "60000.00",
            "Seller_id": 1,
            "CreatedDateTime": "2023-05-19T12:40:19.735Z",
            "MiniImageUrl": "media23/rafAC_mini.webp",
            "FacebookDescription": "£30,000 Instant Win",
            "FacebookTitle": "£30,000 Instant Win",
            "CreditsPerTicket": 1,
            "Extended": false,
            "ExtendedDays": 0,
            "isLive": true,
            "TicketsPerEntry": 1,
            "MaxEntries": 20,
            "isCharity": false,
            "CharityColorOverride": "",
            "isFlash": false,
            "slug": "cashinstantwin",
            "VideoUrl_mp4": "",
            "FeatureRaffleSort": 0,
            "VideoLength_mp4": 0,
            "VideoUrl_webm": "",
            "NoWinners": 1,
            "JiraKeyId": "NA",
            "Sponsor_id": null,
            "MainImageAlt": "£30,000 Instant Win",
            "MiniImageAlt": "£30,000 Instant Win",
            "PromoImageAlt": "£30,000 Instant Win",
            "PromoImageUrl": "media23/rafAC1_promo.webp",
            "drawing_in": "2023-05-26T21:00:00.000Z",
            "postal_tickets": "",
            "ticket_entries": "",
            "isSuperRaffle": false,
            "isUnlimitedTickets": false,
            "Winners": null,
            "isLiveDraw": false,
            "isSequentialTickets": false,
            "isAutoClone": false,
            "autoCloned": false,
            "clonedFrom_id": 8923,
            "Video_NoSound": false,
            "VideoLiveDrawUrl": null,
            "MetaDescription": "£30,000 Instant Win",
            "MetaTitle": "£30,000 Instant Win",
            "XLImageAlt": "£30,000 Instant Win",
            "XLImageUrl": "media23/rafAC_XL.webp",
            "isFreeRaffle": false,
            "isNew": false,
            "CharityTargetRaisedAmount": 0,
            "CharityApproximateDonation": 1000,
            "isUnlimitedEntries": true,
            "isGuaranteedDraw": false,
            "autoraffle": false,
            "custom_raffle_id": null,
            "displayed_winner_description": "",
            "displayed_winner_img_url": null,
            "AllRaffleSort": 0,
            "entry_cost_gbp": "4.99",
            "is_unlimited_entries": false,
            "is_unlimited_raffle": false,
            "total_entries": 9999,
            "total_entries_per_player": 899,
            "discounted_entry_cost_gbp": "1.00",
            "discounted_entry_percentage": "0",
            "disable_ticket_selector": true,
            "Youtube_Link": "",
            "hide_tickets_checkout": true,
            "instant_win_image": "media23/rafAC_howto.webp",
            "noOfTopPrizes": 50,
            "cash_alternative": 0
        },
        {
            "id": 8908,
            "RaffleCode": 3908,
            "QuantityOfItems": 1,
            "MainImageUrl": "media23/Lakedistrictluxmain.webp",
            "Summary": ".",
            "Description": "Win a luxury Lake District getaway! \r\n<br><br>\r\nForget the stresses of the week with this Weekend Two Night Break for Two at the Langdale Hotel.\r\n<br><br>\r\nSurrounded by breath-taking Lake District scenery and some of the finest walking and biking routes in the country, the two of you will spend two nights in a Signature room at the Luxury Langdale Hotel. Spend the time as you wish – whether that’s relaxing in the oasis of your room or making the most of your tranquil surroundings.\r\n<br><br>\r\nFollowing each restful nights’ sleep, start the next day right with breakfast. Relaxation’s never been so easy.\r\n<br><br>\r\nEnter now for just 99p!",
            "ReservePrice": "0.00",
            "NoOfTickets": null,
            "RaffleLength": null,
            "RaffleExpire": "2023-05-23T21:00:00.000Z",
            "RaffleAdded": "2023-04-24T13:30:14.411Z",
            "Featured": false,
            "TicketsSold": 0,
            "TicketsLeft": null,
            "TicketStartInt": 1,
            "CategoryID_id": 9,
            "Condition_id": 1,
            "DeliveryInformation_id": 2,
            "Status_id": 2,
            "Charity_id": null,
            "CharityAmount": "0",
            "Title": "Luxury Lake District Getaway",
            "ProductSource": "",
            "RetailPrice": "500.00",
            "Specification": "Spend two nights in a Signature room at the Langdale Hotel\r\nLuxury hotel with some of the finest walking and biking routes in the country\r\nExplore your Lake District surroundings\r\nBreakfast in the morning\r\nExperience gift pack including personalised voucher and message card",
            "TargetPrice": "1000.00",
            "Seller_id": 1,
            "CreatedDateTime": "2023-04-24T13:30:14.422Z",
            "MiniImageUrl": "media23/lakedistrictluxmini.webp",
            "FacebookDescription": "Enter now for the chance to stay at The Langdale Hotel",
            "FacebookTitle": "Win a luxury Lake District Getaway",
            "CreditsPerTicket": 1,
            "Extended": false,
            "ExtendedDays": 0,
            "isLive": true,
            "TicketsPerEntry": 1,
            "MaxEntries": 20,
            "isCharity": false,
            "CharityColorOverride": "",
            "isFlash": false,
            "slug": "lakedistrict",
            "VideoUrl_mp4": "",
            "FeatureRaffleSort": 1,
            "VideoLength_mp4": 0,
            "VideoUrl_webm": "",
            "NoWinners": 1,
            "JiraKeyId": "NA",
            "Sponsor_id": null,
            "MainImageAlt": "Luxury Lake District",
            "MiniImageAlt": "Luxury Lake District",
            "PromoImageAlt": "",
            "PromoImageUrl": "",
            "drawing_in": "2023-05-22T21:00:00.000Z",
            "postal_tickets": "",
            "ticket_entries": "",
            "isSuperRaffle": false,
            "isUnlimitedTickets": false,
            "Winners": null,
            "isLiveDraw": false,
            "isSequentialTickets": false,
            "isAutoClone": false,
            "autoCloned": false,
            "clonedFrom_id": 8754,
            "Video_NoSound": false,
            "VideoLiveDrawUrl": null,
            "MetaDescription": "Enter now for the chance to stay at The Langdale Hotel",
            "MetaTitle": "Win a luxury Lake District Getaway",
            "XLImageAlt": "",
            "XLImageUrl": "",
            "isFreeRaffle": false,
            "isNew": false,
            "CharityTargetRaisedAmount": 0,
            "CharityApproximateDonation": 1000,
            "isUnlimitedEntries": true,
            "isGuaranteedDraw": false,
            "autoraffle": false,
            "custom_raffle_id": null,
            "displayed_winner_description": "",
            "displayed_winner_img_url": null,
            "AllRaffleSort": 0,
            "entry_cost_gbp": "0.99",
            "is_unlimited_entries": false,
            "is_unlimited_raffle": false,
            "total_entries": 899,
            "total_entries_per_player": 50,
            "discounted_entry_cost_gbp": "1.00",
            "discounted_entry_percentage": "0",
            "disable_ticket_selector": false,
            "Youtube_Link": "",
            "hide_tickets_checkout": false,
            "instant_win_image": null,
            "noOfTopPrizes": 6,
            "cash_alternative": 0
        }
    ],
    "user_won_raffle_claimprocess": [
        {
            "count": "0"
        }
    ],
    "raffles_inactive": [
        {
            "id": 8985,
            "RaffleCode": 3978,
            "QuantityOfItems": 1,
            "MainImageUrl": "media23/rafMWTH1_main.webp",
            "Summary": ".",
            "Description": "Welcome to Raffolux's instant win raffle! With up to £100,000 of prizes up for grabs, this is an opportunity you don't want to miss.\r\n<br><br/>\r\nAll you have to do is purchase a ticket and once the number is revealed you will find out if you have won a prize INSTANTLY. The prizes include exclusive experiences, luxury items, and more!<br><br/>\r\nThis instant win Treasure hunt is packed full of HUGE cash prizes!\r\n<br><br>\r\nCASH IS KING\r\n<br><br>\r\n4x £5,000\r\n1x £3,000\r\n3x £2,000\r\n30x £1,000\r\nAND THAT'S JUST THE BIG CASH...there are up to 880 instant wins you could win in total!\r\n<br><br>\r\nThis instant win is also stuffed full of tech, holidays, vouchers, and credit. You name it it's probably in here.\r\n<br><br>\r\nSimply enter the raffle and you will be randomly allocated your tickets. If your tickets match one of the numbers in the details below, you will win that prize instantly!\r\n<br><br>\r\nEvery ticket will also be in with an equal chance of winning the grand prize of £10,000 cash! \r\n<br><br>\r\nYou will win an instant-win prize if you purchase a ticket number associated with a prize, if an instant-win prize ticket is unsold, it will not be won. \r\n<br><br>\r\nGood luck, and happy treasure hunting!",
            "ReservePrice": "0.00",
            "NoOfTickets": null,
            "RaffleLength": null,
            "RaffleExpire": "2023-04-30T21:00:00.000Z",
            "RaffleAdded": "2023-05-15T16:09:01.552Z",
            "Featured": false,
            "TicketsSold": 0,
            "TicketsLeft": null,
            "TicketStartInt": 1,
            "CategoryID_id": 35,
            "Condition_id": 1,
            "DeliveryInformation_id": 2,
            "Status_id": 3,
            "Charity_id": null,
            "CharityAmount": "0",
            "Title": "£100,000 MegaWins Treasure Hunt",
            "ProductSource": "",
            "RetailPrice": "10000.00",
            "Specification": ".",
            "TargetPrice": "180000.00",
            "Seller_id": 1,
            "CreatedDateTime": "2023-05-15T16:09:01.561Z",
            "MiniImageUrl": "media23/rafMWTH1_mini.webp",
            "FacebookDescription": "£100,000 May Treasure Hunt",
            "FacebookTitle": "£100,000 May Treasure Hunt",
            "CreditsPerTicket": 1,
            "Extended": false,
            "ExtendedDays": 0,
            "isLive": true,
            "TicketsPerEntry": 1,
            "MaxEntries": 20,
            "isCharity": false,
            "CharityColorOverride": "",
            "isFlash": false,
            "slug": "maytreasurehunt",
            "VideoUrl_mp4": "",
            "FeatureRaffleSort": 1,
            "VideoLength_mp4": 0,
            "VideoUrl_webm": "",
            "NoWinners": 1,
            "JiraKeyId": "NA",
            "Sponsor_id": null,
            "MainImageAlt": "£100,000 May Treasure Hunt",
            "MiniImageAlt": "£100,000 May Treasure Hunt",
            "PromoImageAlt": "£100,000 May Treasure Hunt",
            "PromoImageUrl": "media23/rafMWTH1_promo.webp",
            "drawing_in": "2023-04-30T21:00:00.000Z",
            "postal_tickets": "",
            "ticket_entries": "",
            "isSuperRaffle": false,
            "isUnlimitedTickets": false,
            "Winners": null,
            "isLiveDraw": false,
            "isSequentialTickets": false,
            "isAutoClone": false,
            "autoCloned": false,
            "clonedFrom_id": 8939,
            "Video_NoSound": false,
            "VideoLiveDrawUrl": null,
            "MetaDescription": "£100,000 May Treasure Hunt",
            "MetaTitle": "£100,000 May Treasure Hunt",
            "XLImageAlt": "£100,000 May Treasure Hunt",
            "XLImageUrl": "media23/rafMWTH1_XL.webp",
            "isFreeRaffle": false,
            "isNew": false,
            "CharityTargetRaisedAmount": 0,
            "CharityApproximateDonation": 1000,
            "isUnlimitedEntries": true,
            "isGuaranteedDraw": false,
            "autoraffle": false,
            "custom_raffle_id": null,
            "displayed_winner_description": "",
            "displayed_winner_img_url": null,
            "AllRaffleSort": 0,
            "entry_cost_gbp": "2.99",
            "is_unlimited_entries": false,
            "is_unlimited_raffle": false,
            "total_entries": 59999,
            "total_entries_per_player": 3999,
            "discounted_entry_cost_gbp": "1.00",
            "discounted_entry_percentage": "0",
            "disable_ticket_selector": true,
            "Youtube_Link": "",
            "hide_tickets_checkout": true,
            "instant_win_image": "media23/rafMWTH_howto.webp",
            "noOfTopPrizes": 50,
            "cash_alternative": 0
        }
    ],
    "ticketCount": [
        {
            "id": 8998,
            "count": 590
        },
        {
            "id": 8908,
            "count": 12
        },
        {
            "id": 8985,
            "count": 383
        }
    ]
}]]>
              </value>
            </param>
          </params>
          <reporter-output>
          </reporter-output>
        </test-method> <!-- RafflouxRestApiFuntValidations -->
        <test-method is-config="true" signature="afterMethod()[pri:0, instance:com.RedevApiTesting.RafflouxApiTestClass@14dd9eb7]" started-at="2023-09-05T13:04:06 IST" name="afterMethod" finished-at="2023-09-05T13:04:06 IST" duration-ms="75" status="PASS">
          <reporter-output>
          </reporter-output>
        </test-method> <!-- afterMethod -->
        <test-method is-config="true" signature="beforeMethod()[pri:0, instance:com.RedevApiTesting.RafflouxApiTestClass@14dd9eb7]" started-at="2023-09-05T13:04:06 IST" name="beforeMethod" finished-at="2023-09-05T13:04:06 IST" duration-ms="0" status="PASS">
          <reporter-output>
          </reporter-output>
        </test-method> <!-- beforeMethod -->
        <test-method signature="RafflouxRestApiFuntValidations(java.lang.String,java.lang.String,java.lang.String,java.lang.String,java.lang.String,double,java.lang.String)[pri:2, instance:com.RedevApiTesting.RafflouxApiTestClass@14dd9eb7]" started-at="2023-09-05T13:04:06 IST" name="RafflouxRestApiFuntValidations" data-provider="FunctSheet" finished-at="2023-09-05T13:04:07 IST" duration-ms="601" status="PASS">
          <params>
            <param index="0">
              <value>
                <![CDATA[Row 21]]>
              </value>
            </param>
            <param index="1">
              <value>
                <![CDATA[Winners Gallery With Login]]>
              </value>
            </param>
            <param index="2">
              <value>
                <![CDATA[POST]]>
              </value>
            </param>
            <param index="3">
              <value>
                <![CDATA[/v1/fetchWinnersGalleryWithLogin]]>
              </value>
            </param>
            <param index="4">
              <value>
                <![CDATA[{
    "page":1
}]]>
              </value>
            </param>
            <param index="5">
              <value>
                <![CDATA[200.0]]>
              </value>
            </param>
            <param index="6">
              <value>
                <![CDATA[{
    "next_page": 2,
    "winners": [
        {
            "id": 3189,
[...]
    "message": "Successfully Deleted Address"
}]]>
              </value>
            </param>
          </params>
          <reporter-output>
          </reporter-output>
        </test-method> <!-- RafflouxRestApiFuntValidations -->
        <test-method is-config="true" signature="afterMethod()[pri:0, instance:com.RedevApiTesting.RafflouxApiTestClass@14dd9eb7]" started-at="2023-09-05T13:04:47 IST" name="afterMethod" finished-at="2023-09-05T13:04:47 IST" duration-ms="95" status="PASS">
          <reporter-output>
          </reporter-output>
        </test-method> <!-- afterMethod -->
        <test-method is-config="true" signature="beforeMethod()[pri:0, instance:com.RedevApiTesting.RafflouxApiTestClass@14dd9eb7]" started-at="2023-09-05T13:04:47 IST" name="beforeMethod" finished-at="2023-09-05T13:04:47 IST" duration-ms="0" status="PASS">
          <reporter-output>
          </reporter-output>
        </test-method> <!-- beforeMethod -->
        <test-method signature="RafflouxRestApiFuntValidations(java.lang.String,java.lang.String,java.lang.String,java.lang.String,java.lang.String,double,java.lang.String)[pri:2, instance:com.RedevApiTesting.RafflouxApiTestClass@14dd9eb7]" started-at="2023-09-05T13:04:47 IST" name="RafflouxRestApiFuntValidations" data-provider="FunctSheet" finished-at="2023-09-05T13:04:48 IST" duration-ms="530" status="PASS">
          <params>
            <param index="0">
              <value>
                <![CDATA[Row 86]]>
              </value>
            </param>
            <param index="1">
              <value>
                <![CDATA[Update address details with login]]>
              </value>
            </param>
            <param index="2">
              <value>
                <![CDATA[POST]]>
              </value>
            </param>
            <param index="3">
              <value>
                <![CDATA[/v1/updateAddressDetailsWithLogin]]>
              </value>
            </param>
            <param index="4">
              <value>
                <![CDATA[{
    "addressId":760,
    "userFullName":"kavyais",
    "userPhoneNumber": 2223456799,
    "address1":"xyz",
    "address2":"abc",
    "town":"blr",
    "postCode":"123456"
}]]>
              </value>
            </param>
            <param index="5">
              <value>
                <![CDATA[200.0]]>
              </value>
            </param>
            <param index="6">
              <value>
                <![CDATA[[
    {
        "id": 760,
        "full_name": "Avis",
        "phone_no": "2223456789",
        "post_code": "123456",
        "address_line_1": "xyz",
        "address_line_2": "abc",
        "city": "blr",
        "created": "2023-07-11T11:39:35.855Z",
        "user_id": 151063
    }
]]]>
              </value>
            </param>
          </params>
          <reporter-output>
          </reporter-output>
        </test-method> <!-- RafflouxRestApiFuntValidations -->
        <test-method is-config="true" signature="afterMethod()[pri:0, instance:com.RedevApiTesting.RafflouxApiTestClass@14dd9eb7]" started-at="2023-09-05T13:04:48 IST" name="afterMethod" finished-at="2023-09-05T13:04:48 IST" duration-ms="80" status="PASS">
          <reporter-output>
          </reporter-output>
        </test-method> <!-- afterMethod -->
        <test-method is-config="true" signature="beforeMethod()[pri:0, instance:com.RedevApiTesting.RafflouxApiTestClass@14dd9eb7]" started-at="2023-09-05T13:04:48 IST" name="beforeMethod" finished-at="2023-09-05T13:04:48 IST" duration-ms="1" status="PASS">
          <reporter-output>
          </reporter-output>
        </test-method> <!-- beforeMethod -->
        <test-method signature="RafflouxRestApiFuntValidations(java.lang.String,java.lang.String,java.lang.String,java.lang.String,java.lang.String,double,java.lang.String)[pri:2, instance:com.RedevApiTesting.RafflouxApiTestClass@14dd9eb7]" started-at="2023-09-05T13:04:48 IST" name="RafflouxRestApiFuntValidations" data-provider="FunctSheet" finished-at="2023-09-05T13:04:48 IST" duration-ms="229" status="PASS">
          <params>
            <param index="0">
              <value>
                <![CDATA[Row 87]]>
              </value>
            </param>
            <param index="1">
              <value>
                <![CDATA[Fetch my referral code]]>
              </value>
            </param>
            <param index="2">
              <value>
                <![CDATA[POST]]>
              </value>
            </param>
            <param index="3">
              <value>
                <![CDATA[/v1/fetchMyReferralCode]]>
              </value>
            </param>
            <param index="4">
              <value>
                <![CDATA[{}]]>
              </value>
            </param>
            <param index="5">
              <value>
                <![CDATA[200.0]]>
              </value>
            </param>
            <param index="6">
              <value>
                <![CDATA[{}]]>
              </value>
            </param>
          </params>
          <reporter-output>
          </reporter-output>
        </test-method> <!-- RafflouxRestApiFuntValidations -->
        <test-method is-config="true" signature="afterMethod()[pri:0, instance:com.RedevApiTesting.RafflouxApiTestClass@14dd9eb7]" started-at="2023-09-05T13:04:48 IST" name="afterMethod" finished-at="2023-09-05T13:04:48 IST" duration-ms="62" status="PASS">
          <reporter-output>
          </reporter-output>
        </test-method> <!-- afterMethod -->
        <test-method is-config="true" signature="beforeMethod()[pri:0, instance:com.RedevApiTesting.RafflouxApiTestClass@14dd9eb7]" started-at="2023-09-05T13:04:48 IST" name="beforeMethod" finished-at="2023-09-05T13:04:48 IST" duration-ms="1" status="PASS">
          <reporter-output>
          </reporter-output>
        </test-method> <!-- beforeMethod -->
        <test-method signature="RafflouxRestApiFuntValidations(java.lang.String,java.lang.String,java.lang.String,java.lang.String,java.lang.String,double,java.lang.String)[pri:2, instance:com.RedevApiTesting.RafflouxApiTestClass@14dd9eb7]" started-at="2023-09-05T13:04:48 IST" name="RafflouxRestApiFuntValidations" data-provider="FunctSheet" finished-at="2023-09-05T13:04:48 IST" duration-ms="218" status="PASS">
          <params>
            <param index="0">
              <value>
                <![CDATA[Row 88]]>
              </value>
            </param>
            <param index="1">
              <value>
                <![CDATA[Get refree code]]>
              </value>
            </param>
            <param index="2">
              <value>
                <![CDATA[POST]]>
              </value>
            </param>
            <param index="3">
              <value>
                <![CDATA[/v1/getRefereeCode]]>
              </value>
            </param>
            <param index="4">
              <value>
                <![CDATA[{
    "referralCode":"rafueD27pQ"}]]>
              </value>
            </param>
            <param index="5">
              <value>
                <![CDATA[200.0]]>
              </value>
            </param>
            <param index="6">
              <value>
                <![CDATA[{
    "pointReward": 100,
    "referralName": "dev40"
}]]>
              </value>
            </param>
          </params>
          <reporter-output>
          </reporter-output>
        </test-method> <!-- RafflouxRestApiFuntValidations -->
        <test-method is-config="true" signature="afterMethod()[pri:0, instance:com.RedevApiTesting.RafflouxApiTestClass@14dd9eb7]" started-at="2023-09-05T13:04:48 IST" name="afterMethod" finished-at="2023-09-05T13:04:48 IST" duration-ms="54" status="PASS">
          <reporter-output>
          </reporter-output>
        </test-method> <!-- afterMethod -->
        <test-method signature="RafflouxRestApiFuntValidations(java.lang.String,java.lang.String,java.lang.String,java.lang.String,java.lang.String,double,java.lang.String)[pri:2, instance:com.RedevApiTesting.RafflouxApiTestClass@14dd9eb7]" started-at="2023-09-05T13:04:48 IST" name="RafflouxRestApiFuntValidations" data-provider="FunctSheet" finished-at="2023-09-05T13:04:49 IST" duration-ms="194" status="PASS">
          <params>
            <param index="0">
              <value>
                <![CDATA[Row 89]]>
              </value>
            </param>
            <param index="1">
              <value>
                <![CDATA[Check if number exists]]>
              </value>
            </param>
            <param index="2">
              <value>
                <![CDATA[POST]]>
              </value>
            </param>
            <param index="3">
              <value>
                <![CDATA[/v1/checkNumber]]>
              </value>
            </param>
            <param index="4">
              <value>
                <![CDATA[{
contactNumber:0123452789
}]]>
              </value>
            </param>
            <param index="5">
              <value>
                <![CDATA[200.0]]>
              </value>
            </param>
            <param index="6">
              <value>
                <![CDATA[{ status: 200 }]]>
              </value>
            </param>
          </params>
          <reporter-output>
          </reporter-output>
        </test-method> <!-- RafflouxRestApiFuntValidations -->
        <test-method is-config="true" signature="beforeMethod()[pri:0, instance:com.RedevApiTesting.RafflouxApiTestClass@14dd9eb7]" started-at="2023-09-05T13:04:48 IST" name="beforeMethod" finished-at="2023-09-05T13:04:48 IST" duration-ms="0" status="PASS">
          <reporter-output>
          </reporter-output>
        </test-method> <!-- beforeMethod -->
        <test-method is-config="true" signature="afterMethod()[pri:0, instance:com.RedevApiTesting.RafflouxApiTestClass@14dd9eb7]" started-at="2023-09-05T13:04:49 IST" name="afterMethod" finished-at="2023-09-05T13:04:49 IST" duration-ms="58" status="PASS">
          <reporter-output>
          </reporter-output>
        </test-method> <!-- afterMethod -->
        <test-method signature="RafflouxRestApiFuntValidations(java.lang.String,java.lang.String,java.lang.String,java.lang.String,java.lang.String,double,java.lang.String)[pri:2, instance:com.RedevApiTesting.RafflouxApiTestClass@14dd9eb7]" started-at="2023-09-05T13:04:49 IST" name="RafflouxRestApiFuntValidations" data-provider="FunctSheet" finished-at="2023-09-05T13:04:49 IST" duration-ms="209" status="PASS">
          <params>
            <param index="0">
              <value>
                <![CDATA[Row 90]]>
              </value>
            </param>
            <param index="1">
              <value>
                <![CDATA[Check if email exists]]>
              </value>
            </param>
            <param index="2">
              <value>
                <![CDATA[POST]]>
              </value>
            </param>
            <param index="3">
              <value>
                <![CDATA[/v1/checkEmail]]>
              </value>
            </param>
            <param index="4">
              <value>
                <![CDATA[{
email:kavya@gmail.com
}]]>
              </value>
            </param>
            <param index="5">
              <value>
                <![CDATA[200.0]]>
              </value>
            </param>
            <param index="6">
              <value>
                <![CDATA[{ status: 200 }]]>
              </value>
            </param>
          </params>
          <reporter-output>
          </reporter-output>
        </test-method> <!-- RafflouxRestApiFuntValidations -->
        <test-method is-config="true" signature="beforeMethod()[pri:0, instance:com.RedevApiTesting.RafflouxApiTestClass@14dd9eb7]" started-at="2023-09-05T13:04:49 IST" name="beforeMethod" finished-at="2023-09-05T13:04:49 IST" duration-ms="0" status="PASS">
          <reporter-output>
          </reporter-output>
        </test-method> <!-- beforeMethod -->
        <test-method is-config="true" signature="afterMethod()[pri:0, instance:com.RedevApiTesting.RafflouxApiTestClass@14dd9eb7]" started-at="2023-09-05T13:04:49 IST" name="afterMethod" finished-at="2023-09-05T13:04:49 IST" duration-ms="65" status="PASS">
          <reporter-output>
          </reporter-output>
        </test-method> <!-- afterMethod -->
        <test-method is-config="true" signature="beforeMethod()[pri:0, instance:com.RedevApiTesting.RafflouxApiTestClass@14dd9eb7]" started-at="2023-09-05T13:04:49 IST" name="beforeMethod" finished-at="2023-09-05T13:04:49 IST" duration-ms="0" status="PASS">
          <reporter-output>
          </reporter-output>
        </test-method> <!-- beforeMethod -->
        <test-method signature="RafflouxRestApiFuntValidations(java.lang.String,java.lang.String,java.lang.String,java.lang.String,java.lang.String,double,java.lang.String)[pri:2, instance:com.RedevApiTesting.RafflouxApiTestClass@14dd9eb7]" started-at="2023-09-05T13:04:49 IST" name="RafflouxRestApiFuntValidations" data-provider="FunctSheet" finished-at="2023-09-05T13:04:49 IST" duration-ms="215" status="PASS">
          <params>
            <param index="0">
              <value>
                <![CDATA[Row 91]]>
              </value>
            </param>
            <param index="1">
              <value>
                <![CDATA[To update voucher]]>
              </value>
            </param>
            <param index="2">
              <value>
                <![CDATA[POST]]>
              </value>
            </param>
            <param index="3">
              <value>
                <![CDATA[/v1/updateVoucherWithLogin]]>
              </value>
            </param>
            <param index="4">
              <value>
                <![CDATA[{}]]>
              </value>
            </param>
            <param index="5">
              <value>
                <![CDATA[200.0]]>
              </value>
            </param>
            <param index="6">
              <value>
                <![CDATA[{
    "message": "Message Sent.",
    "toMobile": "+447969675827"
}]]>
              </value>
            </param>
          </params>
          <reporter-output>
          </reporter-output>
        </test-method> <!-- RafflouxRestApiFuntValidations -->
        <test-method is-config="true" signature="afterMethod()[pri:0, instance:com.RedevApiTesting.RafflouxApiTestClass@14dd9eb7]" started-at="2023-09-05T13:04:49 IST" name="afterMethod" finished-at="2023-09-05T13:04:49 IST" duration-ms="113" status="PASS">
          <reporter-output>
          </reporter-output>
        </test-method> <!-- afterMethod -->
        <test-method is-config="true" signature="beforeMethod()[pri:0, instance:com.RedevApiTesting.RafflouxApiTestClass@14dd9eb7]" started-at="2023-09-05T13:04:49 IST" name="beforeMethod" finished-at="2023-09-05T13:04:49 IST" duration-ms="1" status="PASS">
          <reporter-output>
          </reporter-output>
        </test-method> <!-- beforeMethod -->
        <test-method signature="RafflouxRestApiFuntValidations(java.lang.String,java.lang.String,java.lang.String,java.lang.String,java.lang.String,double,java.lang.String)[pri:2, instance:com.RedevApiTesting.RafflouxApiTestClass@14dd9eb7]" started-at="2023-09-05T13:04:49 IST" name="RafflouxRestApiFuntValidations" data-provider="FunctSheet" finished-at="2023-09-05T13:04:50 IST" duration-ms="1001" status="PASS">
          <params>
            <param index="0">
              <value>
                <![CDATA[Row 92]]>
              </value>
            </param>
            <param index="1">
              <value>
                <![CDATA[generateOtpSmsVerificationForAccountWithLogin]]>
              </value>
            </param>
            <param index="2">
              <value>
                <![CDATA[POST]]>
              </value>
            </param>
            <param index="3">
              <value>
                <![CDATA[/v1/generateOtpSmsVerificationForAccountWithLogin]]>
              </value>
            </param>
            <param index="4">
              <value>
                <![CDATA[{}]]>
              </value>
            </param>
            <param index="5">
              <value>
                <![CDATA[200.0]]>
              </value>
            </param>
            <param index="6">
              <value>
                <![CDATA[
 {"jwt": "eyJhbGciOiJIUzI1NiIsInR5cCI6IkpXVCJ9.eyJ1c2VyX2lkIjoxNTEwNjMsInVzZXJfZW1haWwiOiJ2ZWVyYS5yYWdoYXZhbkByaGliaHVzLmNvbSIsInVzZXJfZmlyc3RfbmFtZSI6InZlZXJhIiwidXNlcl9sYXN0X25hbWUiOiJyYWdoYXZhbiIsImlhdCI6MTY4NDk5ODEwOX0.TV9h1ThVjX4mZOQNmCjC2tDDxCT0o3TAuSKNBYzzNEY"
        }
 ]]>
              </value>
            </param>
          </params>
          <reporter-output>
          </reporter-output>
        </test-method> <!-- RafflouxRestApiFuntValidations -->
        <test-method is-config="true" signature="afterMethod()[pri:0, instance:com.RedevApiTesting.RafflouxApiTestClass@14dd9eb7]" started-at="2023-09-05T13:04:50 IST" name="afterMethod" finished-at="2023-09-05T13:04:50 IST" duration-ms="32" status="PASS">
          <reporter-output>
          </reporter-output>
        </test-method> <!-- afterMethod -->
        <test-method is-config="true" signature="beforeMethod()[pri:0, instance:com.RedevApiTesting.RafflouxApiTestClass@14dd9eb7]" started-at="2023-09-05T13:04:50 IST" name="beforeMethod" finished-at="2023-09-05T13:04:50 IST" duration-ms="1" status="PASS">
          <reporter-output>
          </reporter-output>
        </test-method> <!-- beforeMethod -->
        <test-method signature="RafflouxRestApiFuntValidations(java.lang.String,java.lang.String,java.lang.String,java.lang.String,java.lang.String,double,java.lang.String)[pri:2, instance:com.RedevApiTesting.RafflouxApiTestClass@14dd9eb7]" started-at="2023-09-05T13:04:50 IST" name="RafflouxRestApiFuntValidations" data-provider="FunctSheet" finished-at="2023-09-05T13:04:50 IST" duration-ms="198" status="PASS">
          <params>
            <param index="0">
              <value>
                <![CDATA[Row 93]]>
              </value>
            </param>
            <param index="1">
              <value>
                <![CDATA[/v1/verifySmsOtpForAccountWithLogin]]>
              </value>
            </param>
            <param index="2">
              <value>
                <![CDATA[POST]]>
              </value>
            </param>
            <param index="3">
              <value>
                <![CDATA[/v1/verifySmsOtpForAccountWithLogin]]>
              </value>
            </param>
            <param index="4">
              <value>
                <![CDATA[{otp:090909}]]>
              </value>
            </param>
            <param index="5">
              <value>
                <![CDATA[200.0]]>
              </value>
            </param>
            <param index="6">
              <value>
                <![CDATA[{}]]>
              </value>
            </param>
          </params>
          <reporter-output>
          </reporter-output>
        </test-method> <!-- RafflouxRestApiFuntValidations -->
        <test-method is-config="true" signature="afterMethod()[pri:0, instance:com.RedevApiTesting.RafflouxApiTestClass@14dd9eb7]" started-at="2023-09-05T13:04:51 IST" name="afterMethod" finished-at="2023-09-05T13:04:51 IST" duration-ms="126" status="PASS">
          <reporter-output>
          </reporter-output>
        </test-method> <!-- afterMethod -->
        <test-method is-config="true" signature="tearDown()[pri:0, instance:com.RedevApiTesting.RafflouxApiTestClass@14dd9eb7]" started-at="2023-09-05T13:04:51 IST" name="tearDown" finished-at="2023-09-05T13:04:51 IST" duration-ms="182" status="PASS">
          <reporter-output>
          </reporter-output>
        </test-method> <!-- tearDown -->
      </class> <!-- com.RedevApiTesting.RafflouxApiTestClass -->
    </test> <!-- Default test -->
  </suite> <!-- Default suite -->
</testng-results>
