<?xml version="1.0" encoding="UTF-8"?>
<testng-results ignored="0" total="31" passed="31" failed="0" skipped="0">
  <reporter-output>
  </reporter-output>
  <suite started-at="2024-11-13T11:49:41 IST" name="Default suite" finished-at="2024-11-13T11:50:11 IST" duration-ms="30073">
    <groups>
    </groups>
    <test started-at="2024-11-13T11:49:41 IST" name="Default test" finished-at="2024-11-13T11:50:11 IST" duration-ms="30073">
      <class name="NewFrameWork.UserPortalRaffleTech">
        <test-method is-config="true" signature="setUp()[pri:0, instance:NewFrameWork.UserPortalRaffleTech@30f4b1a6]" started-at="2024-11-13T11:49:40 IST" name="setUp" finished-at="2024-11-13T11:49:41 IST" duration-ms="1359" status="PASS">
          <reporter-output>
          </reporter-output>
        </test-method> <!-- setUp -->
        <test-method signature="MWCRestApiFuntValidations(java.lang.String,java.lang.String,java.lang.String,java.lang.String,java.lang.String,double,java.lang.String)[pri:2, instance:NewFrameWork.UserPortalRaffleTech@30f4b1a6]" started-at="2024-11-13T11:49:45 IST" name="MWCRestApiFuntValidations" data-provider="Data" finished-at="2024-11-13T11:49:55 IST" duration-ms="9379" status="PASS">
          <params>
            <param index="0">
              <value>
                <![CDATA[row no 2]]>
              </value>
            </param>
            <param index="1">
              <value>
                <![CDATA[Validate the api's by giving invalid method.]]>
              </value>
            </param>
            <param index="2">
              <value>
                <![CDATA[/user/all/fetch]]>
              </value>
            </param>
            <param index="3">
              <value>
                <![CDATA[PUT]]>
              </value>
            </param>
            <param index="4">
              <value>
                <![CDATA[{}]]>
              </value>
            </param>
            <param index="5">
              <value>
                <![CDATA[404.0]]>
              </value>
            </param>
            <param index="6">
              <value>
                <![CDATA[{}]]>
              </value>
            </param>
          </params>
          <reporter-output>
          </reporter-output>
        </test-method> <!-- MWCRestApiFuntValidations -->
        <test-method is-config="true" signature="afterMethod()[pri:0, instance:NewFrameWork.UserPortalRaffleTech@30f4b1a6]" started-at="2024-11-13T11:49:55 IST" name="afterMethod" finished-at="2024-11-13T11:49:56 IST" duration-ms="1168" status="PASS">
          <reporter-output>
          </reporter-output>
        </test-method> <!-- afterMethod -->
        <test-method signature="MWCRestApiFuntValidations(java.lang.String,java.lang.String,java.lang.String,java.lang.String,java.lang.String,double,java.lang.String)[pri:2, instance:NewFrameWork.UserPortalRaffleTech@30f4b1a6]" started-at="2024-11-13T11:49:56 IST" name="MWCRestApiFuntValidations" data-provider="Data" finished-at="2024-11-13T11:49:56 IST" duration-ms="381" status="PASS">
          <params>
            <param index="0">
              <value>
                <![CDATA[row 3]]>
              </value>
            </param>
            <param index="1">
              <value>
                <![CDATA[Validate the api's by giving invalid method.]]>
              </value>
            </param>
            <param index="2">
              <value>
                <![CDATA[/user/payment/failure]]>
              </value>
            </param>
            <param index="3">
              <value>
                <![CDATA[PUT]]>
              </value>
            </param>
            <param index="4">
              <value>
                <![CDATA[  { "id": "1ec17642-e0e2-4368-95d9-50283000d37e", "paymentMethod": "", "invoiceId": "RT-56121780586", "amount": "10", "currency": "GDP12", "accountId": "RT-133940769635", "success": true, "message": "Completed successfully", "errorCode": "", "signature": "RT-133940769635" }]]>
              </value>
            </param>
            <param index="5">
              <value>
                <![CDATA[404.0]]>
              </value>
            </param>
            <param index="6">
              <value>
                <![CDATA[{}]]>
              </value>
            </param>
          </params>
          <reporter-output>
          </reporter-output>
        </test-method> <!-- MWCRestApiFuntValidations -->
        <test-method is-config="true" signature="afterMethod()[pri:0, instance:NewFrameWork.UserPortalRaffleTech@30f4b1a6]" started-at="2024-11-13T11:49:56 IST" name="afterMethod" finished-at="2024-11-13T11:49:56 IST" duration-ms="32" status="PASS">
          <reporter-output>
          </reporter-output>
        </test-method> <!-- afterMethod -->
        <test-method signature="MWCRestApiFuntValidations(java.lang.String,java.lang.String,java.lang.String,java.lang.String,java.lang.String,double,java.lang.String)[pri:2, instance:NewFrameWork.UserPortalRaffleTech@30f4b1a6]" started-at="2024-11-13T11:49:56 IST" name="MWCRestApiFuntValidations" data-provider="Data" finished-at="2024-11-13T11:49:57 IST" duration-ms="297" status="PASS">
          <params>
            <param index="0">
              <value>
                <![CDATA[row 4]]>
              </value>
            </param>
            <param index="1">
              <value>
                <![CDATA[Validate the api's by giving invalid method.]]>
              </value>
            </param>
            <param index="2">
              <value>
                <![CDATA[/user/all/fetch]]>
              </value>
            </param>
            <param index="3">
              <value>
                <![CDATA[PUT]]>
              </value>
            </param>
            <param index="4">
              <value>
                <![CDATA[{}]]>
              </value>
            </param>
            <param index="5">
              <value>
                <![CDATA[404.0]]>
              </value>
            </param>
            <param index="6">
              <value>
                <![CDATA[{}]]>
              </value>
            </param>
          </params>
          <reporter-output>
          </reporter-output>
        </test-method> <!-- MWCRestApiFuntValidations -->
        <test-method is-config="true" signature="afterMethod()[pri:0, instance:NewFrameWork.UserPortalRaffleTech@30f4b1a6]" started-at="2024-11-13T11:49:57 IST" name="afterMethod" finished-at="2024-11-13T11:49:57 IST" duration-ms="41" status="PASS">
          <reporter-output>
          </reporter-output>
        </test-method> <!-- afterMethod -->
        <test-method signature="MWCRestApiFuntValidations(java.lang.String,java.lang.String,java.lang.String,java.lang.String,java.lang.String,double,java.lang.String)[pri:2, instance:NewFrameWork.UserPortalRaffleTech@30f4b1a6]" started-at="2024-11-13T11:49:57 IST" name="MWCRestApiFuntValidations" data-provider="Data" finished-at="2024-11-13T11:49:57 IST" duration-ms="279" status="PASS">
          <params>
            <param index="0">
              <value>
                <![CDATA[row 5]]>
              </value>
            </param>
            <param index="1">
              <value>
                <![CDATA[Validate the api's by giving invalid method.]]>
              </value>
            </param>
            <param index="2">
              <value>
                <![CDATA[/user/payment/success]]>
              </value>
            </param>
            <param index="3">
              <value>
                <![CDATA[PUT]]>
              </value>
            </param>
            <param index="4">
              <value>
                <![CDATA[  { "firstName": "tt", "lastName": "tt", "email": "test@gmail.com", "tickets": [ { "raffleId": "Raffle#19d3e640-47ac-49e9-a828-1fadb1dc8d6c", "numberOftickets": 1 } ], "raffle_updates_opt": false }]]>
              </value>
            </param>
            <param index="5">
              <value>
                <![CDATA[404.0]]>
              </value>
            </param>
            <param index="6">
              <value>
                <![CDATA[{}]]>
              </value>
            </param>
          </params>
          <reporter-output>
          </reporter-output>
        </test-method> <!-- MWCRestApiFuntValidations -->
        <test-method is-config="true" signature="afterMethod()[pri:0, instance:NewFrameWork.UserPortalRaffleTech@30f4b1a6]" started-at="2024-11-13T11:49:57 IST" name="afterMethod" finished-at="2024-11-13T11:49:57 IST" duration-ms="38" status="PASS">
          <reporter-output>
          </reporter-output>
        </test-method> <!-- afterMethod -->
        <test-method signature="MWCRestApiFuntValidations(java.lang.String,java.lang.String,java.lang.String,java.lang.String,java.lang.String,double,java.lang.String)[pri:2, instance:NewFrameWork.UserPortalRaffleTech@30f4b1a6]" started-at="2024-11-13T11:49:57 IST" name="MWCRestApiFuntValidations" data-provider="Data" finished-at="2024-11-13T11:49:57 IST" duration-ms="286" status="PASS">
          <params>
            <param index="0">
              <value>
                <![CDATA[row 6]]>
              </value>
            </param>
            <param index="1">
              <value>
                <![CDATA[Validate the api's by giving invalid method.]]>
              </value>
            </param>
            <param index="2">
              <value>
                <![CDATA[/user/payment/success]]>
              </value>
            </param>
            <param index="3">
              <value>
                <![CDATA[PUT]]>
              </value>
            </param>
            <param index="4">
              <value>
                <![CDATA[  { "id": "1ec17642-e0e2-4368-95d9-50283000d37e", "paymentMethod": "", "invoiceId": "RT-56121780586", "amount": "10", "currency": "GDP12", "accountId": "RT-133940769635", "success": true, "message": "Completed successfully", "errorCode": "", "signature": "RT-133940769635" }]]>
              </value>
            </param>
            <param index="5">
              <value>
                <![CDATA[404.0]]>
              </value>
            </param>
            <param index="6">
              <value>
                <![CDATA[{}]]>
              </value>
            </param>
          </params>
          <reporter-output>
          </reporter-output>
        </test-method> <!-- MWCRestApiFuntValidations -->
        <test-method is-config="true" signature="afterMethod()[pri:0, instance:NewFrameWork.UserPortalRaffleTech@30f4b1a6]" started-at="2024-11-13T11:49:57 IST" name="afterMethod" finished-at="2024-11-13T11:49:57 IST" duration-ms="35" status="PASS">
          <reporter-output>
          </reporter-output>
        </test-method> <!-- afterMethod -->
        <test-method signature="MWCRestApiFuntValidations(java.lang.String,java.lang.String,java.lang.String,java.lang.String,java.lang.String,double,java.lang.String)[pri:2, instance:NewFrameWork.UserPortalRaffleTech@30f4b1a6]" started-at="2024-11-13T11:49:57 IST" name="MWCRestApiFuntValidations" data-provider="Data" finished-at="2024-11-13T11:49:58 IST" duration-ms="234" status="PASS">
          <params>
            <param index="0">
              <value>
                <![CDATA[row 7]]>
              </value>
            </param>
            <param index="1">
              <value>
                <![CDATA[Validate the api's by giving invalid method.]]>
              </value>
            </param>
            <param index="2">
              <value>
                <![CDATA[/user/payment/paymentDetails]]>
              </value>
            </param>
            <param index="3">
              <value>
                <![CDATA[PUT]]>
              </value>
            </param>
            <param index="4">
              <value>
                <![CDATA[  { "cart_id": "Cart#b569ef6b-d84f-4c03-819a-8ecde92a7ced" }]]>
              </value>
            </param>
            <param index="5">
              <value>
                <![CDATA[404.0]]>
              </value>
            </param>
            <param index="6">
              <value>
                <![CDATA[{}]]>
              </value>
            </param>
          </params>
          <reporter-output>
          </reporter-output>
        </test-method> <!-- MWCRestApiFuntValidations -->
        <test-method is-config="true" signature="afterMethod()[pri:0, instance:NewFrameWork.UserPortalRaffleTech@30f4b1a6]" started-at="2024-11-13T11:49:58 IST" name="afterMethod" finished-at="2024-11-13T11:49:58 IST" duration-ms="33" status="PASS">
          <reporter-output>
          </reporter-output>
        </test-method> <!-- afterMethod -->
        <test-method signature="MWCRestApiFuntValidations(java.lang.String,java.lang.String,java.lang.String,java.lang.String,java.lang.String,double,java.lang.String)[pri:2, instance:NewFrameWork.UserPortalRaffleTech@30f4b1a6]" started-at="2024-11-13T11:49:58 IST" name="MWCRestApiFuntValidations" data-provider="Data" finished-at="2024-11-13T11:49:58 IST" duration-ms="301" status="PASS">
          <params>
            <param index="0">
              <value>
                <![CDATA[row 8]]>
              </value>
            </param>
            <param index="1">
              <value>
                <![CDATA[Validate the api's by giving invalid  endpoint]]>
              </value>
            </param>
            <param index="2">
              <value>
                <![CDATA[/user/al/fetch]]>
              </value>
            </param>
            <param index="3">
              <value>
                <![CDATA[POST]]>
              </value>
            </param>
            <param index="4">
              <value>
                <![CDATA[{}]]>
              </value>
            </param>
            <param index="5">
              <value>
                <![CDATA[404.0]]>
              </value>
            </param>
            <param index="6">
              <value>
                <![CDATA[{}]]>
              </value>
            </param>
          </params>
          <reporter-output>
          </reporter-output>
        </test-method> <!-- MWCRestApiFuntValidations -->
        <test-method is-config="true" signature="afterMethod()[pri:0, instance:NewFrameWork.UserPortalRaffleTech@30f4b1a6]" started-at="2024-11-13T11:49:58 IST" name="afterMethod" finished-at="2024-11-13T11:49:58 IST" duration-ms="51" status="PASS">
          <reporter-output>
          </reporter-output>
        </test-method> <!-- afterMethod -->
        <test-method signature="MWCRestApiFuntValidations(java.lang.String,java.lang.String,java.lang.String,java.lang.String,java.lang.String,double,java.lang.String)[pri:2, instance:NewFrameWork.UserPortalRaffleTech@30f4b1a6]" started-at="2024-11-13T11:49:58 IST" name="MWCRestApiFuntValidations" data-provider="Data" finished-at="2024-11-13T11:49:58 IST" duration-ms="261" status="PASS">
          <params>
            <param index="0">
              <value>
                <![CDATA[row 9]]>
              </value>
            </param>
            <param index="1">
              <value>
                <![CDATA[Validate the api's by giving invalid  endpoint]]>
              </value>
            </param>
            <param index="2">
              <value>
                <![CDATA[/user/paymnt/failure]]>
              </value>
            </param>
            <param index="3">
              <value>
                <![CDATA[POST]]>
              </value>
            </param>
            <param index="4">
              <value>
                <![CDATA[  { "id": "1ec17642-e0e2-4368-95d9-50283000d37e", "paymentMethod": "", "invoiceId": "RT-56121780586", "amount": "10", "currency": "GDP12", "accountId": "RT-133940769635", "success": true, "message": "Completed successfully", "errorCode": "", "signature": "RT-133940769635" }]]>
              </value>
            </param>
            <param index="5">
              <value>
                <![CDATA[404.0]]>
              </value>
            </param>
            <param index="6">
              <value>
                <![CDATA[{}]]>
              </value>
            </param>
          </params>
          <reporter-output>
          </reporter-output>
        </test-method> <!-- MWCRestApiFuntValidations -->
        <test-method is-config="true" signature="afterMethod()[pri:0, instance:NewFrameWork.UserPortalRaffleTech@30f4b1a6]" started-at="2024-11-13T11:49:58 IST" name="afterMethod" finished-at="2024-11-13T11:49:58 IST" duration-ms="33" status="PASS">
          <reporter-output>
          </reporter-output>
        </test-method> <!-- afterMethod -->
        <test-method signature="MWCRestApiFuntValidations(java.lang.String,java.lang.String,java.lang.String,java.lang.String,java.lang.String,double,java.lang.String)[pri:2, instance:NewFrameWork.UserPortalRaffleTech@30f4b1a6]" started-at="2024-11-13T11:49:58 IST" name="MWCRestApiFuntValidations" data-provider="Data" finished-at="2024-11-13T11:49:59 IST" duration-ms="232" status="PASS">
          <params>
            <param index="0">
              <value>
                <![CDATA[row 10]]>
              </value>
            </param>
            <param index="1">
              <value>
                <![CDATA[Validate the api's by giving invalid  endpoint]]>
              </value>
            </param>
            <param index="2">
              <value>
                <![CDATA[/usr/all/fetch]]>
              </value>
            </param>
            <param index="3">
              <value>
                <![CDATA[POST]]>
              </value>
            </param>
            <param index="4">
              <value>
                <![CDATA[None]]>
              </value>
            </param>
            <param index="5">
              <value>
                <![CDATA[403.0]]>
              </value>
            </param>
            <param index="6">
              <value>
                <![CDATA[{}]]>
              </value>
            </param>
          </params>
          <reporter-output>
          </reporter-output>
        </test-method> <!-- MWCRestApiFuntValidations -->
        <test-method is-config="true" signature="afterMethod()[pri:0, instance:NewFrameWork.UserPortalRaffleTech@30f4b1a6]" started-at="2024-11-13T11:49:59 IST" name="afterMethod" finished-at="2024-11-13T11:49:59 IST" duration-ms="30" status="PASS">
          <reporter-output>
          </reporter-output>
        </test-method> <!-- afterMethod -->
        <test-method signature="MWCRestApiFuntValidations(java.lang.String,java.lang.String,java.lang.String,java.lang.String,java.lang.String,double,java.lang.String)[pri:2, instance:NewFrameWork.UserPortalRaffleTech@30f4b1a6]" started-at="2024-11-13T11:49:59 IST" name="MWCRestApiFuntValidations" data-provider="Data" finished-at="2024-11-13T11:49:59 IST" duration-ms="268" status="PASS">
          <params>
            <param index="0">
              <value>
                <![CDATA[row 11]]>
              </value>
            </param>
            <param index="1">
              <value>
                <![CDATA[Validate the api's by giving invalid  endpoint]]>
              </value>
            </param>
            <param index="2">
              <value>
                <![CDATA[/user/payment/success]]>
              </value>
            </param>
            <param index="3">
              <value>
                <![CDATA[POST]]>
              </value>
            </param>
            <param index="4">
              <value>
                <![CDATA[  { "firstName": "tt", "lastName": "tt", "email": "test@gmail.com", "tickets": [ { "raffleId": "Raffle#19d3e640-47ac-49e9-a828-1fadb1dc8d6c", "numberOftickets": 1 } ], "raffle_updates_opt": false }]]>
              </value>
            </param>
            <param index="5">
              <value>
                <![CDATA[502.0]]>
              </value>
            </param>
            <param index="6">
              <value>
                <![CDATA[{}]]>
              </value>
            </param>
          </params>
          <reporter-output>
          </reporter-output>
        </test-method> <!-- MWCRestApiFuntValidations -->
        <test-method is-config="true" signature="afterMethod()[pri:0, instance:NewFrameWork.UserPortalRaffleTech@30f4b1a6]" started-at="2024-11-13T11:49:59 IST" name="afterMethod" finished-at="2024-11-13T11:49:59 IST" duration-ms="33" status="PASS">
          <reporter-output>
          </reporter-output>
        </test-method> <!-- afterMethod -->
        <test-method signature="MWCRestApiFuntValidations(java.lang.String,java.lang.String,java.lang.String,java.lang.String,java.lang.String,double,java.lang.String)[pri:2, instance:NewFrameWork.UserPortalRaffleTech@30f4b1a6]" started-at="2024-11-13T11:49:59 IST" name="MWCRestApiFuntValidations" data-provider="Data" finished-at="2024-11-13T11:49:59 IST" duration-ms="259" status="PASS">
          <params>
            <param index="0">
              <value>
                <![CDATA[row 12]]>
              </value>
            </param>
            <param index="1">
              <value>
                <![CDATA[Validate the api's by giving invalid  endpoint]]>
              </value>
            </param>
            <param index="2">
              <value>
                <![CDATA[/user/payment/successww]]>
              </value>
            </param>
            <param index="3">
              <value>
                <![CDATA[POST]]>
              </value>
            </param>
            <param index="4">
              <value>
                <![CDATA[  { "id": "1ec17642-e0e2-4368-95d9-50283000d37e", "paymentMethod": "", "invoiceId": "RT-56121780586", "amount": "10", "currency": "GDP12", "accountId": "RT-133940769635", "success": true, "message": "Completed successfully", "errorCode": "", "signature": "RT-133940769635" }]]>
              </value>
            </param>
            <param index="5">
              <value>
                <![CDATA[404.0]]>
              </value>
            </param>
            <param index="6">
              <value>
                <![CDATA[{}]]>
              </value>
            </param>
          </params>
          <reporter-output>
          </reporter-output>
        </test-method> <!-- MWCRestApiFuntValidations -->
        <test-method is-config="true" signature="afterMethod()[pri:0, instance:NewFrameWork.UserPortalRaffleTech@30f4b1a6]" started-at="2024-11-13T11:49:59 IST" name="afterMethod" finished-at="2024-11-13T11:49:59 IST" duration-ms="107" status="PASS">
          <reporter-output>
          </reporter-output>
        </test-method> <!-- afterMethod -->
        <test-method signature="MWCRestApiFuntValidations(java.lang.String,java.lang.String,java.lang.String,java.lang.String,java.lang.String,double,java.lang.String)[pri:2, instance:NewFrameWork.UserPortalRaffleTech@30f4b1a6]" started-at="2024-11-13T11:49:59 IST" name="MWCRestApiFuntValidations" data-provider="Data" finished-at="2024-11-13T11:50:00 IST" duration-ms="268" status="PASS">
          <params>
            <param index="0">
              <value>
                <![CDATA[row 13]]>
              </value>
            </param>
            <param index="1">
              <value>
                <![CDATA[Validate the api's by giving invalid  endpoint]]>
              </value>
            </param>
            <param index="2">
              <value>
                <![CDATA[/user/pay/paymentDetails]]>
              </value>
            </param>
            <param index="3">
              <value>
                <![CDATA[POST]]>
              </value>
            </param>
            <param index="4">
              <value>
                <![CDATA[  { "cart_id": "Cart#b569ef6b-d84f-4c03-819a-8ecde92a7ced" }]]>
              </value>
            </param>
            <param index="5">
              <value>
                <![CDATA[404.0]]>
              </value>
            </param>
            <param index="6">
              <value>
                <![CDATA[{}]]>
              </value>
            </param>
          </params>
          <reporter-output>
          </reporter-output>
        </test-method> <!-- MWCRestApiFuntValidations -->
        <test-method is-config="true" signature="afterMethod()[pri:0, instance:NewFrameWork.UserPortalRaffleTech@30f4b1a6]" started-at="2024-11-13T11:50:00 IST" name="afterMethod" finished-at="2024-11-13T11:50:00 IST" duration-ms="23" status="PASS">
          <reporter-output>
          </reporter-output>
        </test-method> <!-- afterMethod -->
        <test-method signature="MWCRestApiFuntValidations(java.lang.String,java.lang.String,java.lang.String,java.lang.String,java.lang.String,double,java.lang.String)[pri:2, instance:NewFrameWork.UserPortalRaffleTech@30f4b1a6]" started-at="2024-11-13T11:50:00 IST" name="MWCRestApiFuntValidations" data-provider="Data" finished-at="2024-11-13T11:50:00 IST" duration-ms="275" status="PASS">
          <params>
            <param index="0">
              <value>
                <![CDATA[row 14]]>
              </value>
            </param>
            <param index="1">
              <value>
                <![CDATA[Validate the api's by giving invalid  payload]]>
              </value>
            </param>
            <param index="2">
              <value>
                <![CDATA[/user/payment/failure]]>
              </value>
            </param>
            <param index="3">
              <value>
                <![CDATA[POST]]>
              </value>
            </param>
            <param index="4">
              <value>
                <![CDATA[  { "id": "1ec17642-e0e2-4368-95d9-50283000d37e", : true, "message": "Completed successfully", "errorCode": "", "signature": "RT-133940769635" }]]>
              </value>
            </param>
            <param index="5">
              <value>
                <![CDATA[400.0]]>
              </value>
            </param>
            <param index="6">
              <value>
                <![CDATA[{}]]>
              </value>
            </param>
          </params>
          <reporter-output>
          </reporter-output>
        </test-method> <!-- MWCRestApiFuntValidations -->
        <test-method is-config="true" signature="afterMethod()[pri:0, instance:NewFrameWork.UserPortalRaffleTech@30f4b1a6]" started-at="2024-11-13T11:50:00 IST" name="afterMethod" finished-at="2024-11-13T11:50:00 IST" duration-ms="26" status="PASS">
          <reporter-output>
          </reporter-output>
        </test-method> <!-- afterMethod -->
        <test-method signature="MWCRestApiFuntValidations(java.lang.String,java.lang.String,java.lang.String,java.lang.String,java.lang.String,double,java.lang.String)[pri:2, instance:NewFrameWork.UserPortalRaffleTech@30f4b1a6]" started-at="2024-11-13T11:50:00 IST" name="MWCRestApiFuntValidations" data-provider="Data" finished-at="2024-11-13T11:50:00 IST" duration-ms="221" status="PASS">
          <params>
            <param index="0">
              <value>
                <![CDATA[row 15]]>
              </value>
            </param>
            <param index="1">
              <value>
                <![CDATA[Validate the api's by giving invalid  payload]]>
              </value>
            </param>
            <param index="2">
              <value>
                <![CDATA[/user/payment/success]]>
              </value>
            </param>
            <param index="3">
              <value>
                <![CDATA[POST]]>
              </value>
            </param>
            <param index="4">
              <value>
                <![CDATA[  { "firstName": "tt", "lastName": "tt", "email": "test@gmail.com", "berOftickets": 1 } ], "raffle_updates_opt": false }]]>
              </value>
            </param>
            <param index="5">
              <value>
                <![CDATA[400.0]]>
              </value>
            </param>
            <param index="6">
              <value>
                <![CDATA[{}]]>
              </value>
            </param>
          </params>
          <reporter-output>
          </reporter-output>
        </test-method> <!-- MWCRestApiFuntValidations -->
        <test-method is-config="true" signature="afterMethod()[pri:0, instance:NewFrameWork.UserPortalRaffleTech@30f4b1a6]" started-at="2024-11-13T11:50:00 IST" name="afterMethod" finished-at="2024-11-13T11:50:00 IST" duration-ms="27" status="PASS">
          <reporter-output>
          </reporter-output>
        </test-method> <!-- afterMethod -->
        <test-method signature="MWCRestApiFuntValidations(java.lang.String,java.lang.String,java.lang.String,java.lang.String,java.lang.String,double,java.lang.String)[pri:2, instance:NewFrameWork.UserPortalRaffleTech@30f4b1a6]" started-at="2024-11-13T11:50:00 IST" name="MWCRestApiFuntValidations" data-provider="Data" finished-at="2024-11-13T11:50:00 IST" duration-ms="241" status="PASS">
          <params>
            <param index="0">
              <value>
                <![CDATA[row 16]]>
              </value>
            </param>
            <param index="1">
              <value>
                <![CDATA[Validate the api's by giving invalid  payload]]>
              </value>
            </param>
            <param index="2">
              <value>
                <![CDATA[/user/payment/success]]>
              </value>
            </param>
            <param index="3">
              <value>
                <![CDATA[POST]]>
              </value>
            </param>
            <param index="4">
              <value>
                <![CDATA[  { "id": "1ec17642-e0e2-4368-95d9-50283000d37e", "paymentMethod": ]]>
              </value>
            </param>
            <param index="5">
              <value>
                <![CDATA[400.0]]>
              </value>
            </param>
            <param index="6">
              <value>
                <![CDATA[{}]]>
              </value>
            </param>
          </params>
          <reporter-output>
          </reporter-output>
        </test-method> <!-- MWCRestApiFuntValidations -->
        <test-method is-config="true" signature="afterMethod()[pri:0, instance:NewFrameWork.UserPortalRaffleTech@30f4b1a6]" started-at="2024-11-13T11:50:00 IST" name="afterMethod" finished-at="2024-11-13T11:50:00 IST" duration-ms="28" status="PASS">
          <reporter-output>
          </reporter-output>
        </test-method> <!-- afterMethod -->
        <test-method signature="MWCRestApiFuntValidations(java.lang.String,java.lang.String,java.lang.String,java.lang.String,java.lang.String,double,java.lang.String)[pri:2, instance:NewFrameWork.UserPortalRaffleTech@30f4b1a6]" started-at="2024-11-13T11:50:00 IST" name="MWCRestApiFuntValidations" data-provider="Data" finished-at="2024-11-13T11:50:01 IST" duration-ms="440" status="PASS">
          <params>
            <param index="0">
              <value>
                <![CDATA[row 17]]>
              </value>
            </param>
            <param index="1">
              <value>
                <![CDATA[Validate the api's by giving invalid  payload]]>
              </value>
            </param>
            <param index="2">
              <value>
                <![CDATA[/user/payment/paymentDetails]]>
              </value>
            </param>
            <param index="3">
              <value>
                <![CDATA[POST]]>
              </value>
            </param>
            <param index="4">
              <value>
                <![CDATA[  { "cart_id": "-819a-8ecde92a7ced" }]]>
              </value>
            </param>
            <param index="5">
              <value>
                <![CDATA[404.0]]>
              </value>
            </param>
            <param index="6">
              <value>
                <![CDATA[{}]]>
              </value>
            </param>
          </params>
          <reporter-output>
          </reporter-output>
        </test-method> <!-- MWCRestApiFuntValidations -->
        <test-method is-config="true" signature="afterMethod()[pri:0, instance:NewFrameWork.UserPortalRaffleTech@30f4b1a6]" started-at="2024-11-13T11:50:01 IST" name="afterMethod" finished-at="2024-11-13T11:50:01 IST" duration-ms="73" status="PASS">
          <reporter-output>
          </reporter-output>
        </test-method> <!-- afterMethod -->
        <test-method signature="MWCRestApiFuntValidations(java.lang.String,java.lang.String,java.lang.String,java.lang.String,java.lang.String,double,java.lang.String)[pri:2, instance:NewFrameWork.UserPortalRaffleTech@30f4b1a6]" started-at="2024-11-13T11:50:01 IST" name="MWCRestApiFuntValidations" data-provider="Data" finished-at="2024-11-13T11:50:01 IST" duration-ms="309" status="PASS">
          <params>
            <param index="0">
              <value>
                <![CDATA[row 18]]>
              </value>
            </param>
            <param index="1">
              <value>
                <![CDATA[Validate the api's by giving invalid  null payload]]>
              </value>
            </param>
            <param index="2">
              <value>
                <![CDATA[/user/payment/failure]]>
              </value>
            </param>
            <param index="3">
              <value>
                <![CDATA[POST]]>
              </value>
            </param>
            <param index="4">
              <value>
                <![CDATA[ {  }]]>
              </value>
            </param>
            <param index="5">
              <value>
                <![CDATA[502.0]]>
              </value>
            </param>
            <param index="6">
              <value>
                <![CDATA[{}]]>
              </value>
            </param>
          </params>
          <reporter-output>
          </reporter-output>
        </test-method> <!-- MWCRestApiFuntValidations -->
        <test-method is-config="true" signature="afterMethod()[pri:0, instance:NewFrameWork.UserPortalRaffleTech@30f4b1a6]" started-at="2024-11-13T11:50:01 IST" name="afterMethod" finished-at="2024-11-13T11:50:01 IST" duration-ms="24" status="PASS">
          <reporter-output>
          </reporter-output>
        </test-method> <!-- afterMethod -->
        <test-method signature="MWCRestApiFuntValidations(java.lang.String,java.lang.String,java.lang.String,java.lang.String,java.lang.String,double,java.lang.String)[pri:2, instance:NewFrameWork.UserPortalRaffleTech@30f4b1a6]" started-at="2024-11-13T11:50:01 IST" name="MWCRestApiFuntValidations" data-provider="Data" finished-at="2024-11-13T11:50:02 IST" duration-ms="273" status="PASS">
          <params>
            <param index="0">
              <value>
                <![CDATA[row 19]]>
              </value>
            </param>
            <param index="1">
              <value>
                <![CDATA[Validate the api's by giving invalid  null payload]]>
              </value>
            </param>
            <param index="2">
              <value>
                <![CDATA[/user/payment/success]]>
              </value>
            </param>
            <param index="3">
              <value>
                <![CDATA[POST]]>
              </value>
            </param>
            <param index="4">
              <value>
                <![CDATA[ {  }]]>
              </value>
            </param>
            <param index="5">
              <value>
                <![CDATA[502.0]]>
              </value>
            </param>
            <param index="6">
              <value>
                <![CDATA[{}]]>
              </value>
            </param>
          </params>
          <reporter-output>
          </reporter-output>
        </test-method> <!-- MWCRestApiFuntValidations -->
        <test-method is-config="true" signature="afterMethod()[pri:0, instance:NewFrameWork.UserPortalRaffleTech@30f4b1a6]" started-at="2024-11-13T11:50:02 IST" name="afterMethod" finished-at="2024-11-13T11:50:02 IST" duration-ms="25" status="PASS">
          <reporter-output>
          </reporter-output>
        </test-method> <!-- afterMethod -->
        <test-method signature="MWCRestApiFuntValidations(java.lang.String,java.lang.String,java.lang.String,java.lang.String,java.lang.String,double,java.lang.String)[pri:2, instance:NewFrameWork.UserPortalRaffleTech@30f4b1a6]" started-at="2024-11-13T11:50:02 IST" name="MWCRestApiFuntValidations" data-provider="Data" finished-at="2024-11-13T11:50:02 IST" duration-ms="262" status="PASS">
          <params>
            <param index="0">
              <value>
                <![CDATA[row 20]]>
              </value>
            </param>
            <param index="1">
              <value>
                <![CDATA[Validate the api's by giving invalid  null payload]]>
              </value>
            </param>
            <param index="2">
              <value>
                <![CDATA[/user/payment/success]]>
              </value>
            </param>
            <param index="3">
              <value>
                <![CDATA[POST]]>
              </value>
            </param>
            <param index="4">
              <value>
                <![CDATA[ {  }]]>
              </value>
            </param>
            <param index="5">
              <value>
                <![CDATA[502.0]]>
              </value>
            </param>
            <param index="6">
              <value>
                <![CDATA[{}]]>
              </value>
            </param>
          </params>
          <reporter-output>
          </reporter-output>
        </test-method> <!-- MWCRestApiFuntValidations -->
        <test-method is-config="true" signature="afterMethod()[pri:0, instance:NewFrameWork.UserPortalRaffleTech@30f4b1a6]" started-at="2024-11-13T11:50:02 IST" name="afterMethod" finished-at="2024-11-13T11:50:02 IST" duration-ms="21" status="PASS">
          <reporter-output>
          </reporter-output>
        </test-method> <!-- afterMethod -->
        <test-method signature="MWCRestApiFuntValidations(java.lang.String,java.lang.String,java.lang.String,java.lang.String,java.lang.String,double,java.lang.String)[pri:2, instance:NewFrameWork.UserPortalRaffleTech@30f4b1a6]" started-at="2024-11-13T11:50:02 IST" name="MWCRestApiFuntValidations" data-provider="Data" finished-at="2024-11-13T11:50:02 IST" duration-ms="311" status="PASS">
          <params>
            <param index="0">
              <value>
                <![CDATA[row 21]]>
              </value>
            </param>
            <param index="1">
              <value>
                <![CDATA[Validate the api's by giving invalid  null payload]]>
              </value>
            </param>
            <param index="2">
              <value>
                <![CDATA[/user/payment/paymentDetails]]>
              </value>
            </param>
            <param index="3">
              <value>
                <![CDATA[POST]]>
              </value>
            </param>
            <param index="4">
              <value>
                <![CDATA[ {  }]]>
              </value>
            </param>
            <param index="5">
              <value>
                <![CDATA[502.0]]>
              </value>
            </param>
            <param index="6">
              <value>
                <![CDATA[{}]]>
              </value>
            </param>
          </params>
          <reporter-output>
          </reporter-output>
        </test-method> <!-- MWCRestApiFuntValidations -->
        <test-method is-config="true" signature="afterMethod()[pri:0, instance:NewFrameWork.UserPortalRaffleTech@30f4b1a6]" started-at="2024-11-13T11:50:02 IST" name="afterMethod" finished-at="2024-11-13T11:50:02 IST" duration-ms="26" status="PASS">
          <reporter-output>
          </reporter-output>
        </test-method> <!-- afterMethod -->
        <test-method signature="MWCRestApiFuntValidations(java.lang.String,java.lang.String,java.lang.String,java.lang.String,java.lang.String,double,java.lang.String)[pri:2, instance:NewFrameWork.UserPortalRaffleTech@30f4b1a6]" started-at="2024-11-13T11:50:02 IST" name="MWCRestApiFuntValidations" data-provider="Data" finished-at="2024-11-13T11:50:02 IST" duration-ms="290" status="PASS">
          <params>
            <param index="0">
              <value>
                <![CDATA[row 22]]>
              </value>
            </param>
            <param index="1">
              <value>
                <![CDATA[Validate the api's by giving invalid id ]]>
              </value>
            </param>
            <param index="2">
              <value>
                <![CDATA[/user/payment/failure]]>
              </value>
            </param>
            <param index="3">
              <value>
                <![CDATA[POST]]>
              </value>
            </param>
            <param index="4">
              <value>
                <![CDATA[  { "id": "", "paymentMethod": "", "invoiceId": "RT-56121780586", "amount": "10", "currency": "", "accountId": "", "success": true, "message": "", "errorCode": "", "signature": "RT-133940769635" }]]>
              </value>
            </param>
            <param index="5">
              <value>
                <![CDATA[500.0]]>
              </value>
            </param>
            <param index="6">
              <value>
                <![CDATA[{}]]>
              </value>
            </param>
          </params>
          <reporter-output>
          </reporter-output>
        </test-method> <!-- MWCRestApiFuntValidations -->
        <test-method is-config="true" signature="afterMethod()[pri:0, instance:NewFrameWork.UserPortalRaffleTech@30f4b1a6]" started-at="2024-11-13T11:50:02 IST" name="afterMethod" finished-at="2024-11-13T11:50:02 IST" duration-ms="20" status="PASS">
          <reporter-output>
          </reporter-output>
        </test-method> <!-- afterMethod -->
        <test-method signature="MWCRestApiFuntValidations(java.lang.String,java.lang.String,java.lang.String,java.lang.String,java.lang.String,double,java.lang.String)[pri:2, instance:NewFrameWork.UserPortalRaffleTech@30f4b1a6]" started-at="2024-11-13T11:50:02 IST" name="MWCRestApiFuntValidations" data-provider="Data" finished-at="2024-11-13T11:50:03 IST" duration-ms="279" status="PASS">
          <params>
            <param index="0">
              <value>
                <![CDATA[row 23]]>
              </value>
            </param>
            <param index="1">
              <value>
                <![CDATA[Validate the api's by giving invalid  invoiceId ]]>
              </value>
            </param>
            <param index="2">
              <value>
                <![CDATA[/user/payment/failure]]>
              </value>
            </param>
            <param index="3">
              <value>
                <![CDATA[POST]]>
              </value>
            </param>
            <param index="4">
              <value>
                <![CDATA[  { "id": "", "paymentMethod": "", "invoiceId": "RT-5612sAJGSAjhgshaGSHJaghsA1780586", "amount": "10", "currency": "", "accountId": "", "success": true, "message": "", "errorCode": "", "signature": "RT-133940769635" }]]>
              </value>
            </param>
            <param index="5">
              <value>
                <![CDATA[500.0]]>
              </value>
            </param>
            <param index="6">
              <value>
                <![CDATA[{}]]>
              </value>
            </param>
          </params>
          <reporter-output>
          </reporter-output>
        </test-method> <!-- MWCRestApiFuntValidations -->
        <test-method is-config="true" signature="afterMethod()[pri:0, instance:NewFrameWork.UserPortalRaffleTech@30f4b1a6]" started-at="2024-11-13T11:50:03 IST" name="afterMethod" finished-at="2024-11-13T11:50:03 IST" duration-ms="20" status="PASS">
          <reporter-output>
          </reporter-output>
        </test-method> <!-- afterMethod -->
        <test-method signature="MWCRestApiFuntValidations(java.lang.String,java.lang.String,java.lang.String,java.lang.String,java.lang.String,double,java.lang.String)[pri:2, instance:NewFrameWork.UserPortalRaffleTech@30f4b1a6]" started-at="2024-11-13T11:50:03 IST" name="MWCRestApiFuntValidations" data-provider="Data" finished-at="2024-11-13T11:50:05 IST" duration-ms="1853" status="PASS">
          <params>
            <param index="0">
              <value>
                <![CDATA[row 24]]>
              </value>
            </param>
            <param index="1">
              <value>
                <![CDATA[Validate the api's by giving invalid first name ]]>
              </value>
            </param>
            <param index="2">
              <value>
                <![CDATA[/user/payment/checkout]]>
              </value>
            </param>
            <param index="3">
              <value>
                <![CDATA[POST]]>
              </value>
            </param>
            <param index="4">
              <value>
                <![CDATA[  { "firstName": "ttsdsadwe123123edw@!#!@#!@#!@#!@#!@#EDWEQWEQWEQq", "lastName": "tt", "email": "test@gmail.com", "tickets": [ { "raffleId": "Raffle#19d3e640-47ac-49e9-a828-1fadb1dc8d6c", "numberOftickets": 1 } ], "raffle_updates_opt": false }]]>
              </value>
            </param>
            <param index="5">
              <value>
                <![CDATA[400.0]]>
              </value>
            </param>
            <param index="6">
              <value>
                <![CDATA[{}]]>
              </value>
            </param>
          </params>
          <reporter-output>
          </reporter-output>
        </test-method> <!-- MWCRestApiFuntValidations -->
        <test-method is-config="true" signature="afterMethod()[pri:0, instance:NewFrameWork.UserPortalRaffleTech@30f4b1a6]" started-at="2024-11-13T11:50:05 IST" name="afterMethod" finished-at="2024-11-13T11:50:05 IST" duration-ms="27" status="PASS">
          <reporter-output>
          </reporter-output>
        </test-method> <!-- afterMethod -->
        <test-method signature="MWCRestApiFuntValidations(java.lang.String,java.lang.String,java.lang.String,java.lang.String,java.lang.String,double,java.lang.String)[pri:2, instance:NewFrameWork.UserPortalRaffleTech@30f4b1a6]" started-at="2024-11-13T11:50:05 IST" name="MWCRestApiFuntValidations" data-provider="Data" finished-at="2024-11-13T11:50:06 IST" duration-ms="1590" status="PASS">
          <params>
            <param index="0">
              <value>
                <![CDATA[row 25]]>
              </value>
            </param>
            <param index="1">
              <value>
                <![CDATA[Validate the api's by giving first name null]]>
              </value>
            </param>
            <param index="2">
              <value>
                <![CDATA[/user/payment/checkout]]>
              </value>
            </param>
            <param index="3">
              <value>
                <![CDATA[POST]]>
              </value>
            </param>
            <param index="4">
              <value>
                <![CDATA[  { "firstName": "", "lastName": "tt", "email": "test@gmail.com", "tickets": [ { "raffleId": "Raffle#19d3e640-47ac-49e9-a828-1fadb1dc8d6c", "numberOftickets": 2 } ], "raffle_updates_opt": false }]]>
              </value>
            </param>
            <param index="5">
              <value>
                <![CDATA[400.0]]>
              </value>
            </param>
            <param index="6">
              <value>
                <![CDATA[{}]]>
              </value>
            </param>
          </params>
          <reporter-output>
          </reporter-output>
        </test-method> <!-- MWCRestApiFuntValidations -->
        <test-method is-config="true" signature="afterMethod()[pri:0, instance:NewFrameWork.UserPortalRaffleTech@30f4b1a6]" started-at="2024-11-13T11:50:06 IST" name="afterMethod" finished-at="2024-11-13T11:50:06 IST" duration-ms="46" status="PASS">
          <reporter-output>
          </reporter-output>
        </test-method> <!-- afterMethod -->
        <test-method signature="MWCRestApiFuntValidations(java.lang.String,java.lang.String,java.lang.String,java.lang.String,java.lang.String,double,java.lang.String)[pri:2, instance:NewFrameWork.UserPortalRaffleTech@30f4b1a6]" started-at="2024-11-13T11:50:06 IST" name="MWCRestApiFuntValidations" data-provider="Data" finished-at="2024-11-13T11:50:07 IST" duration-ms="1053" status="PASS">
          <params>
            <param index="0">
              <value>
                <![CDATA[row 26]]>
              </value>
            </param>
            <param index="1">
              <value>
                <![CDATA[Validate the api's by giving invalid last name ]]>
              </value>
            </param>
            <param index="2">
              <value>
                <![CDATA[/user/payment/checkout]]>
              </value>
            </param>
            <param index="3">
              <value>
                <![CDATA[POST]]>
              </value>
            </param>
            <param index="4">
              <value>
                <![CDATA[  { "firstName": "tt", "lastName": "ttqwewq21#@!#657653wetqwgehgqwfeghwqf36456451623561253", "email": "test@gmail.com", "tickets": [ { "raffleId": "Raffle#19d3e640-47ac-49e9-a828-1fadb1dc8d6c", "numberOftickets": 3 } ], "raffle_updates_opt": false }]]>
              </value>
            </param>
            <param index="5">
              <value>
                <![CDATA[400.0]]>
              </value>
            </param>
            <param index="6">
              <value>
                <![CDATA[{}]]>
              </value>
            </param>
          </params>
          <reporter-output>
          </reporter-output>
        </test-method> <!-- MWCRestApiFuntValidations -->
        <test-method is-config="true" signature="afterMethod()[pri:0, instance:NewFrameWork.UserPortalRaffleTech@30f4b1a6]" started-at="2024-11-13T11:50:07 IST" name="afterMethod" finished-at="2024-11-13T11:50:07 IST" duration-ms="34" status="PASS">
          <reporter-output>
          </reporter-output>
        </test-method> <!-- afterMethod -->
        <test-method signature="MWCRestApiFuntValidations(java.lang.String,java.lang.String,java.lang.String,java.lang.String,java.lang.String,double,java.lang.String)[pri:2, instance:NewFrameWork.UserPortalRaffleTech@30f4b1a6]" started-at="2024-11-13T11:50:07 IST" name="MWCRestApiFuntValidations" data-provider="Data" finished-at="2024-11-13T11:50:08 IST" duration-ms="965" status="PASS">
          <params>
            <param index="0">
              <value>
                <![CDATA[row 27]]>
              </value>
            </param>
            <param index="1">
              <value>
                <![CDATA[Validate the api's by giving invalid email id ]]>
              </value>
            </param>
            <param index="2">
              <value>
                <![CDATA[/user/payment/checkout]]>
              </value>
            </param>
            <param index="3">
              <value>
                <![CDATA[POST]]>
              </value>
            </param>
            <param index="4">
              <value>
                <![CDATA[  { "firstName": "tt", "lastName": "tt", "email": "test@g645372542536452365mail.com", "tickets": [ { "raffleId": "Raffle#19d3e640-47ac-49e9-a828-1fadb1dc8d6c", "numberOftickets": 4 } ], "raffle_updates_opt": false }]]>
              </value>
            </param>
            <param index="5">
              <value>
                <![CDATA[400.0]]>
              </value>
            </param>
            <param index="6">
              <value>
                <![CDATA[{}]]>
              </value>
            </param>
          </params>
          <reporter-output>
          </reporter-output>
        </test-method> <!-- MWCRestApiFuntValidations -->
        <test-method is-config="true" signature="afterMethod()[pri:0, instance:NewFrameWork.UserPortalRaffleTech@30f4b1a6]" started-at="2024-11-13T11:50:08 IST" name="afterMethod" finished-at="2024-11-13T11:50:08 IST" duration-ms="27" status="PASS">
          <reporter-output>
          </reporter-output>
        </test-method> <!-- afterMethod -->
        <test-method signature="MWCRestApiFuntValidations(java.lang.String,java.lang.String,java.lang.String,java.lang.String,java.lang.String,double,java.lang.String)[pri:2, instance:NewFrameWork.UserPortalRaffleTech@30f4b1a6]" started-at="2024-11-13T11:50:08 IST" name="MWCRestApiFuntValidations" data-provider="Data" finished-at="2024-11-13T11:50:09 IST" duration-ms="626" status="PASS">
          <params>
            <param index="0">
              <value>
                <![CDATA[row 28]]>
              </value>
            </param>
            <param index="1">
              <value>
                <![CDATA[Validate the api's by giving null email id ]]>
              </value>
            </param>
            <param index="2">
              <value>
                <![CDATA[/user/payment/checkout]]>
              </value>
            </param>
            <param index="3">
              <value>
                <![CDATA[POST]]>
              </value>
            </param>
            <param index="4">
              <value>
                <![CDATA[  { "firstName": "tt", "lastName": "tt", "email": "tmail.com", "tickets": [ { "raffleId": "Raffle#19d3e640-47ac-49e9-a828-1fadb1dc8d6c", "numberOftickets": 5 } ], "raffle_updates_opt": false }]]>
              </value>
            </param>
            <param index="5">
              <value>
                <![CDATA[400.0]]>
              </value>
            </param>
            <param index="6">
              <value>
                <![CDATA[{}]]>
              </value>
            </param>
          </params>
          <reporter-output>
          </reporter-output>
        </test-method> <!-- MWCRestApiFuntValidations -->
        <test-method is-config="true" signature="afterMethod()[pri:0, instance:NewFrameWork.UserPortalRaffleTech@30f4b1a6]" started-at="2024-11-13T11:50:09 IST" name="afterMethod" finished-at="2024-11-13T11:50:09 IST" duration-ms="22" status="PASS">
          <reporter-output>
          </reporter-output>
        </test-method> <!-- afterMethod -->
        <test-method signature="MWCRestApiFuntValidations(java.lang.String,java.lang.String,java.lang.String,java.lang.String,java.lang.String,double,java.lang.String)[pri:2, instance:NewFrameWork.UserPortalRaffleTech@30f4b1a6]" started-at="2024-11-13T11:50:09 IST" name="MWCRestApiFuntValidations" data-provider="Data" finished-at="2024-11-13T11:50:09 IST" duration-ms="256" status="PASS">
          <params>
            <param index="0">
              <value>
                <![CDATA[row 29]]>
              </value>
            </param>
            <param index="1">
              <value>
                <![CDATA[Validate the api's by giving invalid number of tickets]]>
              </value>
            </param>
            <param index="2">
              <value>
                <![CDATA[/user/payment/checkout]]>
              </value>
            </param>
            <param index="3">
              <value>
                <![CDATA[POST]]>
              </value>
            </param>
            <param index="4">
              <value>
                <![CDATA[  { "firstName": "tt", "lastName": "tt", "email": "test@gmail.com", "tickets": [ { "raffleId": "Raffle#19d3e640-47ac-49e9-a828-1fadb1dc8d6c", "numberOftickets": 6sadwqwq } ], "raffle_updates_opt": false }]]>
              </value>
            </param>
            <param index="5">
              <value>
                <![CDATA[400.0]]>
              </value>
            </param>
            <param index="6">
              <value>
                <![CDATA[{}]]>
              </value>
            </param>
          </params>
          <reporter-output>
          </reporter-output>
        </test-method> <!-- MWCRestApiFuntValidations -->
        <test-method is-config="true" signature="afterMethod()[pri:0, instance:NewFrameWork.UserPortalRaffleTech@30f4b1a6]" started-at="2024-11-13T11:50:09 IST" name="afterMethod" finished-at="2024-11-13T11:50:09 IST" duration-ms="29" status="PASS">
          <reporter-output>
          </reporter-output>
        </test-method> <!-- afterMethod -->
        <test-method signature="MWCRestApiFuntValidations(java.lang.String,java.lang.String,java.lang.String,java.lang.String,java.lang.String,double,java.lang.String)[pri:2, instance:NewFrameWork.UserPortalRaffleTech@30f4b1a6]" started-at="2024-11-13T11:50:09 IST" name="MWCRestApiFuntValidations" data-provider="Data" finished-at="2024-11-13T11:50:10 IST" duration-ms="1020" status="PASS">
          <params>
            <param index="0">
              <value>
                <![CDATA[row 30]]>
              </value>
            </param>
            <param index="1">
              <value>
                <![CDATA[Validate the api's by giving invalid raffle id ]]>
              </value>
            </param>
            <param index="2">
              <value>
                <![CDATA[/user/payment/checkout]]>
              </value>
            </param>
            <param index="3">
              <value>
                <![CDATA[POST]]>
              </value>
            </param>
            <param index="4">
              <value>
                <![CDATA[  { "firstName": "tt", "lastName": "tt", "email": "test@gmail.com", "tickets": [ { "raffleId": "Raffle#19d3e640-47ac-49hjhfjsd7ewrr7ewr8ewsjdfjdsfj-1fadb1dc8d6c", "numberOftickets": 7 } ], "raffle_updates_opt": false }]]>
              </value>
            </param>
            <param index="5">
              <value>
                <![CDATA[400.0]]>
              </value>
            </param>
            <param index="6">
              <value>
                <![CDATA[{}]]>
              </value>
            </param>
          </params>
          <reporter-output>
          </reporter-output>
        </test-method> <!-- MWCRestApiFuntValidations -->
        <test-method is-config="true" signature="afterMethod()[pri:0, instance:NewFrameWork.UserPortalRaffleTech@30f4b1a6]" started-at="2024-11-13T11:50:10 IST" name="afterMethod" finished-at="2024-11-13T11:50:10 IST" duration-ms="21" status="PASS">
          <reporter-output>
          </reporter-output>
        </test-method> <!-- afterMethod -->
        <test-method signature="MWCRestApiFuntValidations(java.lang.String,java.lang.String,java.lang.String,java.lang.String,java.lang.String,double,java.lang.String)[pri:2, instance:NewFrameWork.UserPortalRaffleTech@30f4b1a6]" started-at="2024-11-13T11:50:10 IST" name="MWCRestApiFuntValidations" data-provider="Data" finished-at="2024-11-13T11:50:11 IST" duration-ms="272" status="PASS">
          <params>
            <param index="0">
              <value>
                <![CDATA[row 31]]>
              </value>
            </param>
            <param index="1">
              <value>
                <![CDATA[Validate the api's by giving invalid cart id ]]>
              </value>
            </param>
            <param index="2">
              <value>
                <![CDATA[/user/payment/checkout]]>
              </value>
            </param>
            <param index="3">
              <value>
                <![CDATA[POST]]>
              </value>
            </param>
            <param index="4">
              <value>
                <![CDATA[  { "cart_id": "Cart#b569ef6b-ddsjfhjdshfuewyruwehsdfhuyerywhfy84f-4c03-819a-8ecde92a7ced" }]]>
              </value>
            </param>
            <param index="5">
              <value>
                <![CDATA[400.0]]>
              </value>
            </param>
            <param index="6">
              <value>
                <![CDATA[{}]]>
              </value>
            </param>
          </params>
          <reporter-output>
          </reporter-output>
        </test-method> <!-- MWCRestApiFuntValidations -->
        <test-method is-config="true" signature="afterMethod()[pri:0, instance:NewFrameWork.UserPortalRaffleTech@30f4b1a6]" started-at="2024-11-13T11:50:11 IST" name="afterMethod" finished-at="2024-11-13T11:50:11 IST" duration-ms="17" status="PASS">
          <reporter-output>
          </reporter-output>
        </test-method> <!-- afterMethod -->
        <test-method signature="MWCRestApiFuntValidations(java.lang.String,java.lang.String,java.lang.String,java.lang.String,java.lang.String,double,java.lang.String)[pri:2, instance:NewFrameWork.UserPortalRaffleTech@30f4b1a6]" started-at="2024-11-13T11:50:11 IST" name="MWCRestApiFuntValidations" data-provider="Data" finished-at="2024-11-13T11:50:11 IST" duration-ms="291" status="PASS">
          <params>
            <param index="0">
              <value>
                <![CDATA[row 32]]>
              </value>
            </param>
            <param index="1">
              <value>
                <![CDATA[Validate the api's by giving null cart id ]]>
              </value>
            </param>
            <param index="2">
              <value>
                <![CDATA[/user/payment/checkout]]>
              </value>
            </param>
            <param index="3">
              <value>
                <![CDATA[POST]]>
              </value>
            </param>
            <param index="4">
              <value>
                <![CDATA[  { "cart_id": "" }]]>
              </value>
            </param>
            <param index="5">
              <value>
                <![CDATA[400.0]]>
              </value>
            </param>
            <param index="6">
              <value>
                <![CDATA[{}]]>
              </value>
            </param>
          </params>
          <reporter-output>
          </reporter-output>
        </test-method> <!-- MWCRestApiFuntValidations -->
        <test-method is-config="true" signature="afterMethod()[pri:0, instance:NewFrameWork.UserPortalRaffleTech@30f4b1a6]" started-at="2024-11-13T11:50:11 IST" name="afterMethod" finished-at="2024-11-13T11:50:11 IST" duration-ms="18" status="PASS">
          <reporter-output>
          </reporter-output>
        </test-method> <!-- afterMethod -->
        <test-method is-config="true" signature="tearDown()[pri:0, instance:NewFrameWork.UserPortalRaffleTech@30f4b1a6]" started-at="2024-11-13T11:50:11 IST" name="tearDown" finished-at="2024-11-13T11:50:11 IST" duration-ms="32" status="PASS">
          <reporter-output>
          </reporter-output>
        </test-method> <!-- tearDown -->
      </class> <!-- NewFrameWork.UserPortalRaffleTech -->
    </test> <!-- Default test -->
  </suite> <!-- Default suite -->
</testng-results>
