<?xml version="1.0" encoding="UTF-8"?>
<testng-results ignored="1" total="246" passed="245" failed="0" skipped="0">
  <reporter-output>
  </reporter-output>
  <suite started-at="2024-05-23T15:33:53 IST" name="Default suite" finished-at="2024-05-23T15:34:42 IST" duration-ms="48436">
    <groups>
    </groups>
    <test started-at="2024-05-23T15:33:53 IST" name="Default test" finished-at="2024-05-23T15:34:42 IST" duration-ms="48436">
      <class name="com.MonacoTesting.MonacoTestClass">
        <test-method is-config="true" signature="setUp()[pri:0, instance:com.MonacoTesting.MonacoTestClass@4b0d79fc]" started-at="2024-05-23T15:33:53 IST" name="setUp" finished-at="2024-05-23T15:33:53 IST" duration-ms="762" status="PASS">
          <reporter-output>
          </reporter-output>
        </test-method> <!-- setUp -->
        <test-method is-config="true" signature="beforeMethod()[pri:0, instance:com.MonacoTesting.MonacoTestClass@4b0d79fc]" started-at="2024-05-23T15:33:56 IST" name="beforeMethod" finished-at="2024-05-23T15:33:56 IST" duration-ms="5" status="PASS">
          <reporter-output>
          </reporter-output>
        </test-method> <!-- beforeMethod -->
        <test-method signature="MWCRestApiFuntValidations(java.lang.String,java.lang.String,java.lang.String,java.lang.String,java.lang.String,double,java.lang.String)[pri:2, instance:com.MonacoTesting.MonacoTestClass@4b0d79fc]" started-at="2024-05-23T15:33:56 IST" name="MWCRestApiFuntValidations" data-provider="MWCData" finished-at="2024-05-23T15:34:01 IST" duration-ms="4663" status="PASS">
          <params>
            <param index="0">
              <value>
                <![CDATA[row 2]]>
              </value>
            </param>
            <param index="1">
              <value>
                <![CDATA[Validate the api's by giving invalid method]]>
              </value>
            </param>
            <param index="2">
              <value>
                <![CDATA[/charity/read]]>
              </value>
            </param>
            <param index="3">
              <value>
                <![CDATA[PUT]]>
              </value>
            </param>
            <param index="4">
              <value>
                <![CDATA[{}]]>
              </value>
            </param>
            <param index="5">
              <value>
                <![CDATA[404.0]]>
              </value>
            </param>
            <param index="6">
              <value>
                <![CDATA[{}]]>
              </value>
            </param>
          </params>
          <reporter-output>
          </reporter-output>
        </test-method> <!-- MWCRestApiFuntValidations -->
        <test-method is-config="true" signature="afterMethod()[pri:0, instance:com.MonacoTesting.MonacoTestClass@4b0d79fc]" started-at="2024-05-23T15:34:01 IST" name="afterMethod" finished-at="2024-05-23T15:34:02 IST" duration-ms="959" status="PASS">
          <reporter-output>
          </reporter-output>
        </test-method> <!-- afterMethod -->
        <test-method is-config="true" signature="beforeMethod()[pri:0, instance:com.MonacoTesting.MonacoTestClass@4b0d79fc]" started-at="2024-05-23T15:34:02 IST" name="beforeMethod" finished-at="2024-05-23T15:34:02 IST" duration-ms="2" status="PASS">
          <reporter-output>
          </reporter-output>
        </test-method> <!-- beforeMethod -->
        <test-method signature="MWCRestApiFuntValidations(java.lang.String,java.lang.String,java.lang.String,java.lang.String,java.lang.String,double,java.lang.String)[pri:2, instance:com.MonacoTesting.MonacoTestClass@4b0d79fc]" started-at="2024-05-23T15:34:02 IST" name="MWCRestApiFuntValidations" data-provider="MWCData" finished-at="2024-05-23T15:34:02 IST" duration-ms="301" status="PASS">
          <params>
            <param index="0">
              <value>
                <![CDATA[row 3]]>
              </value>
            </param>
            <param index="1">
              <value>
                <![CDATA[Validate the api's by giving invalid method]]>
              </value>
            </param>
            <param index="2">
              <value>
                <![CDATA[/charity/read/withLogin]]>
              </value>
            </param>
            <param index="3">
              <value>
                <![CDATA[PUT]]>
              </value>
            </param>
            <param index="4">
              <value>
                <![CDATA[{}]]>
              </value>
            </param>
            <param index="5">
              <value>
                <![CDATA[404.0]]>
              </value>
            </param>
            <param index="6">
              <value>
                <![CDATA[{}]]>
              </value>
            </param>
          </params>
          <reporter-output>
          </reporter-output>
        </test-method> <!-- MWCRestApiFuntValidations -->
        <test-method is-config="true" signature="afterMethod()[pri:0, instance:com.MonacoTesting.MonacoTestClass@4b0d79fc]" started-at="2024-05-23T15:34:02 IST" name="afterMethod" finished-at="2024-05-23T15:34:02 IST" duration-ms="32" status="PASS">
          <reporter-output>
          </reporter-output>
        </test-method> <!-- afterMethod -->
        <test-method signature="MWCRestApiFuntValidations(java.lang.String,java.lang.String,java.lang.String,java.lang.String,java.lang.String,double,java.lang.String)[pri:2, instance:com.MonacoTesting.MonacoTestClass@4b0d79fc]" started-at="2024-05-23T15:34:02 IST" name="MWCRestApiFuntValidations" data-provider="MWCData" finished-at="2024-05-23T15:34:02 IST" duration-ms="152" status="PASS">
          <params>
            <param index="0">
              <value>
                <![CDATA[row 4]]>
              </value>
            </param>
            <param index="1">
              <value>
                <![CDATA[Validate the api's by giving invalid method]]>
              </value>
            </param>
            <param index="2">
              <value>
                <![CDATA[/raffle/read]]>
              </value>
            </param>
            <param index="3">
              <value>
                <![CDATA[PUT]]>
              </value>
            </param>
            <param index="4">
              <value>
                <![CDATA[{}]]>
              </value>
            </param>
            <param index="5">
              <value>
                <![CDATA[404.0]]>
              </value>
            </param>
            <param index="6">
              <value>
                <![CDATA[{}]]>
              </value>
            </param>
          </params>
          <reporter-output>
          </reporter-output>
        </test-method> <!-- MWCRestApiFuntValidations -->
        <test-method is-config="true" signature="beforeMethod()[pri:0, instance:com.MonacoTesting.MonacoTestClass@4b0d79fc]" started-at="2024-05-23T15:34:02 IST" name="beforeMethod" finished-at="2024-05-23T15:34:02 IST" duration-ms="0" status="PASS">
          <reporter-output>
          </reporter-output>
        </test-method> <!-- beforeMethod -->
        <test-method is-config="true" signature="afterMethod()[pri:0, instance:com.MonacoTesting.MonacoTestClass@4b0d79fc]" started-at="2024-05-23T15:34:02 IST" name="afterMethod" finished-at="2024-05-23T15:34:02 IST" duration-ms="24" status="PASS">
          <reporter-output>
          </reporter-output>
        </test-method> <!-- afterMethod -->
        <test-method is-config="true" signature="beforeMethod()[pri:0, instance:com.MonacoTesting.MonacoTestClass@4b0d79fc]" started-at="2024-05-23T15:34:02 IST" name="beforeMethod" finished-at="2024-05-23T15:34:02 IST" duration-ms="1" status="PASS">
          <reporter-output>
          </reporter-output>
        </test-method> <!-- beforeMethod -->
        <test-method signature="MWCRestApiFuntValidations(java.lang.String,java.lang.String,java.lang.String,java.lang.String,java.lang.String,double,java.lang.String)[pri:2, instance:com.MonacoTesting.MonacoTestClass@4b0d79fc]" started-at="2024-05-23T15:34:02 IST" name="MWCRestApiFuntValidations" data-provider="MWCData" finished-at="2024-05-23T15:34:02 IST" duration-ms="137" status="PASS">
          <params>
            <param index="0">
              <value>
                <![CDATA[row 5]]>
              </value>
            </param>
            <param index="1">
              <value>
                <![CDATA[Validate the api's by giving invalid method]]>
              </value>
            </param>
            <param index="2">
              <value>
                <![CDATA[/raffle/read/withLogin]]>
              </value>
            </param>
            <param index="3">
              <value>
                <![CDATA[PUT]]>
              </value>
            </param>
            <param index="4">
              <value>
                <![CDATA[{}]]>
              </value>
            </param>
            <param index="5">
              <value>
                <![CDATA[404.0]]>
              </value>
            </param>
            <param index="6">
              <value>
                <![CDATA[{}]]>
              </value>
            </param>
          </params>
          <reporter-output>
          </reporter-output>
        </test-method> <!-- MWCRestApiFuntValidations -->
        <test-method is-config="true" signature="afterMethod()[pri:0, instance:com.MonacoTesting.MonacoTestClass@4b0d79fc]" started-at="2024-05-23T15:34:02 IST" name="afterMethod" finished-at="2024-05-23T15:34:02 IST" duration-ms="27" status="PASS">
          <reporter-output>
          </reporter-output>
        </test-method> <!-- afterMethod -->
        <test-method signature="MWCRestApiFuntValidations(java.lang.String,java.lang.String,java.lang.String,java.lang.String,java.lang.String,double,java.lang.String)[pri:2, instance:com.MonacoTesting.MonacoTestClass@4b0d79fc]" started-at="2024-05-23T15:34:02 IST" name="MWCRestApiFuntValidations" data-provider="MWCData" finished-at="2024-05-23T15:34:03 IST" duration-ms="106" status="PASS">
          <params>
            <param index="0">
              <value>
                <![CDATA[row 6]]>
              </value>
            </param>
            <param index="1">
              <value>
                <![CDATA[Validate the api's by giving invalid method]]>
              </value>
            </param>
            <param index="2">
              <value>
                <![CDATA[/raffle/fetch]]>
              </value>
            </param>
            <param index="3">
              <value>
                <![CDATA[PUT]]>
              </value>
            </param>
            <param index="4">
              <value>
                <![CDATA[ { "raffle_id": "Raffle#687a3b91-a38b-404c-a49d-662104e98be4" }]]>
              </value>
            </param>
            <param index="5">
              <value>
                <![CDATA[404.0]]>
              </value>
            </param>
            <param index="6">
              <value>
                <![CDATA[{}]]>
              </value>
            </param>
          </params>
          <reporter-output>
          </reporter-output>
        </test-method> <!-- MWCRestApiFuntValidations -->
        <test-method is-config="true" signature="beforeMethod()[pri:0, instance:com.MonacoTesting.MonacoTestClass@4b0d79fc]" started-at="2024-05-23T15:34:02 IST" name="beforeMethod" finished-at="2024-05-23T15:34:02 IST" duration-ms="0" status="PASS">
          <reporter-output>
          </reporter-output>
        </test-method> <!-- beforeMethod -->
        <test-method is-config="true" signature="afterMethod()[pri:0, instance:com.MonacoTesting.MonacoTestClass@4b0d79fc]" started-at="2024-05-23T15:34:03 IST" name="afterMethod" finished-at="2024-05-23T15:34:03 IST" duration-ms="23" status="PASS">
          <reporter-output>
          </reporter-output>
        </test-method> <!-- afterMethod -->
        <test-method is-config="true" signature="beforeMethod()[pri:0, instance:com.MonacoTesting.MonacoTestClass@4b0d79fc]" started-at="2024-05-23T15:34:03 IST" name="beforeMethod" finished-at="2024-05-23T15:34:03 IST" duration-ms="3" status="PASS">
          <reporter-output>
          </reporter-output>
        </test-method> <!-- beforeMethod -->
        <test-method signature="MWCRestApiFuntValidations(java.lang.String,java.lang.String,java.lang.String,java.lang.String,java.lang.String,double,java.lang.String)[pri:2, instance:com.MonacoTesting.MonacoTestClass@4b0d79fc]" started-at="2024-05-23T15:34:03 IST" name="MWCRestApiFuntValidations" data-provider="MWCData" finished-at="2024-05-23T15:34:03 IST" duration-ms="135" status="PASS">
          <params>
            <param index="0">
              <value>
                <![CDATA[row 7]]>
              </value>
            </param>
            <param index="1">
              <value>
                <![CDATA[Validate the api's by giving invalid method]]>
              </value>
            </param>
            <param index="2">
              <value>
                <![CDATA[/raffle/fetch/withLogin]]>
              </value>
            </param>
            <param index="3">
              <value>
                <![CDATA[PUT]]>
              </value>
            </param>
            <param index="4">
              <value>
                <![CDATA[ { "raffle_id": "Raffle#687a3b91-a38b-404c-a49d-662104e98be4" }]]>
              </value>
            </param>
            <param index="5">
              <value>
                <![CDATA[404.0]]>
              </value>
            </param>
            <param index="6">
              <value>
                <![CDATA[{}]]>
              </value>
            </param>
          </params>
          <reporter-output>
          </reporter-output>
        </test-method> <!-- MWCRestApiFuntValidations -->
        <test-method is-config="true" signature="afterMethod()[pri:0, instance:com.MonacoTesting.MonacoTestClass@4b0d79fc]" started-at="2024-05-23T15:34:03 IST" name="afterMethod" finished-at="2024-05-23T15:34:03 IST" duration-ms="39" status="PASS">
          <reporter-output>
          </reporter-output>
        </test-method> <!-- afterMethod -->
        <test-method is-config="true" signature="beforeMethod()[pri:0, instance:com.MonacoTesting.MonacoTestClass@4b0d79fc]" started-at="2024-05-23T15:34:03 IST" name="beforeMethod" finished-at="2024-05-23T15:34:03 IST" duration-ms="0" status="PASS">
          <reporter-output>
          </reporter-output>
        </test-method> <!-- beforeMethod -->
        <test-method signature="MWCRestApiFuntValidations(java.lang.String,java.lang.String,java.lang.String,java.lang.String,java.lang.String,double,java.lang.String)[pri:2, instance:com.MonacoTesting.MonacoTestClass@4b0d79fc]" started-at="2024-05-23T15:34:03 IST" name="MWCRestApiFuntValidations" data-provider="MWCData" finished-at="2024-05-23T15:34:03 IST" duration-ms="119" status="PASS">
          <params>
            <param index="0">
              <value>
                <![CDATA[row 8]]>
              </value>
            </param>
            <param index="1">
              <value>
                <![CDATA[Validate the api's by giving invalid method]]>
              </value>
            </param>
            <param index="2">
              <value>
                <![CDATA[/winners/read]]>
              </value>
            </param>
            <param index="3">
              <value>
                <![CDATA[PUT]]>
              </value>
            </param>
            <param index="4">
              <value>
                <![CDATA[{}]]>
              </value>
            </param>
            <param index="5">
              <value>
                <![CDATA[404.0]]>
              </value>
            </param>
            <param index="6">
              <value>
                <![CDATA[{}]]>
              </value>
            </param>
          </params>
          <reporter-output>
          </reporter-output>
        </test-method> <!-- MWCRestApiFuntValidations -->
        <test-method is-config="true" signature="afterMethod()[pri:0, instance:com.MonacoTesting.MonacoTestClass@4b0d79fc]" started-at="2024-05-23T15:34:03 IST" name="afterMethod" finished-at="2024-05-23T15:34:03 IST" duration-ms="95" status="PASS">
          <reporter-output>
          </reporter-output>
        </test-method> <!-- afterMethod -->
        <test-method is-config="true" signature="beforeMethod()[pri:0, instance:com.MonacoTesting.MonacoTestClass@4b0d79fc]" started-at="2024-05-23T15:34:03 IST" name="beforeMethod" finished-at="2024-05-23T15:34:03 IST" duration-ms="1" status="PASS">
          <reporter-output>
          </reporter-output>
        </test-method> <!-- beforeMethod -->
        <test-method signature="MWCRestApiFuntValidations(java.lang.String,java.lang.String,java.lang.String,java.lang.String,java.lang.String,double,java.lang.String)[pri:2, instance:com.MonacoTesting.MonacoTestClass@4b0d79fc]" started-at="2024-05-23T15:34:03 IST" name="MWCRestApiFuntValidations" data-provider="MWCData" finished-at="2024-05-23T15:34:03 IST" duration-ms="197" status="PASS">
          <params>
            <param index="0">
              <value>
                <![CDATA[row 9]]>
              </value>
            </param>
            <param index="1">
              <value>
                <![CDATA[Validate the api's by giving invalid method]]>
              </value>
            </param>
            <param index="2">
              <value>
                <![CDATA[/winners/read/withLogin]]>
              </value>
            </param>
            <param index="3">
              <value>
                <![CDATA[PUT]]>
              </value>
            </param>
            <param index="4">
              <value>
                <![CDATA[{}]]>
              </value>
            </param>
            <param index="5">
              <value>
                <![CDATA[404.0]]>
              </value>
            </param>
            <param index="6">
              <value>
                <![CDATA[{}]]>
              </value>
            </param>
          </params>
          <reporter-output>
          </reporter-output>
        </test-method> <!-- MWCRestApiFuntValidations -->
        <test-method is-config="true" signature="afterMethod()[pri:0, instance:com.MonacoTesting.MonacoTestClass@4b0d79fc]" started-at="2024-05-23T15:34:03 IST" name="afterMethod" finished-at="2024-05-23T15:34:03 IST" duration-ms="61" status="PASS">
          <reporter-output>
          </reporter-output>
        </test-method> <!-- afterMethod -->
        <test-method is-config="true" signature="beforeMethod()[pri:0, instance:com.MonacoTesting.MonacoTestClass@4b0d79fc]" started-at="2024-05-23T15:34:03 IST" name="beforeMethod" finished-at="2024-05-23T15:34:03 IST" duration-ms="1" status="PASS">
          <reporter-output>
          </reporter-output>
        </test-method> <!-- beforeMethod -->
        <test-method signature="MWCRestApiFuntValidations(java.lang.String,java.lang.String,java.lang.String,java.lang.String,java.lang.String,double,java.lang.String)[pri:2, instance:com.MonacoTesting.MonacoTestClass@4b0d79fc]" started-at="2024-05-23T15:34:03 IST" name="MWCRestApiFuntValidations" data-provider="MWCData" finished-at="2024-05-23T15:34:03 IST" duration-ms="117" status="PASS">
          <params>
            <param index="0">
              <value>
                <![CDATA[row 10]]>
              </value>
            </param>
            <param index="1">
              <value>
                <![CDATA[Validate the api's by giving invalid method]]>
              </value>
            </param>
            <param index="2">
              <value>
                <![CDATA[/winners/gallery]]>
              </value>
            </param>
            <param index="3">
              <value>
                <![CDATA[PUT]]>
              </value>
            </param>
            <param index="4">
              <value>
                <![CDATA[ { "lastDate": 1712206355046 }]]>
              </value>
            </param>
            <param index="5">
              <value>
                <![CDATA[404.0]]>
              </value>
            </param>
            <param index="6">
              <value>
                <![CDATA[{}]]>
              </value>
            </param>
          </params>
          <reporter-output>
          </reporter-output>
        </test-method> <!-- MWCRestApiFuntValidations -->
        <test-method is-config="true" signature="afterMethod()[pri:0, instance:com.MonacoTesting.MonacoTestClass@4b0d79fc]" started-at="2024-05-23T15:34:03 IST" name="afterMethod" finished-at="2024-05-23T15:34:03 IST" duration-ms="35" status="PASS">
          <reporter-output>
          </reporter-output>
        </test-method> <!-- afterMethod -->
        <test-method signature="MWCRestApiFuntValidations(java.lang.String,java.lang.String,java.lang.String,java.lang.String,java.lang.String,double,java.lang.String)[pri:2, instance:com.MonacoTesting.MonacoTestClass@4b0d79fc]" started-at="2024-05-23T15:34:03 IST" name="MWCRestApiFuntValidations" data-provider="MWCData" finished-at="2024-05-23T15:34:04 IST" duration-ms="118" status="PASS">
          <params>
            <param index="0">
              <value>
                <![CDATA[row 11]]>
              </value>
            </param>
            <param index="1">
              <value>
                <![CDATA[Validate the api's by giving invalid method]]>
              </value>
            </param>
            <param index="2">
              <value>
                <![CDATA[/winners/gallery/WithLogin]]>
              </value>
            </param>
            <param index="3">
              <value>
                <![CDATA[PUT]]>
              </value>
            </param>
            <param index="4">
              <value>
                <![CDATA[ { "lastDate": " 1712206355046" }]]>
              </value>
            </param>
            <param index="5">
              <value>
                <![CDATA[404.0]]>
              </value>
            </param>
            <param index="6">
              <value>
                <![CDATA[{}]]>
              </value>
            </param>
          </params>
          <reporter-output>
          </reporter-output>
        </test-method> <!-- MWCRestApiFuntValidations -->
        <test-method is-config="true" signature="beforeMethod()[pri:0, instance:com.MonacoTesting.MonacoTestClass@4b0d79fc]" started-at="2024-05-23T15:34:03 IST" name="beforeMethod" finished-at="2024-05-23T15:34:03 IST" duration-ms="0" status="PASS">
          <reporter-output>
          </reporter-output>
        </test-method> <!-- beforeMethod -->
        <test-method is-config="true" signature="afterMethod()[pri:0, instance:com.MonacoTesting.MonacoTestClass@4b0d79fc]" started-at="2024-05-23T15:34:04 IST" name="afterMethod" finished-at="2024-05-23T15:34:04 IST" duration-ms="42" status="PASS">
          <reporter-output>
          </reporter-output>
        </test-method> <!-- afterMethod -->
        <test-method is-config="true" signature="beforeMethod()[pri:0, instance:com.MonacoTesting.MonacoTestClass@4b0d79fc]" started-at="2024-05-23T15:34:04 IST" name="beforeMethod" finished-at="2024-05-23T15:34:04 IST" duration-ms="1" status="PASS">
          <reporter-output>
          </reporter-output>
        </test-method> <!-- beforeMethod -->
        <test-method signature="MWCRestApiFuntValidations(java.lang.String,java.lang.String,java.lang.String,java.lang.String,java.lang.String,double,java.lang.String)[pri:2, instance:com.MonacoTesting.MonacoTestClass@4b0d79fc]" started-at="2024-05-23T15:34:04 IST" name="MWCRestApiFuntValidations" data-provider="MWCData" finished-at="2024-05-23T15:34:04 IST" duration-ms="215" status="PASS">
          <params>
            <param index="0">
              <value>
                <![CDATA[row 12]]>
              </value>
            </param>
            <param index="1">
              <value>
                <![CDATA[Validate the api's by giving invalid method]]>
              </value>
            </param>
            <param index="2">
              <value>
                <![CDATA[/questions/fetch]]>
              </value>
            </param>
            <param index="3">
              <value>
                <![CDATA[PUT]]>
              </value>
            </param>
            <param index="4">
              <value>
                <![CDATA[{}]]>
              </value>
            </param>
            <param index="5">
              <value>
                <![CDATA[404.0]]>
              </value>
            </param>
            <param index="6">
              <value>
                <![CDATA[{}]]>
              </value>
            </param>
          </params>
          <reporter-output>
          </reporter-output>
        </test-method> <!-- MWCRestApiFuntValidations -->
        <test-method is-config="true" signature="afterMethod()[pri:0, instance:com.MonacoTesting.MonacoTestClass@4b0d79fc]" started-at="2024-05-23T15:34:04 IST" name="afterMethod" finished-at="2024-05-23T15:34:04 IST" duration-ms="20" status="PASS">
          <reporter-output>
          </reporter-output>
        </test-method> <!-- afterMethod -->
        <test-method is-config="true" signature="beforeMethod()[pri:0, instance:com.MonacoTesting.MonacoTestClass@4b0d79fc]" started-at="2024-05-23T15:34:04 IST" name="beforeMethod" finished-at="2024-05-23T15:34:04 IST" duration-ms="0" status="PASS">
          <reporter-output>
          </reporter-output>
        </test-method> <!-- beforeMethod -->
        <test-method signature="MWCRestApiFuntValidations(java.lang.String,java.lang.String,java.lang.String,java.lang.String,java.lang.String,double,java.lang.String)[pri:2, instance:com.MonacoTesting.MonacoTestClass@4b0d79fc]" started-at="2024-05-23T15:34:04 IST" name="MWCRestApiFuntValidations" data-provider="MWCData" finished-at="2024-05-23T15:34:04 IST" duration-ms="125" status="PASS">
          <params>
            <param index="0">
              <value>
                <![CDATA[row 13]]>
              </value>
            </param>
            <param index="1">
              <value>
                <![CDATA[Validate the api's by giving invalid method]]>
              </value>
            </param>
            <param index="2">
              <value>
                <![CDATA[/questions/fetch/withLogin]]>
              </value>
            </param>
            <param index="3">
              <value>
                <![CDATA[PUT]]>
              </value>
            </param>
            <param index="4">
              <value>
                <![CDATA[{}]]>
              </value>
            </param>
            <param index="5">
              <value>
                <![CDATA[404.0]]>
              </value>
            </param>
            <param index="6">
              <value>
                <![CDATA[{}]]>
              </value>
            </param>
          </params>
          <reporter-output>
          </reporter-output>
        </test-method> <!-- MWCRestApiFuntValidations -->
        <test-method is-config="true" signature="afterMethod()[pri:0, instance:com.MonacoTesting.MonacoTestClass@4b0d79fc]" started-at="2024-05-23T15:34:04 IST" name="afterMethod" finished-at="2024-05-23T15:34:04 IST" duration-ms="30" status="PASS">
          <reporter-output>
          </reporter-output>
        </test-method> <!-- afterMethod -->
        <test-method is-config="true" signature="beforeMethod()[pri:0, instance:com.MonacoTesting.MonacoTestClass@4b0d79fc]" started-at="2024-05-23T15:34:04 IST" name="beforeMethod" finished-at="2024-05-23T15:34:04 IST" duration-ms="0" status="PASS">
          <reporter-output>
          </reporter-output>
        </test-method> <!-- beforeMethod -->
        <test-method signature="MWCRestApiFuntValidations(java.lang.String,java.lang.String,java.lang.String,java.lang.String,java.lang.String,double,java.lang.String)[pri:2, instance:com.MonacoTesting.MonacoTestClass@4b0d79fc]" started-at="2024-05-23T15:34:04 IST" name="MWCRestApiFuntValidations" data-provider="MWCData" finished-at="2024-05-23T15:34:04 IST" duration-ms="139" status="PASS">
          <params>
            <param index="0">
              <value>
                <![CDATA[row 14]]>
              </value>
            </param>
            <param index="1">
              <value>
                <![CDATA[Validate the api's by giving invalid method]]>
              </value>
            </param>
            <param index="2">
              <value>
                <![CDATA[/payment/success]]>
              </value>
            </param>
            <param index="3">
              <value>
                <![CDATA[PUT]]>
              </value>
            </param>
            <param index="4">
              <value>
                <![CDATA[{}]]>
              </value>
            </param>
            <param index="5">
              <value>
                <![CDATA[404.0]]>
              </value>
            </param>
            <param index="6">
              <value>
                <![CDATA[{}]]>
              </value>
            </param>
          </params>
          <reporter-output>
          </reporter-output>
        </test-method> <!-- MWCRestApiFuntValidations -->
        <test-method is-config="true" signature="afterMethod()[pri:0, instance:com.MonacoTesting.MonacoTestClass@4b0d79fc]" started-at="2024-05-23T15:34:04 IST" name="afterMethod" finished-at="2024-05-23T15:34:04 IST" duration-ms="23" status="PASS">
          <reporter-output>
          </reporter-output>
        </test-method> <!-- afterMethod -->
        <test-method is-config="true" signature="beforeMethod()[pri:0, instance:com.MonacoTesting.MonacoTestClass@4b0d79fc]" started-at="2024-05-23T15:34:04 IST" name="beforeMethod" finished-at="2024-05-23T15:34:04 IST" duration-ms="1" status="PASS">
          <reporter-output>
          </reporter-output>
        </test-method> <!-- beforeMethod -->
        <test-method signature="MWCRestApiFuntValidations(java.lang.String,java.lang.String,java.lang.String,java.lang.String,java.lang.String,double,java.lang.String)[pri:2, instance:com.MonacoTesting.MonacoTestClass@4b0d79fc]" started-at="2024-05-23T15:34:04 IST" name="MWCRestApiFuntValidations" data-provider="MWCData" finished-at="2024-05-23T15:34:04 IST" duration-ms="110" status="PASS">
          <params>
            <param index="0">
              <value>
                <![CDATA[row 15]]>
              </value>
            </param>
            <param index="1">
              <value>
                <![CDATA[Validate the api's by giving invalid method]]>
              </value>
            </param>
            <param index="2">
              <value>
                <![CDATA[/cart/add]]>
              </value>
            </param>
            <param index="3">
              <value>
                <![CDATA[PUT]]>
              </value>
            </param>
            <param index="4">
              <value>
                <![CDATA[ { "answer": "Monaco watch colors", "item": { "raffle_id": "Raffle#46922b23-e2b6-4c3c-812a-702748c8efb1", "ticket_count": 30 }, "user_id": "User#8a638f02-621c-4d59-9457-4c889035af01" }]]>
              </value>
            </param>
            <param index="5">
              <value>
                <![CDATA[404.0]]>
              </value>
            </param>
            <param index="6">
              <value>
                <![CDATA[{}]]>
              </value>
            </param>
          </params>
          <reporter-output>
          </reporter-output>
        </test-method> <!-- MWCRestApiFuntValidations -->
        <test-method is-config="true" signature="afterMethod()[pri:0, instance:com.MonacoTesting.MonacoTestClass@4b0d79fc]" started-at="2024-05-23T15:34:04 IST" name="afterMethod" finished-at="2024-05-23T15:34:04 IST" duration-ms="25" status="PASS">
          <reporter-output>
          </reporter-output>
        </test-method> <!-- afterMethod -->
        <test-method is-config="true" signature="beforeMethod()[pri:0, instance:com.MonacoTesting.MonacoTestClass@4b0d79fc]" started-at="2024-05-23T15:34:04 IST" name="beforeMethod" finished-at="2024-05-23T15:34:04 IST" duration-ms="1" status="PASS">
          <reporter-output>
          </reporter-output>
        </test-method> <!-- beforeMethod -->
        <test-method signature="MWCRestApiFuntValidations(java.lang.String,java.lang.String,java.lang.String,java.lang.String,java.lang.String,double,java.lang.String)[pri:2, instance:com.MonacoTesting.MonacoTestClass@4b0d79fc]" started-at="2024-05-23T15:34:04 IST" name="MWCRestApiFuntValidations" data-provider="MWCData" finished-at="2024-05-23T15:34:04 IST" duration-ms="96" status="PASS">
          <params>
            <param index="0">
              <value>
                <![CDATA[row 16]]>
              </value>
            </param>
            <param index="1">
              <value>
                <![CDATA[Validate the api's by giving invalid method]]>
              </value>
            </param>
            <param index="2">
              <value>
                <![CDATA[/cart/fetch/user]]>
              </value>
            </param>
            <param index="3">
              <value>
                <![CDATA[PUT]]>
              </value>
            </param>
            <param index="4">
              <value>
                <![CDATA[ { "user_id": "User#8a638f02-621c-4d59-9457-4c889035af01" }]]>
              </value>
            </param>
            <param index="5">
              <value>
                <![CDATA[404.0]]>
              </value>
            </param>
            <param index="6">
              <value>
                <![CDATA[{}]]>
              </value>
            </param>
          </params>
          <reporter-output>
          </reporter-output>
        </test-method> <!-- MWCRestApiFuntValidations -->
        <test-method is-config="true" signature="afterMethod()[pri:0, instance:com.MonacoTesting.MonacoTestClass@4b0d79fc]" started-at="2024-05-23T15:34:04 IST" name="afterMethod" finished-at="2024-05-23T15:34:04 IST" duration-ms="41" status="PASS">
          <reporter-output>
          </reporter-output>
        </test-method> <!-- afterMethod -->
        <test-method is-config="true" signature="beforeMethod()[pri:0, instance:com.MonacoTesting.MonacoTestClass@4b0d79fc]" started-at="2024-05-23T15:34:04 IST" name="beforeMethod" finished-at="2024-05-23T15:34:04 IST" duration-ms="2" status="PASS">
          <reporter-output>
          </reporter-output>
        </test-method> <!-- beforeMethod -->
        <test-method signature="MWCRestApiFuntValidations(java.lang.String,java.lang.String,java.lang.String,java.lang.String,java.lang.String,double,java.lang.String)[pri:2, instance:com.MonacoTesting.MonacoTestClass@4b0d79fc]" started-at="2024-05-23T15:34:04 IST" name="MWCRestApiFuntValidations" data-provider="MWCData" finished-at="2024-05-23T15:34:05 IST" duration-ms="142" status="PASS">
          <params>
            <param index="0">
              <value>
                <![CDATA[row 17]]>
              </value>
            </param>
            <param index="1">
              <value>
                <![CDATA[Validate the api's by giving invalid method]]>
              </value>
            </param>
            <param index="2">
              <value>
                <![CDATA[/cart/payment]]>
              </value>
            </param>
            <param index="3">
              <value>
                <![CDATA[PUT]]>
              </value>
            </param>
            <param index="4">
              <value>
                <![CDATA[ { "userId": "User#1dfbc65f-3bf9-419b-8dc1-d65394633bd0", "cartId": "Cart#24d15e1d-24c8-4fb7-84bb-5b3031bb6dd2", "paymentType": "wallet" }]]>
              </value>
            </param>
            <param index="5">
              <value>
                <![CDATA[404.0]]>
              </value>
            </param>
            <param index="6">
              <value>
                <![CDATA[{}]]>
              </value>
            </param>
          </params>
          <reporter-output>
          </reporter-output>
        </test-method> <!-- MWCRestApiFuntValidations -->
        <test-method is-config="true" signature="afterMethod()[pri:0, instance:com.MonacoTesting.MonacoTestClass@4b0d79fc]" started-at="2024-05-23T15:34:05 IST" name="afterMethod" finished-at="2024-05-23T15:34:05 IST" duration-ms="47" status="PASS">
          <reporter-output>
          </reporter-output>
        </test-method> <!-- afterMethod -->
        <test-method is-config="true" signature="beforeMethod()[pri:0, instance:com.MonacoTesting.MonacoTestClass@4b0d79fc]" started-at="2024-05-23T15:34:05 IST" name="beforeMethod" finished-at="2024-05-23T15:34:05 IST" duration-ms="0" status="PASS">
          <reporter-output>
          </reporter-output>
        </test-method> <!-- beforeMethod -->
        <test-method signature="MWCRestApiFuntValidations(java.lang.String,java.lang.String,java.lang.String,java.lang.String,java.lang.String,double,java.lang.String)[pri:2, instance:com.MonacoTesting.MonacoTestClass@4b0d79fc]" started-at="2024-05-23T15:34:05 IST" name="MWCRestApiFuntValidations" data-provider="MWCData" finished-at="2024-05-23T15:34:05 IST" duration-ms="123" status="PASS">
          <params>
            <param index="0">
              <value>
                <![CDATA[row 18]]>
              </value>
            </param>
            <param index="1">
              <value>
                <![CDATA[Validate the api's by giving invalid method]]>
              </value>
            </param>
            <param index="2">
              <value>
                <![CDATA[/cart/update]]>
              </value>
            </param>
            <param index="3">
              <value>
                <![CDATA[PUT]]>
              </value>
            </param>
            <param index="4">
              <value>
                <![CDATA[ { "answer": "M watch colors", "item": { "raffle_id": "Raffle#46922b23-e2b6-4c3c-812a-702748c8efb1", "ticket_count": 2 }, "user_id": "User#8a638f02-621c-4d59-9457-4c889035af01" }]]>
              </value>
            </param>
            <param index="5">
              <value>
                <![CDATA[400.0]]>
              </value>
            </param>
            <param index="6">
              <value>
                <![CDATA[{}]]>
              </value>
            </param>
          </params>
          <reporter-output>
          </reporter-output>
        </test-method> <!-- MWCRestApiFuntValidations -->
        <test-method is-config="true" signature="afterMethod()[pri:0, instance:com.MonacoTesting.MonacoTestClass@4b0d79fc]" started-at="2024-05-23T15:34:05 IST" name="afterMethod" finished-at="2024-05-23T15:34:05 IST" duration-ms="34" status="PASS">
          <reporter-output>
          </reporter-output>
        </test-method> <!-- afterMethod -->
        <test-method is-config="true" signature="beforeMethod()[pri:0, instance:com.MonacoTesting.MonacoTestClass@4b0d79fc]" started-at="2024-05-23T15:34:05 IST" name="beforeMethod" finished-at="2024-05-23T15:34:05 IST" duration-ms="0" status="PASS">
          <reporter-output>
          </reporter-output>
        </test-method> <!-- beforeMethod -->
        <test-method signature="MWCRestApiFuntValidations(java.lang.String,java.lang.String,java.lang.String,java.lang.String,java.lang.String,double,java.lang.String)[pri:2, instance:com.MonacoTesting.MonacoTestClass@4b0d79fc]" started-at="2024-05-23T15:34:05 IST" name="MWCRestApiFuntValidations" data-provider="MWCData" finished-at="2024-05-23T15:34:05 IST" duration-ms="168" status="PASS">
          <params>
            <param index="0">
              <value>
                <![CDATA[row 19]]>
              </value>
            </param>
            <param index="1">
              <value>
                <![CDATA[Validate the api's by giving invalid method]]>
              </value>
            </param>
            <param index="2">
              <value>
                <![CDATA[/payment/success/getTickets]]>
              </value>
            </param>
            <param index="3">
              <value>
                <![CDATA[PUT]]>
              </value>
            </param>
            <param index="4">
              <value>
                <![CDATA[ { "transactionId": "MWC-738804590387" }]]>
              </value>
            </param>
            <param index="5">
              <value>
                <![CDATA[404.0]]>
              </value>
            </param>
            <param index="6">
              <value>
                <![CDATA[{}]]>
              </value>
            </param>
          </params>
          <reporter-output>
          </reporter-output>
        </test-method> <!-- MWCRestApiFuntValidations -->
        <test-method is-config="true" signature="afterMethod()[pri:0, instance:com.MonacoTesting.MonacoTestClass@4b0d79fc]" started-at="2024-05-23T15:34:05 IST" name="afterMethod" finished-at="2024-05-23T15:34:05 IST" duration-ms="49" status="PASS">
          <reporter-output>
          </reporter-output>
        </test-method> <!-- afterMethod -->
        <test-method is-config="true" signature="beforeMethod()[pri:0, instance:com.MonacoTesting.MonacoTestClass@4b0d79fc]" started-at="2024-05-23T15:34:05 IST" name="beforeMethod" finished-at="2024-05-23T15:34:05 IST" duration-ms="1" status="PASS">
          <reporter-output>
          </reporter-output>
        </test-method> <!-- beforeMethod -->
        <test-method signature="MWCRestApiFuntValidations(java.lang.String,java.lang.String,java.lang.String,java.lang.String,java.lang.String,double,java.lang.String)[pri:2, instance:com.MonacoTesting.MonacoTestClass@4b0d79fc]" started-at="2024-05-23T15:34:05 IST" name="MWCRestApiFuntValidations" data-provider="MWCData" finished-at="2024-05-23T15:34:05 IST" duration-ms="86" status="PASS">
          <params>
            <param index="0">
              <value>
                <![CDATA[row 20]]>
              </value>
            </param>
            <param index="1">
              <value>
                <![CDATA[Validate the api's by giving invalid method]]>
              </value>
            </param>
            <param index="2">
              <value>
                <![CDATA[/guest/checkout]]>
              </value>
            </param>
            <param index="3">
              <value>
                <![CDATA[PUT]]>
              </value>
            </param>
            <param index="4">
              <value>
                <![CDATA[ { "email": "test2323@gmail.com", "firstName": "test", "lastName": "12", "contact_number": "+441231231212", "items": [{ "raffle_id": "Raffle#46922b23-e2b6-4c3c-812a-702748c8efb1", "ticket_count": 3, "answer": "Monaco watch claim" }], "paymentType": "wallet", "emailOpt": true }]]>
              </value>
            </param>
            <param index="5">
              <value>
                <![CDATA[404.0]]>
              </value>
            </param>
            <param index="6">
              <value>
                <![CDATA[{}]]>
              </value>
            </param>
          </params>
          <reporter-output>
          </reporter-output>
        </test-method> <!-- MWCRestApiFuntValidations -->
        <test-method is-config="true" signature="afterMethod()[pri:0, instance:com.MonacoTesting.MonacoTestClass@4b0d79fc]" started-at="2024-05-23T15:34:05 IST" name="afterMethod" finished-at="2024-05-23T15:34:05 IST" duration-ms="30" status="PASS">
          <reporter-output>
          </reporter-output>
        </test-method> <!-- afterMethod -->
        <test-method is-config="true" signature="beforeMethod()[pri:0, instance:com.MonacoTesting.MonacoTestClass@4b0d79fc]" started-at="2024-05-23T15:34:05 IST" name="beforeMethod" finished-at="2024-05-23T15:34:05 IST" duration-ms="1" status="PASS">
          <reporter-output>
          </reporter-output>
        </test-method> <!-- beforeMethod -->
        <test-method signature="MWCRestApiFuntValidations(java.lang.String,java.lang.String,java.lang.String,java.lang.String,java.lang.String,double,java.lang.String)[pri:2, instance:com.MonacoTesting.MonacoTestClass@4b0d79fc]" started-at="2024-05-23T15:34:05 IST" name="MWCRestApiFuntValidations" data-provider="MWCData" finished-at="2024-05-23T15:34:05 IST" duration-ms="86" status="PASS">
          <params>
            <param index="0">
              <value>
                <![CDATA[row 21]]>
              </value>
            </param>
            <param index="1">
              <value>
                <![CDATA[Validate the api's by giving invalid method]]>
              </value>
            </param>
            <param index="2">
              <value>
                <![CDATA[/accounts/verify/otp]]>
              </value>
            </param>
            <param index="3">
              <value>
                <![CDATA[PUT]]>
              </value>
            </param>
            <param index="4">
              <value>
                <![CDATA[ { "otp": 750990 }]]>
              </value>
            </param>
            <param index="5">
              <value>
                <![CDATA[404.0]]>
              </value>
            </param>
            <param index="6">
              <value>
                <![CDATA[{}]]>
              </value>
            </param>
          </params>
          <reporter-output>
          </reporter-output>
        </test-method> <!-- MWCRestApiFuntValidations -->
        <test-method is-config="true" signature="afterMethod()[pri:0, instance:com.MonacoTesting.MonacoTestClass@4b0d79fc]" started-at="2024-05-23T15:34:05 IST" name="afterMethod" finished-at="2024-05-23T15:34:05 IST" duration-ms="25" status="PASS">
          <reporter-output>
          </reporter-output>
        </test-method> <!-- afterMethod -->
        <test-method is-config="true" signature="beforeMethod()[pri:0, instance:com.MonacoTesting.MonacoTestClass@4b0d79fc]" started-at="2024-05-23T15:34:05 IST" name="beforeMethod" finished-at="2024-05-23T15:34:05 IST" duration-ms="0" status="PASS">
          <reporter-output>
          </reporter-output>
        </test-method> <!-- beforeMethod -->
        <test-method signature="MWCRestApiFuntValidations(java.lang.String,java.lang.String,java.lang.String,java.lang.String,java.lang.String,double,java.lang.String)[pri:2, instance:com.MonacoTesting.MonacoTestClass@4b0d79fc]" started-at="2024-05-23T15:34:05 IST" name="MWCRestApiFuntValidations" data-provider="MWCData" finished-at="2024-05-23T15:34:05 IST" duration-ms="103" status="PASS">
          <params>
            <param index="0">
              <value>
                <![CDATA[row 22]]>
              </value>
            </param>
            <param index="1">
              <value>
                <![CDATA[Validate the api's by giving invalid method]]>
              </value>
            </param>
            <param index="2">
              <value>
                <![CDATA[/accounts/generate/otp]]>
              </value>
            </param>
            <param index="3">
              <value>
                <![CDATA[PUT]]>
              </value>
            </param>
            <param index="4">
              <value>
                <![CDATA[{}]]>
              </value>
            </param>
            <param index="5">
              <value>
                <![CDATA[404.0]]>
              </value>
            </param>
            <param index="6">
              <value>
                <![CDATA[{}]]>
              </value>
            </param>
          </params>
          <reporter-output>
          </reporter-output>
        </test-method> <!-- MWCRestApiFuntValidations -->
        <test-method is-config="true" signature="afterMethod()[pri:0, instance:com.MonacoTesting.MonacoTestClass@4b0d79fc]" started-at="2024-05-23T15:34:05 IST" name="afterMethod" finished-at="2024-05-23T15:34:05 IST" duration-ms="29" status="PASS">
          <reporter-output>
          </reporter-output>
        </test-method> <!-- afterMethod -->
        <test-method is-config="true" signature="beforeMethod()[pri:0, instance:com.MonacoTesting.MonacoTestClass@4b0d79fc]" started-at="2024-05-23T15:34:05 IST" name="beforeMethod" finished-at="2024-05-23T15:34:05 IST" duration-ms="1" status="PASS">
          <reporter-output>
          </reporter-output>
        </test-method> <!-- beforeMethod -->
        <test-method signature="MWCRestApiFuntValidations(java.lang.String,java.lang.String,java.lang.String,java.lang.String,java.lang.String,double,java.lang.String)[pri:2, instance:com.MonacoTesting.MonacoTestClass@4b0d79fc]" started-at="2024-05-23T15:34:05 IST" name="MWCRestApiFuntValidations" data-provider="MWCData" finished-at="2024-05-23T15:34:05 IST" duration-ms="99" status="PASS">
          <params>
            <param index="0">
              <value>
                <![CDATA[row 23]]>
              </value>
            </param>
            <param index="1">
              <value>
                <![CDATA[Validate the api's by giving invalid method]]>
              </value>
            </param>
            <param index="2">
              <value>
                <![CDATA[/accounts/verify/otp]]>
              </value>
            </param>
            <param index="3">
              <value>
                <![CDATA[PUT]]>
              </value>
            </param>
            <param index="4">
              <value>
                <![CDATA[ { "otp": 341617 }]]>
              </value>
            </param>
            <param index="5">
              <value>
                <![CDATA[404.0]]>
              </value>
            </param>
            <param index="6">
              <value>
                <![CDATA[{}]]>
              </value>
            </param>
          </params>
          <reporter-output>
          </reporter-output>
        </test-method> <!-- MWCRestApiFuntValidations -->
        <test-method is-config="true" signature="afterMethod()[pri:0, instance:com.MonacoTesting.MonacoTestClass@4b0d79fc]" started-at="2024-05-23T15:34:05 IST" name="afterMethod" finished-at="2024-05-23T15:34:05 IST" duration-ms="32" status="PASS">
          <reporter-output>
          </reporter-output>
        </test-method> <!-- afterMethod -->
        <test-method is-config="true" signature="beforeMethod()[pri:0, instance:com.MonacoTesting.MonacoTestClass@4b0d79fc]" started-at="2024-05-23T15:34:05 IST" name="beforeMethod" finished-at="2024-05-23T15:34:05 IST" duration-ms="0" status="PASS">
          <reporter-output>
          </reporter-output>
        </test-method> <!-- beforeMethod -->
        <test-method signature="MWCRestApiFuntValidations(java.lang.String,java.lang.String,java.lang.String,java.lang.String,java.lang.String,double,java.lang.String)[pri:2, instance:com.MonacoTesting.MonacoTestClass@4b0d79fc]" started-at="2024-05-23T15:34:05 IST" name="MWCRestApiFuntValidations" data-provider="MWCData" finished-at="2024-05-23T15:34:06 IST" duration-ms="98" status="PASS">
          <params>
            <param index="0">
              <value>
                <![CDATA[row 24]]>
              </value>
            </param>
            <param index="1">
              <value>
                <![CDATA[Validate the api's by giving invalid method]]>
              </value>
            </param>
            <param index="2">
              <value>
                <![CDATA[/accounts/update/password/withLogin]]>
              </value>
            </param>
            <param index="3">
              <value>
                <![CDATA[PUT]]>
              </value>
            </param>
            <param index="4">
              <value>
                <![CDATA[ { "currentPassword": "aathavan1234", "newPassword": "{{randomPassword}}", "confirmNewPassword": "{{randomPassword}}", "user_id": "User#8a638f02-621c-4d59-9457-4c889035af01" }]]>
              </value>
            </param>
            <param index="5">
              <value>
                <![CDATA[404.0]]>
              </value>
            </param>
            <param index="6">
              <value>
                <![CDATA[{}]]>
              </value>
            </param>
          </params>
          <reporter-output>
          </reporter-output>
        </test-method> <!-- MWCRestApiFuntValidations -->
        <test-method is-config="true" signature="afterMethod()[pri:0, instance:com.MonacoTesting.MonacoTestClass@4b0d79fc]" started-at="2024-05-23T15:34:06 IST" name="afterMethod" finished-at="2024-05-23T15:34:06 IST" duration-ms="43" status="PASS">
          <reporter-output>
          </reporter-output>
        </test-method> <!-- afterMethod -->
        <test-method is-config="true" signature="beforeMethod()[pri:0, instance:com.MonacoTesting.MonacoTestClass@4b0d79fc]" started-at="2024-05-23T15:34:06 IST" name="beforeMethod" finished-at="2024-05-23T15:34:06 IST" duration-ms="0" status="PASS">
          <reporter-output>
          </reporter-output>
        </test-method> <!-- beforeMethod -->
        <test-method signature="MWCRestApiFuntValidations(java.lang.String,java.lang.String,java.lang.String,java.lang.String,java.lang.String,double,java.lang.String)[pri:2, instance:com.MonacoTesting.MonacoTestClass@4b0d79fc]" started-at="2024-05-23T15:34:06 IST" name="MWCRestApiFuntValidations" data-provider="MWCData" finished-at="2024-05-23T15:34:06 IST" duration-ms="96" status="PASS">
          <params>
            <param index="0">
              <value>
                <![CDATA[row 25]]>
              </value>
            </param>
            <param index="1">
              <value>
                <![CDATA[Validate the api's by giving invalid method]]>
              </value>
            </param>
            <param index="2">
              <value>
                <![CDATA[/accounts/update/changeOldPassword]]>
              </value>
            </param>
            <param index="3">
              <value>
                <![CDATA[PUT]]>
              </value>
            </param>
            <param index="4">
              <value>
                <![CDATA[ { "newPassword" : "{{randomPassword}}" }]]>
              </value>
            </param>
            <param index="5">
              <value>
                <![CDATA[404.0]]>
              </value>
            </param>
            <param index="6">
              <value>
                <![CDATA[{}]]>
              </value>
            </param>
          </params>
          <reporter-output>
          </reporter-output>
        </test-method> <!-- MWCRestApiFuntValidations -->
        <test-method is-config="true" signature="afterMethod()[pri:0, instance:com.MonacoTesting.MonacoTestClass@4b0d79fc]" started-at="2024-05-23T15:34:06 IST" name="afterMethod" finished-at="2024-05-23T15:34:06 IST" duration-ms="11" status="PASS">
          <reporter-output>
          </reporter-output>
        </test-method> <!-- afterMethod -->
        <test-method is-config="true" signature="beforeMethod()[pri:0, instance:com.MonacoTesting.MonacoTestClass@4b0d79fc]" started-at="2024-05-23T15:34:06 IST" name="beforeMethod" finished-at="2024-05-23T15:34:06 IST" duration-ms="0" status="PASS">
          <reporter-output>
          </reporter-output>
        </test-method> <!-- beforeMethod -->
        <test-method signature="MWCRestApiFuntValidations(java.lang.String,java.lang.String,java.lang.String,java.lang.String,java.lang.String,double,java.lang.String)[pri:2, instance:com.MonacoTesting.MonacoTestClass@4b0d79fc]" started-at="2024-05-23T15:34:06 IST" name="MWCRestApiFuntValidations" data-provider="MWCData" finished-at="2024-05-23T15:34:06 IST" duration-ms="82" status="PASS">
          <params>
            <param index="0">
              <value>
                <![CDATA[row 26]]>
              </value>
            </param>
            <param index="1">
              <value>
                <![CDATA[Validate the api's by giving invalid method]]>
              </value>
            </param>
            <param index="2">
              <value>
                <![CDATA[/cart/delete/expires]]>
              </value>
            </param>
            <param index="3">
              <value>
                <![CDATA[PUT]]>
              </value>
            </param>
            <param index="4">
              <value>
                <![CDATA[ { "sort_id":"Cart#66927c5e-6546-49ee-b07c-df27cc694680" }]]>
              </value>
            </param>
            <param index="5">
              <value>
                <![CDATA[404.0]]>
              </value>
            </param>
            <param index="6">
              <value>
                <![CDATA[{}]]>
              </value>
            </param>
          </params>
          <reporter-output>
          </reporter-output>
        </test-method> <!-- MWCRestApiFuntValidations -->
        <test-method is-config="true" signature="afterMethod()[pri:0, instance:com.MonacoTesting.MonacoTestClass@4b0d79fc]" started-at="2024-05-23T15:34:06 IST" name="afterMethod" finished-at="2024-05-23T15:34:06 IST" duration-ms="12" status="PASS">
          <reporter-output>
          </reporter-output>
        </test-method> <!-- afterMethod -->
        <test-method signature="MWCRestApiFuntValidations(java.lang.String,java.lang.String,java.lang.String,java.lang.String,java.lang.String,double,java.lang.String)[pri:2, instance:com.MonacoTesting.MonacoTestClass@4b0d79fc]" started-at="2024-05-23T15:34:06 IST" name="MWCRestApiFuntValidations" data-provider="MWCData" finished-at="2024-05-23T15:34:06 IST" duration-ms="118" status="PASS">
          <params>
            <param index="0">
              <value>
                <![CDATA[row 27]]>
              </value>
            </param>
            <param index="1">
              <value>
                <![CDATA[Validate the api's by giving invalid method]]>
              </value>
            </param>
            <param index="2">
              <value>
                <![CDATA[/cart/add/items]]>
              </value>
            </param>
            <param index="3">
              <value>
                <![CDATA[PUT]]>
              </value>
            </param>
            <param index="4">
              <value>
                <![CDATA[ { "email": "test2323@gmail.com", "firstName": "test", "lastName": "12", "contact_number": "+441231231212", "items": [{ "raffle_id": "Raffle#46922b23-e2b6-4c3c-812a-702748c8efb1", "ticket_count": 3, "answer": "Monaco watch claim" }], "paymentType": "wallet", "emailOpt": true }]]>
              </value>
            </param>
            <param index="5">
              <value>
                <![CDATA[404.0]]>
              </value>
            </param>
            <param index="6">
              <value>
                <![CDATA[{}]]>
              </value>
            </param>
          </params>
          <reporter-output>
          </reporter-output>
        </test-method> <!-- MWCRestApiFuntValidations -->
        <test-method is-config="true" signature="beforeMethod()[pri:0, instance:com.MonacoTesting.MonacoTestClass@4b0d79fc]" started-at="2024-05-23T15:34:06 IST" name="beforeMethod" finished-at="2024-05-23T15:34:06 IST" duration-ms="0" status="PASS">
          <reporter-output>
          </reporter-output>
        </test-method> <!-- beforeMethod -->
        <test-method is-config="true" signature="afterMethod()[pri:0, instance:com.MonacoTesting.MonacoTestClass@4b0d79fc]" started-at="2024-05-23T15:34:06 IST" name="afterMethod" finished-at="2024-05-23T15:34:06 IST" duration-ms="18" status="PASS">
          <reporter-output>
          </reporter-output>
        </test-method> <!-- afterMethod -->
        <test-method signature="MWCRestApiFuntValidations(java.lang.String,java.lang.String,java.lang.String,java.lang.String,java.lang.String,double,java.lang.String)[pri:2, instance:com.MonacoTesting.MonacoTestClass@4b0d79fc]" started-at="2024-05-23T15:34:06 IST" name="MWCRestApiFuntValidations" data-provider="MWCData" finished-at="2024-05-23T15:34:06 IST" duration-ms="83" status="PASS">
          <params>
            <param index="0">
              <value>
                <![CDATA[row 28]]>
              </value>
            </param>
            <param index="1">
              <value>
                <![CDATA[Validate the api's by giving invalid method]]>
              </value>
            </param>
            <param index="2">
              <value>
                <![CDATA[/payment/status/login]]>
              </value>
            </param>
            <param index="3">
              <value>
                <![CDATA[PUT]]>
              </value>
            </param>
            <param index="4">
              <value>
                <![CDATA[ { "otp": 750990 }]]>
              </value>
            </param>
            <param index="5">
              <value>
                <![CDATA[404.0]]>
              </value>
            </param>
            <param index="6">
              <value>
                <![CDATA[{}]]>
              </value>
            </param>
          </params>
          <reporter-output>
          </reporter-output>
        </test-method> <!-- MWCRestApiFuntValidations -->
        <test-method is-config="true" signature="beforeMethod()[pri:0, instance:com.MonacoTesting.MonacoTestClass@4b0d79fc]" started-at="2024-05-23T15:34:06 IST" name="beforeMethod" finished-at="2024-05-23T15:34:06 IST" duration-ms="0" status="PASS">
          <reporter-output>
          </reporter-output>
        </test-method> <!-- beforeMethod -->
        <test-method is-config="true" signature="afterMethod()[pri:0, instance:com.MonacoTesting.MonacoTestClass@4b0d79fc]" started-at="2024-05-23T15:34:06 IST" name="afterMethod" finished-at="2024-05-23T15:34:06 IST" duration-ms="35" status="PASS">
          <reporter-output>
          </reporter-output>
        </test-method> <!-- afterMethod -->
        <test-method is-config="true" signature="beforeMethod()[pri:0, instance:com.MonacoTesting.MonacoTestClass@4b0d79fc]" started-at="2024-05-23T15:34:06 IST" name="beforeMethod" finished-at="2024-05-23T15:34:06 IST" duration-ms="0" status="PASS">
          <reporter-output>
          </reporter-output>
        </test-method> <!-- beforeMethod -->
        <test-method signature="MWCRestApiFuntValidations(java.lang.String,java.lang.String,java.lang.String,java.lang.String,java.lang.String,double,java.lang.String)[pri:2, instance:com.MonacoTesting.MonacoTestClass@4b0d79fc]" started-at="2024-05-23T15:34:06 IST" name="MWCRestApiFuntValidations" data-provider="MWCData" finished-at="2024-05-23T15:34:06 IST" duration-ms="91" status="PASS">
          <params>
            <param index="0">
              <value>
                <![CDATA[row 29]]>
              </value>
            </param>
            <param index="1">
              <value>
                <![CDATA[Validate the api's by giving invalid method]]>
              </value>
            </param>
            <param index="2">
              <value>
                <![CDATA[/cartPayment/add]]>
              </value>
            </param>
            <param index="3">
              <value>
                <![CDATA[PUT]]>
              </value>
            </param>
            <param index="4">
              <value>
                <![CDATA[{}]]>
              </value>
            </param>
            <param index="5">
              <value>
                <![CDATA[403.0]]>
              </value>
            </param>
            <param index="6">
              <value>
                <![CDATA[{}]]>
              </value>
            </param>
          </params>
          <reporter-output>
          </reporter-output>
        </test-method> <!-- MWCRestApiFuntValidations -->
        <test-method is-config="true" signature="afterMethod()[pri:0, instance:com.MonacoTesting.MonacoTestClass@4b0d79fc]" started-at="2024-05-23T15:34:06 IST" name="afterMethod" finished-at="2024-05-23T15:34:06 IST" duration-ms="21" status="PASS">
          <reporter-output>
          </reporter-output>
        </test-method> <!-- afterMethod -->
        <test-method is-config="true" signature="beforeMethod()[pri:0, instance:com.MonacoTesting.MonacoTestClass@4b0d79fc]" started-at="2024-05-23T15:34:06 IST" name="beforeMethod" finished-at="2024-05-23T15:34:06 IST" duration-ms="0" status="PASS">
          <reporter-output>
          </reporter-output>
        </test-method> <!-- beforeMethod -->
        <test-method signature="MWCRestApiFuntValidations(java.lang.String,java.lang.String,java.lang.String,java.lang.String,java.lang.String,double,java.lang.String)[pri:2, instance:com.MonacoTesting.MonacoTestClass@4b0d79fc]" started-at="2024-05-23T15:34:06 IST" name="MWCRestApiFuntValidations" data-provider="MWCData" finished-at="2024-05-23T15:34:06 IST" duration-ms="81" status="PASS">
          <params>
            <param index="0">
              <value>
                <![CDATA[row 30]]>
              </value>
            </param>
            <param index="1">
              <value>
                <![CDATA[Validate the api's by giving invalid method]]>
              </value>
            </param>
            <param index="2">
              <value>
                <![CDATA[/payment/fetch]]>
              </value>
            </param>
            <param index="3">
              <value>
                <![CDATA[PUT]]>
              </value>
            </param>
            <param index="4">
              <value>
                <![CDATA[ { "otp": 341617 }]]>
              </value>
            </param>
            <param index="5">
              <value>
                <![CDATA[404.0]]>
              </value>
            </param>
            <param index="6">
              <value>
                <![CDATA[{}]]>
              </value>
            </param>
          </params>
          <reporter-output>
          </reporter-output>
        </test-method> <!-- MWCRestApiFuntValidations -->
        <test-method is-config="true" signature="afterMethod()[pri:0, instance:com.MonacoTesting.MonacoTestClass@4b0d79fc]" started-at="2024-05-23T15:34:06 IST" name="afterMethod" finished-at="2024-05-23T15:34:06 IST" duration-ms="23" status="PASS">
          <reporter-output>
          </reporter-output>
        </test-method> <!-- afterMethod -->
        <test-method is-config="true" signature="beforeMethod()[pri:0, instance:com.MonacoTesting.MonacoTestClass@4b0d79fc]" started-at="2024-05-23T15:34:06 IST" name="beforeMethod" finished-at="2024-05-23T15:34:06 IST" duration-ms="1" status="PASS">
          <reporter-output>
          </reporter-output>
        </test-method> <!-- beforeMethod -->
        <test-method signature="MWCRestApiFuntValidations(java.lang.String,java.lang.String,java.lang.String,java.lang.String,java.lang.String,double,java.lang.String)[pri:2, instance:com.MonacoTesting.MonacoTestClass@4b0d79fc]" started-at="2024-05-23T15:34:06 IST" name="MWCRestApiFuntValidations" data-provider="MWCData" finished-at="2024-05-23T15:34:06 IST" duration-ms="90" status="PASS">
          <params>
            <param index="0">
              <value>
                <![CDATA[row 31]]>
              </value>
            </param>
            <param index="1">
              <value>
                <![CDATA[Validate the api's by giving invalid method]]>
              </value>
            </param>
            <param index="2">
              <value>
                <![CDATA[/cart/delete/item]]>
              </value>
            </param>
            <param index="3">
              <value>
                <![CDATA[PUT]]>
              </value>
            </param>
            <param index="4">
              <value>
                <![CDATA[ { "currentPassword": "aathavan1234", "newPassword": "123456", "confirmNewPassword": "123456", "user_id": "User#8a638f02-621c-4d59-9457-4c889035af01" }]]>
              </value>
            </param>
            <param index="5">
              <value>
                <![CDATA[404.0]]>
              </value>
            </param>
            <param index="6">
              <value>
                <![CDATA[{}]]>
              </value>
            </param>
          </params>
          <reporter-output>
          </reporter-output>
        </test-method> <!-- MWCRestApiFuntValidations -->
        <test-method is-config="true" signature="afterMethod()[pri:0, instance:com.MonacoTesting.MonacoTestClass@4b0d79fc]" started-at="2024-05-23T15:34:06 IST" name="afterMethod" finished-at="2024-05-23T15:34:06 IST" duration-ms="25" status="PASS">
          <reporter-output>
          </reporter-output>
        </test-method> <!-- afterMethod -->
        <test-method is-config="true" signature="beforeMethod()[pri:0, instance:com.MonacoTesting.MonacoTestClass@4b0d79fc]" started-at="2024-05-23T15:34:06 IST" name="beforeMethod" finished-at="2024-05-23T15:34:06 IST" duration-ms="1" status="PASS">
          <reporter-output>
          </reporter-output>
        </test-method> <!-- beforeMethod -->
        <test-method signature="MWCRestApiFuntValidations(java.lang.String,java.lang.String,java.lang.String,java.lang.String,java.lang.String,double,java.lang.String)[pri:2, instance:com.MonacoTesting.MonacoTestClass@4b0d79fc]" started-at="2024-05-23T15:34:06 IST" name="MWCRestApiFuntValidations" data-provider="MWCData" finished-at="2024-05-23T15:34:06 IST" duration-ms="85" status="PASS">
          <params>
            <param index="0">
              <value>
                <![CDATA[row 32]]>
              </value>
            </param>
            <param index="1">
              <value>
                <![CDATA[Validate the api's by giving invalid method]]>
              </value>
            </param>
            <param index="2">
              <value>
                <![CDATA[/auth/signin]]>
              </value>
            </param>
            <param index="3">
              <value>
                <![CDATA[PUT]]>
              </value>
            </param>
            <param index="4">
              <value>
                <![CDATA[ { "newPassword" : "1234556" }]]>
              </value>
            </param>
            <param index="5">
              <value>
                <![CDATA[404.0]]>
              </value>
            </param>
            <param index="6">
              <value>
                <![CDATA[{}]]>
              </value>
            </param>
          </params>
          <reporter-output>
          </reporter-output>
        </test-method> <!-- MWCRestApiFuntValidations -->
        <test-method is-config="true" signature="afterMethod()[pri:0, instance:com.MonacoTesting.MonacoTestClass@4b0d79fc]" started-at="2024-05-23T15:34:06 IST" name="afterMethod" finished-at="2024-05-23T15:34:07 IST" duration-ms="9" status="PASS">
          <reporter-output>
          </reporter-output>
        </test-method> <!-- afterMethod -->
        <test-method is-config="true" signature="beforeMethod()[pri:0, instance:com.MonacoTesting.MonacoTestClass@4b0d79fc]" started-at="2024-05-23T15:34:07 IST" name="beforeMethod" finished-at="2024-05-23T15:34:07 IST" duration-ms="1" status="PASS">
          <reporter-output>
          </reporter-output>
        </test-method> <!-- beforeMethod -->
        <test-method signature="MWCRestApiFuntValidations(java.lang.String,java.lang.String,java.lang.String,java.lang.String,java.lang.String,double,java.lang.String)[pri:2, instance:com.MonacoTesting.MonacoTestClass@4b0d79fc]" started-at="2024-05-23T15:34:07 IST" name="MWCRestApiFuntValidations" data-provider="MWCData" finished-at="2024-05-23T15:34:07 IST" duration-ms="119" status="PASS">
          <params>
            <param index="0">
              <value>
                <![CDATA[row 33]]>
              </value>
            </param>
            <param index="1">
              <value>
                <![CDATA[Validate the api's by giving invalid method]]>
              </value>
            </param>
            <param index="2">
              <value>
                <![CDATA[/auth/signUp]]>
              </value>
            </param>
            <param index="3">
              <value>
                <![CDATA[PUT]]>
              </value>
            </param>
            <param index="4">
              <value>
                <![CDATA[ { "sort_id":"Cart#66927c5e-6546-49ee-b07c-df27cc694680" }]]>
              </value>
            </param>
            <param index="5">
              <value>
                <![CDATA[404.0]]>
              </value>
            </param>
            <param index="6">
              <value>
                <![CDATA[{}]]>
              </value>
            </param>
          </params>
          <reporter-output>
          </reporter-output>
        </test-method> <!-- MWCRestApiFuntValidations -->
        <test-method is-config="true" signature="afterMethod()[pri:0, instance:com.MonacoTesting.MonacoTestClass@4b0d79fc]" started-at="2024-05-23T15:34:07 IST" name="afterMethod" finished-at="2024-05-23T15:34:07 IST" duration-ms="13" status="PASS">
          <reporter-output>
          </reporter-output>
        </test-method> <!-- afterMethod -->
        <test-method signature="MWCRestApiFuntValidations(java.lang.String,java.lang.String,java.lang.String,java.lang.String,java.lang.String,double,java.lang.String)[pri:2, instance:com.MonacoTesting.MonacoTestClass@4b0d79fc]" started-at="2024-05-23T15:34:07 IST" name="MWCRestApiFuntValidations" data-provider="MWCData" finished-at="2024-05-23T15:34:07 IST" duration-ms="78" status="PASS">
          <params>
            <param index="0">
              <value>
                <![CDATA[row 34]]>
              </value>
            </param>
            <param index="1">
              <value>
                <![CDATA[Validate the api's by giving invalid method]]>
              </value>
            </param>
            <param index="2">
              <value>
                <![CDATA[/auth/socialSignup/google]]>
              </value>
            </param>
            <param index="3">
              <value>
                <![CDATA[PUT]]>
              </value>
            </param>
            <param index="4">
              <value>
                <![CDATA[ { "answer": "Monaco watch colors", "item": { "raffle_id": "Raffle#46922b23-e2b6-4c3c-812a-702748c8efb1", "ticket_count": 1 }, "user_id": "User#8a638f02-621c-4d59-9457-4c889035af01" }]]>
              </value>
            </param>
            <param index="5">
              <value>
                <![CDATA[404.0]]>
              </value>
            </param>
            <param index="6">
              <value>
                <![CDATA[{}]]>
              </value>
            </param>
          </params>
          <reporter-output>
          </reporter-output>
        </test-method> <!-- MWCRestApiFuntValidations -->
        <test-method is-config="true" signature="beforeMethod()[pri:0, instance:com.MonacoTesting.MonacoTestClass@4b0d79fc]" started-at="2024-05-23T15:34:07 IST" name="beforeMethod" finished-at="2024-05-23T15:34:07 IST" duration-ms="0" status="PASS">
          <reporter-output>
          </reporter-output>
        </test-method> <!-- beforeMethod -->
        <test-method is-config="true" signature="afterMethod()[pri:0, instance:com.MonacoTesting.MonacoTestClass@4b0d79fc]" started-at="2024-05-23T15:34:07 IST" name="afterMethod" finished-at="2024-05-23T15:34:07 IST" duration-ms="42" status="PASS">
          <reporter-output>
          </reporter-output>
        </test-method> <!-- afterMethod -->
        <test-method is-config="true" signature="beforeMethod()[pri:0, instance:com.MonacoTesting.MonacoTestClass@4b0d79fc]" started-at="2024-05-23T15:34:07 IST" name="beforeMethod" finished-at="2024-05-23T15:34:07 IST" duration-ms="1" status="PASS">
          <reporter-output>
          </reporter-output>
        </test-method> <!-- beforeMethod -->
        <test-method signature="MWCRestApiFuntValidations(java.lang.String,java.lang.String,java.lang.String,java.lang.String,java.lang.String,double,java.lang.String)[pri:2, instance:com.MonacoTesting.MonacoTestClass@4b0d79fc]" started-at="2024-05-23T15:34:07 IST" name="MWCRestApiFuntValidations" data-provider="MWCData" finished-at="2024-05-23T15:34:07 IST" duration-ms="89" status="PASS">
          <params>
            <param index="0">
              <value>
                <![CDATA[row 35]]>
              </value>
            </param>
            <param index="1">
              <value>
                <![CDATA[Validate the api's by giving invalid method]]>
              </value>
            </param>
            <param index="2">
              <value>
                <![CDATA[/auth/socialSignIn/google]]>
              </value>
            </param>
            <param index="3">
              <value>
                <![CDATA[PUT]]>
              </value>
            </param>
            <param index="4">
              <value>
                <![CDATA[ { "transactionId": "MWC-242262572776" }]]>
              </value>
            </param>
            <param index="5">
              <value>
                <![CDATA[404.0]]>
              </value>
            </param>
            <param index="6">
              <value>
                <![CDATA[{}]]>
              </value>
            </param>
          </params>
          <reporter-output>
          </reporter-output>
        </test-method> <!-- MWCRestApiFuntValidations -->
        <test-method is-config="true" signature="afterMethod()[pri:0, instance:com.MonacoTesting.MonacoTestClass@4b0d79fc]" started-at="2024-05-23T15:34:07 IST" name="afterMethod" finished-at="2024-05-23T15:34:07 IST" duration-ms="25" status="PASS">
          <reporter-output>
          </reporter-output>
        </test-method> <!-- afterMethod -->
        <test-method is-config="true" signature="beforeMethod()[pri:0, instance:com.MonacoTesting.MonacoTestClass@4b0d79fc]" started-at="2024-05-23T15:34:07 IST" name="beforeMethod" finished-at="2024-05-23T15:34:07 IST" duration-ms="2" status="PASS">
          <reporter-output>
          </reporter-output>
        </test-method> <!-- beforeMethod -->
        <test-method signature="MWCRestApiFuntValidations(java.lang.String,java.lang.String,java.lang.String,java.lang.String,java.lang.String,double,java.lang.String)[pri:2, instance:com.MonacoTesting.MonacoTestClass@4b0d79fc]" started-at="2024-05-23T15:34:07 IST" name="MWCRestApiFuntValidations" data-provider="MWCData" finished-at="2024-05-23T15:34:07 IST" duration-ms="123" status="PASS">
          <params>
            <param index="0">
              <value>
                <![CDATA[row 36]]>
              </value>
            </param>
            <param index="1">
              <value>
                <![CDATA[Validate the api's by giving invalid method]]>
              </value>
            </param>
            <param index="2">
              <value>
                <![CDATA[/auth/socialSignUp/facebook]]>
              </value>
            </param>
            <param index="3">
              <value>
                <![CDATA[PUT]]>
              </value>
            </param>
            <param index="4">
              <value>
                <![CDATA[ { "answer": "Monaco watch colors", "item": { "raffle_id": "Raffle#46922b23-e2b6-4c3c-812a-702748c8efb1", "ticket_count": 1 }, "user_id": "User#8a638f02-621c-4d59-9457-4c889035af01" }]]>
              </value>
            </param>
            <param index="5">
              <value>
                <![CDATA[404.0]]>
              </value>
            </param>
            <param index="6">
              <value>
                <![CDATA[{}]]>
              </value>
            </param>
          </params>
          <reporter-output>
          </reporter-output>
        </test-method> <!-- MWCRestApiFuntValidations -->
[...]
              <value>
                <![CDATA[/winners/fetch]]>
              </value>
            </param>
            <param index="3">
              <value>
                <![CDATA[POST]]>
              </value>
            </param>
            <param index="4">
              <value>
                <![CDATA[{
    "sort_id" : "Winner#0367896f-352b-49ff-8d01-2b5ef75459a7"
}]]>
              </value>
            </param>
            <param index="5">
              <value>
                <![CDATA[404.0]]>
              </value>
            </param>
            <param index="6">
              <value>
                <![CDATA[{}]]>
              </value>
            </param>
          </params>
          <reporter-output>
          </reporter-output>
        </test-method> <!-- MWCRestApiFuntValidations -->
        <test-method is-config="true" signature="beforeMethod()[pri:0, instance:com.MonacoTesting.MonacoTestClass@4b0d79fc]" started-at="2024-05-23T15:34:41 IST" name="beforeMethod" finished-at="2024-05-23T15:34:41 IST" duration-ms="0" status="PASS">
          <reporter-output>
          </reporter-output>
        </test-method> <!-- beforeMethod -->
        <test-method is-config="true" signature="afterMethod()[pri:0, instance:com.MonacoTesting.MonacoTestClass@4b0d79fc]" started-at="2024-05-23T15:34:41 IST" name="afterMethod" finished-at="2024-05-23T15:34:41 IST" duration-ms="57" status="PASS">
          <reporter-output>
          </reporter-output>
        </test-method> <!-- afterMethod -->
        <test-method is-config="true" signature="beforeMethod()[pri:0, instance:com.MonacoTesting.MonacoTestClass@4b0d79fc]" started-at="2024-05-23T15:34:41 IST" name="beforeMethod" finished-at="2024-05-23T15:34:41 IST" duration-ms="0" status="PASS">
          <reporter-output>
          </reporter-output>
        </test-method> <!-- beforeMethod -->
        <test-method signature="MWCRestApiFuntValidations(java.lang.String,java.lang.String,java.lang.String,java.lang.String,java.lang.String,double,java.lang.String)[pri:2, instance:com.MonacoTesting.MonacoTestClass@4b0d79fc]" started-at="2024-05-23T15:34:41 IST" name="MWCRestApiFuntValidations" data-provider="MWCData" finished-at="2024-05-23T15:34:41 IST" duration-ms="52" status="PASS">
          <params>
            <param index="0">
              <value>
                <![CDATA[row 239]]>
              </value>
            </param>
            <param index="1">
              <value>
                <![CDATA[Validate the api by giving null last date]]>
              </value>
            </param>
            <param index="2">
              <value>
                <![CDATA[/news/read/withLogin ]]>
              </value>
            </param>
            <param index="3">
              <value>
                <![CDATA[POST]]>
              </value>
            </param>
            <param index="4">
              <value>
                <![CDATA[{
    "lastDate": ""
}]]>
              </value>
            </param>
            <param index="5">
              <value>
                <![CDATA[403.0]]>
              </value>
            </param>
            <param index="6">
              <value>
                <![CDATA[{}]]>
              </value>
            </param>
          </params>
          <reporter-output>
          </reporter-output>
        </test-method> <!-- MWCRestApiFuntValidations -->
        <test-method is-config="true" signature="afterMethod()[pri:0, instance:com.MonacoTesting.MonacoTestClass@4b0d79fc]" started-at="2024-05-23T15:34:41 IST" name="afterMethod" finished-at="2024-05-23T15:34:41 IST" duration-ms="62" status="PASS">
          <reporter-output>
          </reporter-output>
        </test-method> <!-- afterMethod -->
        <test-method signature="MWCRestApiFuntValidations(java.lang.String,java.lang.String,java.lang.String,java.lang.String,java.lang.String,double,java.lang.String)[pri:2, instance:com.MonacoTesting.MonacoTestClass@4b0d79fc]" started-at="2024-05-23T15:34:41 IST" name="MWCRestApiFuntValidations" data-provider="MWCData" finished-at="2024-05-23T15:34:41 IST" duration-ms="52" status="PASS">
          <params>
            <param index="0">
              <value>
                <![CDATA[row 240]]>
              </value>
            </param>
            <param index="1">
              <value>
                <![CDATA[Validate the api by giving null slug]]>
              </value>
            </param>
            <param index="2">
              <value>
                <![CDATA[/news/fetch/withLogin ]]>
              </value>
            </param>
            <param index="3">
              <value>
                <![CDATA[POST]]>
              </value>
            </param>
            <param index="4">
              <value>
                <![CDATA[{
    "slug" : "slug1"
}]]>
              </value>
            </param>
            <param index="5">
              <value>
                <![CDATA[403.0]]>
              </value>
            </param>
            <param index="6">
              <value>
                <![CDATA[{}]]>
              </value>
            </param>
          </params>
          <reporter-output>
          </reporter-output>
        </test-method> <!-- MWCRestApiFuntValidations -->
        <test-method is-config="true" signature="beforeMethod()[pri:0, instance:com.MonacoTesting.MonacoTestClass@4b0d79fc]" started-at="2024-05-23T15:34:41 IST" name="beforeMethod" finished-at="2024-05-23T15:34:41 IST" duration-ms="0" status="PASS">
          <reporter-output>
          </reporter-output>
        </test-method> <!-- beforeMethod -->
        <test-method is-config="true" signature="afterMethod()[pri:0, instance:com.MonacoTesting.MonacoTestClass@4b0d79fc]" started-at="2024-05-23T15:34:41 IST" name="afterMethod" finished-at="2024-05-23T15:34:41 IST" duration-ms="39" status="PASS">
          <reporter-output>
          </reporter-output>
        </test-method> <!-- afterMethod -->
        <test-method is-config="true" signature="beforeMethod()[pri:0, instance:com.MonacoTesting.MonacoTestClass@4b0d79fc]" started-at="2024-05-23T15:34:41 IST" name="beforeMethod" finished-at="2024-05-23T15:34:41 IST" duration-ms="0" status="PASS">
          <reporter-output>
          </reporter-output>
        </test-method> <!-- beforeMethod -->
        <test-method signature="MWCRestApiFuntValidations(java.lang.String,java.lang.String,java.lang.String,java.lang.String,java.lang.String,double,java.lang.String)[pri:2, instance:com.MonacoTesting.MonacoTestClass@4b0d79fc]" started-at="2024-05-23T15:34:41 IST" name="MWCRestApiFuntValidations" data-provider="MWCData" finished-at="2024-05-23T15:34:41 IST" duration-ms="70" status="PASS">
          <params>
            <param index="0">
              <value>
                <![CDATA[row 241]]>
              </value>
            </param>
            <param index="1">
              <value>
                <![CDATA[Validate the api by giving null sort id]]>
              </value>
            </param>
            <param index="2">
              <value>
                <![CDATA[/winners/fetch/withLogin]]>
              </value>
            </param>
            <param index="3">
              <value>
                <![CDATA[POST]]>
              </value>
            </param>
            <param index="4">
              <value>
                <![CDATA[{
    "sort_id" : "Winner#0367896f-352b-49ff-8d01-2b5ef75459a7"
}]]>
              </value>
            </param>
            <param index="5">
              <value>
                <![CDATA[404.0]]>
              </value>
            </param>
            <param index="6">
              <value>
                <![CDATA[{}]]>
              </value>
            </param>
          </params>
          <reporter-output>
          </reporter-output>
        </test-method> <!-- MWCRestApiFuntValidations -->
        <test-method is-config="true" signature="afterMethod()[pri:0, instance:com.MonacoTesting.MonacoTestClass@4b0d79fc]" started-at="2024-05-23T15:34:41 IST" name="afterMethod" finished-at="2024-05-23T15:34:41 IST" duration-ms="50" status="PASS">
          <reporter-output>
          </reporter-output>
        </test-method> <!-- afterMethod -->
        <test-method is-config="true" signature="beforeMethod()[pri:0, instance:com.MonacoTesting.MonacoTestClass@4b0d79fc]" started-at="2024-05-23T15:34:41 IST" name="beforeMethod" finished-at="2024-05-23T15:34:41 IST" duration-ms="0" status="PASS">
          <reporter-output>
          </reporter-output>
        </test-method> <!-- beforeMethod -->
        <test-method signature="MWCRestApiFuntValidations(java.lang.String,java.lang.String,java.lang.String,java.lang.String,java.lang.String,double,java.lang.String)[pri:2, instance:com.MonacoTesting.MonacoTestClass@4b0d79fc]" started-at="2024-05-23T15:34:41 IST" name="MWCRestApiFuntValidations" data-provider="MWCData" finished-at="2024-05-23T15:34:41 IST" duration-ms="58" status="PASS">
          <params>
            <param index="0">
              <value>
                <![CDATA[row 242]]>
              </value>
            </param>
            <param index="1">
              <value>
                <![CDATA[Validate the api by giving invalid last date]]>
              </value>
            </param>
            <param index="2">
              <value>
                <![CDATA[/news/read]]>
              </value>
            </param>
            <param index="3">
              <value>
                <![CDATA[POST]]>
              </value>
            </param>
            <param index="4">
              <value>
                <![CDATA[{
    "lastDate": "23412eqweqwe03242390"
}]]>
              </value>
            </param>
            <param index="5">
              <value>
                <![CDATA[403.0]]>
              </value>
            </param>
            <param index="6">
              <value>
                <![CDATA[{}]]>
              </value>
            </param>
          </params>
          <reporter-output>
          </reporter-output>
        </test-method> <!-- MWCRestApiFuntValidations -->
        <test-method is-config="true" signature="afterMethod()[pri:0, instance:com.MonacoTesting.MonacoTestClass@4b0d79fc]" started-at="2024-05-23T15:34:41 IST" name="afterMethod" finished-at="2024-05-23T15:34:41 IST" duration-ms="53" status="PASS">
          <reporter-output>
          </reporter-output>
        </test-method> <!-- afterMethod -->
        <test-method is-config="true" signature="beforeMethod()[pri:0, instance:com.MonacoTesting.MonacoTestClass@4b0d79fc]" started-at="2024-05-23T15:34:41 IST" name="beforeMethod" finished-at="2024-05-23T15:34:41 IST" duration-ms="0" status="PASS">
          <reporter-output>
          </reporter-output>
        </test-method> <!-- beforeMethod -->
        <test-method signature="MWCRestApiFuntValidations(java.lang.String,java.lang.String,java.lang.String,java.lang.String,java.lang.String,double,java.lang.String)[pri:2, instance:com.MonacoTesting.MonacoTestClass@4b0d79fc]" started-at="2024-05-23T15:34:41 IST" name="MWCRestApiFuntValidations" data-provider="MWCData" finished-at="2024-05-23T15:34:41 IST" duration-ms="73" status="PASS">
          <params>
            <param index="0">
              <value>
                <![CDATA[row 243]]>
              </value>
            </param>
            <param index="1">
              <value>
                <![CDATA[Validate the api by giving invalid  sort id]]>
              </value>
            </param>
            <param index="2">
              <value>
                <![CDATA[/winners/fetch]]>
              </value>
            </param>
            <param index="3">
              <value>
                <![CDATA[POST]]>
              </value>
            </param>
            <param index="4">
              <value>
                <![CDATA[{
    "sort_id" : "Wi32432423423weqw))9ff-8d01-2b5ef75459a7"
}]]>
              </value>
            </param>
            <param index="5">
              <value>
                <![CDATA[404.0]]>
              </value>
            </param>
            <param index="6">
              <value>
                <![CDATA[{}]]>
              </value>
            </param>
          </params>
          <reporter-output>
          </reporter-output>
        </test-method> <!-- MWCRestApiFuntValidations -->
        <test-method is-config="true" signature="afterMethod()[pri:0, instance:com.MonacoTesting.MonacoTestClass@4b0d79fc]" started-at="2024-05-23T15:34:41 IST" name="afterMethod" finished-at="2024-05-23T15:34:41 IST" duration-ms="63" status="PASS">
          <reporter-output>
          </reporter-output>
        </test-method> <!-- afterMethod -->
        <test-method is-config="true" signature="beforeMethod()[pri:0, instance:com.MonacoTesting.MonacoTestClass@4b0d79fc]" started-at="2024-05-23T15:34:41 IST" name="beforeMethod" finished-at="2024-05-23T15:34:41 IST" duration-ms="0" status="PASS">
          <reporter-output>
          </reporter-output>
        </test-method> <!-- beforeMethod -->
        <test-method signature="MWCRestApiFuntValidations(java.lang.String,java.lang.String,java.lang.String,java.lang.String,java.lang.String,double,java.lang.String)[pri:2, instance:com.MonacoTesting.MonacoTestClass@4b0d79fc]" started-at="2024-05-23T15:34:41 IST" name="MWCRestApiFuntValidations" data-provider="MWCData" finished-at="2024-05-23T15:34:41 IST" duration-ms="67" status="PASS">
          <params>
            <param index="0">
              <value>
                <![CDATA[row 244]]>
              </value>
            </param>
            <param index="1">
              <value>
                <![CDATA[Validate the api by giving invalid  last date]]>
              </value>
            </param>
            <param index="2">
              <value>
                <![CDATA[/news/read/withLogin ]]>
              </value>
            </param>
            <param index="3">
              <value>
                <![CDATA[POST]]>
              </value>
            </param>
            <param index="4">
              <value>
                <![CDATA[{
    "lastDate": "@!#!@qweqwe2312"
}]]>
              </value>
            </param>
            <param index="5">
              <value>
                <![CDATA[403.0]]>
              </value>
            </param>
            <param index="6">
              <value>
                <![CDATA[{}]]>
              </value>
            </param>
          </params>
          <reporter-output>
          </reporter-output>
        </test-method> <!-- MWCRestApiFuntValidations -->
        <test-method is-config="true" signature="afterMethod()[pri:0, instance:com.MonacoTesting.MonacoTestClass@4b0d79fc]" started-at="2024-05-23T15:34:41 IST" name="afterMethod" finished-at="2024-05-23T15:34:42 IST" duration-ms="59" status="PASS">
          <reporter-output>
          </reporter-output>
        </test-method> <!-- afterMethod -->
        <test-method signature="MWCRestApiFuntValidations(java.lang.String,java.lang.String,java.lang.String,java.lang.String,java.lang.String,double,java.lang.String)[pri:2, instance:com.MonacoTesting.MonacoTestClass@4b0d79fc]" started-at="2024-05-23T15:34:42 IST" name="MWCRestApiFuntValidations" data-provider="MWCData" finished-at="2024-05-23T15:34:42 IST" duration-ms="50" status="PASS">
          <params>
            <param index="0">
              <value>
                <![CDATA[row 245]]>
              </value>
            </param>
            <param index="1">
              <value>
                <![CDATA[Validate the api by giving invalid slug]]>
              </value>
            </param>
            <param index="2">
              <value>
                <![CDATA[/news/fetch/withLogin ]]>
              </value>
            </param>
            <param index="3">
              <value>
                <![CDATA[POST]]>
              </value>
            </param>
            <param index="4">
              <value>
                <![CDATA[{
    "slug" : "213@!#12qweqw"
}]]>
              </value>
            </param>
            <param index="5">
              <value>
                <![CDATA[403.0]]>
              </value>
            </param>
            <param index="6">
              <value>
                <![CDATA[{}]]>
              </value>
            </param>
          </params>
          <reporter-output>
          </reporter-output>
        </test-method> <!-- MWCRestApiFuntValidations -->
        <test-method is-config="true" signature="beforeMethod()[pri:0, instance:com.MonacoTesting.MonacoTestClass@4b0d79fc]" started-at="2024-05-23T15:34:42 IST" name="beforeMethod" finished-at="2024-05-23T15:34:42 IST" duration-ms="0" status="PASS">
          <reporter-output>
          </reporter-output>
        </test-method> <!-- beforeMethod -->
        <test-method is-config="true" signature="afterMethod()[pri:0, instance:com.MonacoTesting.MonacoTestClass@4b0d79fc]" started-at="2024-05-23T15:34:42 IST" name="afterMethod" finished-at="2024-05-23T15:34:42 IST" duration-ms="50" status="PASS">
          <reporter-output>
          </reporter-output>
        </test-method> <!-- afterMethod -->
        <test-method is-config="true" signature="beforeMethod()[pri:0, instance:com.MonacoTesting.MonacoTestClass@4b0d79fc]" started-at="2024-05-23T15:34:42 IST" name="beforeMethod" finished-at="2024-05-23T15:34:42 IST" duration-ms="0" status="PASS">
          <reporter-output>
          </reporter-output>
        </test-method> <!-- beforeMethod -->
        <test-method signature="MWCRestApiFuntValidations(java.lang.String,java.lang.String,java.lang.String,java.lang.String,java.lang.String,double,java.lang.String)[pri:2, instance:com.MonacoTesting.MonacoTestClass@4b0d79fc]" started-at="2024-05-23T15:34:42 IST" name="MWCRestApiFuntValidations" data-provider="MWCData" finished-at="2024-05-23T15:34:42 IST" duration-ms="85" status="PASS">
          <params>
            <param index="0">
              <value>
                <![CDATA[row 246]]>
              </value>
            </param>
            <param index="1">
              <value>
                <![CDATA[Validate the api by giving invalid  sort id]]>
              </value>
            </param>
            <param index="2">
              <value>
                <![CDATA[/winners/fetch/withLogin]]>
              </value>
            </param>
            <param index="3">
              <value>
                <![CDATA[POST]]>
              </value>
            </param>
            <param index="4">
              <value>
                <![CDATA[{
    "sort_id" : "3123213))#!@#!@49ff-8d01-2b5ef75459a7"
}]]>
              </value>
            </param>
            <param index="5">
              <value>
                <![CDATA[404.0]]>
              </value>
            </param>
            <param index="6">
              <value>
                <![CDATA[{}]]>
              </value>
            </param>
          </params>
          <reporter-output>
          </reporter-output>
        </test-method> <!-- MWCRestApiFuntValidations -->
        <test-method is-config="true" signature="afterMethod()[pri:0, instance:com.MonacoTesting.MonacoTestClass@4b0d79fc]" started-at="2024-05-23T15:34:42 IST" name="afterMethod" finished-at="2024-05-23T15:34:42 IST" duration-ms="38" status="PASS">
          <reporter-output>
          </reporter-output>
        </test-method> <!-- afterMethod -->
        <test-method is-config="true" signature="tearDown()[pri:0, instance:com.MonacoTesting.MonacoTestClass@4b0d79fc]" started-at="2024-05-23T15:34:42 IST" name="tearDown" finished-at="2024-05-23T15:34:42 IST" duration-ms="48" status="PASS">
          <reporter-output>
          </reporter-output>
        </test-method> <!-- tearDown -->
      </class> <!-- com.MonacoTesting.MonacoTestClass -->
    </test> <!-- Default test -->
  </suite> <!-- Default suite -->
</testng-results>
